[2023-05-26 02:03:25,060][tools.dataset_tools][INFO] - Created [train][kenguru_Футболки_майки_поло_топы___Топы] ImgMaskSet: 
Size: 30 
Real size: 119 
Device: cuda 

[2023-05-26 02:03:25,060][tools.dataset_tools][INFO] - Created [train][kenguru_Ремни] ImgMaskSet: 
Size: 30 
Real size: 38 
Device: cuda 

[2023-05-26 02:03:25,060][tools.dataset_tools][INFO] - Created [train][kenguru_Украшения___Подвески и кулоны] ImgMaskSet: 
Size: 19 
Real size: 19 
Device: cuda 

[2023-05-26 02:03:25,060][tools.dataset_tools][INFO] - Created [train][kenguru_Головные уборы___Панамы] ImgMaskSet: 
Size: 30 
Real size: 154 
Device: cuda 

[2023-05-26 02:03:25,060][tools.dataset_tools][INFO] - Created [train][kenguru_Юбки] ImgMaskSet: 
Size: 30 
Real size: 124 
Device: cuda 

[2023-05-26 02:03:25,060][tools.dataset_tools][INFO] - Created [train][kenguru_Джемперы_свитеры_кардиганы_кофты___Джемперы] ImgMaskSet: 
Size: 30 
Real size: 121 
Device: cuda 

[2023-05-26 02:03:25,060][tools.dataset_tools][INFO] - Created [train][kenguru_Платья_сарафаны] ImgMaskSet: 
Size: 30 
Real size: 831 
Device: cuda 

[2023-05-26 02:03:25,060][tools.dataset_tools][INFO] - Created [train][kenguru_Школьная одежда___Брюки] ImgMaskSet: 
Size: 25 
Real size: 25 
Device: cuda 

[2023-05-26 02:03:25,060][tools.dataset_tools][INFO] - Created [train][kenguru_Верхняя одежда___Пуховики] ImgMaskSet: 
Size: 30 
Real size: 131 
Device: cuda 

[2023-05-26 02:03:25,060][tools.dataset_tools][INFO] - Created [train][kenguru_Сумки_рюкзаки и чемоданы___Сумки через плечо] ImgMaskSet: 
Size: 30 
Real size: 89 
Device: cuda 

[2023-05-26 02:03:25,060][tools.dataset_tools][INFO] - Created [train][kenguru_Домашняя одежда и бельё___Колготки] ImgMaskSet: 
Size: 30 
Real size: 195 
Device: cuda 

[2023-05-26 02:03:25,060][tools.dataset_tools][INFO] - Created [train][kenguru_Верхняя одежда___Шубы] ImgMaskSet: 
Size: 21 
Real size: 21 
Device: cuda 

[2023-05-26 02:03:25,060][tools.dataset_tools][INFO] - Created [train][puma_Обувь___Бутсы] ImgMaskSet: 
Size: 30 
Real size: 99 
Device: cuda 

[2023-05-26 02:03:25,060][tools.dataset_tools][INFO] - Created [train][kenguru_Обувь] ImgMaskSet: 
Size: 30 
Real size: 52 
Device: cuda 

[2023-05-26 02:03:25,060][tools.dataset_tools][INFO] - Created [train][puma_Домашняя одежда и бельё___Носки] ImgMaskSet: 
Size: 30 
Real size: 247 
Device: cuda 

[2023-05-26 02:03:25,060][tools.dataset_tools][INFO] - Created [train][puma_Нижнее бельё] ImgMaskSet: 
Size: 30 
Real size: 195 
Device: cuda 

[2023-05-26 02:03:25,060][tools.dataset_tools][INFO] - Created [train][kenguru_Спортивная одежда___Костюмы] ImgMaskSet: 
Size: 30 
Real size: 75 
Device: cuda 

[2023-05-26 02:03:25,061][tools.dataset_tools][INFO] - Created [train][kenguru_Джемперы_свитеры_кардиганы_кофты___Кофты] ImgMaskSet: 
Size: 30 
Real size: 31 
Device: cuda 

[2023-05-26 02:03:25,061][tools.dataset_tools][INFO] - Created [train][kenguru_Обувь___Босоножки] ImgMaskSet: 
Size: 30 
Real size: 113 
Device: cuda 

[2023-05-26 02:03:25,061][tools.dataset_tools][INFO] - Created [train][kenguru_Футболки_майки_поло_топы___Поло] ImgMaskSet: 
Size: 30 
Real size: 41 
Device: cuda 

[2023-05-26 02:03:25,061][tools.dataset_tools][INFO] - Created [train][kenguru_Комбинезоны] ImgMaskSet: 
Size: 30 
Real size: 643 
Device: cuda 

[2023-05-26 02:03:25,061][tools.dataset_tools][INFO] - Created [train][puma_Толстовки_олимпийки_худи_лонгсливы] ImgMaskSet: 
Size: 30 
Real size: 77 
Device: cuda 

[2023-05-26 02:03:25,061][tools.dataset_tools][INFO] - Created [train][kenguru_Украшения] ImgMaskSet: 
Size: 19 
Real size: 19 
Device: cuda 

[2023-05-26 02:03:25,061][tools.dataset_tools][INFO] - Created [train][kenguru_Домашняя одежда и бельё] ImgMaskSet: 
Size: 30 
Real size: 102 
Device: cuda 

[2023-05-26 02:03:25,061][tools.dataset_tools][INFO] - Created [train][puma_Футболки_майки_поло_топы___Футболки] ImgMaskSet: 
Size: 30 
Real size: 1582 
Device: cuda 

[2023-05-26 02:03:25,061][tools.dataset_tools][INFO] - Created [train][kenguru_Костюмы_пиджаки___Пиджаки] ImgMaskSet: 
Size: 30 
Real size: 66 
Device: cuda 

[2023-05-26 02:03:25,061][tools.dataset_tools][INFO] - Created [train][kenguru_Украшения___Колье] ImgMaskSet: 
Size: 27 
Real size: 27 
Device: cuda 

[2023-05-26 02:03:25,061][tools.dataset_tools][INFO] - Created [train][puma_Перчатки и варежки] ImgMaskSet: 
Size: 27 
Real size: 27 
Device: cuda 

[2023-05-26 02:03:25,061][tools.dataset_tools][INFO] - Created [train][kenguru_Платки_шарфы_шали___Шарфы] ImgMaskSet: 
Size: 30 
Real size: 186 
Device: cuda 

[2023-05-26 02:03:25,061][tools.dataset_tools][INFO] - Created [train][kenguru_Головные уборы] ImgMaskSet: 
Size: 30 
Real size: 101 
Device: cuda 

[2023-05-26 02:03:25,061][tools.dataset_tools][INFO] - Created [train][puma_Обувь___Кроссовки] ImgMaskSet: 
Size: 30 
Real size: 1341 
Device: cuda 

[2023-05-26 02:03:25,061][tools.dataset_tools][INFO] - Created [train][puma_Футболки_майки_поло_топы___Топы] ImgMaskSet: 
Size: 30 
Real size: 126 
Device: cuda 

[2023-05-26 02:03:25,061][tools.dataset_tools][INFO] - Created [train][kenguru_Блузки_рубашки___Рубашки] ImgMaskSet: 
Size: 30 
Real size: 199 
Device: cuda 

[2023-05-26 02:03:25,061][tools.dataset_tools][INFO] - Created [train][puma_Шорты_бриджи___Шорты] ImgMaskSet: 
Size: 30 
Real size: 365 
Device: cuda 

[2023-05-26 02:03:25,061][tools.dataset_tools][INFO] - Created [train][puma_Спортивная одежда___Леггинсы] ImgMaskSet: 
Size: 30 
Real size: 170 
Device: cuda 

[2023-05-26 02:03:25,061][tools.dataset_tools][INFO] - Created [train][kenguru_Спортивная одежда___Спортивные куртки] ImgMaskSet: 
Size: 30 
Real size: 166 
Device: cuda 

[2023-05-26 02:03:25,061][tools.dataset_tools][INFO] - Created [train][kenguru_Толстовки_олимпийки_худи_лонгсливы] ImgMaskSet: 
Size: 30 
Real size: 245 
Device: cuda 

[2023-05-26 02:03:25,061][tools.dataset_tools][INFO] - Created [train][puma_Головные уборы___Кепки] ImgMaskSet: 
Size: 30 
Real size: 82 
Device: cuda 

[2023-05-26 02:03:25,061][tools.dataset_tools][INFO] - Created [train][kenguru_Головные уборы___Шапки] ImgMaskSet: 
Size: 30 
Real size: 1397 
Device: cuda 

[2023-05-26 02:03:25,061][tools.dataset_tools][INFO] - Created [train][puma_Другое] ImgMaskSet: 
Size: 30 
Real size: 46 
Device: cuda 

[2023-05-26 02:03:25,061][tools.dataset_tools][INFO] - Created [train][kenguru_Аксессуары___Галстуки_бабочки] ImgMaskSet: 
Size: 19 
Real size: 19 
Device: cuda 

[2023-05-26 02:03:25,061][tools.dataset_tools][INFO] - Created [train][kenguru_Джинсы] ImgMaskSet: 
Size: 30 
Real size: 184 
Device: cuda 

[2023-05-26 02:03:25,061][tools.dataset_tools][INFO] - Created [train][puma_Разное] ImgMaskSet: 
Size: 30 
Real size: 77 
Device: cuda 

[2023-05-26 02:03:25,061][tools.dataset_tools][INFO] - Created [train][kenguru_Джемперы_свитеры_кардиганы_кофты___Свитшоты] ImgMaskSet: 
Size: 30 
Real size: 54 
Device: cuda 

[2023-05-26 02:03:25,061][tools.dataset_tools][INFO] - Created [train][kenguru_Головные уборы___Бейсболки] ImgMaskSet: 
Size: 30 
Real size: 206 
Device: cuda 

[2023-05-26 02:03:25,061][tools.dataset_tools][INFO] - Created [train][kenguru_Верхняя одежда___Ветровки] ImgMaskSet: 
Size: 30 
Real size: 55 
Device: cuda 

[2023-05-26 02:03:25,061][tools.dataset_tools][INFO] - Created [train][puma_Джемперы_свитеры_кардиганы_кофты___Свитшоты] ImgMaskSet: 
Size: 30 
Real size: 54 
Device: cuda 

[2023-05-26 02:03:25,061][tools.dataset_tools][INFO] - Created [train][kenguru_Нижнее бельё] ImgMaskSet: 
Size: 30 
Real size: 47 
Device: cuda 

[2023-05-26 02:03:25,061][tools.dataset_tools][INFO] - Created [train][kenguru_Платья_сарафаны___Сарафаны] ImgMaskSet: 
Size: 30 
Real size: 55 
Device: cuda 

[2023-05-26 02:03:25,061][tools.dataset_tools][INFO] - Created [train][kenguru_Брюки___Классические] ImgMaskSet: 
Size: 22 
Real size: 22 
Device: cuda 

[2023-05-26 02:03:25,061][tools.dataset_tools][INFO] - Created [train][puma_Украшения___Комплекты] ImgMaskSet: 
Size: 30 
Real size: 37 
Device: cuda 

[2023-05-26 02:03:25,061][tools.dataset_tools][INFO] - Created [train][puma_Толстовки_олимпийки_худи_лонгсливы___Олимпийки] ImgMaskSet: 
Size: 30 
Real size: 147 
Device: cuda 

[2023-05-26 02:03:25,061][tools.dataset_tools][INFO] - Created [train][puma_Толстовки_олимпийки_худи_лонгсливы___Худи] ImgMaskSet: 
Size: 19 
Real size: 19 
Device: cuda 

[2023-05-26 02:03:25,061][tools.dataset_tools][INFO] - Created [train][puma_Головные уборы___Шапки] ImgMaskSet: 
Size: 30 
Real size: 167 
Device: cuda 

[2023-05-26 02:03:25,061][tools.dataset_tools][INFO] - Created [train][kenguru_Верхняя одежда___Жилеты (верхняя одежда)] ImgMaskSet: 
Size: 30 
Real size: 59 
Device: cuda 

[2023-05-26 02:03:25,061][tools.dataset_tools][INFO] - Created [train][kenguru_Спортивная одежда___Спортивные брюки] ImgMaskSet: 
Size: 30 
Real size: 456 
Device: cuda 

[2023-05-26 02:03:25,061][tools.dataset_tools][INFO] - Created [train][kenguru_Брюки___Леггинсы] ImgMaskSet: 
Size: 30 
Real size: 143 
Device: cuda 

[2023-05-26 02:03:25,061][tools.dataset_tools][INFO] - Created [train][puma_Верхняя одежда___Куртки] ImgMaskSet: 
Size: 30 
Real size: 133 
Device: cuda 

[2023-05-26 02:03:25,062][tools.dataset_tools][INFO] - Created [train][kenguru_Джемперы_свитеры_кардиганы_кофты___Кардиганы] ImgMaskSet: 
Size: 30 
Real size: 54 
Device: cuda 

[2023-05-26 02:03:25,062][tools.dataset_tools][INFO] - Created [train][puma_Толстовки_олимпийки_худи_лонгсливы___Лонгсливы] ImgMaskSet: 
Size: 30 
Real size: 47 
Device: cuda 

[2023-05-26 02:03:25,062][tools.dataset_tools][INFO] - Created [train][puma_Верхняя одежда___Ветровки] ImgMaskSet: 
Size: 30 
Real size: 41 
Device: cuda 

[2023-05-26 02:03:25,062][tools.dataset_tools][INFO] - Created [train][kenguru_Шорты_бриджи] ImgMaskSet: 
Size: 19 
Real size: 19 
Device: cuda 

[2023-05-26 02:03:25,062][tools.dataset_tools][INFO] - Created [train][kenguru_Блузки_рубашки___Блузки] ImgMaskSet: 
Size: 30 
Real size: 35 
Device: cuda 

[2023-05-26 02:03:25,062][tools.dataset_tools][INFO] - Created [train][kenguru_Верхняя одежда___Куртки] ImgMaskSet: 
Size: 30 
Real size: 265 
Device: cuda 

[2023-05-26 02:03:25,062][tools.dataset_tools][INFO] - Created [train][kenguru_Перчатки и варежки] ImgMaskSet: 
Size: 30 
Real size: 215 
Device: cuda 

[2023-05-26 02:03:25,062][tools.dataset_tools][INFO] - Created [train][kenguru_Другое] ImgMaskSet: 
Size: 30 
Real size: 56 
Device: cuda 

[2023-05-26 02:03:25,062][tools.dataset_tools][INFO] - Created [train][kenguru_Обувь___Сапоги] ImgMaskSet: 
Size: 30 
Real size: 108 
Device: cuda 

[2023-05-26 02:03:25,062][tools.dataset_tools][INFO] - Created [train][kenguru_Шорты_бриджи___Шорты] ImgMaskSet: 
Size: 30 
Real size: 248 
Device: cuda 

[2023-05-26 02:03:25,062][tools.dataset_tools][INFO] - Created [train][puma_Футболки_майки_поло_топы___Поло] ImgMaskSet: 
Size: 30 
Real size: 55 
Device: cuda 

[2023-05-26 02:03:25,062][tools.dataset_tools][INFO] - Created [train][kenguru_Верхняя одежда___Пальто] ImgMaskSet: 
Size: 30 
Real size: 42 
Device: cuda 

[2023-05-26 02:03:25,062][tools.dataset_tools][INFO] - Created [train][kenguru_Джемперы_свитеры_кардиганы_кофты___Водолазки] ImgMaskSet: 
Size: 30 
Real size: 110 
Device: cuda 

[2023-05-26 02:03:25,062][tools.dataset_tools][INFO] - Created [train][kenguru_Домашняя одежда и бельё___Носки] ImgMaskSet: 
Size: 30 
Real size: 768 
Device: cuda 

[2023-05-26 02:03:25,062][tools.dataset_tools][INFO] - Created [train][kenguru_Шорты_бриджи___Джинсовые шорты] ImgMaskSet: 
Size: 30 
Real size: 38 
Device: cuda 

[2023-05-26 02:03:25,062][tools.dataset_tools][INFO] - Created [train][kenguru_Обувь___Туфли] ImgMaskSet: 
Size: 30 
Real size: 88 
Device: cuda 

[2023-05-26 02:03:25,062][tools.dataset_tools][INFO] - Created [train][puma_Толстовки_олимпийки_худи_лонгсливы___Толстовки] ImgMaskSet: 
Size: 30 
Real size: 957 
Device: cuda 

[2023-05-26 02:03:25,062][tools.dataset_tools][INFO] - Created [train][kenguru_Сумки_рюкзаки и чемоданы___Рюкзаки] ImgMaskSet: 
Size: 30 
Real size: 58 
Device: cuda 

[2023-05-26 02:03:25,062][tools.dataset_tools][INFO] - Created [train][puma_Обувь___Кеды] ImgMaskSet: 
Size: 30 
Real size: 351 
Device: cuda 

[2023-05-26 02:03:25,062][tools.dataset_tools][INFO] - Created [train][kenguru_Обувь___Ботинки] ImgMaskSet: 
Size: 30 
Real size: 91 
Device: cuda 

[2023-05-26 02:03:25,062][tools.dataset_tools][INFO] - Created [train][puma_Футболки_майки_поло_топы___Майки] ImgMaskSet: 
Size: 30 
Real size: 53 
Device: cuda 

[2023-05-26 02:03:25,062][tools.dataset_tools][INFO] - Created [train][kenguru_Верхняя одежда___Джинсовые куртки] ImgMaskSet: 
Size: 30 
Real size: 47 
Device: cuda 

[2023-05-26 02:03:25,062][tools.dataset_tools][INFO] - Created [train][puma_Платья_сарафаны] ImgMaskSet: 
Size: 30 
Real size: 48 
Device: cuda 

[2023-05-26 02:03:25,062][tools.dataset_tools][INFO] - Created [train][kenguru_Футболки_майки_поло_топы___Футболки] ImgMaskSet: 
Size: 30 
Real size: 871 
Device: cuda 

[2023-05-26 02:03:25,062][tools.dataset_tools][INFO] - Created [train][puma_Пляжная одежда___Плавки] ImgMaskSet: 
Size: 30 
Real size: 67 
Device: cuda 

[2023-05-26 02:03:25,062][tools.dataset_tools][INFO] - Created [train][puma_Пляжная одежда] ImgMaskSet: 
Size: 23 
Real size: 23 
Device: cuda 

[2023-05-26 02:03:25,062][tools.dataset_tools][INFO] - Created [train][puma_Юбки] ImgMaskSet: 
Size: 24 
Real size: 24 
Device: cuda 

[2023-05-26 02:03:25,062][tools.dataset_tools][INFO] - Created [train][kenguru_Брюки___Спортивные брюки casual] ImgMaskSet: 
Size: 30 
Real size: 39 
Device: cuda 

[2023-05-26 02:03:25,062][tools.dataset_tools][INFO] - Created [train][kenguru_Обувь___Сандалии] ImgMaskSet: 
Size: 30 
Real size: 101 
Device: cuda 

[2023-05-26 02:03:25,062][tools.dataset_tools][INFO] - Created [train][kenguru_Брюки___Джоггеры] ImgMaskSet: 
Size: 24 
Real size: 24 
Device: cuda 

[2023-05-26 02:03:25,063][tools.dataset_tools][INFO] - Created [train][puma_Брюки] ImgMaskSet: 
Size: 30 
Real size: 705 
Device: cuda 

[2023-05-26 02:03:25,063][tools.dataset_tools][INFO] - Created [train][puma_Аксессуары] ImgMaskSet: 
Size: 30 
Real size: 44 
Device: cuda 

[2023-05-26 02:03:25,063][tools.dataset_tools][INFO] - Created [train][kenguru_Костюмы_пиджаки___Жилеты] ImgMaskSet: 
Size: 30 
Real size: 31 
Device: cuda 

[2023-05-26 02:03:25,063][tools.dataset_tools][INFO] - Created [train][puma_Спортивная одежда___Костюмы] ImgMaskSet: 
Size: 30 
Real size: 41 
Device: cuda 

[2023-05-26 02:03:25,063][tools.dataset_tools][INFO] - Created [train][kenguru_Украшения___Браслеты] ImgMaskSet: 
Size: 30 
Real size: 48 
Device: cuda 

[2023-05-26 02:03:25,063][tools.dataset_tools][INFO] - Created [train][puma_Сумки_рюкзаки и чемоданы___Рюкзаки] ImgMaskSet: 
Size: 30 
Real size: 169 
Device: cuda 

[2023-05-26 02:03:25,063][tools.dataset_tools][INFO] - Created [train][puma_Сумки_рюкзаки и чемоданы___Поясные сумки] ImgMaskSet: 
Size: 21 
Real size: 21 
Device: cuda 

[2023-05-26 02:03:25,063][tools.dataset_tools][INFO] - Created [train][kenguru_Джемперы_свитеры_кардиганы_кофты] ImgMaskSet: 
Size: 30 
Real size: 62 
Device: cuda 

[2023-05-26 02:03:25,063][tools.dataset_tools][INFO] - Created [train][kenguru_Школьная одежда___Рюкзаки_ранцы_сумки] ImgMaskSet: 
Size: 30 
Real size: 43 
Device: cuda 

[2023-05-26 02:03:25,063][tools.dataset_tools][INFO] - Created [train][kenguru_Аксессуары___Для волос] ImgMaskSet: 
Size: 30 
Real size: 664 
Device: cuda 

[2023-05-26 02:03:25,063][tools.dataset_tools][INFO] - Created [train][kenguru_Обувь___Кроссовки] ImgMaskSet: 
Size: 30 
Real size: 206 
Device: cuda 

[2023-05-26 02:03:25,063][tools.dataset_tools][INFO] - Created [train][kenguru_Джинсы___Клеш] ImgMaskSet: 
Size: 19 
Real size: 19 
Device: cuda 

[2023-05-26 02:03:25,063][tools.dataset_tools][INFO] - Created [train][puma_Сумки_рюкзаки и чемоданы] ImgMaskSet: 
Size: 30 
Real size: 155 
Device: cuda 

[2023-05-26 02:03:25,063][tools.dataset_tools][INFO] - Created [train][kenguru_Толстовки_олимпийки_худи_лонгсливы___Толстовки] ImgMaskSet: 
Size: 30 
Real size: 328 
Device: cuda 

[2023-05-26 02:03:25,063][tools.dataset_tools][INFO] - Created [train][puma_Спортивная одежда___Спортивные брюки] ImgMaskSet: 
Size: 30 
Real size: 30 
Device: cuda 

[2023-05-26 02:03:25,063][tools.dataset_tools][INFO] - Created [train][puma_Обувь___Шлепанцы] ImgMaskSet: 
Size: 30 
Real size: 62 
Device: cuda 

[2023-05-26 02:03:25,063][tools.dataset_tools][INFO] - Created [train][puma_Блузки_рубашки___Рубашки] ImgMaskSet: 
Size: 30 
Real size: 33 
Device: cuda 

[2023-05-26 02:03:25,063][tools.dataset_tools][INFO] - Created [train][kenguru_Футболки_майки_поло_топы___Майки] ImgMaskSet: 
Size: 21 
Real size: 21 
Device: cuda 

[2023-05-26 02:03:25,063][tools.dataset_tools][INFO] - Created [train][kenguru_Блузки_рубашки] ImgMaskSet: 
Size: 24 
Real size: 24 
Device: cuda 

[2023-05-26 02:03:25,063][tools.dataset_tools][INFO] - Created [train][kenguru_Обувь___Шлепанцы] ImgMaskSet: 
Size: 18 
Real size: 18 
Device: cuda 

[2023-05-26 02:03:25,063][tools.dataset_tools][INFO] - Created [train][kenguru_Обувь___Резиновые сапоги] ImgMaskSet: 
Size: 24 
Real size: 24 
Device: cuda 

[2023-05-26 02:03:25,063][tools.dataset_tools][INFO] - Created [train][kenguru_Брюки___Бермуды] ImgMaskSet: 
Size: 30 
Real size: 140 
Device: cuda 

[2023-05-26 02:03:25,063][tools.dataset_tools][INFO] - Created [train][kenguru_Брюки] ImgMaskSet: 
Size: 30 
Real size: 352 
Device: cuda 

[2023-05-26 02:03:25,063][tools.dataset_tools][INFO] - Created [train][kenguru_Обувь___Кеды] ImgMaskSet: 
Size: 30 
Real size: 209 
Device: cuda 

[2023-05-26 02:03:25,063][tools.dataset_tools][INFO] - Created [train][kenguru_Костюмы_пиджаки] ImgMaskSet: 
Size: 30 
Real size: 53 
Device: cuda 

[2023-05-26 02:03:25,063][tools.dataset_tools][INFO] - Created [train][kenguru_Очки] ImgMaskSet: 
Size: 26 
Real size: 26 
Device: cuda 

[2023-05-26 02:03:25,063][tools.dataset_tools][INFO] - Created [train][kenguru_Футболки_майки_поло_топы___Боди] ImgMaskSet: 
Size: 30 
Real size: 118 
Device: cuda 

[2023-05-26 02:03:25,063][tools.dataset_tools][INFO] - Created [train][kenguru_Школьная одежда___Блузы_рубашки] ImgMaskSet: 
Size: 30 
Real size: 40 
Device: cuda 

[2023-05-26 02:03:25,063][tools.dataset_tools][INFO] - Created train MultiImgMaskSet: 
Size: 3321 
Real size: 20250 
Device: cuda 

[2023-05-26 02:03:25,063][tools.dataset_tools][INFO] - Created [test][kenguru_Школьная одежда___Водолазки] ImgMaskSet: 
Size: 8 
Real size: 8 
Device: cuda 

[2023-05-26 02:03:25,063][tools.dataset_tools][INFO] - Created [test][kenguru_Школьная одежда___Платья_сарафаны] ImgMaskSet: 
Size: 22 
Real size: 22 
Device: cuda 

[2023-05-26 02:03:25,063][tools.dataset_tools][INFO] - Created [test][kenguru_Брюки___Бананы] ImgMaskSet: 
Size: 2 
Real size: 2 
Device: cuda 

[2023-05-26 02:03:25,064][tools.dataset_tools][INFO] - Created [test][kenguru_Спортивная одежда___Леггинсы] ImgMaskSet: 
Size: 1 
Real size: 1 
Device: cuda 

[2023-05-26 02:03:25,064][tools.dataset_tools][INFO] - Created [test][puma_Сумки_рюкзаки и чемоданы___Мягкая сумка дафл (duffle bag)] ImgMaskSet: 
Size: 2 
Real size: 2 
Device: cuda 

[2023-05-26 02:03:25,064][tools.dataset_tools][INFO] - Created [test][kenguru_Футболки_майки_поло_топы] ImgMaskSet: 
Size: 11 
Real size: 11 
Device: cuda 

[2023-05-26 02:03:25,064][tools.dataset_tools][INFO] - Created [test][kenguru_Костюмы_пиджаки___Костюмы] ImgMaskSet: 
Size: 12 
Real size: 12 
Device: cuda 

[2023-05-26 02:03:25,064][tools.dataset_tools][INFO] - Created [test][kenguru_Домашняя одежда и бельё___Пижамы] ImgMaskSet: 
Size: 1 
Real size: 1 
Device: cuda 

[2023-05-26 02:03:25,064][tools.dataset_tools][INFO] - Created [test][kenguru_Брюки___Кожаные] ImgMaskSet: 
Size: 2 
Real size: 2 
Device: cuda 

[2023-05-26 02:03:25,064][tools.dataset_tools][INFO] - Created [test][kenguru_Обувь___Мокасины] ImgMaskSet: 
Size: 8 
Real size: 8 
Device: cuda 

[2023-05-26 02:03:25,064][tools.dataset_tools][INFO] - Created [test][puma_Верхняя одежда___Жилеты (верхняя одежда)] ImgMaskSet: 
Size: 11 
Real size: 11 
Device: cuda 

[2023-05-26 02:03:25,064][tools.dataset_tools][INFO] - Created [test][puma_Верхняя одежда___Бомберы] ImgMaskSet: 
Size: 18 
Real size: 18 
Device: cuda 

[2023-05-26 02:03:25,064][tools.dataset_tools][INFO] - Created [test][puma_Шорты_бриджи] ImgMaskSet: 
Size: 6 
Real size: 6 
Device: cuda 

[2023-05-26 02:03:25,064][tools.dataset_tools][INFO] - Created [test][kenguru_Пляжная одежда] ImgMaskSet: 
Size: 11 
Real size: 11 
Device: cuda 

[2023-05-26 02:03:25,064][tools.dataset_tools][INFO] - Created [test][puma_Сумки_рюкзаки и чемоданы___Кроссбоди сумка] ImgMaskSet: 
Size: 9 
Real size: 9 
Device: cuda 

[2023-05-26 02:03:25,064][tools.dataset_tools][INFO] - Created [test][kenguru_Головные уборы___Кепки] ImgMaskSet: 
Size: 13 
Real size: 13 
Device: cuda 

[2023-05-26 02:03:25,064][tools.dataset_tools][INFO] - Created [test][puma_Верхняя одежда___Пальто] ImgMaskSet: 
Size: 6 
Real size: 6 
Device: cuda 

[2023-05-26 02:03:25,064][tools.dataset_tools][INFO] - Created [test][kenguru_Блузки_рубашки___Джинсовые рубашки] ImgMaskSet: 
Size: 11 
Real size: 11 
Device: cuda 

[2023-05-26 02:03:25,064][tools.dataset_tools][INFO] - Created [test][kenguru_Головные уборы___Береты] ImgMaskSet: 
Size: 8 
Real size: 8 
Device: cuda 

[2023-05-26 02:03:25,064][tools.dataset_tools][INFO] - Created [test][kenguru_Юбки___Ассиметричная] ImgMaskSet: 
Size: 1 
Real size: 1 
Device: cuda 

[2023-05-26 02:03:25,064][tools.dataset_tools][INFO] - Created [test][kenguru_Верхняя одежда___Дубленки] ImgMaskSet: 
Size: 2 
Real size: 2 
Device: cuda 

[2023-05-26 02:03:25,064][tools.dataset_tools][INFO] - Created [test][puma_Головные уборы] ImgMaskSet: 
Size: 5 
Real size: 5 
Device: cuda 

[2023-05-26 02:03:25,064][tools.dataset_tools][INFO] - Created [test][kenguru_Брюки___Прямые] ImgMaskSet: 
Size: 10 
Real size: 10 
Device: cuda 

[2023-05-26 02:03:25,064][tools.dataset_tools][INFO] - Created [test][kenguru_Юбки___Миди] ImgMaskSet: 
Size: 2 
Real size: 2 
Device: cuda 

[2023-05-26 02:03:25,064][tools.dataset_tools][INFO] - Created [test][kenguru_Разное] ImgMaskSet: 
Size: 1 
Real size: 1 
Device: cuda 

[2023-05-26 02:03:25,064][tools.dataset_tools][INFO] - Created [test][kenguru_Школьная одежда___Костюмы] ImgMaskSet: 
Size: 5 
Real size: 5 
Device: cuda 

[2023-05-26 02:03:25,064][tools.dataset_tools][INFO] - Created [test][kenguru_Платья_сарафаны___Туники] ImgMaskSet: 
Size: 1 
Real size: 1 
Device: cuda 

[2023-05-26 02:03:25,064][tools.dataset_tools][INFO] - Created [test][kenguru_Домашняя одежда и бельё___Гольфы] ImgMaskSet: 
Size: 15 
Real size: 15 
Device: cuda 

[2023-05-26 02:03:25,064][tools.dataset_tools][INFO] - Created [test][kenguru_Школьная одежда___Кофты_кардиганы_джемперы] ImgMaskSet: 
Size: 10 
Real size: 10 
Device: cuda 

[2023-05-26 02:03:25,064][tools.dataset_tools][INFO] - Created [test][kenguru_Платья_сарафаны___Мини] ImgMaskSet: 
Size: 13 
Real size: 13 
Device: cuda 

[2023-05-26 02:03:25,064][tools.dataset_tools][INFO] - Created [test][kenguru_Юбки___Пачка] ImgMaskSet: 
Size: 2 
Real size: 2 
Device: cuda 

[2023-05-26 02:03:25,064][tools.dataset_tools][INFO] - Created [test][kenguru_Юбки___Карандаш] ImgMaskSet: 
Size: 5 
Real size: 5 
Device: cuda 

[2023-05-26 02:03:25,064][tools.dataset_tools][INFO] - Created [test][puma_Головные уборы___Панамы] ImgMaskSet: 
Size: 10 
Real size: 10 
Device: cuda 

[2023-05-26 02:03:25,064][tools.dataset_tools][INFO] - Created [test][kenguru_Джинсы___Широкие] ImgMaskSet: 
Size: 10 
Real size: 10 
Device: cuda 

[2023-05-26 02:03:25,064][tools.dataset_tools][INFO] - Created [test][puma_Платки_шарфы_шали___Шарфы] ImgMaskSet: 
Size: 5 
Real size: 5 
Device: cuda 

[2023-05-26 02:03:25,064][tools.dataset_tools][INFO] - Created [test][kenguru_Спортивная одежда] ImgMaskSet: 
Size: 2 
Real size: 2 
Device: cuda 

[2023-05-26 02:03:25,064][tools.dataset_tools][INFO] - Created [test][puma_Обувь___Сандалии] ImgMaskSet: 
Size: 1 
Real size: 1 
Device: cuda 

[2023-05-26 02:03:25,064][tools.dataset_tools][INFO] - Created [test][puma_Кошельки] ImgMaskSet: 
Size: 5 
Real size: 5 
Device: cuda 

[2023-05-26 02:03:25,064][tools.dataset_tools][INFO] - Created [test][puma_Домашняя одежда и бельё___Гольфы] ImgMaskSet: 
Size: 4 
Real size: 4 
Device: cuda 

[2023-05-26 02:03:25,064][tools.dataset_tools][INFO] - Created [test][kenguru_Обувь___Лоферы] ImgMaskSet: 
Size: 19 
Real size: 19 
Device: cuda 

[2023-05-26 02:03:25,064][tools.dataset_tools][INFO] - Created [test][puma_Верхняя одежда___Парки] ImgMaskSet: 
Size: 2 
Real size: 2 
Device: cuda 

[2023-05-26 02:03:25,064][tools.dataset_tools][INFO] - Created [test][kenguru_Сумки_рюкзаки и чемоданы] ImgMaskSet: 
Size: 1 
Real size: 1 
Device: cuda 

[2023-05-26 02:03:25,064][tools.dataset_tools][INFO] - Created [test][puma_Джемперы_свитеры_кардиганы_кофты___Кардиганы] ImgMaskSet: 
Size: 1 
Real size: 1 
Device: cuda 

[2023-05-26 02:03:25,064][tools.dataset_tools][INFO] - Created [test][kenguru_Украшения___Комплекты] ImgMaskSet: 
Size: 1 
Real size: 1 
Device: cuda 

[2023-05-26 02:03:25,064][tools.dataset_tools][INFO] - Created [test][kenguru_Школьная одежда___Толстовки] ImgMaskSet: 
Size: 8 
Real size: 8 
Device: cuda 

[2023-05-26 02:03:25,064][tools.dataset_tools][INFO] - Created [test][kenguru_Верхняя одежда___Плащи] ImgMaskSet: 
Size: 24 
Real size: 24 
Device: cuda 

[2023-05-26 02:03:25,065][tools.dataset_tools][INFO] - Created [test][kenguru_Пляжная одежда___Раздельные купальники] ImgMaskSet: 
Size: 4 
Real size: 4 
Device: cuda 

[2023-05-26 02:03:25,065][tools.dataset_tools][INFO] - Created [test][kenguru_Джемперы_свитеры_кардиганы_кофты___Свитеры] ImgMaskSet: 
Size: 20 
Real size: 20 
Device: cuda 

[2023-05-26 02:03:25,065][tools.dataset_tools][INFO] - Created [test][kenguru_Платки_шарфы_шали___Платки] ImgMaskSet: 
Size: 4 
Real size: 4 
Device: cuda 

[2023-05-26 02:03:25,065][tools.dataset_tools][INFO] - Created [test][kenguru_Школьная одежда___Жилеты] ImgMaskSet: 
Size: 8 
Real size: 8 
Device: cuda 

[2023-05-26 02:03:25,065][tools.dataset_tools][INFO] - Created [test][kenguru_Школьная одежда___Пиджаки_жакеты] ImgMaskSet: 
Size: 15 
Real size: 15 
Device: cuda 

[2023-05-26 02:03:25,065][tools.dataset_tools][INFO] - Created [test][kenguru_Толстовки_олимпийки_худи_лонгсливы___Лонгсливы] ImgMaskSet: 
Size: 2 
Real size: 2 
Device: cuda 

[2023-05-26 02:03:25,065][tools.dataset_tools][INFO] - Created [test][kenguru_Школьная одежда___Юбки] ImgMaskSet: 
Size: 19 
Real size: 19 
Device: cuda 

[2023-05-26 02:03:25,065][tools.dataset_tools][INFO] - Created [test][kenguru_Украшения___Ожерелья] ImgMaskSet: 
Size: 1 
Real size: 1 
Device: cuda 

[2023-05-26 02:03:25,065][tools.dataset_tools][INFO] - Created [test][kenguru_Украшения___Серьги] ImgMaskSet: 
Size: 19 
Real size: 19 
Device: cuda 

[2023-05-26 02:03:25,065][tools.dataset_tools][INFO] - Created [test][puma_Комбинезоны] ImgMaskSet: 
Size: 5 
Real size: 5 
Device: cuda 

[2023-05-26 02:03:25,065][tools.dataset_tools][INFO] - Created [test][kenguru_Платья_сарафаны___Миди] ImgMaskSet: 
Size: 4 
Real size: 4 
Device: cuda 

[2023-05-26 02:03:25,065][tools.dataset_tools][INFO] - Created [test][kenguru_Обувь___Балетки] ImgMaskSet: 
Size: 10 
Real size: 10 
Device: cuda 

[2023-05-26 02:03:25,065][tools.dataset_tools][INFO] - Created [test][puma_Футболки_майки_поло_топы___Боди] ImgMaskSet: 
Size: 5 
Real size: 5 
Device: cuda 

[2023-05-26 02:03:25,065][tools.dataset_tools][INFO] - Created [test][kenguru_Толстовки_олимпийки_худи_лонгсливы___Худи] ImgMaskSet: 
Size: 9 
Real size: 9 
Device: cuda 

[2023-05-26 02:03:25,065][tools.dataset_tools][INFO] - Created [test][kenguru_Головные уборы___Шляпы] ImgMaskSet: 
Size: 24 
Real size: 24 
Device: cuda 

[2023-05-26 02:03:25,065][tools.dataset_tools][INFO] - Created [test][puma_Домашняя одежда и бельё___Халаты] ImgMaskSet: 
Size: 1 
Real size: 1 
Device: cuda 

[2023-05-26 02:03:25,065][tools.dataset_tools][INFO] - Created [test][kenguru_Джинсы___Прямые] ImgMaskSet: 
Size: 10 
Real size: 10 
Device: cuda 

[2023-05-26 02:03:25,065][tools.dataset_tools][INFO] - Created [test][kenguru_Юбки___Макси] ImgMaskSet: 
Size: 1 
Real size: 1 
Device: cuda 

[2023-05-26 02:03:25,065][tools.dataset_tools][INFO] - Created [test][puma_Костюмы_пиджаки___Жилеты] ImgMaskSet: 
Size: 7 
Real size: 7 
Device: cuda 

[2023-05-26 02:03:25,065][tools.dataset_tools][INFO] - Created [test][puma_Верхняя одежда] ImgMaskSet: 
Size: 4 
Real size: 4 
Device: cuda 

[2023-05-26 02:03:25,065][tools.dataset_tools][INFO] - Created [test][puma_Обувь___Слипоны] ImgMaskSet: 
Size: 2 
Real size: 2 
Device: cuda 

[2023-05-26 02:03:25,065][tools.dataset_tools][INFO] - Created [test][kenguru_Школьная одежда___Галстуки_бабочки] ImgMaskSet: 
Size: 9 
Real size: 9 
Device: cuda 

[2023-05-26 02:03:25,065][tools.dataset_tools][INFO] - Created [test][kenguru_Платья_сарафаны___Макси] ImgMaskSet: 
Size: 6 
Real size: 6 
Device: cuda 

[2023-05-26 02:03:25,065][tools.dataset_tools][INFO] - Created [test][kenguru_Юбки___Трапеция] ImgMaskSet: 
Size: 1 
Real size: 1 
Device: cuda 

[2023-05-26 02:03:25,065][tools.dataset_tools][INFO] - Created [test][puma_Аксессуары___Для волос] ImgMaskSet: 
Size: 15 
Real size: 15 
Device: cuda 

[2023-05-26 02:03:25,065][tools.dataset_tools][INFO] - Created [test][kenguru_Платья_сарафаны___Шелковые] ImgMaskSet: 
Size: 17 
Real size: 17 
Device: cuda 

[2023-05-26 02:03:25,065][tools.dataset_tools][INFO] - Created [test][kenguru_Юбки___Юбка-шорты] ImgMaskSet: 
Size: 5 
Real size: 5 
Device: cuda 

[2023-05-26 02:03:25,065][tools.dataset_tools][INFO] - Created [test][puma_Пляжная одежда___Раздельные купальники] ImgMaskSet: 
Size: 12 
Real size: 12 
Device: cuda 

[2023-05-26 02:03:25,065][tools.dataset_tools][INFO] - Created [test][kenguru_Пляжная одежда___Слитные купальники] ImgMaskSet: 
Size: 17 
Real size: 17 
Device: cuda 

[2023-05-26 02:03:25,065][tools.dataset_tools][INFO] - Created [test][kenguru_Школьная одежда___Фартуки] ImgMaskSet: 
Size: 5 
Real size: 5 
Device: cuda 

[2023-05-26 02:03:25,065][tools.dataset_tools][INFO] - Created [test][kenguru_Юбки___Плиссе] ImgMaskSet: 
Size: 19 
Real size: 19 
Device: cuda 

[2023-05-26 02:03:25,065][tools.dataset_tools][INFO] - Created [test][kenguru_Юбки___Тюльпан] ImgMaskSet: 
Size: 1 
Real size: 1 
Device: cuda 

[2023-05-26 02:03:25,065][tools.dataset_tools][INFO] - Created [test][kenguru_Брюки___Кюлоты] ImgMaskSet: 
Size: 4 
Real size: 4 
Device: cuda 

[2023-05-26 02:03:25,065][tools.dataset_tools][INFO] - Created [test][kenguru_Джинсы___Зауженные] ImgMaskSet: 
Size: 13 
Real size: 13 
Device: cuda 

[2023-05-26 02:03:25,065][tools.dataset_tools][INFO] - Created [test][puma_Джемперы_свитеры_кардиганы_кофты___Свитеры] ImgMaskSet: 
Size: 1 
Real size: 1 
Device: cuda 

[2023-05-26 02:03:25,065][tools.dataset_tools][INFO] - Created [test][puma_Сумки_рюкзаки и чемоданы___Тоут] ImgMaskSet: 
Size: 3 
Real size: 3 
Device: cuda 

[2023-05-26 02:03:25,065][tools.dataset_tools][INFO] - Created [test][kenguru_Брюки___Карго] ImgMaskSet: 
Size: 19 
Real size: 19 
Device: cuda 

[2023-05-26 02:03:25,065][tools.dataset_tools][INFO] - Created [test][puma_Юбки___Миди] ImgMaskSet: 
Size: 2 
Real size: 2 
Device: cuda 

[2023-05-26 02:03:25,065][tools.dataset_tools][INFO] - Created [test][kenguru_Юбки___Солнце] ImgMaskSet: 
Size: 1 
Real size: 1 
Device: cuda 

[2023-05-26 02:03:25,065][tools.dataset_tools][INFO] - Created [test][kenguru_Брюки___Клеш] ImgMaskSet: 
Size: 9 
Real size: 9 
Device: cuda 

[2023-05-26 02:03:25,066][tools.dataset_tools][INFO] - Created [test][kenguru_Школьная одежда___Шорты] ImgMaskSet: 
Size: 3 
Real size: 3 
Device: cuda 

[2023-05-26 02:03:25,066][tools.dataset_tools][INFO] - Created [test][puma_Обувь___Ботинки] ImgMaskSet: 
Size: 22 
Real size: 22 
Device: cuda 

[2023-05-26 02:03:25,066][tools.dataset_tools][INFO] - Created [test][kenguru_Обувь___Слипоны] ImgMaskSet: 
Size: 2 
Real size: 2 
Device: cuda 

[2023-05-26 02:03:25,066][tools.dataset_tools][INFO] - Created [test][puma_Футболки_майки_поло_топы] ImgMaskSet: 
Size: 22 
Real size: 22 
Device: cuda 

[2023-05-26 02:03:25,066][tools.dataset_tools][INFO] - Created [test][kenguru_Верхняя одежда___Парки] ImgMaskSet: 
Size: 9 
Real size: 9 
Device: cuda 

[2023-05-26 02:03:25,066][tools.dataset_tools][INFO] - Created [test][kenguru_Обувь___Эспадрильи] ImgMaskSet: 
Size: 2 
Real size: 2 
Device: cuda 

[2023-05-26 02:03:25,066][tools.dataset_tools][INFO] - Created [test][kenguru_Брюки___Укороченные] ImgMaskSet: 
Size: 2 
Real size: 2 
Device: cuda 

[2023-05-26 02:03:25,066][tools.dataset_tools][INFO] - Created [test][kenguru_Брюки___Широкие] ImgMaskSet: 
Size: 7 
Real size: 7 
Device: cuda 

[2023-05-26 02:03:25,066][tools.dataset_tools][INFO] - Created [test][puma_Сумки_рюкзаки и чемоданы___Мессенджер] ImgMaskSet: 
Size: 2 
Real size: 2 
Device: cuda 

[2023-05-26 02:03:25,066][tools.dataset_tools][INFO] - Created [test][kenguru_Футболки_майки_поло_топы___Топы] ImgMaskSet: 
Size: 51 
Real size: 51 
Device: cuda 

[2023-05-26 02:03:25,066][tools.dataset_tools][INFO] - Created [test][kenguru_Ремни] ImgMaskSet: 
Size: 15 
Real size: 15 
Device: cuda 

[2023-05-26 02:03:25,066][tools.dataset_tools][INFO] - Created [test][kenguru_Украшения___Подвески и кулоны] ImgMaskSet: 
Size: 8 
Real size: 8 
Device: cuda 

[2023-05-26 02:03:25,066][tools.dataset_tools][INFO] - Created [test][kenguru_Головные уборы___Панамы] ImgMaskSet: 
Size: 65 
Real size: 65 
Device: cuda 

[2023-05-26 02:03:25,066][tools.dataset_tools][INFO] - Created [test][kenguru_Юбки] ImgMaskSet: 
Size: 53 
Real size: 53 
Device: cuda 

[2023-05-26 02:03:25,066][tools.dataset_tools][INFO] - Created [test][kenguru_Джемперы_свитеры_кардиганы_кофты___Джемперы] ImgMaskSet: 
Size: 51 
Real size: 51 
Device: cuda 

[2023-05-26 02:03:25,066][tools.dataset_tools][INFO] - Created [test][kenguru_Платья_сарафаны] ImgMaskSet: 
Size: 100 
Real size: 100 
Device: cuda 

[2023-05-26 02:03:25,066][tools.dataset_tools][INFO] - Created [test][kenguru_Школьная одежда___Брюки] ImgMaskSet: 
Size: 10 
Real size: 10 
Device: cuda 

[2023-05-26 02:03:25,066][tools.dataset_tools][INFO] - Created [test][kenguru_Верхняя одежда___Пуховики] ImgMaskSet: 
Size: 56 
Real size: 56 
Device: cuda 

[2023-05-26 02:03:25,066][tools.dataset_tools][INFO] - Created [test][kenguru_Сумки_рюкзаки и чемоданы___Сумки через плечо] ImgMaskSet: 
Size: 38 
Real size: 38 
Device: cuda 

[2023-05-26 02:03:25,066][tools.dataset_tools][INFO] - Created [test][kenguru_Домашняя одежда и бельё___Колготки] ImgMaskSet: 
Size: 83 
Real size: 83 
Device: cuda 

[2023-05-26 02:03:25,066][tools.dataset_tools][INFO] - Created [test][kenguru_Верхняя одежда___Шубы] ImgMaskSet: 
Size: 8 
Real size: 8 
Device: cuda 

[2023-05-26 02:03:25,066][tools.dataset_tools][INFO] - Created [test][puma_Обувь___Бутсы] ImgMaskSet: 
Size: 42 
Real size: 42 
Device: cuda 

[2023-05-26 02:03:25,066][tools.dataset_tools][INFO] - Created [test][kenguru_Обувь] ImgMaskSet: 
Size: 22 
Real size: 22 
Device: cuda 

[2023-05-26 02:03:25,066][tools.dataset_tools][INFO] - Created [test][puma_Домашняя одежда и бельё___Носки] ImgMaskSet: 
Size: 100 
Real size: 100 
Device: cuda 

[2023-05-26 02:03:25,066][tools.dataset_tools][INFO] - Created [test][puma_Нижнее бельё] ImgMaskSet: 
Size: 83 
Real size: 83 
Device: cuda 

[2023-05-26 02:03:25,066][tools.dataset_tools][INFO] - Created [test][kenguru_Спортивная одежда___Костюмы] ImgMaskSet: 
Size: 32 
Real size: 32 
Device: cuda 

[2023-05-26 02:03:25,066][tools.dataset_tools][INFO] - Created [test][kenguru_Джемперы_свитеры_кардиганы_кофты___Кофты] ImgMaskSet: 
Size: 12 
Real size: 12 
Device: cuda 

[2023-05-26 02:03:25,066][tools.dataset_tools][INFO] - Created [test][kenguru_Обувь___Босоножки] ImgMaskSet: 
Size: 48 
Real size: 48 
Device: cuda 

[2023-05-26 02:03:25,066][tools.dataset_tools][INFO] - Created [test][kenguru_Футболки_майки_поло_топы___Поло] ImgMaskSet: 
Size: 17 
Real size: 17 
Device: cuda 

[2023-05-26 02:03:25,066][tools.dataset_tools][INFO] - Created [test][kenguru_Комбинезоны] ImgMaskSet: 
Size: 100 
Real size: 100 
Device: cuda 

[2023-05-26 02:03:25,066][tools.dataset_tools][INFO] - Created [test][puma_Толстовки_олимпийки_худи_лонгсливы] ImgMaskSet: 
Size: 32 
Real size: 32 
Device: cuda 

[2023-05-26 02:03:25,066][tools.dataset_tools][INFO] - Created [test][kenguru_Украшения] ImgMaskSet: 
Size: 8 
Real size: 8 
Device: cuda 

[2023-05-26 02:03:25,066][tools.dataset_tools][INFO] - Created [test][kenguru_Домашняя одежда и бельё] ImgMaskSet: 
Size: 43 
Real size: 43 
Device: cuda 

[2023-05-26 02:03:25,066][tools.dataset_tools][INFO] - Created [test][puma_Футболки_майки_поло_топы___Футболки] ImgMaskSet: 
Size: 100 
Real size: 100 
Device: cuda 

[2023-05-26 02:03:25,066][tools.dataset_tools][INFO] - Created [test][kenguru_Костюмы_пиджаки___Пиджаки] ImgMaskSet: 
Size: 27 
Real size: 27 
Device: cuda 

[2023-05-26 02:03:25,066][tools.dataset_tools][INFO] - Created [test][kenguru_Украшения___Колье] ImgMaskSet: 
Size: 11 
Real size: 11 
Device: cuda 

[2023-05-26 02:03:25,066][tools.dataset_tools][INFO] - Created [test][puma_Перчатки и варежки] ImgMaskSet: 
Size: 11 
Real size: 11 
Device: cuda 

[2023-05-26 02:03:25,066][tools.dataset_tools][INFO] - Created [test][kenguru_Платки_шарфы_шали___Шарфы] ImgMaskSet: 
Size: 79 
Real size: 79 
Device: cuda 

[2023-05-26 02:03:25,066][tools.dataset_tools][INFO] - Created [test][kenguru_Головные уборы] ImgMaskSet: 
Size: 42 
Real size: 42 
Device: cuda 

[2023-05-26 02:03:25,066][tools.dataset_tools][INFO] - Created [test][puma_Обувь___Кроссовки] ImgMaskSet: 
Size: 100 
Real size: 100 
Device: cuda 

[2023-05-26 02:03:25,066][tools.dataset_tools][INFO] - Created [test][puma_Футболки_майки_поло_топы___Топы] ImgMaskSet: 
Size: 54 
Real size: 54 
Device: cuda 

[2023-05-26 02:03:25,066][tools.dataset_tools][INFO] - Created [test][kenguru_Блузки_рубашки___Рубашки] ImgMaskSet: 
Size: 85 
Real size: 85 
Device: cuda 

[2023-05-26 02:03:25,066][tools.dataset_tools][INFO] - Created [test][puma_Шорты_бриджи___Шорты] ImgMaskSet: 
Size: 100 
Real size: 100 
Device: cuda 

[2023-05-26 02:03:25,067][tools.dataset_tools][INFO] - Created [test][puma_Спортивная одежда___Леггинсы] ImgMaskSet: 
Size: 72 
Real size: 72 
Device: cuda 

[2023-05-26 02:03:25,067][tools.dataset_tools][INFO] - Created [test][kenguru_Спортивная одежда___Спортивные куртки] ImgMaskSet: 
Size: 70 
Real size: 70 
Device: cuda 

[2023-05-26 02:03:25,067][tools.dataset_tools][INFO] - Created [test][kenguru_Толстовки_олимпийки_худи_лонгсливы] ImgMaskSet: 
Size: 100 
Real size: 100 
Device: cuda 

[2023-05-26 02:03:25,067][tools.dataset_tools][INFO] - Created [test][puma_Головные уборы___Кепки] ImgMaskSet: 
Size: 34 
Real size: 34 
Device: cuda 

[2023-05-26 02:03:25,067][tools.dataset_tools][INFO] - Created [test][kenguru_Головные уборы___Шапки] ImgMaskSet: 
Size: 100 
Real size: 100 
Device: cuda 

[2023-05-26 02:03:25,067][tools.dataset_tools][INFO] - Created [test][puma_Другое] ImgMaskSet: 
Size: 19 
Real size: 19 
Device: cuda 

[2023-05-26 02:03:25,067][tools.dataset_tools][INFO] - Created [test][kenguru_Аксессуары___Галстуки_бабочки] ImgMaskSet: 
Size: 8 
Real size: 8 
Device: cuda 

[2023-05-26 02:03:25,067][tools.dataset_tools][INFO] - Created [test][kenguru_Джинсы] ImgMaskSet: 
Size: 78 
Real size: 78 
Device: cuda 

[2023-05-26 02:03:25,067][tools.dataset_tools][INFO] - Created [test][puma_Разное] ImgMaskSet: 
Size: 32 
Real size: 32 
Device: cuda 

[2023-05-26 02:03:25,067][tools.dataset_tools][INFO] - Created [test][kenguru_Джемперы_свитеры_кардиганы_кофты___Свитшоты] ImgMaskSet: 
Size: 22 
Real size: 22 
Device: cuda 

[2023-05-26 02:03:25,067][tools.dataset_tools][INFO] - Created [test][kenguru_Головные уборы___Бейсболки] ImgMaskSet: 
Size: 87 
Real size: 87 
Device: cuda 

[2023-05-26 02:03:25,067][tools.dataset_tools][INFO] - Created [test][kenguru_Верхняя одежда___Ветровки] ImgMaskSet: 
Size: 23 
Real size: 23 
Device: cuda 

[2023-05-26 02:03:25,067][tools.dataset_tools][INFO] - Created [test][puma_Джемперы_свитеры_кардиганы_кофты___Свитшоты] ImgMaskSet: 
Size: 23 
Real size: 23 
Device: cuda 

[2023-05-26 02:03:25,067][tools.dataset_tools][INFO] - Created [test][kenguru_Нижнее бельё] ImgMaskSet: 
Size: 20 
Real size: 20 
Device: cuda 

[2023-05-26 02:03:25,067][tools.dataset_tools][INFO] - Created [test][kenguru_Платья_сарафаны___Сарафаны] ImgMaskSet: 
Size: 23 
Real size: 23 
Device: cuda 

[2023-05-26 02:03:25,067][tools.dataset_tools][INFO] - Created [test][kenguru_Брюки___Классические] ImgMaskSet: 
Size: 9 
Real size: 9 
Device: cuda 

[2023-05-26 02:03:25,067][tools.dataset_tools][INFO] - Created [test][puma_Украшения___Комплекты] ImgMaskSet: 
Size: 15 
Real size: 15 
Device: cuda 

[2023-05-26 02:03:25,067][tools.dataset_tools][INFO] - Created [test][puma_Толстовки_олимпийки_худи_лонгсливы___Олимпийки] ImgMaskSet: 
Size: 62 
Real size: 62 
Device: cuda 

[2023-05-26 02:03:25,067][tools.dataset_tools][INFO] - Created [test][puma_Толстовки_олимпийки_худи_лонгсливы___Худи] ImgMaskSet: 
Size: 8 
Real size: 8 
Device: cuda 

[2023-05-26 02:03:25,067][tools.dataset_tools][INFO] - Created [test][puma_Головные уборы___Шапки] ImgMaskSet: 
Size: 71 
Real size: 71 
Device: cuda 

[2023-05-26 02:03:25,067][tools.dataset_tools][INFO] - Created [test][kenguru_Верхняя одежда___Жилеты (верхняя одежда)] ImgMaskSet: 
Size: 25 
Real size: 25 
Device: cuda 

[2023-05-26 02:03:25,067][tools.dataset_tools][INFO] - Created [test][kenguru_Спортивная одежда___Спортивные брюки] ImgMaskSet: 
Size: 100 
Real size: 100 
Device: cuda 

[2023-05-26 02:03:25,067][tools.dataset_tools][INFO] - Created [test][kenguru_Брюки___Леггинсы] ImgMaskSet: 
Size: 61 
Real size: 61 
Device: cuda 

[2023-05-26 02:03:25,067][tools.dataset_tools][INFO] - Created [test][puma_Верхняя одежда___Куртки] ImgMaskSet: 
Size: 57 
Real size: 57 
Device: cuda 

[2023-05-26 02:03:25,067][tools.dataset_tools][INFO] - Created [test][kenguru_Джемперы_свитеры_кардиганы_кофты___Кардиганы] ImgMaskSet: 
Size: 23 
Real size: 23 
Device: cuda 

[2023-05-26 02:03:25,067][tools.dataset_tools][INFO] - Created [test][puma_Толстовки_олимпийки_худи_лонгсливы___Лонгсливы] ImgMaskSet: 
Size: 20 
Real size: 20 
Device: cuda 

[2023-05-26 02:03:25,067][tools.dataset_tools][INFO] - Created [test][puma_Верхняя одежда___Ветровки] ImgMaskSet: 
Size: 17 
Real size: 17 
Device: cuda 

[2023-05-26 02:03:25,067][tools.dataset_tools][INFO] - Created [test][kenguru_Шорты_бриджи] ImgMaskSet: 
Size: 7 
Real size: 7 
Device: cuda 

[2023-05-26 02:03:25,067][tools.dataset_tools][INFO] - Created [test][kenguru_Блузки_рубашки___Блузки] ImgMaskSet: 
Size: 14 
Real size: 14 
Device: cuda 

[2023-05-26 02:03:25,067][tools.dataset_tools][INFO] - Created [test][kenguru_Верхняя одежда___Куртки] ImgMaskSet: 
Size: 100 
Real size: 100 
Device: cuda 

[2023-05-26 02:03:25,067][tools.dataset_tools][INFO] - Created [test][kenguru_Перчатки и варежки] ImgMaskSet: 
Size: 92 
Real size: 92 
Device: cuda 

[2023-05-26 02:03:25,067][tools.dataset_tools][INFO] - Created [test][kenguru_Другое] ImgMaskSet: 
Size: 24 
Real size: 24 
Device: cuda 

[2023-05-26 02:03:25,067][tools.dataset_tools][INFO] - Created [test][kenguru_Обувь___Сапоги] ImgMaskSet: 
Size: 46 
Real size: 46 
Device: cuda 

[2023-05-26 02:03:25,067][tools.dataset_tools][INFO] - Created [test][kenguru_Шорты_бриджи___Шорты] ImgMaskSet: 
Size: 100 
Real size: 100 
Device: cuda 

[2023-05-26 02:03:25,067][tools.dataset_tools][INFO] - Created [test][puma_Футболки_майки_поло_топы___Поло] ImgMaskSet: 
Size: 23 
Real size: 23 
Device: cuda 

[2023-05-26 02:03:25,067][tools.dataset_tools][INFO] - Created [test][kenguru_Верхняя одежда___Пальто] ImgMaskSet: 
Size: 18 
Real size: 18 
Device: cuda 

[2023-05-26 02:03:25,067][tools.dataset_tools][INFO] - Created [test][kenguru_Джемперы_свитеры_кардиганы_кофты___Водолазки] ImgMaskSet: 
Size: 46 
Real size: 46 
Device: cuda 

[2023-05-26 02:03:25,067][tools.dataset_tools][INFO] - Created [test][kenguru_Домашняя одежда и бельё___Носки] ImgMaskSet: 
Size: 100 
Real size: 100 
Device: cuda 

[2023-05-26 02:03:25,067][tools.dataset_tools][INFO] - Created [test][kenguru_Шорты_бриджи___Джинсовые шорты] ImgMaskSet: 
Size: 15 
Real size: 15 
Device: cuda 

[2023-05-26 02:03:25,067][tools.dataset_tools][INFO] - Created [test][kenguru_Обувь___Туфли] ImgMaskSet: 
Size: 37 
Real size: 37 
Device: cuda 

[2023-05-26 02:03:25,067][tools.dataset_tools][INFO] - Created [test][puma_Толстовки_олимпийки_худи_лонгсливы___Толстовки] ImgMaskSet: 
Size: 100 
Real size: 100 
Device: cuda 

[2023-05-26 02:03:25,067][tools.dataset_tools][INFO] - Created [test][kenguru_Сумки_рюкзаки и чемоданы___Рюкзаки] ImgMaskSet: 
Size: 24 
Real size: 24 
Device: cuda 

[2023-05-26 02:03:25,067][tools.dataset_tools][INFO] - Created [test][puma_Обувь___Кеды] ImgMaskSet: 
Size: 100 
Real size: 100 
Device: cuda 

[2023-05-26 02:03:25,068][tools.dataset_tools][INFO] - Created [test][kenguru_Обувь___Ботинки] ImgMaskSet: 
Size: 38 
Real size: 38 
Device: cuda 

[2023-05-26 02:03:25,068][tools.dataset_tools][INFO] - Created [test][puma_Футболки_майки_поло_топы___Майки] ImgMaskSet: 
Size: 22 
Real size: 22 
Device: cuda 

[2023-05-26 02:03:25,068][tools.dataset_tools][INFO] - Created [test][kenguru_Верхняя одежда___Джинсовые куртки] ImgMaskSet: 
Size: 20 
Real size: 20 
Device: cuda 

[2023-05-26 02:03:25,068][tools.dataset_tools][INFO] - Created [test][puma_Платья_сарафаны] ImgMaskSet: 
Size: 20 
Real size: 20 
Device: cuda 

[2023-05-26 02:03:25,068][tools.dataset_tools][INFO] - Created [test][kenguru_Футболки_майки_поло_топы___Футболки] ImgMaskSet: 
Size: 100 
Real size: 100 
Device: cuda 

[2023-05-26 02:03:25,068][tools.dataset_tools][INFO] - Created [test][puma_Пляжная одежда___Плавки] ImgMaskSet: 
Size: 28 
Real size: 28 
Device: cuda 

[2023-05-26 02:03:25,068][tools.dataset_tools][INFO] - Created [test][puma_Пляжная одежда] ImgMaskSet: 
Size: 9 
Real size: 9 
Device: cuda 

[2023-05-26 02:03:25,068][tools.dataset_tools][INFO] - Created [test][puma_Юбки] ImgMaskSet: 
Size: 9 
Real size: 9 
Device: cuda 

[2023-05-26 02:03:25,068][tools.dataset_tools][INFO] - Created [test][kenguru_Брюки___Спортивные брюки casual] ImgMaskSet: 
Size: 16 
Real size: 16 
Device: cuda 

[2023-05-26 02:03:25,068][tools.dataset_tools][INFO] - Created [test][kenguru_Обувь___Сандалии] ImgMaskSet: 
Size: 43 
Real size: 43 
Device: cuda 

[2023-05-26 02:03:25,068][tools.dataset_tools][INFO] - Created [test][kenguru_Брюки___Джоггеры] ImgMaskSet: 
Size: 9 
Real size: 9 
Device: cuda 

[2023-05-26 02:03:25,068][tools.dataset_tools][INFO] - Created [test][puma_Брюки] ImgMaskSet: 
Size: 100 
Real size: 100 
Device: cuda 

[2023-05-26 02:03:25,068][tools.dataset_tools][INFO] - Created [test][puma_Аксессуары] ImgMaskSet: 
Size: 18 
Real size: 18 
Device: cuda 

[2023-05-26 02:03:25,068][tools.dataset_tools][INFO] - Created [test][kenguru_Костюмы_пиджаки___Жилеты] ImgMaskSet: 
Size: 13 
Real size: 13 
Device: cuda 

[2023-05-26 02:03:25,068][tools.dataset_tools][INFO] - Created [test][puma_Спортивная одежда___Костюмы] ImgMaskSet: 
Size: 17 
Real size: 17 
Device: cuda 

[2023-05-26 02:03:25,068][tools.dataset_tools][INFO] - Created [test][kenguru_Украшения___Браслеты] ImgMaskSet: 
Size: 20 
Real size: 20 
Device: cuda 

[2023-05-26 02:03:25,068][tools.dataset_tools][INFO] - Created [test][puma_Сумки_рюкзаки и чемоданы___Рюкзаки] ImgMaskSet: 
Size: 72 
Real size: 72 
Device: cuda 

[2023-05-26 02:03:25,068][tools.dataset_tools][INFO] - Created [test][puma_Сумки_рюкзаки и чемоданы___Поясные сумки] ImgMaskSet: 
Size: 9 
Real size: 9 
Device: cuda 

[2023-05-26 02:03:25,068][tools.dataset_tools][INFO] - Created [test][kenguru_Джемперы_свитеры_кардиганы_кофты] ImgMaskSet: 
Size: 26 
Real size: 26 
Device: cuda 

[2023-05-26 02:03:25,068][tools.dataset_tools][INFO] - Created [test][kenguru_Школьная одежда___Рюкзаки_ранцы_сумки] ImgMaskSet: 
Size: 18 
Real size: 18 
Device: cuda 

[2023-05-26 02:03:25,068][tools.dataset_tools][INFO] - Created [test][kenguru_Аксессуары___Для волос] ImgMaskSet: 
Size: 100 
Real size: 100 
Device: cuda 

[2023-05-26 02:03:25,068][tools.dataset_tools][INFO] - Created [test][kenguru_Обувь___Кроссовки] ImgMaskSet: 
Size: 88 
Real size: 88 
Device: cuda 

[2023-05-26 02:03:25,068][tools.dataset_tools][INFO] - Created [test][kenguru_Джинсы___Клеш] ImgMaskSet: 
Size: 7 
Real size: 7 
Device: cuda 

[2023-05-26 02:03:25,068][tools.dataset_tools][INFO] - Created [test][puma_Сумки_рюкзаки и чемоданы] ImgMaskSet: 
Size: 66 
Real size: 66 
Device: cuda 

[2023-05-26 02:03:25,068][tools.dataset_tools][INFO] - Created [test][kenguru_Толстовки_олимпийки_худи_лонгсливы___Толстовки] ImgMaskSet: 
Size: 100 
Real size: 100 
Device: cuda 

[2023-05-26 02:03:25,068][tools.dataset_tools][INFO] - Created [test][puma_Спортивная одежда___Спортивные брюки] ImgMaskSet: 
Size: 12 
Real size: 12 
Device: cuda 

[2023-05-26 02:03:25,068][tools.dataset_tools][INFO] - Created [test][puma_Обувь___Шлепанцы] ImgMaskSet: 
Size: 26 
Real size: 26 
Device: cuda 

[2023-05-26 02:03:25,068][tools.dataset_tools][INFO] - Created [test][puma_Блузки_рубашки___Рубашки] ImgMaskSet: 
Size: 13 
Real size: 13 
Device: cuda 

[2023-05-26 02:03:25,068][tools.dataset_tools][INFO] - Created [test][kenguru_Футболки_майки_поло_топы___Майки] ImgMaskSet: 
Size: 9 
Real size: 9 
Device: cuda 

[2023-05-26 02:03:25,068][tools.dataset_tools][INFO] - Created [test][kenguru_Блузки_рубашки] ImgMaskSet: 
Size: 10 
Real size: 10 
Device: cuda 

[2023-05-26 02:03:25,068][tools.dataset_tools][INFO] - Created [test][kenguru_Обувь___Шлепанцы] ImgMaskSet: 
Size: 7 
Real size: 7 
Device: cuda 

[2023-05-26 02:03:25,068][tools.dataset_tools][INFO] - Created [test][kenguru_Обувь___Резиновые сапоги] ImgMaskSet: 
Size: 9 
Real size: 9 
Device: cuda 

[2023-05-26 02:03:25,068][tools.dataset_tools][INFO] - Created [test][kenguru_Брюки___Бермуды] ImgMaskSet: 
Size: 59 
Real size: 59 
Device: cuda 

[2023-05-26 02:03:25,068][tools.dataset_tools][INFO] - Created [test][kenguru_Брюки] ImgMaskSet: 
Size: 100 
Real size: 100 
Device: cuda 

[2023-05-26 02:03:25,068][tools.dataset_tools][INFO] - Created [test][kenguru_Обувь___Кеды] ImgMaskSet: 
Size: 89 
Real size: 89 
Device: cuda 

[2023-05-26 02:03:25,068][tools.dataset_tools][INFO] - Created [test][kenguru_Костюмы_пиджаки] ImgMaskSet: 
Size: 22 
Real size: 22 
Device: cuda 

[2023-05-26 02:03:25,068][tools.dataset_tools][INFO] - Created [test][kenguru_Очки] ImgMaskSet: 
Size: 10 
Real size: 10 
Device: cuda 

[2023-05-26 02:03:25,068][tools.dataset_tools][INFO] - Created [test][kenguru_Футболки_майки_поло_топы___Боди] ImgMaskSet: 
Size: 50 
Real size: 50 
Device: cuda 

[2023-05-26 02:03:25,068][tools.dataset_tools][INFO] - Created [test][kenguru_Школьная одежда___Блузы_рубашки] ImgMaskSet: 
Size: 17 
Real size: 17 
Device: cuda 

[2023-05-26 02:03:25,068][tools.dataset_tools][INFO] - Created test MultiImgMaskSet: 
Size: 5843 
Real size: 5843 
Device: cuda 

[2023-05-26 02:03:25,069][tools.dataset_tools][INFO] - Created [test][kenguru_Школьная одежда___Водолазки] ImgMaskSet: 
Size: 8 
Real size: 8 
Device: cuda 

[2023-05-26 02:03:25,069][tools.dataset_tools][INFO] - Created [test][kenguru_Школьная одежда___Платья_сарафаны] ImgMaskSet: 
Size: 22 
Real size: 22 
Device: cuda 

[2023-05-26 02:03:25,069][tools.dataset_tools][INFO] - Created [test][kenguru_Брюки___Бананы] ImgMaskSet: 
Size: 2 
Real size: 2 
Device: cuda 

[2023-05-26 02:03:25,069][tools.dataset_tools][INFO] - Created [test][kenguru_Спортивная одежда___Леггинсы] ImgMaskSet: 
Size: 1 
Real size: 1 
Device: cuda 

[2023-05-26 02:03:25,069][tools.dataset_tools][INFO] - Created [test][puma_Сумки_рюкзаки и чемоданы___Мягкая сумка дафл (duffle bag)] ImgMaskSet: 
Size: 2 
Real size: 2 
Device: cuda 

[2023-05-26 02:03:25,069][tools.dataset_tools][INFO] - Created [test][kenguru_Футболки_майки_поло_топы] ImgMaskSet: 
Size: 11 
Real size: 11 
Device: cuda 

[2023-05-26 02:03:25,069][tools.dataset_tools][INFO] - Created [test][kenguru_Костюмы_пиджаки___Костюмы] ImgMaskSet: 
Size: 12 
Real size: 12 
Device: cuda 

[2023-05-26 02:03:25,069][tools.dataset_tools][INFO] - Created [test][kenguru_Домашняя одежда и бельё___Пижамы] ImgMaskSet: 
Size: 1 
Real size: 1 
Device: cuda 

[2023-05-26 02:03:25,069][tools.dataset_tools][INFO] - Created [test][kenguru_Брюки___Кожаные] ImgMaskSet: 
Size: 2 
Real size: 2 
Device: cuda 

[2023-05-26 02:03:25,069][tools.dataset_tools][INFO] - Created [test][kenguru_Обувь___Мокасины] ImgMaskSet: 
Size: 8 
Real size: 8 
Device: cuda 

[2023-05-26 02:03:25,069][tools.dataset_tools][INFO] - Created [test][puma_Верхняя одежда___Жилеты (верхняя одежда)] ImgMaskSet: 
Size: 11 
Real size: 11 
Device: cuda 

[2023-05-26 02:03:25,069][tools.dataset_tools][INFO] - Created [test][puma_Верхняя одежда___Бомберы] ImgMaskSet: 
Size: 18 
Real size: 18 
Device: cuda 

[2023-05-26 02:03:25,069][tools.dataset_tools][INFO] - Created [test][puma_Шорты_бриджи] ImgMaskSet: 
Size: 6 
Real size: 6 
Device: cuda 

[2023-05-26 02:03:25,069][tools.dataset_tools][INFO] - Created [test][kenguru_Пляжная одежда] ImgMaskSet: 
Size: 11 
Real size: 11 
Device: cuda 

[2023-05-26 02:03:25,069][tools.dataset_tools][INFO] - Created [test][puma_Сумки_рюкзаки и чемоданы___Кроссбоди сумка] ImgMaskSet: 
Size: 9 
Real size: 9 
Device: cuda 

[2023-05-26 02:03:25,069][tools.dataset_tools][INFO] - Created [test][kenguru_Головные уборы___Кепки] ImgMaskSet: 
Size: 13 
Real size: 13 
Device: cuda 

[2023-05-26 02:03:25,069][tools.dataset_tools][INFO] - Created [test][puma_Верхняя одежда___Пальто] ImgMaskSet: 
Size: 6 
Real size: 6 
Device: cuda 

[2023-05-26 02:03:25,069][tools.dataset_tools][INFO] - Created [test][kenguru_Блузки_рубашки___Джинсовые рубашки] ImgMaskSet: 
Size: 11 
Real size: 11 
Device: cuda 

[2023-05-26 02:03:25,069][tools.dataset_tools][INFO] - Created [test][kenguru_Головные уборы___Береты] ImgMaskSet: 
Size: 8 
Real size: 8 
Device: cuda 

[2023-05-26 02:03:25,069][tools.dataset_tools][INFO] - Created [test][kenguru_Юбки___Ассиметричная] ImgMaskSet: 
Size: 1 
Real size: 1 
Device: cuda 

[2023-05-26 02:03:25,069][tools.dataset_tools][INFO] - Created [test][kenguru_Верхняя одежда___Дубленки] ImgMaskSet: 
Size: 2 
Real size: 2 
Device: cuda 

[2023-05-26 02:03:25,069][tools.dataset_tools][INFO] - Created [test][puma_Головные уборы] ImgMaskSet: 
Size: 5 
Real size: 5 
Device: cuda 

[2023-05-26 02:03:25,069][tools.dataset_tools][INFO] - Created [test][kenguru_Брюки___Прямые] ImgMaskSet: 
Size: 10 
Real size: 10 
Device: cuda 

[2023-05-26 02:03:25,069][tools.dataset_tools][INFO] - Created [test][kenguru_Юбки___Миди] ImgMaskSet: 
Size: 2 
Real size: 2 
Device: cuda 

[2023-05-26 02:03:25,069][tools.dataset_tools][INFO] - Created [test][kenguru_Разное] ImgMaskSet: 
Size: 1 
Real size: 1 
Device: cuda 

[2023-05-26 02:03:25,069][tools.dataset_tools][INFO] - Created [test][kenguru_Школьная одежда___Костюмы] ImgMaskSet: 
Size: 5 
Real size: 5 
Device: cuda 

[2023-05-26 02:03:25,069][tools.dataset_tools][INFO] - Created [test][kenguru_Платья_сарафаны___Туники] ImgMaskSet: 
Size: 1 
Real size: 1 
Device: cuda 

[2023-05-26 02:03:25,069][tools.dataset_tools][INFO] - Created [test][kenguru_Домашняя одежда и бельё___Гольфы] ImgMaskSet: 
Size: 15 
Real size: 15 
Device: cuda 

[2023-05-26 02:03:25,069][tools.dataset_tools][INFO] - Created [test][kenguru_Школьная одежда___Кофты_кардиганы_джемперы] ImgMaskSet: 
Size: 10 
Real size: 10 
Device: cuda 

[2023-05-26 02:03:25,069][tools.dataset_tools][INFO] - Created [test][kenguru_Платья_сарафаны___Мини] ImgMaskSet: 
Size: 13 
Real size: 13 
Device: cuda 

[2023-05-26 02:03:25,069][tools.dataset_tools][INFO] - Created [test][kenguru_Юбки___Пачка] ImgMaskSet: 
Size: 2 
Real size: 2 
Device: cuda 

[2023-05-26 02:03:25,069][tools.dataset_tools][INFO] - Created [test][kenguru_Юбки___Карандаш] ImgMaskSet: 
Size: 5 
Real size: 5 
Device: cuda 

[2023-05-26 02:03:25,069][tools.dataset_tools][INFO] - Created [test][puma_Головные уборы___Панамы] ImgMaskSet: 
Size: 10 
Real size: 10 
Device: cuda 

[2023-05-26 02:03:25,069][tools.dataset_tools][INFO] - Created [test][kenguru_Джинсы___Широкие] ImgMaskSet: 
Size: 10 
Real size: 10 
Device: cuda 

[2023-05-26 02:03:25,069][tools.dataset_tools][INFO] - Created [test][puma_Платки_шарфы_шали___Шарфы] ImgMaskSet: 
Size: 5 
Real size: 5 
Device: cuda 

[2023-05-26 02:03:25,069][tools.dataset_tools][INFO] - Created [test][kenguru_Спортивная одежда] ImgMaskSet: 
Size: 2 
Real size: 2 
Device: cuda 

[2023-05-26 02:03:25,070][tools.dataset_tools][INFO] - Created [test][puma_Обувь___Сандалии] ImgMaskSet: 
Size: 1 
Real size: 1 
Device: cuda 

[2023-05-26 02:03:25,070][tools.dataset_tools][INFO] - Created [test][puma_Кошельки] ImgMaskSet: 
Size: 5 
Real size: 5 
Device: cuda 

[2023-05-26 02:03:25,070][tools.dataset_tools][INFO] - Created [test][puma_Домашняя одежда и бельё___Гольфы] ImgMaskSet: 
Size: 4 
Real size: 4 
Device: cuda 

[2023-05-26 02:03:25,070][tools.dataset_tools][INFO] - Created [test][kenguru_Обувь___Лоферы] ImgMaskSet: 
Size: 19 
Real size: 19 
Device: cuda 

[2023-05-26 02:03:25,070][tools.dataset_tools][INFO] - Created [test][puma_Верхняя одежда___Парки] ImgMaskSet: 
Size: 2 
Real size: 2 
Device: cuda 

[2023-05-26 02:03:25,070][tools.dataset_tools][INFO] - Created [test][kenguru_Сумки_рюкзаки и чемоданы] ImgMaskSet: 
Size: 1 
Real size: 1 
Device: cuda 

[2023-05-26 02:03:25,070][tools.dataset_tools][INFO] - Created [test][puma_Джемперы_свитеры_кардиганы_кофты___Кардиганы] ImgMaskSet: 
Size: 1 
Real size: 1 
Device: cuda 

[2023-05-26 02:03:25,070][tools.dataset_tools][INFO] - Created [test][kenguru_Украшения___Комплекты] ImgMaskSet: 
Size: 1 
Real size: 1 
Device: cuda 

[2023-05-26 02:03:25,070][tools.dataset_tools][INFO] - Created [test][kenguru_Школьная одежда___Толстовки] ImgMaskSet: 
Size: 8 
Real size: 8 
Device: cuda 

[2023-05-26 02:03:25,070][tools.dataset_tools][INFO] - Created [test][kenguru_Верхняя одежда___Плащи] ImgMaskSet: 
Size: 24 
Real size: 24 
Device: cuda 

[2023-05-26 02:03:25,070][tools.dataset_tools][INFO] - Created [test][kenguru_Пляжная одежда___Раздельные купальники] ImgMaskSet: 
Size: 4 
Real size: 4 
Device: cuda 

[2023-05-26 02:03:25,070][tools.dataset_tools][INFO] - Created [test][kenguru_Джемперы_свитеры_кардиганы_кофты___Свитеры] ImgMaskSet: 
Size: 20 
Real size: 20 
Device: cuda 

[2023-05-26 02:03:25,070][tools.dataset_tools][INFO] - Created [test][kenguru_Платки_шарфы_шали___Платки] ImgMaskSet: 
Size: 4 
Real size: 4 
Device: cuda 

[2023-05-26 02:03:25,070][tools.dataset_tools][INFO] - Created [test][kenguru_Школьная одежда___Жилеты] ImgMaskSet: 
Size: 8 
Real size: 8 
Device: cuda 

[2023-05-26 02:03:25,070][tools.dataset_tools][INFO] - Created [test][kenguru_Школьная одежда___Пиджаки_жакеты] ImgMaskSet: 
Size: 15 
Real size: 15 
Device: cuda 

[2023-05-26 02:03:25,070][tools.dataset_tools][INFO] - Created [test][kenguru_Толстовки_олимпийки_худи_лонгсливы___Лонгсливы] ImgMaskSet: 
Size: 2 
Real size: 2 
Device: cuda 

[2023-05-26 02:03:25,070][tools.dataset_tools][INFO] - Created [test][kenguru_Школьная одежда___Юбки] ImgMaskSet: 
Size: 19 
Real size: 19 
Device: cuda 

[2023-05-26 02:03:25,070][tools.dataset_tools][INFO] - Created [test][kenguru_Украшения___Ожерелья] ImgMaskSet: 
Size: 1 
Real size: 1 
Device: cuda 

[2023-05-26 02:03:25,070][tools.dataset_tools][INFO] - Created [test][kenguru_Украшения___Серьги] ImgMaskSet: 
Size: 19 
Real size: 19 
Device: cuda 

[2023-05-26 02:03:25,070][tools.dataset_tools][INFO] - Created [test][puma_Комбинезоны] ImgMaskSet: 
Size: 5 
Real size: 5 
Device: cuda 

[2023-05-26 02:03:25,070][tools.dataset_tools][INFO] - Created [test][kenguru_Платья_сарафаны___Миди] ImgMaskSet: 
Size: 4 
Real size: 4 
Device: cuda 

[2023-05-26 02:03:25,070][tools.dataset_tools][INFO] - Created [test][kenguru_Обувь___Балетки] ImgMaskSet: 
Size: 10 
Real size: 10 
Device: cuda 

[2023-05-26 02:03:25,070][tools.dataset_tools][INFO] - Created [test][puma_Футболки_майки_поло_топы___Боди] ImgMaskSet: 
Size: 5 
Real size: 5 
Device: cuda 

[2023-05-26 02:03:25,070][tools.dataset_tools][INFO] - Created [test][kenguru_Толстовки_олимпийки_худи_лонгсливы___Худи] ImgMaskSet: 
Size: 9 
Real size: 9 
Device: cuda 

[2023-05-26 02:03:25,070][tools.dataset_tools][INFO] - Created [test][kenguru_Головные уборы___Шляпы] ImgMaskSet: 
Size: 24 
Real size: 24 
Device: cuda 

[2023-05-26 02:03:25,070][tools.dataset_tools][INFO] - Created [test][puma_Домашняя одежда и бельё___Халаты] ImgMaskSet: 
Size: 1 
Real size: 1 
Device: cuda 

[2023-05-26 02:03:25,070][tools.dataset_tools][INFO] - Created [test][kenguru_Джинсы___Прямые] ImgMaskSet: 
Size: 10 
Real size: 10 
Device: cuda 

[2023-05-26 02:03:25,070][tools.dataset_tools][INFO] - Created [test][kenguru_Юбки___Макси] ImgMaskSet: 
Size: 1 
Real size: 1 
Device: cuda 

[2023-05-26 02:03:25,070][tools.dataset_tools][INFO] - Created [test][puma_Костюмы_пиджаки___Жилеты] ImgMaskSet: 
Size: 7 
Real size: 7 
Device: cuda 

[2023-05-26 02:03:25,070][tools.dataset_tools][INFO] - Created [test][puma_Верхняя одежда] ImgMaskSet: 
Size: 4 
Real size: 4 
Device: cuda 

[2023-05-26 02:03:25,070][tools.dataset_tools][INFO] - Created [test][puma_Обувь___Слипоны] ImgMaskSet: 
Size: 2 
Real size: 2 
Device: cuda 

[2023-05-26 02:03:25,070][tools.dataset_tools][INFO] - Created [test][kenguru_Школьная одежда___Галстуки_бабочки] ImgMaskSet: 
Size: 9 
Real size: 9 
Device: cuda 

[2023-05-26 02:03:25,070][tools.dataset_tools][INFO] - Created [test][kenguru_Платья_сарафаны___Макси] ImgMaskSet: 
Size: 6 
Real size: 6 
Device: cuda 

[2023-05-26 02:03:25,070][tools.dataset_tools][INFO] - Created [test][kenguru_Юбки___Трапеция] ImgMaskSet: 
Size: 1 
Real size: 1 
Device: cuda 

[2023-05-26 02:03:25,070][tools.dataset_tools][INFO] - Created [test][puma_Аксессуары___Для волос] ImgMaskSet: 
Size: 15 
Real size: 15 
Device: cuda 

[2023-05-26 02:03:25,070][tools.dataset_tools][INFO] - Created [test][kenguru_Платья_сарафаны___Шелковые] ImgMaskSet: 
Size: 17 
Real size: 17 
Device: cuda 

[2023-05-26 02:03:25,070][tools.dataset_tools][INFO] - Created [test][kenguru_Юбки___Юбка-шорты] ImgMaskSet: 
Size: 5 
Real size: 5 
Device: cuda 

[2023-05-26 02:03:25,070][tools.dataset_tools][INFO] - Created [test][puma_Пляжная одежда___Раздельные купальники] ImgMaskSet: 
Size: 12 
Real size: 12 
Device: cuda 

[2023-05-26 02:03:25,070][tools.dataset_tools][INFO] - Created [test][kenguru_Пляжная одежда___Слитные купальники] ImgMaskSet: 
Size: 17 
Real size: 17 
Device: cuda 

[2023-05-26 02:03:25,070][tools.dataset_tools][INFO] - Created [test][kenguru_Школьная одежда___Фартуки] ImgMaskSet: 
Size: 5 
Real size: 5 
Device: cuda 

[2023-05-26 02:03:25,070][tools.dataset_tools][INFO] - Created [test][kenguru_Юбки___Плиссе] ImgMaskSet: 
Size: 19 
Real size: 19 
Device: cuda 

[2023-05-26 02:03:25,070][tools.dataset_tools][INFO] - Created [test][kenguru_Юбки___Тюльпан] ImgMaskSet: 
Size: 1 
Real size: 1 
Device: cuda 

[2023-05-26 02:03:25,070][tools.dataset_tools][INFO] - Created [test][kenguru_Брюки___Кюлоты] ImgMaskSet: 
Size: 4 
Real size: 4 
Device: cuda 

[2023-05-26 02:03:25,071][tools.dataset_tools][INFO] - Created [test][kenguru_Джинсы___Зауженные] ImgMaskSet: 
Size: 13 
Real size: 13 
Device: cuda 

[2023-05-26 02:03:25,071][tools.dataset_tools][INFO] - Created [test][puma_Джемперы_свитеры_кардиганы_кофты___Свитеры] ImgMaskSet: 
Size: 1 
Real size: 1 
Device: cuda 

[2023-05-26 02:03:25,071][tools.dataset_tools][INFO] - Created [test][puma_Сумки_рюкзаки и чемоданы___Тоут] ImgMaskSet: 
Size: 3 
Real size: 3 
Device: cuda 

[2023-05-26 02:03:25,071][tools.dataset_tools][INFO] - Created [test][kenguru_Брюки___Карго] ImgMaskSet: 
Size: 19 
Real size: 19 
Device: cuda 

[2023-05-26 02:03:25,071][tools.dataset_tools][INFO] - Created [test][puma_Юбки___Миди] ImgMaskSet: 
Size: 2 
Real size: 2 
Device: cuda 

[2023-05-26 02:03:25,071][tools.dataset_tools][INFO] - Created [test][kenguru_Юбки___Солнце] ImgMaskSet: 
Size: 1 
Real size: 1 
Device: cuda 

[2023-05-26 02:03:25,071][tools.dataset_tools][INFO] - Created [test][kenguru_Брюки___Клеш] ImgMaskSet: 
Size: 9 
Real size: 9 
Device: cuda 

[2023-05-26 02:03:25,071][tools.dataset_tools][INFO] - Created [test][kenguru_Школьная одежда___Шорты] ImgMaskSet: 
Size: 3 
Real size: 3 
Device: cuda 

[2023-05-26 02:03:25,071][tools.dataset_tools][INFO] - Created [test][puma_Обувь___Ботинки] ImgMaskSet: 
Size: 22 
Real size: 22 
Device: cuda 

[2023-05-26 02:03:25,071][tools.dataset_tools][INFO] - Created [test][kenguru_Обувь___Слипоны] ImgMaskSet: 
Size: 2 
Real size: 2 
Device: cuda 

[2023-05-26 02:03:25,071][tools.dataset_tools][INFO] - Created [test][puma_Футболки_майки_поло_топы] ImgMaskSet: 
Size: 22 
Real size: 22 
Device: cuda 

[2023-05-26 02:03:25,071][tools.dataset_tools][INFO] - Created [test][kenguru_Верхняя одежда___Парки] ImgMaskSet: 
Size: 9 
Real size: 9 
Device: cuda 

[2023-05-26 02:03:25,071][tools.dataset_tools][INFO] - Created [test][kenguru_Обувь___Эспадрильи] ImgMaskSet: 
Size: 2 
Real size: 2 
Device: cuda 

[2023-05-26 02:03:25,071][tools.dataset_tools][INFO] - Created [test][kenguru_Брюки___Укороченные] ImgMaskSet: 
Size: 2 
Real size: 2 
Device: cuda 

[2023-05-26 02:03:25,071][tools.dataset_tools][INFO] - Created [test][kenguru_Брюки___Широкие] ImgMaskSet: 
Size: 7 
Real size: 7 
Device: cuda 

[2023-05-26 02:03:25,071][tools.dataset_tools][INFO] - Created [test][puma_Сумки_рюкзаки и чемоданы___Мессенджер] ImgMaskSet: 
Size: 2 
Real size: 2 
Device: cuda 

[2023-05-26 02:03:25,071][tools.dataset_tools][INFO] - Created [test][kenguru_Футболки_майки_поло_топы___Топы] ImgMaskSet: 
Size: 51 
Real size: 51 
Device: cuda 

[2023-05-26 02:03:25,071][tools.dataset_tools][INFO] - Created [test][kenguru_Ремни] ImgMaskSet: 
Size: 15 
Real size: 15 
Device: cuda 

[2023-05-26 02:03:25,071][tools.dataset_tools][INFO] - Created [test][kenguru_Украшения___Подвески и кулоны] ImgMaskSet: 
Size: 8 
Real size: 8 
Device: cuda 

[2023-05-26 02:03:25,071][tools.dataset_tools][INFO] - Created [test][kenguru_Головные уборы___Панамы] ImgMaskSet: 
Size: 65 
Real size: 65 
Device: cuda 

[2023-05-26 02:03:25,071][tools.dataset_tools][INFO] - Created [test][kenguru_Юбки] ImgMaskSet: 
Size: 53 
Real size: 53 
Device: cuda 

[2023-05-26 02:03:25,071][tools.dataset_tools][INFO] - Created [test][kenguru_Джемперы_свитеры_кардиганы_кофты___Джемперы] ImgMaskSet: 
Size: 51 
Real size: 51 
Device: cuda 

[2023-05-26 02:03:25,071][tools.dataset_tools][INFO] - Created [test][kenguru_Платья_сарафаны] ImgMaskSet: 
Size: 100 
Real size: 100 
Device: cuda 

[2023-05-26 02:03:25,071][tools.dataset_tools][INFO] - Created [test][kenguru_Школьная одежда___Брюки] ImgMaskSet: 
Size: 10 
Real size: 10 
Device: cuda 

[2023-05-26 02:03:25,071][tools.dataset_tools][INFO] - Created [test][kenguru_Верхняя одежда___Пуховики] ImgMaskSet: 
Size: 56 
Real size: 56 
Device: cuda 

[2023-05-26 02:03:25,071][tools.dataset_tools][INFO] - Created [test][kenguru_Сумки_рюкзаки и чемоданы___Сумки через плечо] ImgMaskSet: 
Size: 38 
Real size: 38 
Device: cuda 

[2023-05-26 02:03:25,071][tools.dataset_tools][INFO] - Created [test][kenguru_Домашняя одежда и бельё___Колготки] ImgMaskSet: 
Size: 83 
Real size: 83 
Device: cuda 

[2023-05-26 02:03:25,071][tools.dataset_tools][INFO] - Created [test][kenguru_Верхняя одежда___Шубы] ImgMaskSet: 
Size: 8 
Real size: 8 
Device: cuda 

[2023-05-26 02:03:25,071][tools.dataset_tools][INFO] - Created [test][puma_Обувь___Бутсы] ImgMaskSet: 
Size: 42 
Real size: 42 
Device: cuda 

[2023-05-26 02:03:25,071][tools.dataset_tools][INFO] - Created [test][kenguru_Обувь] ImgMaskSet: 
Size: 22 
Real size: 22 
Device: cuda 

[2023-05-26 02:03:25,071][tools.dataset_tools][INFO] - Created [test][puma_Домашняя одежда и бельё___Носки] ImgMaskSet: 
Size: 100 
Real size: 100 
Device: cuda 

[2023-05-26 02:03:25,071][tools.dataset_tools][INFO] - Created [test][puma_Нижнее бельё] ImgMaskSet: 
Size: 83 
Real size: 83 
Device: cuda 

[2023-05-26 02:03:25,071][tools.dataset_tools][INFO] - Created [test][kenguru_Спортивная одежда___Костюмы] ImgMaskSet: 
Size: 32 
Real size: 32 
Device: cuda 

[2023-05-26 02:03:25,071][tools.dataset_tools][INFO] - Created [test][kenguru_Джемперы_свитеры_кардиганы_кофты___Кофты] ImgMaskSet: 
Size: 12 
Real size: 12 
Device: cuda 

[2023-05-26 02:03:25,071][tools.dataset_tools][INFO] - Created [test][kenguru_Обувь___Босоножки] ImgMaskSet: 
Size: 48 
Real size: 48 
Device: cuda 

[2023-05-26 02:03:25,071][tools.dataset_tools][INFO] - Created [test][kenguru_Футболки_майки_поло_топы___Поло] ImgMaskSet: 
Size: 17 
Real size: 17 
Device: cuda 

[2023-05-26 02:03:25,071][tools.dataset_tools][INFO] - Created [test][kenguru_Комбинезоны] ImgMaskSet: 
Size: 100 
Real size: 100 
Device: cuda 

[2023-05-26 02:03:25,071][tools.dataset_tools][INFO] - Created [test][puma_Толстовки_олимпийки_худи_лонгсливы] ImgMaskSet: 
Size: 32 
Real size: 32 
Device: cuda 

[2023-05-26 02:03:25,071][tools.dataset_tools][INFO] - Created [test][kenguru_Украшения] ImgMaskSet: 
Size: 8 
Real size: 8 
Device: cuda 

[2023-05-26 02:03:25,071][tools.dataset_tools][INFO] - Created [test][kenguru_Домашняя одежда и бельё] ImgMaskSet: 
Size: 43 
Real size: 43 
Device: cuda 

[2023-05-26 02:03:25,071][tools.dataset_tools][INFO] - Created [test][puma_Футболки_майки_поло_топы___Футболки] ImgMaskSet: 
Size: 100 
Real size: 100 
Device: cuda 

[2023-05-26 02:03:25,071][tools.dataset_tools][INFO] - Created [test][kenguru_Костюмы_пиджаки___Пиджаки] ImgMaskSet: 
Size: 27 
Real size: 27 
Device: cuda 

[2023-05-26 02:03:25,071][tools.dataset_tools][INFO] - Created [test][kenguru_Украшения___Колье] ImgMaskSet: 
Size: 11 
Real size: 11 
Device: cuda 

[2023-05-26 02:03:25,071][tools.dataset_tools][INFO] - Created [test][puma_Перчатки и варежки] ImgMaskSet: 
Size: 11 
Real size: 11 
Device: cuda 

[2023-05-26 02:03:25,072][tools.dataset_tools][INFO] - Created [test][kenguru_Платки_шарфы_шали___Шарфы] ImgMaskSet: 
Size: 79 
Real size: 79 
Device: cuda 

[2023-05-26 02:03:25,072][tools.dataset_tools][INFO] - Created [test][kenguru_Головные уборы] ImgMaskSet: 
Size: 42 
Real size: 42 
Device: cuda 

[2023-05-26 02:03:25,072][tools.dataset_tools][INFO] - Created [test][puma_Обувь___Кроссовки] ImgMaskSet: 
Size: 100 
Real size: 100 
Device: cuda 

[2023-05-26 02:03:25,072][tools.dataset_tools][INFO] - Created [test][puma_Футболки_майки_поло_топы___Топы] ImgMaskSet: 
Size: 54 
Real size: 54 
Device: cuda 

[2023-05-26 02:03:25,072][tools.dataset_tools][INFO] - Created [test][kenguru_Блузки_рубашки___Рубашки] ImgMaskSet: 
Size: 85 
Real size: 85 
Device: cuda 

[2023-05-26 02:03:25,072][tools.dataset_tools][INFO] - Created [test][puma_Шорты_бриджи___Шорты] ImgMaskSet: 
Size: 100 
Real size: 100 
Device: cuda 

[2023-05-26 02:03:25,072][tools.dataset_tools][INFO] - Created [test][puma_Спортивная одежда___Леггинсы] ImgMaskSet: 
Size: 72 
Real size: 72 
Device: cuda 

[2023-05-26 02:03:25,072][tools.dataset_tools][INFO] - Created [test][kenguru_Спортивная одежда___Спортивные куртки] ImgMaskSet: 
Size: 70 
Real size: 70 
Device: cuda 

[2023-05-26 02:03:25,072][tools.dataset_tools][INFO] - Created [test][kenguru_Толстовки_олимпийки_худи_лонгсливы] ImgMaskSet: 
Size: 100 
Real size: 100 
Device: cuda 

[2023-05-26 02:03:25,072][tools.dataset_tools][INFO] - Created [test][puma_Головные уборы___Кепки] ImgMaskSet: 
Size: 34 
Real size: 34 
Device: cuda 

[2023-05-26 02:03:25,072][tools.dataset_tools][INFO] - Created [test][kenguru_Головные уборы___Шапки] ImgMaskSet: 
Size: 100 
Real size: 100 
Device: cuda 

[2023-05-26 02:03:25,072][tools.dataset_tools][INFO] - Created [test][puma_Другое] ImgMaskSet: 
Size: 19 
Real size: 19 
Device: cuda 

[2023-05-26 02:03:25,072][tools.dataset_tools][INFO] - Created [test][kenguru_Аксессуары___Галстуки_бабочки] ImgMaskSet: 
Size: 8 
Real size: 8 
Device: cuda 

[2023-05-26 02:03:25,072][tools.dataset_tools][INFO] - Created [test][kenguru_Джинсы] ImgMaskSet: 
Size: 78 
Real size: 78 
Device: cuda 

[2023-05-26 02:03:25,072][tools.dataset_tools][INFO] - Created [test][puma_Разное] ImgMaskSet: 
Size: 32 
Real size: 32 
Device: cuda 

[2023-05-26 02:03:25,072][tools.dataset_tools][INFO] - Created [test][kenguru_Джемперы_свитеры_кардиганы_кофты___Свитшоты] ImgMaskSet: 
Size: 22 
Real size: 22 
Device: cuda 

[2023-05-26 02:03:25,072][tools.dataset_tools][INFO] - Created [test][kenguru_Головные уборы___Бейсболки] ImgMaskSet: 
Size: 87 
Real size: 87 
Device: cuda 

[2023-05-26 02:03:25,072][tools.dataset_tools][INFO] - Created [test][kenguru_Верхняя одежда___Ветровки] ImgMaskSet: 
Size: 23 
Real size: 23 
Device: cuda 

[2023-05-26 02:03:25,072][tools.dataset_tools][INFO] - Created [test][puma_Джемперы_свитеры_кардиганы_кофты___Свитшоты] ImgMaskSet: 
Size: 23 
Real size: 23 
Device: cuda 

[2023-05-26 02:03:25,072][tools.dataset_tools][INFO] - Created [test][kenguru_Нижнее бельё] ImgMaskSet: 
Size: 20 
Real size: 20 
Device: cuda 

[2023-05-26 02:03:25,072][tools.dataset_tools][INFO] - Created [test][kenguru_Платья_сарафаны___Сарафаны] ImgMaskSet: 
Size: 23 
Real size: 23 
Device: cuda 

[2023-05-26 02:03:25,072][tools.dataset_tools][INFO] - Created [test][kenguru_Брюки___Классические] ImgMaskSet: 
Size: 9 
Real size: 9 
Device: cuda 

[2023-05-26 02:03:25,072][tools.dataset_tools][INFO] - Created [test][puma_Украшения___Комплекты] ImgMaskSet: 
Size: 15 
Real size: 15 
Device: cuda 

[2023-05-26 02:03:25,072][tools.dataset_tools][INFO] - Created [test][puma_Толстовки_олимпийки_худи_лонгсливы___Олимпийки] ImgMaskSet: 
Size: 62 
Real size: 62 
Device: cuda 

[2023-05-26 02:03:25,072][tools.dataset_tools][INFO] - Created [test][puma_Толстовки_олимпийки_худи_лонгсливы___Худи] ImgMaskSet: 
Size: 8 
Real size: 8 
Device: cuda 

[2023-05-26 02:03:25,072][tools.dataset_tools][INFO] - Created [test][puma_Головные уборы___Шапки] ImgMaskSet: 
Size: 71 
Real size: 71 
Device: cuda 

[2023-05-26 02:03:25,072][tools.dataset_tools][INFO] - Created [test][kenguru_Верхняя одежда___Жилеты (верхняя одежда)] ImgMaskSet: 
Size: 25 
Real size: 25 
Device: cuda 

[2023-05-26 02:03:25,072][tools.dataset_tools][INFO] - Created [test][kenguru_Спортивная одежда___Спортивные брюки] ImgMaskSet: 
Size: 100 
Real size: 100 
Device: cuda 

[2023-05-26 02:03:25,072][tools.dataset_tools][INFO] - Created [test][kenguru_Брюки___Леггинсы] ImgMaskSet: 
Size: 61 
Real size: 61 
Device: cuda 

[2023-05-26 02:03:25,072][tools.dataset_tools][INFO] - Created [test][puma_Верхняя одежда___Куртки] ImgMaskSet: 
Size: 57 
Real size: 57 
Device: cuda 

[2023-05-26 02:03:25,072][tools.dataset_tools][INFO] - Created [test][kenguru_Джемперы_свитеры_кардиганы_кофты___Кардиганы] ImgMaskSet: 
Size: 23 
Real size: 23 
Device: cuda 

[2023-05-26 02:03:25,072][tools.dataset_tools][INFO] - Created [test][puma_Толстовки_олимпийки_худи_лонгсливы___Лонгсливы] ImgMaskSet: 
Size: 20 
Real size: 20 
Device: cuda 

[2023-05-26 02:03:25,072][tools.dataset_tools][INFO] - Created [test][puma_Верхняя одежда___Ветровки] ImgMaskSet: 
Size: 17 
Real size: 17 
Device: cuda 

[2023-05-26 02:03:25,072][tools.dataset_tools][INFO] - Created [test][kenguru_Шорты_бриджи] ImgMaskSet: 
Size: 7 
Real size: 7 
Device: cuda 

[2023-05-26 02:03:25,072][tools.dataset_tools][INFO] - Created [test][kenguru_Блузки_рубашки___Блузки] ImgMaskSet: 
Size: 14 
Real size: 14 
Device: cuda 

[2023-05-26 02:03:25,072][tools.dataset_tools][INFO] - Created [test][kenguru_Верхняя одежда___Куртки] ImgMaskSet: 
Size: 100 
Real size: 100 
Device: cuda 

[2023-05-26 02:03:25,072][tools.dataset_tools][INFO] - Created [test][kenguru_Перчатки и варежки] ImgMaskSet: 
Size: 92 
Real size: 92 
Device: cuda 

[2023-05-26 02:03:25,072][tools.dataset_tools][INFO] - Created [test][kenguru_Другое] ImgMaskSet: 
Size: 24 
Real size: 24 
Device: cuda 

[2023-05-26 02:03:25,072][tools.dataset_tools][INFO] - Created [test][kenguru_Обувь___Сапоги] ImgMaskSet: 
Size: 46 
Real size: 46 
Device: cuda 

[2023-05-26 02:03:25,072][tools.dataset_tools][INFO] - Created [test][kenguru_Шорты_бриджи___Шорты] ImgMaskSet: 
Size: 100 
Real size: 100 
Device: cuda 

[2023-05-26 02:03:25,072][tools.dataset_tools][INFO] - Created [test][puma_Футболки_майки_поло_топы___Поло] ImgMaskSet: 
Size: 23 
Real size: 23 
Device: cuda 

[2023-05-26 02:03:25,073][tools.dataset_tools][INFO] - Created [test][kenguru_Верхняя одежда___Пальто] ImgMaskSet: 
Size: 18 
Real size: 18 
Device: cuda 

[2023-05-26 02:03:25,073][tools.dataset_tools][INFO] - Created [test][kenguru_Джемперы_свитеры_кардиганы_кофты___Водолазки] ImgMaskSet: 
Size: 46 
Real size: 46 
Device: cuda 

[2023-05-26 02:03:25,073][tools.dataset_tools][INFO] - Created [test][kenguru_Домашняя одежда и бельё___Носки] ImgMaskSet: 
Size: 100 
Real size: 100 
Device: cuda 

[2023-05-26 02:03:25,073][tools.dataset_tools][INFO] - Created [test][kenguru_Шорты_бриджи___Джинсовые шорты] ImgMaskSet: 
Size: 15 
Real size: 15 
Device: cuda 

[2023-05-26 02:03:25,073][tools.dataset_tools][INFO] - Created [test][kenguru_Обувь___Туфли] ImgMaskSet: 
Size: 37 
Real size: 37 
Device: cuda 

[2023-05-26 02:03:25,073][tools.dataset_tools][INFO] - Created [test][puma_Толстовки_олимпийки_худи_лонгсливы___Толстовки] ImgMaskSet: 
Size: 100 
Real size: 100 
Device: cuda 

[2023-05-26 02:03:25,073][tools.dataset_tools][INFO] - Created [test][kenguru_Сумки_рюкзаки и чемоданы___Рюкзаки] ImgMaskSet: 
Size: 24 
Real size: 24 
Device: cuda 

[2023-05-26 02:03:25,073][tools.dataset_tools][INFO] - Created [test][puma_Обувь___Кеды] ImgMaskSet: 
Size: 100 
Real size: 100 
Device: cuda 

[2023-05-26 02:03:25,073][tools.dataset_tools][INFO] - Created [test][kenguru_Обувь___Ботинки] ImgMaskSet: 
Size: 38 
Real size: 38 
Device: cuda 

[2023-05-26 02:03:25,073][tools.dataset_tools][INFO] - Created [test][puma_Футболки_майки_поло_топы___Майки] ImgMaskSet: 
Size: 22 
Real size: 22 
Device: cuda 

[2023-05-26 02:03:25,073][tools.dataset_tools][INFO] - Created [test][kenguru_Верхняя одежда___Джинсовые куртки] ImgMaskSet: 
Size: 20 
Real size: 20 
Device: cuda 

[2023-05-26 02:03:25,073][tools.dataset_tools][INFO] - Created [test][puma_Платья_сарафаны] ImgMaskSet: 
Size: 20 
Real size: 20 
Device: cuda 

[2023-05-26 02:03:25,073][tools.dataset_tools][INFO] - Created [test][kenguru_Футболки_майки_поло_топы___Футболки] ImgMaskSet: 
Size: 100 
Real size: 100 
Device: cuda 

[2023-05-26 02:03:25,073][tools.dataset_tools][INFO] - Created [test][puma_Пляжная одежда___Плавки] ImgMaskSet: 
Size: 28 
Real size: 28 
Device: cuda 

[2023-05-26 02:03:25,073][tools.dataset_tools][INFO] - Created [test][puma_Пляжная одежда] ImgMaskSet: 
Size: 9 
Real size: 9 
Device: cuda 

[2023-05-26 02:03:25,073][tools.dataset_tools][INFO] - Created [test][puma_Юбки] ImgMaskSet: 
Size: 9 
Real size: 9 
Device: cuda 

[2023-05-26 02:03:25,073][tools.dataset_tools][INFO] - Created [test][kenguru_Брюки___Спортивные брюки casual] ImgMaskSet: 
Size: 16 
Real size: 16 
Device: cuda 

[2023-05-26 02:03:25,073][tools.dataset_tools][INFO] - Created [test][kenguru_Обувь___Сандалии] ImgMaskSet: 
Size: 43 
Real size: 43 
Device: cuda 

[2023-05-26 02:03:25,073][tools.dataset_tools][INFO] - Created [test][kenguru_Брюки___Джоггеры] ImgMaskSet: 
Size: 9 
Real size: 9 
Device: cuda 

[2023-05-26 02:03:25,073][tools.dataset_tools][INFO] - Created [test][puma_Брюки] ImgMaskSet: 
Size: 100 
Real size: 100 
Device: cuda 

[2023-05-26 02:03:25,073][tools.dataset_tools][INFO] - Created [test][puma_Аксессуары] ImgMaskSet: 
Size: 18 
Real size: 18 
Device: cuda 

[2023-05-26 02:03:25,073][tools.dataset_tools][INFO] - Created [test][kenguru_Костюмы_пиджаки___Жилеты] ImgMaskSet: 
Size: 13 
Real size: 13 
Device: cuda 

[2023-05-26 02:03:25,073][tools.dataset_tools][INFO] - Created [test][puma_Спортивная одежда___Костюмы] ImgMaskSet: 
Size: 17 
Real size: 17 
Device: cuda 

[2023-05-26 02:03:25,073][tools.dataset_tools][INFO] - Created [test][kenguru_Украшения___Браслеты] ImgMaskSet: 
Size: 20 
Real size: 20 
Device: cuda 

[2023-05-26 02:03:25,073][tools.dataset_tools][INFO] - Created [test][puma_Сумки_рюкзаки и чемоданы___Рюкзаки] ImgMaskSet: 
Size: 72 
Real size: 72 
Device: cuda 

[2023-05-26 02:03:25,073][tools.dataset_tools][INFO] - Created [test][puma_Сумки_рюкзаки и чемоданы___Поясные сумки] ImgMaskSet: 
Size: 9 
Real size: 9 
Device: cuda 

[2023-05-26 02:03:25,073][tools.dataset_tools][INFO] - Created [test][kenguru_Джемперы_свитеры_кардиганы_кофты] ImgMaskSet: 
Size: 26 
Real size: 26 
Device: cuda 

[2023-05-26 02:03:25,073][tools.dataset_tools][INFO] - Created [test][kenguru_Школьная одежда___Рюкзаки_ранцы_сумки] ImgMaskSet: 
Size: 18 
Real size: 18 
Device: cuda 

[2023-05-26 02:03:25,073][tools.dataset_tools][INFO] - Created [test][kenguru_Аксессуары___Для волос] ImgMaskSet: 
Size: 100 
Real size: 100 
Device: cuda 

[2023-05-26 02:03:25,073][tools.dataset_tools][INFO] - Created [test][kenguru_Обувь___Кроссовки] ImgMaskSet: 
Size: 88 
Real size: 88 
Device: cuda 

[2023-05-26 02:03:25,073][tools.dataset_tools][INFO] - Created [test][kenguru_Джинсы___Клеш] ImgMaskSet: 
Size: 7 
Real size: 7 
Device: cuda 

[2023-05-26 02:03:25,073][tools.dataset_tools][INFO] - Created [test][puma_Сумки_рюкзаки и чемоданы] ImgMaskSet: 
Size: 66 
Real size: 66 
Device: cuda 

[2023-05-26 02:03:25,073][tools.dataset_tools][INFO] - Created [test][kenguru_Толстовки_олимпийки_худи_лонгсливы___Толстовки] ImgMaskSet: 
Size: 100 
Real size: 100 
Device: cuda 

[2023-05-26 02:03:25,073][tools.dataset_tools][INFO] - Created [test][puma_Спортивная одежда___Спортивные брюки] ImgMaskSet: 
Size: 12 
Real size: 12 
Device: cuda 

[2023-05-26 02:03:25,073][tools.dataset_tools][INFO] - Created [test][puma_Обувь___Шлепанцы] ImgMaskSet: 
Size: 26 
Real size: 26 
Device: cuda 

[2023-05-26 02:03:25,073][tools.dataset_tools][INFO] - Created [test][puma_Блузки_рубашки___Рубашки] ImgMaskSet: 
Size: 13 
Real size: 13 
Device: cuda 

[2023-05-26 02:03:25,073][tools.dataset_tools][INFO] - Created [test][kenguru_Футболки_майки_поло_топы___Майки] ImgMaskSet: 
Size: 9 
Real size: 9 
Device: cuda 

[2023-05-26 02:03:25,073][tools.dataset_tools][INFO] - Created [test][kenguru_Блузки_рубашки] ImgMaskSet: 
Size: 10 
Real size: 10 
Device: cuda 

[2023-05-26 02:03:25,073][tools.dataset_tools][INFO] - Created [test][kenguru_Обувь___Шлепанцы] ImgMaskSet: 
Size: 7 
Real size: 7 
Device: cuda 

[2023-05-26 02:03:25,073][tools.dataset_tools][INFO] - Created [test][kenguru_Обувь___Резиновые сапоги] ImgMaskSet: 
Size: 9 
Real size: 9 
Device: cuda 

[2023-05-26 02:03:25,073][tools.dataset_tools][INFO] - Created [test][kenguru_Брюки___Бермуды] ImgMaskSet: 
Size: 59 
Real size: 59 
Device: cuda 

[2023-05-26 02:03:25,073][tools.dataset_tools][INFO] - Created [test][kenguru_Брюки] ImgMaskSet: 
Size: 100 
Real size: 100 
Device: cuda 

[2023-05-26 02:03:25,074][tools.dataset_tools][INFO] - Created [test][kenguru_Обувь___Кеды] ImgMaskSet: 
Size: 89 
Real size: 89 
Device: cuda 

[2023-05-26 02:03:25,074][tools.dataset_tools][INFO] - Created [test][kenguru_Костюмы_пиджаки] ImgMaskSet: 
Size: 22 
Real size: 22 
Device: cuda 

[2023-05-26 02:03:25,074][tools.dataset_tools][INFO] - Created [test][kenguru_Очки] ImgMaskSet: 
Size: 10 
Real size: 10 
Device: cuda 

[2023-05-26 02:03:25,074][tools.dataset_tools][INFO] - Created [test][kenguru_Футболки_майки_поло_топы___Боди] ImgMaskSet: 
Size: 50 
Real size: 50 
Device: cuda 

[2023-05-26 02:03:25,074][tools.dataset_tools][INFO] - Created [test][kenguru_Школьная одежда___Блузы_рубашки] ImgMaskSet: 
Size: 17 
Real size: 17 
Device: cuda 

[2023-05-26 02:03:25,074][tools.dataset_tools][INFO] - Created test MultiImgMaskSet: 
Size: 5843 
Real size: 5843 
Device: cuda 

[2023-05-26 02:03:25,077][tools.train_tools][INFO] - ===== TRAIN (Epoch: 0) =====
[2023-05-26 02:08:19,742][tools.train_tools][INFO] - Loss: 0.22274284051296725
[2023-05-26 02:08:19,743][tools.train_tools][INFO] - ===== Validation (Epoch: 0) =====
[2023-05-26 02:12:01,110][tools.train_tools][INFO] - Loss: 0.21853197517355066
[2023-05-26 02:12:01,111][tools.early_stopper][INFO] - Validation metric changed from None to 0.9830905996516778
[2023-05-26 02:12:01,122][tools.train_tools][INFO] - ===== TRAIN (Epoch: 1) =====
[2023-05-26 02:16:57,046][tools.train_tools][INFO] - Loss: 0.21948893263154606
[2023-05-26 02:16:57,048][tools.train_tools][INFO] - ===== TRAIN (Epoch: 2) =====
[2023-05-26 02:21:54,788][tools.train_tools][INFO] - Loss: 0.2282799129487162
[2023-05-26 02:21:54,790][tools.train_tools][INFO] - ===== TRAIN (Epoch: 3) =====
[2023-05-26 02:26:49,531][tools.train_tools][INFO] - Loss: 0.22143305039157918
[2023-05-26 02:26:49,533][tools.train_tools][INFO] - ===== TRAIN (Epoch: 4) =====
[2023-05-26 02:31:46,329][tools.train_tools][INFO] - Loss: 0.2189480396253722
[2023-05-26 02:31:46,330][tools.train_tools][INFO] - ===== Validation (Epoch: 4) =====
[2023-05-26 02:35:28,508][tools.train_tools][INFO] - Loss: 0.22139479308586604
[2023-05-26 02:35:28,519][tools.train_tools][INFO] - ===== TRAIN (Epoch: 5) =====
[2023-05-26 02:40:25,222][tools.train_tools][INFO] - Loss: 0.2188954304155993
[2023-05-26 02:40:25,223][tools.train_tools][INFO] - ===== TRAIN (Epoch: 6) =====
[2023-05-26 02:45:24,026][tools.train_tools][INFO] - Loss: 0.2183135246847896
[2023-05-26 02:45:24,028][tools.train_tools][INFO] - ===== TRAIN (Epoch: 7) =====
[2023-05-26 02:50:21,751][tools.train_tools][INFO] - Loss: 0.2175692129092018
[2023-05-26 02:50:21,752][tools.train_tools][INFO] - ===== TRAIN (Epoch: 8) =====
[2023-05-26 02:55:17,260][tools.train_tools][INFO] - Loss: 0.22513844040483505
[2023-05-26 02:55:17,260][tools.train_tools][INFO] - ===== Validation (Epoch: 8) =====
[2023-05-26 02:58:58,752][tools.train_tools][INFO] - Loss: 0.2206002771344785
[2023-05-26 02:58:58,761][tools.train_tools][INFO] - ===== TRAIN (Epoch: 9) =====
[2023-05-26 03:03:54,772][tools.train_tools][INFO] - Loss: 0.21981243278568519
[2023-05-26 03:03:54,773][tools.train_tools][INFO] - ===== TRAIN (Epoch: 10) =====
[2023-05-26 03:08:51,133][tools.train_tools][INFO] - Loss: 0.22986272287304105
[2023-05-26 03:08:51,135][tools.train_tools][INFO] - ===== TRAIN (Epoch: 11) =====
[2023-05-26 03:13:47,983][tools.train_tools][INFO] - Loss: 0.22493963105230178
[2023-05-26 03:13:47,985][tools.train_tools][INFO] - ===== TRAIN (Epoch: 12) =====
[2023-05-26 03:18:42,767][tools.train_tools][INFO] - Loss: 0.21961051922217414
[2023-05-26 03:18:42,767][tools.train_tools][INFO] - ===== Validation (Epoch: 12) =====
[2023-05-26 03:22:24,138][tools.train_tools][INFO] - Loss: 0.22391036100858866
[2023-05-26 03:22:24,147][tools.train_tools][INFO] - ===== TRAIN (Epoch: 13) =====
[2023-05-26 03:27:20,329][tools.train_tools][INFO] - Loss: 0.2206239117070305
[2023-05-26 03:27:20,331][tools.train_tools][INFO] - ===== TRAIN (Epoch: 14) =====
[2023-05-26 03:32:14,370][tools.train_tools][INFO] - Loss: 0.2167898678569423
[2023-05-26 03:32:14,372][tools.train_tools][INFO] - ===== TRAIN (Epoch: 15) =====
[2023-05-26 03:37:09,912][tools.train_tools][INFO] - Loss: 0.21856004478002328
[2023-05-26 03:37:09,914][tools.train_tools][INFO] - ===== TRAIN (Epoch: 16) =====
[2023-05-26 03:42:06,358][tools.train_tools][INFO] - Loss: 0.2183356330768756
[2023-05-26 03:42:06,358][tools.train_tools][INFO] - ===== Validation (Epoch: 16) =====
[2023-05-26 03:45:48,892][tools.train_tools][INFO] - Loss: 0.22466676071714278
[2023-05-26 03:45:48,902][tools.train_tools][INFO] - ===== TRAIN (Epoch: 17) =====
[2023-05-26 03:50:47,623][tools.train_tools][INFO] - Loss: 0.21533025976331066
[2023-05-26 03:50:47,624][tools.train_tools][INFO] - ===== TRAIN (Epoch: 18) =====
[2023-05-26 03:55:45,578][tools.train_tools][INFO] - Loss: 0.22369014801858347
[2023-05-26 03:55:45,580][tools.train_tools][INFO] - ===== TRAIN (Epoch: 19) =====
[2023-05-26 04:00:43,016][tools.train_tools][INFO] - Loss: 0.21538651944769657
[2023-05-26 04:00:43,018][tools.train_tools][INFO] - ===== TRAIN (Epoch: 20) =====
[2023-05-26 04:05:40,166][tools.train_tools][INFO] - Loss: 0.21696759756337886
[2023-05-26 04:05:40,167][tools.train_tools][INFO] - ===== Validation (Epoch: 20) =====
[2023-05-26 04:07:12,592][tools.dataset_tools][CRITICAL] - Wrong reading image /datas/raph/clothes_segmentation/stage1/../datasets/full_data/kenguru_Спортивная одежда___Спортивные куртки/0984b4f262de46bfdaec4322685ac668.jpg
