[2023-06-04 04:52:22,647][tools.dataset_tools][INFO] - Created [train][kenguru_Футболки_майки_поло_топы___Топы] ImgMaskSet: 
Size: 30 
Real size: 119 
Device: cuda 

[2023-06-04 04:52:22,647][tools.dataset_tools][INFO] - Created [train][kenguru_Ремни] ImgMaskSet: 
Size: 30 
Real size: 38 
Device: cuda 

[2023-06-04 04:52:22,647][tools.dataset_tools][INFO] - Created [train][kenguru_Украшения___Подвески и кулоны] ImgMaskSet: 
Size: 19 
Real size: 19 
Device: cuda 

[2023-06-04 04:52:22,647][tools.dataset_tools][INFO] - Created [train][kenguru_Головные уборы___Панамы] ImgMaskSet: 
Size: 30 
Real size: 154 
Device: cuda 

[2023-06-04 04:52:22,647][tools.dataset_tools][INFO] - Created [train][kenguru_Юбки] ImgMaskSet: 
Size: 30 
Real size: 124 
Device: cuda 

[2023-06-04 04:52:22,647][tools.dataset_tools][INFO] - Created [train][kenguru_Джемперы_свитеры_кардиганы_кофты___Джемперы] ImgMaskSet: 
Size: 30 
Real size: 121 
Device: cuda 

[2023-06-04 04:52:22,647][tools.dataset_tools][INFO] - Created [train][kenguru_Платья_сарафаны] ImgMaskSet: 
Size: 30 
Real size: 831 
Device: cuda 

[2023-06-04 04:52:22,647][tools.dataset_tools][INFO] - Created [train][kenguru_Школьная одежда___Брюки] ImgMaskSet: 
Size: 25 
Real size: 25 
Device: cuda 

[2023-06-04 04:52:22,647][tools.dataset_tools][INFO] - Created [train][kenguru_Верхняя одежда___Пуховики] ImgMaskSet: 
Size: 30 
Real size: 131 
Device: cuda 

[2023-06-04 04:52:22,647][tools.dataset_tools][INFO] - Created [train][kenguru_Сумки_рюкзаки и чемоданы___Сумки через плечо] ImgMaskSet: 
Size: 30 
Real size: 89 
Device: cuda 

[2023-06-04 04:52:22,647][tools.dataset_tools][INFO] - Created [train][kenguru_Домашняя одежда и бельё___Колготки] ImgMaskSet: 
Size: 30 
Real size: 195 
Device: cuda 

[2023-06-04 04:52:22,647][tools.dataset_tools][INFO] - Created [train][kenguru_Верхняя одежда___Шубы] ImgMaskSet: 
Size: 21 
Real size: 21 
Device: cuda 

[2023-06-04 04:52:22,647][tools.dataset_tools][INFO] - Created [train][puma_Обувь___Бутсы] ImgMaskSet: 
Size: 30 
Real size: 99 
Device: cuda 

[2023-06-04 04:52:22,647][tools.dataset_tools][INFO] - Created [train][kenguru_Обувь] ImgMaskSet: 
Size: 30 
Real size: 52 
Device: cuda 

[2023-06-04 04:52:22,647][tools.dataset_tools][INFO] - Created [train][puma_Домашняя одежда и бельё___Носки] ImgMaskSet: 
Size: 30 
Real size: 245 
Device: cuda 

[2023-06-04 04:52:22,647][tools.dataset_tools][INFO] - Created [train][puma_Нижнее бельё] ImgMaskSet: 
Size: 30 
Real size: 195 
Device: cuda 

[2023-06-04 04:52:22,647][tools.dataset_tools][INFO] - Created [train][kenguru_Спортивная одежда___Костюмы] ImgMaskSet: 
Size: 30 
Real size: 75 
Device: cuda 

[2023-06-04 04:52:22,648][tools.dataset_tools][INFO] - Created [train][kenguru_Джемперы_свитеры_кардиганы_кофты___Кофты] ImgMaskSet: 
Size: 30 
Real size: 31 
Device: cuda 

[2023-06-04 04:52:22,648][tools.dataset_tools][INFO] - Created [train][kenguru_Обувь___Босоножки] ImgMaskSet: 
Size: 30 
Real size: 113 
Device: cuda 

[2023-06-04 04:52:22,648][tools.dataset_tools][INFO] - Created [train][kenguru_Футболки_майки_поло_топы___Поло] ImgMaskSet: 
Size: 30 
Real size: 41 
Device: cuda 

[2023-06-04 04:52:22,648][tools.dataset_tools][INFO] - Created [train][kenguru_Комбинезоны] ImgMaskSet: 
Size: 30 
Real size: 643 
Device: cuda 

[2023-06-04 04:52:22,648][tools.dataset_tools][INFO] - Created [train][puma_Толстовки_олимпийки_худи_лонгсливы] ImgMaskSet: 
Size: 30 
Real size: 77 
Device: cuda 

[2023-06-04 04:52:22,648][tools.dataset_tools][INFO] - Created [train][kenguru_Украшения] ImgMaskSet: 
Size: 19 
Real size: 19 
Device: cuda 

[2023-06-04 04:52:22,648][tools.dataset_tools][INFO] - Created [train][kenguru_Домашняя одежда и бельё] ImgMaskSet: 
Size: 30 
Real size: 102 
Device: cuda 

[2023-06-04 04:52:22,648][tools.dataset_tools][INFO] - Created [train][puma_Футболки_майки_поло_топы___Футболки] ImgMaskSet: 
Size: 30 
Real size: 1582 
Device: cuda 

[2023-06-04 04:52:22,648][tools.dataset_tools][INFO] - Created [train][kenguru_Костюмы_пиджаки___Пиджаки] ImgMaskSet: 
Size: 30 
Real size: 66 
Device: cuda 

[2023-06-04 04:52:22,648][tools.dataset_tools][INFO] - Created [train][kenguru_Украшения___Колье] ImgMaskSet: 
Size: 27 
Real size: 27 
Device: cuda 

[2023-06-04 04:52:22,648][tools.dataset_tools][INFO] - Created [train][puma_Перчатки и варежки] ImgMaskSet: 
Size: 27 
Real size: 27 
Device: cuda 

[2023-06-04 04:52:22,648][tools.dataset_tools][INFO] - Created [train][kenguru_Платки_шарфы_шали___Шарфы] ImgMaskSet: 
Size: 30 
Real size: 186 
Device: cuda 

[2023-06-04 04:52:22,648][tools.dataset_tools][INFO] - Created [train][kenguru_Головные уборы] ImgMaskSet: 
Size: 30 
Real size: 101 
Device: cuda 

[2023-06-04 04:52:22,648][tools.dataset_tools][INFO] - Created [train][puma_Обувь___Кроссовки] ImgMaskSet: 
Size: 30 
Real size: 1341 
Device: cuda 

[2023-06-04 04:52:22,648][tools.dataset_tools][INFO] - Created [train][puma_Футболки_майки_поло_топы___Топы] ImgMaskSet: 
Size: 30 
Real size: 126 
Device: cuda 

[2023-06-04 04:52:22,648][tools.dataset_tools][INFO] - Created [train][kenguru_Блузки_рубашки___Рубашки] ImgMaskSet: 
Size: 30 
Real size: 199 
Device: cuda 

[2023-06-04 04:52:22,648][tools.dataset_tools][INFO] - Created [train][puma_Шорты_бриджи___Шорты] ImgMaskSet: 
Size: 30 
Real size: 365 
Device: cuda 

[2023-06-04 04:52:22,648][tools.dataset_tools][INFO] - Created [train][puma_Спортивная одежда___Леггинсы] ImgMaskSet: 
Size: 30 
Real size: 170 
Device: cuda 

[2023-06-04 04:52:22,648][tools.dataset_tools][INFO] - Created [train][kenguru_Спортивная одежда___Спортивные куртки] ImgMaskSet: 
Size: 30 
Real size: 166 
Device: cuda 

[2023-06-04 04:52:22,648][tools.dataset_tools][INFO] - Created [train][kenguru_Толстовки_олимпийки_худи_лонгсливы] ImgMaskSet: 
Size: 30 
Real size: 245 
Device: cuda 

[2023-06-04 04:52:22,648][tools.dataset_tools][INFO] - Created [train][puma_Головные уборы___Кепки] ImgMaskSet: 
Size: 30 
Real size: 82 
Device: cuda 

[2023-06-04 04:52:22,648][tools.dataset_tools][INFO] - Created [train][kenguru_Головные уборы___Шапки] ImgMaskSet: 
Size: 30 
Real size: 1397 
Device: cuda 

[2023-06-04 04:52:22,648][tools.dataset_tools][INFO] - Created [train][puma_Другое] ImgMaskSet: 
Size: 30 
Real size: 46 
Device: cuda 

[2023-06-04 04:52:22,648][tools.dataset_tools][INFO] - Created [train][kenguru_Аксессуары___Галстуки_бабочки] ImgMaskSet: 
Size: 19 
Real size: 19 
Device: cuda 

[2023-06-04 04:52:22,648][tools.dataset_tools][INFO] - Created [train][kenguru_Джинсы] ImgMaskSet: 
Size: 30 
Real size: 184 
Device: cuda 

[2023-06-04 04:52:22,648][tools.dataset_tools][INFO] - Created [train][puma_Разное] ImgMaskSet: 
Size: 30 
Real size: 77 
Device: cuda 

[2023-06-04 04:52:22,648][tools.dataset_tools][INFO] - Created [train][kenguru_Джемперы_свитеры_кардиганы_кофты___Свитшоты] ImgMaskSet: 
Size: 30 
Real size: 54 
Device: cuda 

[2023-06-04 04:52:22,648][tools.dataset_tools][INFO] - Created [train][kenguru_Головные уборы___Бейсболки] ImgMaskSet: 
Size: 30 
Real size: 206 
Device: cuda 

[2023-06-04 04:52:22,648][tools.dataset_tools][INFO] - Created [train][kenguru_Верхняя одежда___Ветровки] ImgMaskSet: 
Size: 30 
Real size: 55 
Device: cuda 

[2023-06-04 04:52:22,648][tools.dataset_tools][INFO] - Created [train][puma_Джемперы_свитеры_кардиганы_кофты___Свитшоты] ImgMaskSet: 
Size: 30 
Real size: 54 
Device: cuda 

[2023-06-04 04:52:22,648][tools.dataset_tools][INFO] - Created [train][kenguru_Нижнее бельё] ImgMaskSet: 
Size: 30 
Real size: 47 
Device: cuda 

[2023-06-04 04:52:22,648][tools.dataset_tools][INFO] - Created [train][kenguru_Платья_сарафаны___Сарафаны] ImgMaskSet: 
Size: 30 
Real size: 55 
Device: cuda 

[2023-06-04 04:52:22,648][tools.dataset_tools][INFO] - Created [train][kenguru_Брюки___Классические] ImgMaskSet: 
Size: 22 
Real size: 22 
Device: cuda 

[2023-06-04 04:52:22,648][tools.dataset_tools][INFO] - Created [train][puma_Украшения___Комплекты] ImgMaskSet: 
Size: 30 
Real size: 37 
Device: cuda 

[2023-06-04 04:52:22,648][tools.dataset_tools][INFO] - Created [train][puma_Толстовки_олимпийки_худи_лонгсливы___Олимпийки] ImgMaskSet: 
Size: 30 
Real size: 147 
Device: cuda 

[2023-06-04 04:52:22,648][tools.dataset_tools][INFO] - Created [train][puma_Толстовки_олимпийки_худи_лонгсливы___Худи] ImgMaskSet: 
Size: 19 
Real size: 19 
Device: cuda 

[2023-06-04 04:52:22,649][tools.dataset_tools][INFO] - Created [train][puma_Головные уборы___Шапки] ImgMaskSet: 
Size: 30 
Real size: 167 
Device: cuda 

[2023-06-04 04:52:22,649][tools.dataset_tools][INFO] - Created [train][kenguru_Верхняя одежда___Жилеты (верхняя одежда)] ImgMaskSet: 
Size: 30 
Real size: 59 
Device: cuda 

[2023-06-04 04:52:22,649][tools.dataset_tools][INFO] - Created [train][kenguru_Спортивная одежда___Спортивные брюки] ImgMaskSet: 
Size: 30 
Real size: 456 
Device: cuda 

[2023-06-04 04:52:22,649][tools.dataset_tools][INFO] - Created [train][kenguru_Брюки___Леггинсы] ImgMaskSet: 
Size: 30 
Real size: 142 
Device: cuda 

[2023-06-04 04:52:22,649][tools.dataset_tools][INFO] - Created [train][puma_Верхняя одежда___Куртки] ImgMaskSet: 
Size: 30 
Real size: 133 
Device: cuda 

[2023-06-04 04:52:22,649][tools.dataset_tools][INFO] - Created [train][kenguru_Джемперы_свитеры_кардиганы_кофты___Кардиганы] ImgMaskSet: 
Size: 30 
Real size: 54 
Device: cuda 

[2023-06-04 04:52:22,649][tools.dataset_tools][INFO] - Created [train][puma_Толстовки_олимпийки_худи_лонгсливы___Лонгсливы] ImgMaskSet: 
Size: 30 
Real size: 47 
Device: cuda 

[2023-06-04 04:52:22,649][tools.dataset_tools][INFO] - Created [train][puma_Верхняя одежда___Ветровки] ImgMaskSet: 
Size: 30 
Real size: 41 
Device: cuda 

[2023-06-04 04:52:22,649][tools.dataset_tools][INFO] - Created [train][kenguru_Шорты_бриджи] ImgMaskSet: 
Size: 19 
Real size: 19 
Device: cuda 

[2023-06-04 04:52:22,649][tools.dataset_tools][INFO] - Created [train][kenguru_Блузки_рубашки___Блузки] ImgMaskSet: 
Size: 30 
Real size: 35 
Device: cuda 

[2023-06-04 04:52:22,649][tools.dataset_tools][INFO] - Created [train][kenguru_Верхняя одежда___Куртки] ImgMaskSet: 
Size: 30 
Real size: 265 
Device: cuda 

[2023-06-04 04:52:22,649][tools.dataset_tools][INFO] - Created [train][kenguru_Перчатки и варежки] ImgMaskSet: 
Size: 30 
Real size: 215 
Device: cuda 

[2023-06-04 04:52:22,649][tools.dataset_tools][INFO] - Created [train][kenguru_Другое] ImgMaskSet: 
Size: 30 
Real size: 56 
Device: cuda 

[2023-06-04 04:52:22,649][tools.dataset_tools][INFO] - Created [train][kenguru_Обувь___Сапоги] ImgMaskSet: 
Size: 30 
Real size: 108 
Device: cuda 

[2023-06-04 04:52:22,649][tools.dataset_tools][INFO] - Created [train][kenguru_Шорты_бриджи___Шорты] ImgMaskSet: 
Size: 30 
Real size: 248 
Device: cuda 

[2023-06-04 04:52:22,649][tools.dataset_tools][INFO] - Created [train][puma_Футболки_майки_поло_топы___Поло] ImgMaskSet: 
Size: 30 
Real size: 55 
Device: cuda 

[2023-06-04 04:52:22,649][tools.dataset_tools][INFO] - Created [train][kenguru_Верхняя одежда___Пальто] ImgMaskSet: 
Size: 30 
Real size: 42 
Device: cuda 

[2023-06-04 04:52:22,649][tools.dataset_tools][INFO] - Created [train][kenguru_Джемперы_свитеры_кардиганы_кофты___Водолазки] ImgMaskSet: 
Size: 30 
Real size: 110 
Device: cuda 

[2023-06-04 04:52:22,649][tools.dataset_tools][INFO] - Created [train][kenguru_Домашняя одежда и бельё___Носки] ImgMaskSet: 
Size: 30 
Real size: 768 
Device: cuda 

[2023-06-04 04:52:22,649][tools.dataset_tools][INFO] - Created [train][kenguru_Шорты_бриджи___Джинсовые шорты] ImgMaskSet: 
Size: 30 
Real size: 38 
Device: cuda 

[2023-06-04 04:52:22,649][tools.dataset_tools][INFO] - Created [train][kenguru_Обувь___Туфли] ImgMaskSet: 
Size: 30 
Real size: 88 
Device: cuda 

[2023-06-04 04:52:22,649][tools.dataset_tools][INFO] - Created [train][puma_Толстовки_олимпийки_худи_лонгсливы___Толстовки] ImgMaskSet: 
Size: 30 
Real size: 957 
Device: cuda 

[2023-06-04 04:52:22,649][tools.dataset_tools][INFO] - Created [train][kenguru_Сумки_рюкзаки и чемоданы___Рюкзаки] ImgMaskSet: 
Size: 30 
Real size: 58 
Device: cuda 

[2023-06-04 04:52:22,649][tools.dataset_tools][INFO] - Created [train][puma_Обувь___Кеды] ImgMaskSet: 
Size: 30 
Real size: 351 
Device: cuda 

[2023-06-04 04:52:22,649][tools.dataset_tools][INFO] - Created [train][kenguru_Обувь___Ботинки] ImgMaskSet: 
Size: 30 
Real size: 91 
Device: cuda 

[2023-06-04 04:52:22,649][tools.dataset_tools][INFO] - Created [train][puma_Футболки_майки_поло_топы___Майки] ImgMaskSet: 
Size: 30 
Real size: 53 
Device: cuda 

[2023-06-04 04:52:22,649][tools.dataset_tools][INFO] - Created [train][kenguru_Верхняя одежда___Джинсовые куртки] ImgMaskSet: 
Size: 30 
Real size: 47 
Device: cuda 

[2023-06-04 04:52:22,649][tools.dataset_tools][INFO] - Created [train][puma_Платья_сарафаны] ImgMaskSet: 
Size: 30 
Real size: 48 
Device: cuda 

[2023-06-04 04:52:22,649][tools.dataset_tools][INFO] - Created [train][kenguru_Футболки_майки_поло_топы___Футболки] ImgMaskSet: 
Size: 30 
Real size: 871 
Device: cuda 

[2023-06-04 04:52:22,649][tools.dataset_tools][INFO] - Created [train][puma_Пляжная одежда___Плавки] ImgMaskSet: 
Size: 30 
Real size: 67 
Device: cuda 

[2023-06-04 04:52:22,649][tools.dataset_tools][INFO] - Created [train][puma_Пляжная одежда] ImgMaskSet: 
Size: 23 
Real size: 23 
Device: cuda 

[2023-06-04 04:52:22,649][tools.dataset_tools][INFO] - Created [train][puma_Юбки] ImgMaskSet: 
Size: 24 
Real size: 24 
Device: cuda 

[2023-06-04 04:52:22,649][tools.dataset_tools][INFO] - Created [train][kenguru_Брюки___Спортивные брюки casual] ImgMaskSet: 
Size: 30 
Real size: 39 
Device: cuda 

[2023-06-04 04:52:22,649][tools.dataset_tools][INFO] - Created [train][kenguru_Обувь___Сандалии] ImgMaskSet: 
Size: 30 
Real size: 101 
Device: cuda 

[2023-06-04 04:52:22,649][tools.dataset_tools][INFO] - Created [train][kenguru_Брюки___Джоггеры] ImgMaskSet: 
Size: 24 
Real size: 24 
Device: cuda 

[2023-06-04 04:52:22,649][tools.dataset_tools][INFO] - Created [train][puma_Брюки] ImgMaskSet: 
Size: 30 
Real size: 705 
Device: cuda 

[2023-06-04 04:52:22,649][tools.dataset_tools][INFO] - Created [train][puma_Аксессуары] ImgMaskSet: 
Size: 30 
Real size: 44 
Device: cuda 

[2023-06-04 04:52:22,650][tools.dataset_tools][INFO] - Created [train][kenguru_Костюмы_пиджаки___Жилеты] ImgMaskSet: 
Size: 30 
Real size: 31 
Device: cuda 

[2023-06-04 04:52:22,650][tools.dataset_tools][INFO] - Created [train][puma_Спортивная одежда___Костюмы] ImgMaskSet: 
Size: 30 
Real size: 41 
Device: cuda 

[2023-06-04 04:52:22,650][tools.dataset_tools][INFO] - Created [train][kenguru_Украшения___Браслеты] ImgMaskSet: 
Size: 30 
Real size: 48 
Device: cuda 

[2023-06-04 04:52:22,650][tools.dataset_tools][INFO] - Created [train][puma_Сумки_рюкзаки и чемоданы___Рюкзаки] ImgMaskSet: 
Size: 30 
Real size: 169 
Device: cuda 

[2023-06-04 04:52:22,650][tools.dataset_tools][INFO] - Created [train][puma_Сумки_рюкзаки и чемоданы___Поясные сумки] ImgMaskSet: 
Size: 21 
Real size: 21 
Device: cuda 

[2023-06-04 04:52:22,650][tools.dataset_tools][INFO] - Created [train][kenguru_Джемперы_свитеры_кардиганы_кофты] ImgMaskSet: 
Size: 30 
Real size: 62 
Device: cuda 

[2023-06-04 04:52:22,650][tools.dataset_tools][INFO] - Created [train][kenguru_Школьная одежда___Рюкзаки_ранцы_сумки] ImgMaskSet: 
Size: 30 
Real size: 43 
Device: cuda 

[2023-06-04 04:52:22,650][tools.dataset_tools][INFO] - Created [train][kenguru_Аксессуары___Для волос] ImgMaskSet: 
Size: 30 
Real size: 664 
Device: cuda 

[2023-06-04 04:52:22,650][tools.dataset_tools][INFO] - Created [train][kenguru_Обувь___Кроссовки] ImgMaskSet: 
Size: 30 
Real size: 206 
Device: cuda 

[2023-06-04 04:52:22,650][tools.dataset_tools][INFO] - Created [train][kenguru_Джинсы___Клеш] ImgMaskSet: 
Size: 19 
Real size: 19 
Device: cuda 

[2023-06-04 04:52:22,650][tools.dataset_tools][INFO] - Created [train][puma_Сумки_рюкзаки и чемоданы] ImgMaskSet: 
Size: 30 
Real size: 155 
Device: cuda 

[2023-06-04 04:52:22,650][tools.dataset_tools][INFO] - Created [train][kenguru_Толстовки_олимпийки_худи_лонгсливы___Толстовки] ImgMaskSet: 
Size: 30 
Real size: 328 
Device: cuda 

[2023-06-04 04:52:22,650][tools.dataset_tools][INFO] - Created [train][puma_Спортивная одежда___Спортивные брюки] ImgMaskSet: 
Size: 30 
Real size: 30 
Device: cuda 

[2023-06-04 04:52:22,650][tools.dataset_tools][INFO] - Created [train][puma_Обувь___Шлепанцы] ImgMaskSet: 
Size: 30 
Real size: 62 
Device: cuda 

[2023-06-04 04:52:22,650][tools.dataset_tools][INFO] - Created [train][puma_Блузки_рубашки___Рубашки] ImgMaskSet: 
Size: 30 
Real size: 33 
Device: cuda 

[2023-06-04 04:52:22,650][tools.dataset_tools][INFO] - Created [train][kenguru_Футболки_майки_поло_топы___Майки] ImgMaskSet: 
Size: 21 
Real size: 21 
Device: cuda 

[2023-06-04 04:52:22,650][tools.dataset_tools][INFO] - Created [train][kenguru_Блузки_рубашки] ImgMaskSet: 
Size: 24 
Real size: 24 
Device: cuda 

[2023-06-04 04:52:22,650][tools.dataset_tools][INFO] - Created [train][kenguru_Обувь___Шлепанцы] ImgMaskSet: 
Size: 18 
Real size: 18 
Device: cuda 

[2023-06-04 04:52:22,650][tools.dataset_tools][INFO] - Created [train][kenguru_Обувь___Резиновые сапоги] ImgMaskSet: 
Size: 24 
Real size: 24 
Device: cuda 

[2023-06-04 04:52:22,650][tools.dataset_tools][INFO] - Created [train][kenguru_Брюки___Бермуды] ImgMaskSet: 
Size: 30 
Real size: 140 
Device: cuda 

[2023-06-04 04:52:22,650][tools.dataset_tools][INFO] - Created [train][kenguru_Брюки] ImgMaskSet: 
Size: 30 
Real size: 352 
Device: cuda 

[2023-06-04 04:52:22,650][tools.dataset_tools][INFO] - Created [train][kenguru_Обувь___Кеды] ImgMaskSet: 
Size: 30 
Real size: 209 
Device: cuda 

[2023-06-04 04:52:22,650][tools.dataset_tools][INFO] - Created [train][kenguru_Костюмы_пиджаки] ImgMaskSet: 
Size: 30 
Real size: 53 
Device: cuda 

[2023-06-04 04:52:22,650][tools.dataset_tools][INFO] - Created [train][kenguru_Очки] ImgMaskSet: 
Size: 25 
Real size: 25 
Device: cuda 

[2023-06-04 04:52:22,650][tools.dataset_tools][INFO] - Created [train][kenguru_Футболки_майки_поло_топы___Боди] ImgMaskSet: 
Size: 30 
Real size: 118 
Device: cuda 

[2023-06-04 04:52:22,650][tools.dataset_tools][INFO] - Created [train][kenguru_Школьная одежда___Блузы_рубашки] ImgMaskSet: 
Size: 30 
Real size: 40 
Device: cuda 

[2023-06-04 04:52:22,650][tools.dataset_tools][INFO] - Created train MultiImgMaskSet: 
Size: 3320 
Real size: 20246 
Device: cuda 

[2023-06-04 04:52:22,650][tools.dataset_tools][INFO] - Created [test][kenguru_Школьная одежда___Водолазки] ImgMaskSet: 
Size: 8 
Real size: 8 
Device: cuda 

[2023-06-04 04:52:22,650][tools.dataset_tools][INFO] - Created [test][kenguru_Школьная одежда___Платья_сарафаны] ImgMaskSet: 
Size: 22 
Real size: 22 
Device: cuda 

[2023-06-04 04:52:22,650][tools.dataset_tools][INFO] - Created [test][kenguru_Брюки___Бананы] ImgMaskSet: 
Size: 2 
Real size: 2 
Device: cuda 

[2023-06-04 04:52:22,650][tools.dataset_tools][INFO] - Created [test][kenguru_Спортивная одежда___Леггинсы] ImgMaskSet: 
Size: 1 
Real size: 1 
Device: cuda 

[2023-06-04 04:52:22,651][tools.dataset_tools][INFO] - Created [test][puma_Сумки_рюкзаки и чемоданы___Мягкая сумка дафл (duffle bag)] ImgMaskSet: 
Size: 2 
Real size: 2 
Device: cuda 

[2023-06-04 04:52:22,651][tools.dataset_tools][INFO] - Created [test][kenguru_Футболки_майки_поло_топы] ImgMaskSet: 
Size: 11 
Real size: 11 
Device: cuda 

[2023-06-04 04:52:22,651][tools.dataset_tools][INFO] - Created [test][kenguru_Костюмы_пиджаки___Костюмы] ImgMaskSet: 
Size: 12 
Real size: 12 
Device: cuda 

[2023-06-04 04:52:22,651][tools.dataset_tools][INFO] - Created [test][kenguru_Домашняя одежда и бельё___Пижамы] ImgMaskSet: 
Size: 1 
Real size: 1 
Device: cuda 

[2023-06-04 04:52:22,651][tools.dataset_tools][INFO] - Created [test][kenguru_Брюки___Кожаные] ImgMaskSet: 
Size: 2 
Real size: 2 
Device: cuda 

[2023-06-04 04:52:22,651][tools.dataset_tools][INFO] - Created [test][kenguru_Обувь___Мокасины] ImgMaskSet: 
Size: 8 
Real size: 8 
Device: cuda 

[2023-06-04 04:52:22,651][tools.dataset_tools][INFO] - Created [test][puma_Верхняя одежда___Жилеты (верхняя одежда)] ImgMaskSet: 
Size: 11 
Real size: 11 
Device: cuda 

[2023-06-04 04:52:22,651][tools.dataset_tools][INFO] - Created [test][puma_Верхняя одежда___Бомберы] ImgMaskSet: 
Size: 18 
Real size: 18 
Device: cuda 

[2023-06-04 04:52:22,651][tools.dataset_tools][INFO] - Created [test][puma_Шорты_бриджи] ImgMaskSet: 
Size: 6 
Real size: 6 
Device: cuda 

[2023-06-04 04:52:22,651][tools.dataset_tools][INFO] - Created [test][kenguru_Пляжная одежда] ImgMaskSet: 
Size: 11 
Real size: 11 
Device: cuda 

[2023-06-04 04:52:22,651][tools.dataset_tools][INFO] - Created [test][puma_Сумки_рюкзаки и чемоданы___Кроссбоди сумка] ImgMaskSet: 
Size: 9 
Real size: 9 
Device: cuda 

[2023-06-04 04:52:22,651][tools.dataset_tools][INFO] - Created [test][kenguru_Головные уборы___Кепки] ImgMaskSet: 
Size: 13 
Real size: 13 
Device: cuda 

[2023-06-04 04:52:22,651][tools.dataset_tools][INFO] - Created [test][puma_Верхняя одежда___Пальто] ImgMaskSet: 
Size: 6 
Real size: 6 
Device: cuda 

[2023-06-04 04:52:22,651][tools.dataset_tools][INFO] - Created [test][kenguru_Блузки_рубашки___Джинсовые рубашки] ImgMaskSet: 
Size: 11 
Real size: 11 
Device: cuda 

[2023-06-04 04:52:22,651][tools.dataset_tools][INFO] - Created [test][kenguru_Головные уборы___Береты] ImgMaskSet: 
Size: 8 
Real size: 8 
Device: cuda 

[2023-06-04 04:52:22,651][tools.dataset_tools][INFO] - Created [test][kenguru_Юбки___Ассиметричная] ImgMaskSet: 
Size: 1 
Real size: 1 
Device: cuda 

[2023-06-04 04:52:22,651][tools.dataset_tools][INFO] - Created [test][kenguru_Верхняя одежда___Дубленки] ImgMaskSet: 
Size: 2 
Real size: 2 
Device: cuda 

[2023-06-04 04:52:22,651][tools.dataset_tools][INFO] - Created [test][puma_Головные уборы] ImgMaskSet: 
Size: 5 
Real size: 5 
Device: cuda 

[2023-06-04 04:52:22,651][tools.dataset_tools][INFO] - Created [test][kenguru_Брюки___Прямые] ImgMaskSet: 
Size: 10 
Real size: 10 
Device: cuda 

[2023-06-04 04:52:22,651][tools.dataset_tools][INFO] - Created [test][kenguru_Юбки___Миди] ImgMaskSet: 
Size: 2 
Real size: 2 
Device: cuda 

[2023-06-04 04:52:22,651][tools.dataset_tools][INFO] - Created [test][kenguru_Разное] ImgMaskSet: 
Size: 1 
Real size: 1 
Device: cuda 

[2023-06-04 04:52:22,651][tools.dataset_tools][INFO] - Created [test][kenguru_Школьная одежда___Костюмы] ImgMaskSet: 
Size: 5 
Real size: 5 
Device: cuda 

[2023-06-04 04:52:22,651][tools.dataset_tools][INFO] - Created [test][kenguru_Платья_сарафаны___Туники] ImgMaskSet: 
Size: 1 
Real size: 1 
Device: cuda 

[2023-06-04 04:52:22,651][tools.dataset_tools][INFO] - Created [test][kenguru_Домашняя одежда и бельё___Гольфы] ImgMaskSet: 
Size: 15 
Real size: 15 
Device: cuda 

[2023-06-04 04:52:22,651][tools.dataset_tools][INFO] - Created [test][kenguru_Школьная одежда___Кофты_кардиганы_джемперы] ImgMaskSet: 
Size: 10 
Real size: 10 
Device: cuda 

[2023-06-04 04:52:22,651][tools.dataset_tools][INFO] - Created [test][kenguru_Платья_сарафаны___Мини] ImgMaskSet: 
Size: 13 
Real size: 13 
Device: cuda 

[2023-06-04 04:52:22,651][tools.dataset_tools][INFO] - Created [test][kenguru_Юбки___Пачка] ImgMaskSet: 
Size: 2 
Real size: 2 
Device: cuda 

[2023-06-04 04:52:22,651][tools.dataset_tools][INFO] - Created [test][kenguru_Юбки___Карандаш] ImgMaskSet: 
Size: 5 
Real size: 5 
Device: cuda 

[2023-06-04 04:52:22,651][tools.dataset_tools][INFO] - Created [test][puma_Головные уборы___Панамы] ImgMaskSet: 
Size: 10 
Real size: 10 
Device: cuda 

[2023-06-04 04:52:22,651][tools.dataset_tools][INFO] - Created [test][kenguru_Джинсы___Широкие] ImgMaskSet: 
Size: 10 
Real size: 10 
Device: cuda 

[2023-06-04 04:52:22,651][tools.dataset_tools][INFO] - Created [test][puma_Платки_шарфы_шали___Шарфы] ImgMaskSet: 
Size: 5 
Real size: 5 
Device: cuda 

[2023-06-04 04:52:22,651][tools.dataset_tools][INFO] - Created [test][kenguru_Спортивная одежда] ImgMaskSet: 
Size: 2 
Real size: 2 
Device: cuda 

[2023-06-04 04:52:22,651][tools.dataset_tools][INFO] - Created [test][puma_Обувь___Сандалии] ImgMaskSet: 
Size: 1 
Real size: 1 
Device: cuda 

[2023-06-04 04:52:22,651][tools.dataset_tools][INFO] - Created [test][puma_Кошельки] ImgMaskSet: 
Size: 5 
Real size: 5 
Device: cuda 

[2023-06-04 04:52:22,651][tools.dataset_tools][INFO] - Created [test][puma_Домашняя одежда и бельё___Гольфы] ImgMaskSet: 
Size: 4 
Real size: 4 
Device: cuda 

[2023-06-04 04:52:22,651][tools.dataset_tools][INFO] - Created [test][kenguru_Обувь___Лоферы] ImgMaskSet: 
Size: 19 
Real size: 19 
Device: cuda 

[2023-06-04 04:52:22,651][tools.dataset_tools][INFO] - Created [test][puma_Верхняя одежда___Парки] ImgMaskSet: 
Size: 2 
Real size: 2 
Device: cuda 

[2023-06-04 04:52:22,651][tools.dataset_tools][INFO] - Created [test][kenguru_Сумки_рюкзаки и чемоданы] ImgMaskSet: 
Size: 1 
Real size: 1 
Device: cuda 

[2023-06-04 04:52:22,651][tools.dataset_tools][INFO] - Created [test][puma_Джемперы_свитеры_кардиганы_кофты___Кардиганы] ImgMaskSet: 
Size: 1 
Real size: 1 
Device: cuda 

[2023-06-04 04:52:22,651][tools.dataset_tools][INFO] - Created [test][kenguru_Украшения___Комплекты] ImgMaskSet: 
Size: 1 
Real size: 1 
Device: cuda 

[2023-06-04 04:52:22,651][tools.dataset_tools][INFO] - Created [test][kenguru_Школьная одежда___Толстовки] ImgMaskSet: 
Size: 8 
Real size: 8 
Device: cuda 

[2023-06-04 04:52:22,651][tools.dataset_tools][INFO] - Created [test][kenguru_Верхняя одежда___Плащи] ImgMaskSet: 
Size: 24 
Real size: 24 
Device: cuda 

[2023-06-04 04:52:22,652][tools.dataset_tools][INFO] - Created [test][kenguru_Пляжная одежда___Раздельные купальники] ImgMaskSet: 
Size: 4 
Real size: 4 
Device: cuda 

[2023-06-04 04:52:22,652][tools.dataset_tools][INFO] - Created [test][kenguru_Джемперы_свитеры_кардиганы_кофты___Свитеры] ImgMaskSet: 
Size: 20 
Real size: 20 
Device: cuda 

[2023-06-04 04:52:22,652][tools.dataset_tools][INFO] - Created [test][kenguru_Платки_шарфы_шали___Платки] ImgMaskSet: 
Size: 4 
Real size: 4 
Device: cuda 

[2023-06-04 04:52:22,652][tools.dataset_tools][INFO] - Created [test][kenguru_Школьная одежда___Жилеты] ImgMaskSet: 
Size: 8 
Real size: 8 
Device: cuda 

[2023-06-04 04:52:22,652][tools.dataset_tools][INFO] - Created [test][kenguru_Школьная одежда___Пиджаки_жакеты] ImgMaskSet: 
Size: 15 
Real size: 15 
Device: cuda 

[2023-06-04 04:52:22,652][tools.dataset_tools][INFO] - Created [test][kenguru_Толстовки_олимпийки_худи_лонгсливы___Лонгсливы] ImgMaskSet: 
Size: 2 
Real size: 2 
Device: cuda 

[2023-06-04 04:52:22,652][tools.dataset_tools][INFO] - Created [test][kenguru_Школьная одежда___Юбки] ImgMaskSet: 
Size: 19 
Real size: 19 
Device: cuda 

[2023-06-04 04:52:22,652][tools.dataset_tools][INFO] - Created [test][kenguru_Украшения___Ожерелья] ImgMaskSet: 
Size: 1 
Real size: 1 
Device: cuda 

[2023-06-04 04:52:22,652][tools.dataset_tools][INFO] - Created [test][kenguru_Украшения___Серьги] ImgMaskSet: 
Size: 19 
Real size: 19 
Device: cuda 

[2023-06-04 04:52:22,652][tools.dataset_tools][INFO] - Created [test][puma_Комбинезоны] ImgMaskSet: 
Size: 5 
Real size: 5 
Device: cuda 

[2023-06-04 04:52:22,652][tools.dataset_tools][INFO] - Created [test][kenguru_Платья_сарафаны___Миди] ImgMaskSet: 
Size: 4 
Real size: 4 
Device: cuda 

[2023-06-04 04:52:22,652][tools.dataset_tools][INFO] - Created [test][kenguru_Обувь___Балетки] ImgMaskSet: 
Size: 10 
Real size: 10 
Device: cuda 

[2023-06-04 04:52:22,652][tools.dataset_tools][INFO] - Created [test][puma_Футболки_майки_поло_топы___Боди] ImgMaskSet: 
Size: 5 
Real size: 5 
Device: cuda 

[2023-06-04 04:52:22,652][tools.dataset_tools][INFO] - Created [test][kenguru_Толстовки_олимпийки_худи_лонгсливы___Худи] ImgMaskSet: 
Size: 9 
Real size: 9 
Device: cuda 

[2023-06-04 04:52:22,652][tools.dataset_tools][INFO] - Created [test][kenguru_Головные уборы___Шляпы] ImgMaskSet: 
Size: 24 
Real size: 24 
Device: cuda 

[2023-06-04 04:52:22,652][tools.dataset_tools][INFO] - Created [test][puma_Домашняя одежда и бельё___Халаты] ImgMaskSet: 
Size: 1 
Real size: 1 
Device: cuda 

[2023-06-04 04:52:22,652][tools.dataset_tools][INFO] - Created [test][kenguru_Джинсы___Прямые] ImgMaskSet: 
Size: 10 
Real size: 10 
Device: cuda 

[2023-06-04 04:52:22,652][tools.dataset_tools][INFO] - Created [test][kenguru_Юбки___Макси] ImgMaskSet: 
Size: 1 
Real size: 1 
Device: cuda 

[2023-06-04 04:52:22,652][tools.dataset_tools][INFO] - Created [test][puma_Костюмы_пиджаки___Жилеты] ImgMaskSet: 
Size: 7 
Real size: 7 
Device: cuda 

[2023-06-04 04:52:22,652][tools.dataset_tools][INFO] - Created [test][puma_Верхняя одежда] ImgMaskSet: 
Size: 4 
Real size: 4 
Device: cuda 

[2023-06-04 04:52:22,652][tools.dataset_tools][INFO] - Created [test][puma_Обувь___Слипоны] ImgMaskSet: 
Size: 2 
Real size: 2 
Device: cuda 

[2023-06-04 04:52:22,652][tools.dataset_tools][INFO] - Created [test][kenguru_Школьная одежда___Галстуки_бабочки] ImgMaskSet: 
Size: 9 
Real size: 9 
Device: cuda 

[2023-06-04 04:52:22,652][tools.dataset_tools][INFO] - Created [test][kenguru_Платья_сарафаны___Макси] ImgMaskSet: 
Size: 6 
Real size: 6 
Device: cuda 

[2023-06-04 04:52:22,652][tools.dataset_tools][INFO] - Created [test][kenguru_Юбки___Трапеция] ImgMaskSet: 
Size: 1 
Real size: 1 
Device: cuda 

[2023-06-04 04:52:22,652][tools.dataset_tools][INFO] - Created [test][puma_Аксессуары___Для волос] ImgMaskSet: 
Size: 15 
Real size: 15 
Device: cuda 

[2023-06-04 04:52:22,652][tools.dataset_tools][INFO] - Created [test][kenguru_Платья_сарафаны___Шелковые] ImgMaskSet: 
Size: 17 
Real size: 17 
Device: cuda 

[2023-06-04 04:52:22,652][tools.dataset_tools][INFO] - Created [test][kenguru_Юбки___Юбка-шорты] ImgMaskSet: 
Size: 5 
Real size: 5 
Device: cuda 

[2023-06-04 04:52:22,652][tools.dataset_tools][INFO] - Created [test][puma_Пляжная одежда___Раздельные купальники] ImgMaskSet: 
Size: 12 
Real size: 12 
Device: cuda 

[2023-06-04 04:52:22,652][tools.dataset_tools][INFO] - Created [test][kenguru_Пляжная одежда___Слитные купальники] ImgMaskSet: 
Size: 15 
Real size: 15 
Device: cuda 

[2023-06-04 04:52:22,652][tools.dataset_tools][INFO] - Created [test][kenguru_Школьная одежда___Фартуки] ImgMaskSet: 
Size: 5 
Real size: 5 
Device: cuda 

[2023-06-04 04:52:22,652][tools.dataset_tools][INFO] - Created [test][kenguru_Юбки___Плиссе] ImgMaskSet: 
Size: 19 
Real size: 19 
Device: cuda 

[2023-06-04 04:52:22,652][tools.dataset_tools][INFO] - Created [test][kenguru_Юбки___Тюльпан] ImgMaskSet: 
Size: 1 
Real size: 1 
Device: cuda 

[2023-06-04 04:52:22,652][tools.dataset_tools][INFO] - Created [test][kenguru_Брюки___Кюлоты] ImgMaskSet: 
Size: 4 
Real size: 4 
Device: cuda 

[2023-06-04 04:52:22,652][tools.dataset_tools][INFO] - Created [test][kenguru_Джинсы___Зауженные] ImgMaskSet: 
Size: 13 
Real size: 13 
Device: cuda 

[2023-06-04 04:52:22,652][tools.dataset_tools][INFO] - Created [test][puma_Джемперы_свитеры_кардиганы_кофты___Свитеры] ImgMaskSet: 
Size: 1 
Real size: 1 
Device: cuda 

[2023-06-04 04:52:22,652][tools.dataset_tools][INFO] - Created [test][puma_Сумки_рюкзаки и чемоданы___Тоут] ImgMaskSet: 
Size: 3 
Real size: 3 
Device: cuda 

[2023-06-04 04:52:22,652][tools.dataset_tools][INFO] - Created [test][kenguru_Брюки___Карго] ImgMaskSet: 
Size: 19 
Real size: 19 
Device: cuda 

[2023-06-04 04:52:22,653][tools.dataset_tools][INFO] - Created [test][puma_Юбки___Миди] ImgMaskSet: 
Size: 2 
Real size: 2 
Device: cuda 

[2023-06-04 04:52:22,653][tools.dataset_tools][INFO] - Created [test][kenguru_Юбки___Солнце] ImgMaskSet: 
Size: 1 
Real size: 1 
Device: cuda 

[2023-06-04 04:52:22,653][tools.dataset_tools][INFO] - Created [test][kenguru_Брюки___Клеш] ImgMaskSet: 
Size: 9 
Real size: 9 
Device: cuda 

[2023-06-04 04:52:22,653][tools.dataset_tools][INFO] - Created [test][kenguru_Школьная одежда___Шорты] ImgMaskSet: 
Size: 3 
Real size: 3 
Device: cuda 

[2023-06-04 04:52:22,653][tools.dataset_tools][INFO] - Created [test][puma_Обувь___Ботинки] ImgMaskSet: 
Size: 22 
Real size: 22 
Device: cuda 

[2023-06-04 04:52:22,653][tools.dataset_tools][INFO] - Created [test][kenguru_Обувь___Слипоны] ImgMaskSet: 
Size: 2 
Real size: 2 
Device: cuda 

[2023-06-04 04:52:22,653][tools.dataset_tools][INFO] - Created [test][puma_Футболки_майки_поло_топы] ImgMaskSet: 
Size: 22 
Real size: 22 
Device: cuda 

[2023-06-04 04:52:22,653][tools.dataset_tools][INFO] - Created [test][kenguru_Верхняя одежда___Парки] ImgMaskSet: 
Size: 9 
Real size: 9 
Device: cuda 

[2023-06-04 04:52:22,653][tools.dataset_tools][INFO] - Created [test][kenguru_Обувь___Эспадрильи] ImgMaskSet: 
Size: 2 
Real size: 2 
Device: cuda 

[2023-06-04 04:52:22,653][tools.dataset_tools][INFO] - Created [test][kenguru_Брюки___Укороченные] ImgMaskSet: 
Size: 2 
Real size: 2 
Device: cuda 

[2023-06-04 04:52:22,653][tools.dataset_tools][INFO] - Created [test][kenguru_Брюки___Широкие] ImgMaskSet: 
Size: 7 
Real size: 7 
Device: cuda 

[2023-06-04 04:52:22,653][tools.dataset_tools][INFO] - Created [test][puma_Сумки_рюкзаки и чемоданы___Мессенджер] ImgMaskSet: 
Size: 2 
Real size: 2 
Device: cuda 

[2023-06-04 04:52:22,653][tools.dataset_tools][INFO] - Created [test][kenguru_Футболки_майки_поло_топы___Топы] ImgMaskSet: 
Size: 51 
Real size: 51 
Device: cuda 

[2023-06-04 04:52:22,653][tools.dataset_tools][INFO] - Created [test][kenguru_Ремни] ImgMaskSet: 
Size: 15 
Real size: 15 
Device: cuda 

[2023-06-04 04:52:22,653][tools.dataset_tools][INFO] - Created [test][kenguru_Украшения___Подвески и кулоны] ImgMaskSet: 
Size: 8 
Real size: 8 
Device: cuda 

[2023-06-04 04:52:22,653][tools.dataset_tools][INFO] - Created [test][kenguru_Головные уборы___Панамы] ImgMaskSet: 
Size: 65 
Real size: 65 
Device: cuda 

[2023-06-04 04:52:22,653][tools.dataset_tools][INFO] - Created [test][kenguru_Юбки] ImgMaskSet: 
Size: 53 
Real size: 53 
Device: cuda 

[2023-06-04 04:52:22,653][tools.dataset_tools][INFO] - Created [test][kenguru_Джемперы_свитеры_кардиганы_кофты___Джемперы] ImgMaskSet: 
Size: 51 
Real size: 51 
Device: cuda 

[2023-06-04 04:52:22,653][tools.dataset_tools][INFO] - Created [test][kenguru_Платья_сарафаны] ImgMaskSet: 
Size: 100 
Real size: 100 
Device: cuda 

[2023-06-04 04:52:22,653][tools.dataset_tools][INFO] - Created [test][kenguru_Школьная одежда___Брюки] ImgMaskSet: 
Size: 10 
Real size: 10 
Device: cuda 

[2023-06-04 04:52:22,653][tools.dataset_tools][INFO] - Created [test][kenguru_Верхняя одежда___Пуховики] ImgMaskSet: 
Size: 56 
Real size: 56 
Device: cuda 

[2023-06-04 04:52:22,653][tools.dataset_tools][INFO] - Created [test][kenguru_Сумки_рюкзаки и чемоданы___Сумки через плечо] ImgMaskSet: 
Size: 38 
Real size: 38 
Device: cuda 

[2023-06-04 04:52:22,653][tools.dataset_tools][INFO] - Created [test][kenguru_Домашняя одежда и бельё___Колготки] ImgMaskSet: 
Size: 83 
Real size: 83 
Device: cuda 

[2023-06-04 04:52:22,653][tools.dataset_tools][INFO] - Created [test][kenguru_Верхняя одежда___Шубы] ImgMaskSet: 
Size: 8 
Real size: 8 
Device: cuda 

[2023-06-04 04:52:22,653][tools.dataset_tools][INFO] - Created [test][puma_Обувь___Бутсы] ImgMaskSet: 
Size: 42 
Real size: 42 
Device: cuda 

[2023-06-04 04:52:22,653][tools.dataset_tools][INFO] - Created [test][kenguru_Обувь] ImgMaskSet: 
Size: 22 
Real size: 22 
Device: cuda 

[2023-06-04 04:52:22,653][tools.dataset_tools][INFO] - Created [test][puma_Домашняя одежда и бельё___Носки] ImgMaskSet: 
Size: 100 
Real size: 100 
Device: cuda 

[2023-06-04 04:52:22,653][tools.dataset_tools][INFO] - Created [test][puma_Нижнее бельё] ImgMaskSet: 
Size: 83 
Real size: 83 
Device: cuda 

[2023-06-04 04:52:22,653][tools.dataset_tools][INFO] - Created [test][kenguru_Спортивная одежда___Костюмы] ImgMaskSet: 
Size: 32 
Real size: 32 
Device: cuda 

[2023-06-04 04:52:22,653][tools.dataset_tools][INFO] - Created [test][kenguru_Джемперы_свитеры_кардиганы_кофты___Кофты] ImgMaskSet: 
Size: 12 
Real size: 12 
Device: cuda 

[2023-06-04 04:52:22,653][tools.dataset_tools][INFO] - Created [test][kenguru_Обувь___Босоножки] ImgMaskSet: 
Size: 48 
Real size: 48 
Device: cuda 

[2023-06-04 04:52:22,653][tools.dataset_tools][INFO] - Created [test][kenguru_Футболки_майки_поло_топы___Поло] ImgMaskSet: 
Size: 17 
Real size: 17 
Device: cuda 

[2023-06-04 04:52:22,653][tools.dataset_tools][INFO] - Created [test][kenguru_Комбинезоны] ImgMaskSet: 
Size: 100 
Real size: 100 
Device: cuda 

[2023-06-04 04:52:22,653][tools.dataset_tools][INFO] - Created [test][puma_Толстовки_олимпийки_худи_лонгсливы] ImgMaskSet: 
Size: 32 
Real size: 32 
Device: cuda 

[2023-06-04 04:52:22,653][tools.dataset_tools][INFO] - Created [test][kenguru_Украшения] ImgMaskSet: 
Size: 8 
Real size: 8 
Device: cuda 

[2023-06-04 04:52:22,653][tools.dataset_tools][INFO] - Created [test][kenguru_Домашняя одежда и бельё] ImgMaskSet: 
Size: 43 
Real size: 43 
Device: cuda 

[2023-06-04 04:52:22,653][tools.dataset_tools][INFO] - Created [test][puma_Футболки_майки_поло_топы___Футболки] ImgMaskSet: 
Size: 100 
Real size: 100 
Device: cuda 

[2023-06-04 04:52:22,653][tools.dataset_tools][INFO] - Created [test][kenguru_Костюмы_пиджаки___Пиджаки] ImgMaskSet: 
Size: 27 
Real size: 27 
Device: cuda 

[2023-06-04 04:52:22,653][tools.dataset_tools][INFO] - Created [test][kenguru_Украшения___Колье] ImgMaskSet: 
Size: 11 
Real size: 11 
Device: cuda 

[2023-06-04 04:52:22,653][tools.dataset_tools][INFO] - Created [test][puma_Перчатки и варежки] ImgMaskSet: 
Size: 11 
Real size: 11 
Device: cuda 

[2023-06-04 04:52:22,653][tools.dataset_tools][INFO] - Created [test][kenguru_Платки_шарфы_шали___Шарфы] ImgMaskSet: 
Size: 79 
Real size: 79 
Device: cuda 

[2023-06-04 04:52:22,653][tools.dataset_tools][INFO] - Created [test][kenguru_Головные уборы] ImgMaskSet: 
Size: 42 
Real size: 42 
Device: cuda 

[2023-06-04 04:52:22,654][tools.dataset_tools][INFO] - Created [test][puma_Обувь___Кроссовки] ImgMaskSet: 
Size: 100 
Real size: 100 
Device: cuda 

[2023-06-04 04:52:22,654][tools.dataset_tools][INFO] - Created [test][puma_Футболки_майки_поло_топы___Топы] ImgMaskSet: 
Size: 54 
Real size: 54 
Device: cuda 

[2023-06-04 04:52:22,654][tools.dataset_tools][INFO] - Created [test][kenguru_Блузки_рубашки___Рубашки] ImgMaskSet: 
Size: 85 
Real size: 85 
Device: cuda 

[2023-06-04 04:52:22,654][tools.dataset_tools][INFO] - Created [test][puma_Шорты_бриджи___Шорты] ImgMaskSet: 
Size: 100 
Real size: 100 
Device: cuda 

[2023-06-04 04:52:22,654][tools.dataset_tools][INFO] - Created [test][puma_Спортивная одежда___Леггинсы] ImgMaskSet: 
Size: 72 
Real size: 72 
Device: cuda 

[2023-06-04 04:52:22,654][tools.dataset_tools][INFO] - Created [test][kenguru_Спортивная одежда___Спортивные куртки] ImgMaskSet: 
Size: 70 
Real size: 70 
Device: cuda 

[2023-06-04 04:52:22,654][tools.dataset_tools][INFO] - Created [test][kenguru_Толстовки_олимпийки_худи_лонгсливы] ImgMaskSet: 
Size: 100 
Real size: 100 
Device: cuda 

[2023-06-04 04:52:22,654][tools.dataset_tools][INFO] - Created [test][puma_Головные уборы___Кепки] ImgMaskSet: 
Size: 34 
Real size: 34 
Device: cuda 

[2023-06-04 04:52:22,654][tools.dataset_tools][INFO] - Created [test][kenguru_Головные уборы___Шапки] ImgMaskSet: 
Size: 100 
Real size: 100 
Device: cuda 

[2023-06-04 04:52:22,654][tools.dataset_tools][INFO] - Created [test][puma_Другое] ImgMaskSet: 
Size: 19 
Real size: 19 
Device: cuda 

[2023-06-04 04:52:22,654][tools.dataset_tools][INFO] - Created [test][kenguru_Аксессуары___Галстуки_бабочки] ImgMaskSet: 
Size: 8 
Real size: 8 
Device: cuda 

[2023-06-04 04:52:22,654][tools.dataset_tools][INFO] - Created [test][kenguru_Джинсы] ImgMaskSet: 
Size: 78 
Real size: 78 
Device: cuda 

[2023-06-04 04:52:22,654][tools.dataset_tools][INFO] - Created [test][puma_Разное] ImgMaskSet: 
Size: 32 
Real size: 32 
Device: cuda 

[2023-06-04 04:52:22,654][tools.dataset_tools][INFO] - Created [test][kenguru_Джемперы_свитеры_кардиганы_кофты___Свитшоты] ImgMaskSet: 
Size: 22 
Real size: 22 
Device: cuda 

[2023-06-04 04:52:22,654][tools.dataset_tools][INFO] - Created [test][kenguru_Головные уборы___Бейсболки] ImgMaskSet: 
Size: 87 
Real size: 87 
Device: cuda 

[2023-06-04 04:52:22,654][tools.dataset_tools][INFO] - Created [test][kenguru_Верхняя одежда___Ветровки] ImgMaskSet: 
Size: 23 
Real size: 23 
Device: cuda 

[2023-06-04 04:52:22,654][tools.dataset_tools][INFO] - Created [test][puma_Джемперы_свитеры_кардиганы_кофты___Свитшоты] ImgMaskSet: 
Size: 23 
Real size: 23 
Device: cuda 

[2023-06-04 04:52:22,654][tools.dataset_tools][INFO] - Created [test][kenguru_Нижнее бельё] ImgMaskSet: 
Size: 20 
Real size: 20 
Device: cuda 

[2023-06-04 04:52:22,654][tools.dataset_tools][INFO] - Created [test][kenguru_Платья_сарафаны___Сарафаны] ImgMaskSet: 
Size: 23 
Real size: 23 
Device: cuda 

[2023-06-04 04:52:22,654][tools.dataset_tools][INFO] - Created [test][kenguru_Брюки___Классические] ImgMaskSet: 
Size: 9 
Real size: 9 
Device: cuda 

[2023-06-04 04:52:22,654][tools.dataset_tools][INFO] - Created [test][puma_Украшения___Комплекты] ImgMaskSet: 
Size: 15 
Real size: 15 
Device: cuda 

[2023-06-04 04:52:22,654][tools.dataset_tools][INFO] - Created [test][puma_Толстовки_олимпийки_худи_лонгсливы___Олимпийки] ImgMaskSet: 
Size: 62 
Real size: 62 
Device: cuda 

[2023-06-04 04:52:22,654][tools.dataset_tools][INFO] - Created [test][puma_Толстовки_олимпийки_худи_лонгсливы___Худи] ImgMaskSet: 
Size: 8 
Real size: 8 
Device: cuda 

[2023-06-04 04:52:22,654][tools.dataset_tools][INFO] - Created [test][puma_Головные уборы___Шапки] ImgMaskSet: 
Size: 71 
Real size: 71 
Device: cuda 

[2023-06-04 04:52:22,654][tools.dataset_tools][INFO] - Created [test][kenguru_Верхняя одежда___Жилеты (верхняя одежда)] ImgMaskSet: 
Size: 25 
Real size: 25 
Device: cuda 

[2023-06-04 04:52:22,654][tools.dataset_tools][INFO] - Created [test][kenguru_Спортивная одежда___Спортивные брюки] ImgMaskSet: 
Size: 100 
Real size: 100 
Device: cuda 

[2023-06-04 04:52:22,654][tools.dataset_tools][INFO] - Created [test][kenguru_Брюки___Леггинсы] ImgMaskSet: 
Size: 61 
Real size: 61 
Device: cuda 

[2023-06-04 04:52:22,654][tools.dataset_tools][INFO] - Created [test][puma_Верхняя одежда___Куртки] ImgMaskSet: 
Size: 57 
Real size: 57 
Device: cuda 

[2023-06-04 04:52:22,654][tools.dataset_tools][INFO] - Created [test][kenguru_Джемперы_свитеры_кардиганы_кофты___Кардиганы] ImgMaskSet: 
Size: 23 
Real size: 23 
Device: cuda 

[2023-06-04 04:52:22,654][tools.dataset_tools][INFO] - Created [test][puma_Толстовки_олимпийки_худи_лонгсливы___Лонгсливы] ImgMaskSet: 
Size: 20 
Real size: 20 
Device: cuda 

[2023-06-04 04:52:22,654][tools.dataset_tools][INFO] - Created [test][puma_Верхняя одежда___Ветровки] ImgMaskSet: 
Size: 17 
Real size: 17 
Device: cuda 

[2023-06-04 04:52:22,654][tools.dataset_tools][INFO] - Created [test][kenguru_Шорты_бриджи] ImgMaskSet: 
Size: 7 
Real size: 7 
Device: cuda 

[2023-06-04 04:52:22,654][tools.dataset_tools][INFO] - Created [test][kenguru_Блузки_рубашки___Блузки] ImgMaskSet: 
Size: 14 
Real size: 14 
Device: cuda 

[2023-06-04 04:52:22,654][tools.dataset_tools][INFO] - Created [test][kenguru_Верхняя одежда___Куртки] ImgMaskSet: 
Size: 100 
Real size: 100 
Device: cuda 

[2023-06-04 04:52:22,654][tools.dataset_tools][INFO] - Created [test][kenguru_Перчатки и варежки] ImgMaskSet: 
Size: 92 
Real size: 92 
Device: cuda 

[2023-06-04 04:52:22,654][tools.dataset_tools][INFO] - Created [test][kenguru_Другое] ImgMaskSet: 
Size: 19 
Real size: 19 
Device: cuda 

[2023-06-04 04:52:22,654][tools.dataset_tools][INFO] - Created [test][kenguru_Обувь___Сапоги] ImgMaskSet: 
Size: 46 
Real size: 46 
Device: cuda 

[2023-06-04 04:52:22,654][tools.dataset_tools][INFO] - Created [test][kenguru_Шорты_бриджи___Шорты] ImgMaskSet: 
Size: 100 
Real size: 100 
Device: cuda 

[2023-06-04 04:52:22,654][tools.dataset_tools][INFO] - Created [test][puma_Футболки_майки_поло_топы___Поло] ImgMaskSet: 
Size: 23 
Real size: 23 
Device: cuda 

[2023-06-04 04:52:22,654][tools.dataset_tools][INFO] - Created [test][kenguru_Верхняя одежда___Пальто] ImgMaskSet: 
Size: 18 
Real size: 18 
Device: cuda 

[2023-06-04 04:52:22,654][tools.dataset_tools][INFO] - Created [test][kenguru_Джемперы_свитеры_кардиганы_кофты___Водолазки] ImgMaskSet: 
Size: 46 
Real size: 46 
Device: cuda 

[2023-06-04 04:52:22,654][tools.dataset_tools][INFO] - Created [test][kenguru_Домашняя одежда и бельё___Носки] ImgMaskSet: 
Size: 100 
Real size: 100 
Device: cuda 

[2023-06-04 04:52:22,654][tools.dataset_tools][INFO] - Created [test][kenguru_Шорты_бриджи___Джинсовые шорты] ImgMaskSet: 
Size: 15 
Real size: 15 
Device: cuda 

[2023-06-04 04:52:22,655][tools.dataset_tools][INFO] - Created [test][kenguru_Обувь___Туфли] ImgMaskSet: 
Size: 37 
Real size: 37 
Device: cuda 

[2023-06-04 04:52:22,655][tools.dataset_tools][INFO] - Created [test][puma_Толстовки_олимпийки_худи_лонгсливы___Толстовки] ImgMaskSet: 
Size: 100 
Real size: 100 
Device: cuda 

[2023-06-04 04:52:22,655][tools.dataset_tools][INFO] - Created [test][kenguru_Сумки_рюкзаки и чемоданы___Рюкзаки] ImgMaskSet: 
Size: 24 
Real size: 24 
Device: cuda 

[2023-06-04 04:52:22,655][tools.dataset_tools][INFO] - Created [test][puma_Обувь___Кеды] ImgMaskSet: 
Size: 100 
Real size: 100 
Device: cuda 

[2023-06-04 04:52:22,655][tools.dataset_tools][INFO] - Created [test][kenguru_Обувь___Ботинки] ImgMaskSet: 
Size: 38 
Real size: 38 
Device: cuda 

[2023-06-04 04:52:22,655][tools.dataset_tools][INFO] - Created [test][puma_Футболки_майки_поло_топы___Майки] ImgMaskSet: 
Size: 22 
Real size: 22 
Device: cuda 

[2023-06-04 04:52:22,655][tools.dataset_tools][INFO] - Created [test][kenguru_Верхняя одежда___Джинсовые куртки] ImgMaskSet: 
Size: 20 
Real size: 20 
Device: cuda 

[2023-06-04 04:52:22,655][tools.dataset_tools][INFO] - Created [test][puma_Платья_сарафаны] ImgMaskSet: 
Size: 20 
Real size: 20 
Device: cuda 

[2023-06-04 04:52:22,655][tools.dataset_tools][INFO] - Created [test][kenguru_Футболки_майки_поло_топы___Футболки] ImgMaskSet: 
Size: 100 
Real size: 100 
Device: cuda 

[2023-06-04 04:52:22,655][tools.dataset_tools][INFO] - Created [test][puma_Пляжная одежда___Плавки] ImgMaskSet: 
Size: 28 
Real size: 28 
Device: cuda 

[2023-06-04 04:52:22,655][tools.dataset_tools][INFO] - Created [test][puma_Пляжная одежда] ImgMaskSet: 
Size: 9 
Real size: 9 
Device: cuda 

[2023-06-04 04:52:22,655][tools.dataset_tools][INFO] - Created [test][puma_Юбки] ImgMaskSet: 
Size: 9 
Real size: 9 
Device: cuda 

[2023-06-04 04:52:22,655][tools.dataset_tools][INFO] - Created [test][kenguru_Брюки___Спортивные брюки casual] ImgMaskSet: 
Size: 16 
Real size: 16 
Device: cuda 

[2023-06-04 04:52:22,655][tools.dataset_tools][INFO] - Created [test][kenguru_Обувь___Сандалии] ImgMaskSet: 
Size: 43 
Real size: 43 
Device: cuda 

[2023-06-04 04:52:22,655][tools.dataset_tools][INFO] - Created [test][kenguru_Брюки___Джоггеры] ImgMaskSet: 
Size: 9 
Real size: 9 
Device: cuda 

[2023-06-04 04:52:22,655][tools.dataset_tools][INFO] - Created [test][puma_Брюки] ImgMaskSet: 
Size: 100 
Real size: 100 
Device: cuda 

[2023-06-04 04:52:22,655][tools.dataset_tools][INFO] - Created [test][puma_Аксессуары] ImgMaskSet: 
Size: 18 
Real size: 18 
Device: cuda 

[2023-06-04 04:52:22,655][tools.dataset_tools][INFO] - Created [test][kenguru_Костюмы_пиджаки___Жилеты] ImgMaskSet: 
Size: 13 
Real size: 13 
Device: cuda 

[2023-06-04 04:52:22,655][tools.dataset_tools][INFO] - Created [test][puma_Спортивная одежда___Костюмы] ImgMaskSet: 
Size: 17 
Real size: 17 
Device: cuda 

[2023-06-04 04:52:22,655][tools.dataset_tools][INFO] - Created [test][kenguru_Украшения___Браслеты] ImgMaskSet: 
Size: 20 
Real size: 20 
Device: cuda 

[2023-06-04 04:52:22,655][tools.dataset_tools][INFO] - Created [test][puma_Сумки_рюкзаки и чемоданы___Рюкзаки] ImgMaskSet: 
Size: 72 
Real size: 72 
Device: cuda 

[2023-06-04 04:52:22,655][tools.dataset_tools][INFO] - Created [test][puma_Сумки_рюкзаки и чемоданы___Поясные сумки] ImgMaskSet: 
Size: 9 
Real size: 9 
Device: cuda 

[2023-06-04 04:52:22,655][tools.dataset_tools][INFO] - Created [test][kenguru_Джемперы_свитеры_кардиганы_кофты] ImgMaskSet: 
Size: 26 
Real size: 26 
Device: cuda 

[2023-06-04 04:52:22,655][tools.dataset_tools][INFO] - Created [test][kenguru_Школьная одежда___Рюкзаки_ранцы_сумки] ImgMaskSet: 
Size: 18 
Real size: 18 
Device: cuda 

[2023-06-04 04:52:22,655][tools.dataset_tools][INFO] - Created [test][kenguru_Аксессуары___Для волос] ImgMaskSet: 
Size: 100 
Real size: 100 
Device: cuda 

[2023-06-04 04:52:22,655][tools.dataset_tools][INFO] - Created [test][kenguru_Обувь___Кроссовки] ImgMaskSet: 
Size: 88 
Real size: 88 
Device: cuda 

[2023-06-04 04:52:22,655][tools.dataset_tools][INFO] - Created [test][kenguru_Джинсы___Клеш] ImgMaskSet: 
Size: 7 
Real size: 7 
Device: cuda 

[2023-06-04 04:52:22,655][tools.dataset_tools][INFO] - Created [test][puma_Сумки_рюкзаки и чемоданы] ImgMaskSet: 
Size: 66 
Real size: 66 
Device: cuda 

[2023-06-04 04:52:22,655][tools.dataset_tools][INFO] - Created [test][kenguru_Толстовки_олимпийки_худи_лонгсливы___Толстовки] ImgMaskSet: 
Size: 100 
Real size: 100 
Device: cuda 

[2023-06-04 04:52:22,655][tools.dataset_tools][INFO] - Created [test][puma_Спортивная одежда___Спортивные брюки] ImgMaskSet: 
Size: 12 
Real size: 12 
Device: cuda 

[2023-06-04 04:52:22,655][tools.dataset_tools][INFO] - Created [test][puma_Обувь___Шлепанцы] ImgMaskSet: 
Size: 26 
Real size: 26 
Device: cuda 

[2023-06-04 04:52:22,655][tools.dataset_tools][INFO] - Created [test][puma_Блузки_рубашки___Рубашки] ImgMaskSet: 
Size: 13 
Real size: 13 
Device: cuda 

[2023-06-04 04:52:22,655][tools.dataset_tools][INFO] - Created [test][kenguru_Футболки_майки_поло_топы___Майки] ImgMaskSet: 
Size: 9 
Real size: 9 
Device: cuda 

[2023-06-04 04:52:22,655][tools.dataset_tools][INFO] - Created [test][kenguru_Блузки_рубашки] ImgMaskSet: 
Size: 10 
Real size: 10 
Device: cuda 

[2023-06-04 04:52:22,655][tools.dataset_tools][INFO] - Created [test][kenguru_Обувь___Шлепанцы] ImgMaskSet: 
Size: 7 
Real size: 7 
Device: cuda 

[2023-06-04 04:52:22,655][tools.dataset_tools][INFO] - Created [test][kenguru_Обувь___Резиновые сапоги] ImgMaskSet: 
Size: 9 
Real size: 9 
Device: cuda 

[2023-06-04 04:52:22,655][tools.dataset_tools][INFO] - Created [test][kenguru_Брюки___Бермуды] ImgMaskSet: 
Size: 59 
Real size: 59 
Device: cuda 

[2023-06-04 04:52:22,655][tools.dataset_tools][INFO] - Created [test][kenguru_Брюки] ImgMaskSet: 
Size: 100 
Real size: 100 
Device: cuda 

[2023-06-04 04:52:22,655][tools.dataset_tools][INFO] - Created [test][kenguru_Обувь___Кеды] ImgMaskSet: 
Size: 89 
Real size: 89 
Device: cuda 

[2023-06-04 04:52:22,655][tools.dataset_tools][INFO] - Created [test][kenguru_Костюмы_пиджаки] ImgMaskSet: 
Size: 22 
Real size: 22 
Device: cuda 

[2023-06-04 04:52:22,655][tools.dataset_tools][INFO] - Created [test][kenguru_Очки] ImgMaskSet: 
Size: 10 
Real size: 10 
Device: cuda 

[2023-06-04 04:52:22,655][tools.dataset_tools][INFO] - Created [test][kenguru_Футболки_майки_поло_топы___Боди] ImgMaskSet: 
Size: 50 
Real size: 50 
Device: cuda 

[2023-06-04 04:52:22,655][tools.dataset_tools][INFO] - Created [test][kenguru_Школьная одежда___Блузы_рубашки] ImgMaskSet: 
Size: 17 
Real size: 17 
Device: cuda 

[2023-06-04 04:52:22,656][tools.dataset_tools][INFO] - Created test MultiImgMaskSet: 
Size: 5836 
Real size: 5836 
Device: cuda 

[2023-06-04 04:52:22,656][tools.dataset_tools][INFO] - Created [test][kenguru_Школьная одежда___Водолазки] ImgMaskSet: 
Size: 8 
Real size: 8 
Device: cuda 

[2023-06-04 04:52:22,656][tools.dataset_tools][INFO] - Created [test][kenguru_Школьная одежда___Платья_сарафаны] ImgMaskSet: 
Size: 22 
Real size: 22 
Device: cuda 

[2023-06-04 04:52:22,656][tools.dataset_tools][INFO] - Created [test][kenguru_Брюки___Бананы] ImgMaskSet: 
Size: 2 
Real size: 2 
Device: cuda 

[2023-06-04 04:52:22,656][tools.dataset_tools][INFO] - Created [test][kenguru_Спортивная одежда___Леггинсы] ImgMaskSet: 
Size: 1 
Real size: 1 
Device: cuda 

[2023-06-04 04:52:22,656][tools.dataset_tools][INFO] - Created [test][puma_Сумки_рюкзаки и чемоданы___Мягкая сумка дафл (duffle bag)] ImgMaskSet: 
Size: 2 
Real size: 2 
Device: cuda 

[2023-06-04 04:52:22,656][tools.dataset_tools][INFO] - Created [test][kenguru_Футболки_майки_поло_топы] ImgMaskSet: 
Size: 11 
Real size: 11 
Device: cuda 

[2023-06-04 04:52:22,656][tools.dataset_tools][INFO] - Created [test][kenguru_Костюмы_пиджаки___Костюмы] ImgMaskSet: 
Size: 12 
Real size: 12 
Device: cuda 

[2023-06-04 04:52:22,656][tools.dataset_tools][INFO] - Created [test][kenguru_Домашняя одежда и бельё___Пижамы] ImgMaskSet: 
Size: 1 
Real size: 1 
Device: cuda 

[2023-06-04 04:52:22,656][tools.dataset_tools][INFO] - Created [test][kenguru_Брюки___Кожаные] ImgMaskSet: 
Size: 2 
Real size: 2 
Device: cuda 

[2023-06-04 04:52:22,656][tools.dataset_tools][INFO] - Created [test][kenguru_Обувь___Мокасины] ImgMaskSet: 
Size: 8 
Real size: 8 
Device: cuda 

[2023-06-04 04:52:22,656][tools.dataset_tools][INFO] - Created [test][puma_Верхняя одежда___Жилеты (верхняя одежда)] ImgMaskSet: 
Size: 11 
Real size: 11 
Device: cuda 

[2023-06-04 04:52:22,656][tools.dataset_tools][INFO] - Created [test][puma_Верхняя одежда___Бомберы] ImgMaskSet: 
Size: 18 
Real size: 18 
Device: cuda 

[2023-06-04 04:52:22,656][tools.dataset_tools][INFO] - Created [test][puma_Шорты_бриджи] ImgMaskSet: 
Size: 6 
Real size: 6 
Device: cuda 

[2023-06-04 04:52:22,656][tools.dataset_tools][INFO] - Created [test][kenguru_Пляжная одежда] ImgMaskSet: 
Size: 11 
Real size: 11 
Device: cuda 

[2023-06-04 04:52:22,656][tools.dataset_tools][INFO] - Created [test][puma_Сумки_рюкзаки и чемоданы___Кроссбоди сумка] ImgMaskSet: 
Size: 9 
Real size: 9 
Device: cuda 

[2023-06-04 04:52:22,656][tools.dataset_tools][INFO] - Created [test][kenguru_Головные уборы___Кепки] ImgMaskSet: 
Size: 13 
Real size: 13 
Device: cuda 

[2023-06-04 04:52:22,656][tools.dataset_tools][INFO] - Created [test][puma_Верхняя одежда___Пальто] ImgMaskSet: 
Size: 6 
Real size: 6 
Device: cuda 

[2023-06-04 04:52:22,656][tools.dataset_tools][INFO] - Created [test][kenguru_Блузки_рубашки___Джинсовые рубашки] ImgMaskSet: 
Size: 11 
Real size: 11 
Device: cuda 

[2023-06-04 04:52:22,656][tools.dataset_tools][INFO] - Created [test][kenguru_Головные уборы___Береты] ImgMaskSet: 
Size: 8 
Real size: 8 
Device: cuda 

[2023-06-04 04:52:22,656][tools.dataset_tools][INFO] - Created [test][kenguru_Юбки___Ассиметричная] ImgMaskSet: 
Size: 1 
Real size: 1 
Device: cuda 

[2023-06-04 04:52:22,656][tools.dataset_tools][INFO] - Created [test][kenguru_Верхняя одежда___Дубленки] ImgMaskSet: 
Size: 2 
Real size: 2 
Device: cuda 

[2023-06-04 04:52:22,656][tools.dataset_tools][INFO] - Created [test][puma_Головные уборы] ImgMaskSet: 
Size: 5 
Real size: 5 
Device: cuda 

[2023-06-04 04:52:22,656][tools.dataset_tools][INFO] - Created [test][kenguru_Брюки___Прямые] ImgMaskSet: 
Size: 10 
Real size: 10 
Device: cuda 

[2023-06-04 04:52:22,656][tools.dataset_tools][INFO] - Created [test][kenguru_Юбки___Миди] ImgMaskSet: 
Size: 2 
Real size: 2 
Device: cuda 

[2023-06-04 04:52:22,656][tools.dataset_tools][INFO] - Created [test][kenguru_Разное] ImgMaskSet: 
Size: 1 
Real size: 1 
Device: cuda 

[2023-06-04 04:52:22,656][tools.dataset_tools][INFO] - Created [test][kenguru_Школьная одежда___Костюмы] ImgMaskSet: 
Size: 5 
Real size: 5 
Device: cuda 

[2023-06-04 04:52:22,656][tools.dataset_tools][INFO] - Created [test][kenguru_Платья_сарафаны___Туники] ImgMaskSet: 
Size: 1 
Real size: 1 
Device: cuda 

[2023-06-04 04:52:22,656][tools.dataset_tools][INFO] - Created [test][kenguru_Домашняя одежда и бельё___Гольфы] ImgMaskSet: 
Size: 15 
Real size: 15 
Device: cuda 

[2023-06-04 04:52:22,657][tools.dataset_tools][INFO] - Created [test][kenguru_Школьная одежда___Кофты_кардиганы_джемперы] ImgMaskSet: 
Size: 10 
Real size: 10 
Device: cuda 

[2023-06-04 04:52:22,657][tools.dataset_tools][INFO] - Created [test][kenguru_Платья_сарафаны___Мини] ImgMaskSet: 
Size: 13 
Real size: 13 
Device: cuda 

[2023-06-04 04:52:22,657][tools.dataset_tools][INFO] - Created [test][kenguru_Юбки___Пачка] ImgMaskSet: 
Size: 2 
Real size: 2 
Device: cuda 

[2023-06-04 04:52:22,657][tools.dataset_tools][INFO] - Created [test][kenguru_Юбки___Карандаш] ImgMaskSet: 
Size: 5 
Real size: 5 
Device: cuda 

[2023-06-04 04:52:22,657][tools.dataset_tools][INFO] - Created [test][puma_Головные уборы___Панамы] ImgMaskSet: 
Size: 10 
Real size: 10 
Device: cuda 

[2023-06-04 04:52:22,657][tools.dataset_tools][INFO] - Created [test][kenguru_Джинсы___Широкие] ImgMaskSet: 
Size: 10 
Real size: 10 
Device: cuda 

[2023-06-04 04:52:22,657][tools.dataset_tools][INFO] - Created [test][puma_Платки_шарфы_шали___Шарфы] ImgMaskSet: 
Size: 5 
Real size: 5 
Device: cuda 

[2023-06-04 04:52:22,657][tools.dataset_tools][INFO] - Created [test][kenguru_Спортивная одежда] ImgMaskSet: 
Size: 2 
Real size: 2 
Device: cuda 

[2023-06-04 04:52:22,657][tools.dataset_tools][INFO] - Created [test][puma_Обувь___Сандалии] ImgMaskSet: 
Size: 1 
Real size: 1 
Device: cuda 

[2023-06-04 04:52:22,657][tools.dataset_tools][INFO] - Created [test][puma_Кошельки] ImgMaskSet: 
Size: 5 
Real size: 5 
Device: cuda 

[2023-06-04 04:52:22,657][tools.dataset_tools][INFO] - Created [test][puma_Домашняя одежда и бельё___Гольфы] ImgMaskSet: 
Size: 4 
Real size: 4 
Device: cuda 

[2023-06-04 04:52:22,657][tools.dataset_tools][INFO] - Created [test][kenguru_Обувь___Лоферы] ImgMaskSet: 
Size: 19 
Real size: 19 
Device: cuda 

[2023-06-04 04:52:22,657][tools.dataset_tools][INFO] - Created [test][puma_Верхняя одежда___Парки] ImgMaskSet: 
Size: 2 
Real size: 2 
Device: cuda 

[2023-06-04 04:52:22,657][tools.dataset_tools][INFO] - Created [test][kenguru_Сумки_рюкзаки и чемоданы] ImgMaskSet: 
Size: 1 
Real size: 1 
Device: cuda 

[2023-06-04 04:52:22,657][tools.dataset_tools][INFO] - Created [test][puma_Джемперы_свитеры_кардиганы_кофты___Кардиганы] ImgMaskSet: 
Size: 1 
Real size: 1 
Device: cuda 

[2023-06-04 04:52:22,657][tools.dataset_tools][INFO] - Created [test][kenguru_Украшения___Комплекты] ImgMaskSet: 
Size: 1 
Real size: 1 
Device: cuda 

[2023-06-04 04:52:22,657][tools.dataset_tools][INFO] - Created [test][kenguru_Школьная одежда___Толстовки] ImgMaskSet: 
Size: 8 
Real size: 8 
Device: cuda 

[2023-06-04 04:52:22,657][tools.dataset_tools][INFO] - Created [test][kenguru_Верхняя одежда___Плащи] ImgMaskSet: 
Size: 24 
Real size: 24 
Device: cuda 

[2023-06-04 04:52:22,657][tools.dataset_tools][INFO] - Created [test][kenguru_Пляжная одежда___Раздельные купальники] ImgMaskSet: 
Size: 4 
Real size: 4 
Device: cuda 

[2023-06-04 04:52:22,657][tools.dataset_tools][INFO] - Created [test][kenguru_Джемперы_свитеры_кардиганы_кофты___Свитеры] ImgMaskSet: 
Size: 20 
Real size: 20 
Device: cuda 

[2023-06-04 04:52:22,657][tools.dataset_tools][INFO] - Created [test][kenguru_Платки_шарфы_шали___Платки] ImgMaskSet: 
Size: 4 
Real size: 4 
Device: cuda 

[2023-06-04 04:52:22,657][tools.dataset_tools][INFO] - Created [test][kenguru_Школьная одежда___Жилеты] ImgMaskSet: 
Size: 8 
Real size: 8 
Device: cuda 

[2023-06-04 04:52:22,657][tools.dataset_tools][INFO] - Created [test][kenguru_Школьная одежда___Пиджаки_жакеты] ImgMaskSet: 
Size: 15 
Real size: 15 
Device: cuda 

[2023-06-04 04:52:22,657][tools.dataset_tools][INFO] - Created [test][kenguru_Толстовки_олимпийки_худи_лонгсливы___Лонгсливы] ImgMaskSet: 
Size: 2 
Real size: 2 
Device: cuda 

[2023-06-04 04:52:22,657][tools.dataset_tools][INFO] - Created [test][kenguru_Школьная одежда___Юбки] ImgMaskSet: 
Size: 19 
Real size: 19 
Device: cuda 

[2023-06-04 04:52:22,657][tools.dataset_tools][INFO] - Created [test][kenguru_Украшения___Ожерелья] ImgMaskSet: 
Size: 1 
Real size: 1 
Device: cuda 

[2023-06-04 04:52:22,657][tools.dataset_tools][INFO] - Created [test][kenguru_Украшения___Серьги] ImgMaskSet: 
Size: 19 
Real size: 19 
Device: cuda 

[2023-06-04 04:52:22,657][tools.dataset_tools][INFO] - Created [test][puma_Комбинезоны] ImgMaskSet: 
Size: 5 
Real size: 5 
Device: cuda 

[2023-06-04 04:52:22,657][tools.dataset_tools][INFO] - Created [test][kenguru_Платья_сарафаны___Миди] ImgMaskSet: 
Size: 4 
Real size: 4 
Device: cuda 

[2023-06-04 04:52:22,657][tools.dataset_tools][INFO] - Created [test][kenguru_Обувь___Балетки] ImgMaskSet: 
Size: 10 
Real size: 10 
Device: cuda 

[2023-06-04 04:52:22,657][tools.dataset_tools][INFO] - Created [test][puma_Футболки_майки_поло_топы___Боди] ImgMaskSet: 
Size: 5 
Real size: 5 
Device: cuda 

[2023-06-04 04:52:22,657][tools.dataset_tools][INFO] - Created [test][kenguru_Толстовки_олимпийки_худи_лонгсливы___Худи] ImgMaskSet: 
Size: 9 
Real size: 9 
Device: cuda 

[2023-06-04 04:52:22,657][tools.dataset_tools][INFO] - Created [test][kenguru_Головные уборы___Шляпы] ImgMaskSet: 
Size: 24 
Real size: 24 
Device: cuda 

[2023-06-04 04:52:22,657][tools.dataset_tools][INFO] - Created [test][puma_Домашняя одежда и бельё___Халаты] ImgMaskSet: 
Size: 1 
Real size: 1 
Device: cuda 

[2023-06-04 04:52:22,657][tools.dataset_tools][INFO] - Created [test][kenguru_Джинсы___Прямые] ImgMaskSet: 
Size: 10 
Real size: 10 
Device: cuda 

[2023-06-04 04:52:22,657][tools.dataset_tools][INFO] - Created [test][kenguru_Юбки___Макси] ImgMaskSet: 
Size: 1 
Real size: 1 
Device: cuda 

[2023-06-04 04:52:22,657][tools.dataset_tools][INFO] - Created [test][puma_Костюмы_пиджаки___Жилеты] ImgMaskSet: 
Size: 7 
Real size: 7 
Device: cuda 

[2023-06-04 04:52:22,657][tools.dataset_tools][INFO] - Created [test][puma_Верхняя одежда] ImgMaskSet: 
Size: 4 
Real size: 4 
Device: cuda 

[2023-06-04 04:52:22,657][tools.dataset_tools][INFO] - Created [test][puma_Обувь___Слипоны] ImgMaskSet: 
Size: 2 
Real size: 2 
Device: cuda 

[2023-06-04 04:52:22,657][tools.dataset_tools][INFO] - Created [test][kenguru_Школьная одежда___Галстуки_бабочки] ImgMaskSet: 
Size: 9 
Real size: 9 
Device: cuda 

[2023-06-04 04:52:22,657][tools.dataset_tools][INFO] - Created [test][kenguru_Платья_сарафаны___Макси] ImgMaskSet: 
Size: 6 
Real size: 6 
Device: cuda 

[2023-06-04 04:52:22,657][tools.dataset_tools][INFO] - Created [test][kenguru_Юбки___Трапеция] ImgMaskSet: 
Size: 1 
Real size: 1 
Device: cuda 

[2023-06-04 04:52:22,657][tools.dataset_tools][INFO] - Created [test][puma_Аксессуары___Для волос] ImgMaskSet: 
Size: 15 
Real size: 15 
Device: cuda 

[2023-06-04 04:52:22,658][tools.dataset_tools][INFO] - Created [test][kenguru_Платья_сарафаны___Шелковые] ImgMaskSet: 
Size: 17 
Real size: 17 
Device: cuda 

[2023-06-04 04:52:22,658][tools.dataset_tools][INFO] - Created [test][kenguru_Юбки___Юбка-шорты] ImgMaskSet: 
Size: 5 
Real size: 5 
Device: cuda 

[2023-06-04 04:52:22,658][tools.dataset_tools][INFO] - Created [test][puma_Пляжная одежда___Раздельные купальники] ImgMaskSet: 
Size: 12 
Real size: 12 
Device: cuda 

[2023-06-04 04:52:22,658][tools.dataset_tools][INFO] - Created [test][kenguru_Пляжная одежда___Слитные купальники] ImgMaskSet: 
Size: 15 
Real size: 15 
Device: cuda 

[2023-06-04 04:52:22,658][tools.dataset_tools][INFO] - Created [test][kenguru_Школьная одежда___Фартуки] ImgMaskSet: 
Size: 5 
Real size: 5 
Device: cuda 

[2023-06-04 04:52:22,658][tools.dataset_tools][INFO] - Created [test][kenguru_Юбки___Плиссе] ImgMaskSet: 
Size: 19 
Real size: 19 
Device: cuda 

[2023-06-04 04:52:22,658][tools.dataset_tools][INFO] - Created [test][kenguru_Юбки___Тюльпан] ImgMaskSet: 
Size: 1 
Real size: 1 
Device: cuda 

[2023-06-04 04:52:22,658][tools.dataset_tools][INFO] - Created [test][kenguru_Брюки___Кюлоты] ImgMaskSet: 
Size: 4 
Real size: 4 
Device: cuda 

[2023-06-04 04:52:22,658][tools.dataset_tools][INFO] - Created [test][kenguru_Джинсы___Зауженные] ImgMaskSet: 
Size: 13 
Real size: 13 
Device: cuda 

[2023-06-04 04:52:22,658][tools.dataset_tools][INFO] - Created [test][puma_Джемперы_свитеры_кардиганы_кофты___Свитеры] ImgMaskSet: 
Size: 1 
Real size: 1 
Device: cuda 

[2023-06-04 04:52:22,658][tools.dataset_tools][INFO] - Created [test][puma_Сумки_рюкзаки и чемоданы___Тоут] ImgMaskSet: 
Size: 3 
Real size: 3 
Device: cuda 

[2023-06-04 04:52:22,658][tools.dataset_tools][INFO] - Created [test][kenguru_Брюки___Карго] ImgMaskSet: 
Size: 19 
Real size: 19 
Device: cuda 

[2023-06-04 04:52:22,658][tools.dataset_tools][INFO] - Created [test][puma_Юбки___Миди] ImgMaskSet: 
Size: 2 
Real size: 2 
Device: cuda 

[2023-06-04 04:52:22,658][tools.dataset_tools][INFO] - Created [test][kenguru_Юбки___Солнце] ImgMaskSet: 
Size: 1 
Real size: 1 
Device: cuda 

[2023-06-04 04:52:22,658][tools.dataset_tools][INFO] - Created [test][kenguru_Брюки___Клеш] ImgMaskSet: 
Size: 9 
Real size: 9 
Device: cuda 

[2023-06-04 04:52:22,658][tools.dataset_tools][INFO] - Created [test][kenguru_Школьная одежда___Шорты] ImgMaskSet: 
Size: 3 
Real size: 3 
Device: cuda 

[2023-06-04 04:52:22,658][tools.dataset_tools][INFO] - Created [test][puma_Обувь___Ботинки] ImgMaskSet: 
Size: 22 
Real size: 22 
Device: cuda 

[2023-06-04 04:52:22,658][tools.dataset_tools][INFO] - Created [test][kenguru_Обувь___Слипоны] ImgMaskSet: 
Size: 2 
Real size: 2 
Device: cuda 

[2023-06-04 04:52:22,658][tools.dataset_tools][INFO] - Created [test][puma_Футболки_майки_поло_топы] ImgMaskSet: 
Size: 22 
Real size: 22 
Device: cuda 

[2023-06-04 04:52:22,658][tools.dataset_tools][INFO] - Created [test][kenguru_Верхняя одежда___Парки] ImgMaskSet: 
Size: 9 
Real size: 9 
Device: cuda 

[2023-06-04 04:52:22,658][tools.dataset_tools][INFO] - Created [test][kenguru_Обувь___Эспадрильи] ImgMaskSet: 
Size: 2 
Real size: 2 
Device: cuda 

[2023-06-04 04:52:22,658][tools.dataset_tools][INFO] - Created [test][kenguru_Брюки___Укороченные] ImgMaskSet: 
Size: 2 
Real size: 2 
Device: cuda 

[2023-06-04 04:52:22,658][tools.dataset_tools][INFO] - Created [test][kenguru_Брюки___Широкие] ImgMaskSet: 
Size: 7 
Real size: 7 
Device: cuda 

[2023-06-04 04:52:22,658][tools.dataset_tools][INFO] - Created [test][puma_Сумки_рюкзаки и чемоданы___Мессенджер] ImgMaskSet: 
Size: 2 
Real size: 2 
Device: cuda 

[2023-06-04 04:52:22,658][tools.dataset_tools][INFO] - Created [test][kenguru_Футболки_майки_поло_топы___Топы] ImgMaskSet: 
Size: 51 
Real size: 51 
Device: cuda 

[2023-06-04 04:52:22,658][tools.dataset_tools][INFO] - Created [test][kenguru_Ремни] ImgMaskSet: 
Size: 15 
Real size: 15 
Device: cuda 

[2023-06-04 04:52:22,658][tools.dataset_tools][INFO] - Created [test][kenguru_Украшения___Подвески и кулоны] ImgMaskSet: 
Size: 8 
Real size: 8 
Device: cuda 

[2023-06-04 04:52:22,658][tools.dataset_tools][INFO] - Created [test][kenguru_Головные уборы___Панамы] ImgMaskSet: 
Size: 65 
Real size: 65 
Device: cuda 

[2023-06-04 04:52:22,658][tools.dataset_tools][INFO] - Created [test][kenguru_Юбки] ImgMaskSet: 
Size: 53 
Real size: 53 
Device: cuda 

[2023-06-04 04:52:22,658][tools.dataset_tools][INFO] - Created [test][kenguru_Джемперы_свитеры_кардиганы_кофты___Джемперы] ImgMaskSet: 
Size: 51 
Real size: 51 
Device: cuda 

[2023-06-04 04:52:22,658][tools.dataset_tools][INFO] - Created [test][kenguru_Платья_сарафаны] ImgMaskSet: 
Size: 100 
Real size: 100 
Device: cuda 

[2023-06-04 04:52:22,658][tools.dataset_tools][INFO] - Created [test][kenguru_Школьная одежда___Брюки] ImgMaskSet: 
Size: 10 
Real size: 10 
Device: cuda 

[2023-06-04 04:52:22,658][tools.dataset_tools][INFO] - Created [test][kenguru_Верхняя одежда___Пуховики] ImgMaskSet: 
Size: 56 
Real size: 56 
Device: cuda 

[2023-06-04 04:52:22,658][tools.dataset_tools][INFO] - Created [test][kenguru_Сумки_рюкзаки и чемоданы___Сумки через плечо] ImgMaskSet: 
Size: 38 
Real size: 38 
Device: cuda 

[2023-06-04 04:52:22,658][tools.dataset_tools][INFO] - Created [test][kenguru_Домашняя одежда и бельё___Колготки] ImgMaskSet: 
Size: 83 
Real size: 83 
Device: cuda 

[2023-06-04 04:52:22,658][tools.dataset_tools][INFO] - Created [test][kenguru_Верхняя одежда___Шубы] ImgMaskSet: 
Size: 8 
Real size: 8 
Device: cuda 

[2023-06-04 04:52:22,658][tools.dataset_tools][INFO] - Created [test][puma_Обувь___Бутсы] ImgMaskSet: 
Size: 42 
Real size: 42 
Device: cuda 

[2023-06-04 04:52:22,658][tools.dataset_tools][INFO] - Created [test][kenguru_Обувь] ImgMaskSet: 
Size: 22 
Real size: 22 
Device: cuda 

[2023-06-04 04:52:22,658][tools.dataset_tools][INFO] - Created [test][puma_Домашняя одежда и бельё___Носки] ImgMaskSet: 
Size: 100 
Real size: 100 
Device: cuda 

[2023-06-04 04:52:22,658][tools.dataset_tools][INFO] - Created [test][puma_Нижнее бельё] ImgMaskSet: 
Size: 83 
Real size: 83 
Device: cuda 

[2023-06-04 04:52:22,658][tools.dataset_tools][INFO] - Created [test][kenguru_Спортивная одежда___Костюмы] ImgMaskSet: 
Size: 32 
Real size: 32 
Device: cuda 

[2023-06-04 04:52:22,658][tools.dataset_tools][INFO] - Created [test][kenguru_Джемперы_свитеры_кардиганы_кофты___Кофты] ImgMaskSet: 
Size: 12 
Real size: 12 
Device: cuda 

[2023-06-04 04:52:22,658][tools.dataset_tools][INFO] - Created [test][kenguru_Обувь___Босоножки] ImgMaskSet: 
Size: 48 
Real size: 48 
Device: cuda 

[2023-06-04 04:52:22,659][tools.dataset_tools][INFO] - Created [test][kenguru_Футболки_майки_поло_топы___Поло] ImgMaskSet: 
Size: 17 
Real size: 17 
Device: cuda 

[2023-06-04 04:52:22,659][tools.dataset_tools][INFO] - Created [test][kenguru_Комбинезоны] ImgMaskSet: 
Size: 100 
Real size: 100 
Device: cuda 

[2023-06-04 04:52:22,659][tools.dataset_tools][INFO] - Created [test][puma_Толстовки_олимпийки_худи_лонгсливы] ImgMaskSet: 
Size: 32 
Real size: 32 
Device: cuda 

[2023-06-04 04:52:22,659][tools.dataset_tools][INFO] - Created [test][kenguru_Украшения] ImgMaskSet: 
Size: 8 
Real size: 8 
Device: cuda 

[2023-06-04 04:52:22,659][tools.dataset_tools][INFO] - Created [test][kenguru_Домашняя одежда и бельё] ImgMaskSet: 
Size: 43 
Real size: 43 
Device: cuda 

[2023-06-04 04:52:22,659][tools.dataset_tools][INFO] - Created [test][puma_Футболки_майки_поло_топы___Футболки] ImgMaskSet: 
Size: 100 
Real size: 100 
Device: cuda 

[2023-06-04 04:52:22,659][tools.dataset_tools][INFO] - Created [test][kenguru_Костюмы_пиджаки___Пиджаки] ImgMaskSet: 
Size: 27 
Real size: 27 
Device: cuda 

[2023-06-04 04:52:22,659][tools.dataset_tools][INFO] - Created [test][kenguru_Украшения___Колье] ImgMaskSet: 
Size: 11 
Real size: 11 
Device: cuda 

[2023-06-04 04:52:22,659][tools.dataset_tools][INFO] - Created [test][puma_Перчатки и варежки] ImgMaskSet: 
Size: 11 
Real size: 11 
Device: cuda 

[2023-06-04 04:52:22,659][tools.dataset_tools][INFO] - Created [test][kenguru_Платки_шарфы_шали___Шарфы] ImgMaskSet: 
Size: 79 
Real size: 79 
Device: cuda 

[2023-06-04 04:52:22,659][tools.dataset_tools][INFO] - Created [test][kenguru_Головные уборы] ImgMaskSet: 
Size: 42 
Real size: 42 
Device: cuda 

[2023-06-04 04:52:22,659][tools.dataset_tools][INFO] - Created [test][puma_Обувь___Кроссовки] ImgMaskSet: 
Size: 100 
Real size: 100 
Device: cuda 

[2023-06-04 04:52:22,659][tools.dataset_tools][INFO] - Created [test][puma_Футболки_майки_поло_топы___Топы] ImgMaskSet: 
Size: 54 
Real size: 54 
Device: cuda 

[2023-06-04 04:52:22,659][tools.dataset_tools][INFO] - Created [test][kenguru_Блузки_рубашки___Рубашки] ImgMaskSet: 
Size: 85 
Real size: 85 
Device: cuda 

[2023-06-04 04:52:22,659][tools.dataset_tools][INFO] - Created [test][puma_Шорты_бриджи___Шорты] ImgMaskSet: 
Size: 100 
Real size: 100 
Device: cuda 

[2023-06-04 04:52:22,659][tools.dataset_tools][INFO] - Created [test][puma_Спортивная одежда___Леггинсы] ImgMaskSet: 
Size: 72 
Real size: 72 
Device: cuda 

[2023-06-04 04:52:22,659][tools.dataset_tools][INFO] - Created [test][kenguru_Спортивная одежда___Спортивные куртки] ImgMaskSet: 
Size: 70 
Real size: 70 
Device: cuda 

[2023-06-04 04:52:22,659][tools.dataset_tools][INFO] - Created [test][kenguru_Толстовки_олимпийки_худи_лонгсливы] ImgMaskSet: 
Size: 100 
Real size: 100 
Device: cuda 

[2023-06-04 04:52:22,659][tools.dataset_tools][INFO] - Created [test][puma_Головные уборы___Кепки] ImgMaskSet: 
Size: 34 
Real size: 34 
Device: cuda 

[2023-06-04 04:52:22,659][tools.dataset_tools][INFO] - Created [test][kenguru_Головные уборы___Шапки] ImgMaskSet: 
Size: 100 
Real size: 100 
Device: cuda 

[2023-06-04 04:52:22,659][tools.dataset_tools][INFO] - Created [test][puma_Другое] ImgMaskSet: 
Size: 19 
Real size: 19 
Device: cuda 

[2023-06-04 04:52:22,659][tools.dataset_tools][INFO] - Created [test][kenguru_Аксессуары___Галстуки_бабочки] ImgMaskSet: 
Size: 8 
Real size: 8 
Device: cuda 

[2023-06-04 04:52:22,659][tools.dataset_tools][INFO] - Created [test][kenguru_Джинсы] ImgMaskSet: 
Size: 78 
Real size: 78 
Device: cuda 

[2023-06-04 04:52:22,659][tools.dataset_tools][INFO] - Created [test][puma_Разное] ImgMaskSet: 
Size: 32 
Real size: 32 
Device: cuda 

[2023-06-04 04:52:22,659][tools.dataset_tools][INFO] - Created [test][kenguru_Джемперы_свитеры_кардиганы_кофты___Свитшоты] ImgMaskSet: 
Size: 22 
Real size: 22 
Device: cuda 

[2023-06-04 04:52:22,659][tools.dataset_tools][INFO] - Created [test][kenguru_Головные уборы___Бейсболки] ImgMaskSet: 
Size: 87 
Real size: 87 
Device: cuda 

[2023-06-04 04:52:22,659][tools.dataset_tools][INFO] - Created [test][kenguru_Верхняя одежда___Ветровки] ImgMaskSet: 
Size: 23 
Real size: 23 
Device: cuda 

[2023-06-04 04:52:22,659][tools.dataset_tools][INFO] - Created [test][puma_Джемперы_свитеры_кардиганы_кофты___Свитшоты] ImgMaskSet: 
Size: 23 
Real size: 23 
Device: cuda 

[2023-06-04 04:52:22,659][tools.dataset_tools][INFO] - Created [test][kenguru_Нижнее бельё] ImgMaskSet: 
Size: 20 
Real size: 20 
Device: cuda 

[2023-06-04 04:52:22,659][tools.dataset_tools][INFO] - Created [test][kenguru_Платья_сарафаны___Сарафаны] ImgMaskSet: 
Size: 23 
Real size: 23 
Device: cuda 

[2023-06-04 04:52:22,659][tools.dataset_tools][INFO] - Created [test][kenguru_Брюки___Классические] ImgMaskSet: 
Size: 9 
Real size: 9 
Device: cuda 

[2023-06-04 04:52:22,659][tools.dataset_tools][INFO] - Created [test][puma_Украшения___Комплекты] ImgMaskSet: 
Size: 15 
Real size: 15 
Device: cuda 

[2023-06-04 04:52:22,659][tools.dataset_tools][INFO] - Created [test][puma_Толстовки_олимпийки_худи_лонгсливы___Олимпийки] ImgMaskSet: 
Size: 62 
Real size: 62 
Device: cuda 

[2023-06-04 04:52:22,659][tools.dataset_tools][INFO] - Created [test][puma_Толстовки_олимпийки_худи_лонгсливы___Худи] ImgMaskSet: 
Size: 8 
Real size: 8 
Device: cuda 

[2023-06-04 04:52:22,659][tools.dataset_tools][INFO] - Created [test][puma_Головные уборы___Шапки] ImgMaskSet: 
Size: 71 
Real size: 71 
Device: cuda 

[2023-06-04 04:52:22,659][tools.dataset_tools][INFO] - Created [test][kenguru_Верхняя одежда___Жилеты (верхняя одежда)] ImgMaskSet: 
Size: 25 
Real size: 25 
Device: cuda 

[2023-06-04 04:52:22,659][tools.dataset_tools][INFO] - Created [test][kenguru_Спортивная одежда___Спортивные брюки] ImgMaskSet: 
Size: 100 
Real size: 100 
Device: cuda 

[2023-06-04 04:52:22,659][tools.dataset_tools][INFO] - Created [test][kenguru_Брюки___Леггинсы] ImgMaskSet: 
Size: 61 
Real size: 61 
Device: cuda 

[2023-06-04 04:52:22,659][tools.dataset_tools][INFO] - Created [test][puma_Верхняя одежда___Куртки] ImgMaskSet: 
Size: 57 
Real size: 57 
Device: cuda 

[2023-06-04 04:52:22,659][tools.dataset_tools][INFO] - Created [test][kenguru_Джемперы_свитеры_кардиганы_кофты___Кардиганы] ImgMaskSet: 
Size: 23 
Real size: 23 
Device: cuda 

[2023-06-04 04:52:22,660][tools.dataset_tools][INFO] - Created [test][puma_Толстовки_олимпийки_худи_лонгсливы___Лонгсливы] ImgMaskSet: 
Size: 20 
Real size: 20 
Device: cuda 

[2023-06-04 04:52:22,660][tools.dataset_tools][INFO] - Created [test][puma_Верхняя одежда___Ветровки] ImgMaskSet: 
Size: 17 
Real size: 17 
Device: cuda 

[2023-06-04 04:52:22,660][tools.dataset_tools][INFO] - Created [test][kenguru_Шорты_бриджи] ImgMaskSet: 
Size: 7 
Real size: 7 
Device: cuda 

[2023-06-04 04:52:22,660][tools.dataset_tools][INFO] - Created [test][kenguru_Блузки_рубашки___Блузки] ImgMaskSet: 
Size: 14 
Real size: 14 
Device: cuda 

[2023-06-04 04:52:22,660][tools.dataset_tools][INFO] - Created [test][kenguru_Верхняя одежда___Куртки] ImgMaskSet: 
Size: 100 
Real size: 100 
Device: cuda 

[2023-06-04 04:52:22,660][tools.dataset_tools][INFO] - Created [test][kenguru_Перчатки и варежки] ImgMaskSet: 
Size: 92 
Real size: 92 
Device: cuda 

[2023-06-04 04:52:22,660][tools.dataset_tools][INFO] - Created [test][kenguru_Другое] ImgMaskSet: 
Size: 19 
Real size: 19 
Device: cuda 

[2023-06-04 04:52:22,660][tools.dataset_tools][INFO] - Created [test][kenguru_Обувь___Сапоги] ImgMaskSet: 
Size: 46 
Real size: 46 
Device: cuda 

[2023-06-04 04:52:22,660][tools.dataset_tools][INFO] - Created [test][kenguru_Шорты_бриджи___Шорты] ImgMaskSet: 
Size: 100 
Real size: 100 
Device: cuda 

[2023-06-04 04:52:22,660][tools.dataset_tools][INFO] - Created [test][puma_Футболки_майки_поло_топы___Поло] ImgMaskSet: 
Size: 23 
Real size: 23 
Device: cuda 

[2023-06-04 04:52:22,660][tools.dataset_tools][INFO] - Created [test][kenguru_Верхняя одежда___Пальто] ImgMaskSet: 
Size: 18 
Real size: 18 
Device: cuda 

[2023-06-04 04:52:22,660][tools.dataset_tools][INFO] - Created [test][kenguru_Джемперы_свитеры_кардиганы_кофты___Водолазки] ImgMaskSet: 
Size: 46 
Real size: 46 
Device: cuda 

[2023-06-04 04:52:22,660][tools.dataset_tools][INFO] - Created [test][kenguru_Домашняя одежда и бельё___Носки] ImgMaskSet: 
Size: 100 
Real size: 100 
Device: cuda 

[2023-06-04 04:52:22,660][tools.dataset_tools][INFO] - Created [test][kenguru_Шорты_бриджи___Джинсовые шорты] ImgMaskSet: 
Size: 15 
Real size: 15 
Device: cuda 

[2023-06-04 04:52:22,660][tools.dataset_tools][INFO] - Created [test][kenguru_Обувь___Туфли] ImgMaskSet: 
Size: 37 
Real size: 37 
Device: cuda 

[2023-06-04 04:52:22,660][tools.dataset_tools][INFO] - Created [test][puma_Толстовки_олимпийки_худи_лонгсливы___Толстовки] ImgMaskSet: 
Size: 100 
Real size: 100 
Device: cuda 

[2023-06-04 04:52:22,660][tools.dataset_tools][INFO] - Created [test][kenguru_Сумки_рюкзаки и чемоданы___Рюкзаки] ImgMaskSet: 
Size: 24 
Real size: 24 
Device: cuda 

[2023-06-04 04:52:22,660][tools.dataset_tools][INFO] - Created [test][puma_Обувь___Кеды] ImgMaskSet: 
Size: 100 
Real size: 100 
Device: cuda 

[2023-06-04 04:52:22,660][tools.dataset_tools][INFO] - Created [test][kenguru_Обувь___Ботинки] ImgMaskSet: 
Size: 38 
Real size: 38 
Device: cuda 

[2023-06-04 04:52:22,660][tools.dataset_tools][INFO] - Created [test][puma_Футболки_майки_поло_топы___Майки] ImgMaskSet: 
Size: 22 
Real size: 22 
Device: cuda 

[2023-06-04 04:52:22,660][tools.dataset_tools][INFO] - Created [test][kenguru_Верхняя одежда___Джинсовые куртки] ImgMaskSet: 
Size: 20 
Real size: 20 
Device: cuda 

[2023-06-04 04:52:22,660][tools.dataset_tools][INFO] - Created [test][puma_Платья_сарафаны] ImgMaskSet: 
Size: 20 
Real size: 20 
Device: cuda 

[2023-06-04 04:52:22,660][tools.dataset_tools][INFO] - Created [test][kenguru_Футболки_майки_поло_топы___Футболки] ImgMaskSet: 
Size: 100 
Real size: 100 
Device: cuda 

[2023-06-04 04:52:22,660][tools.dataset_tools][INFO] - Created [test][puma_Пляжная одежда___Плавки] ImgMaskSet: 
Size: 28 
Real size: 28 
Device: cuda 

[2023-06-04 04:52:22,660][tools.dataset_tools][INFO] - Created [test][puma_Пляжная одежда] ImgMaskSet: 
Size: 9 
Real size: 9 
Device: cuda 

[2023-06-04 04:52:22,660][tools.dataset_tools][INFO] - Created [test][puma_Юбки] ImgMaskSet: 
Size: 9 
Real size: 9 
Device: cuda 

[2023-06-04 04:52:22,660][tools.dataset_tools][INFO] - Created [test][kenguru_Брюки___Спортивные брюки casual] ImgMaskSet: 
Size: 16 
Real size: 16 
Device: cuda 

[2023-06-04 04:52:22,660][tools.dataset_tools][INFO] - Created [test][kenguru_Обувь___Сандалии] ImgMaskSet: 
Size: 43 
Real size: 43 
Device: cuda 

[2023-06-04 04:52:22,660][tools.dataset_tools][INFO] - Created [test][kenguru_Брюки___Джоггеры] ImgMaskSet: 
Size: 9 
Real size: 9 
Device: cuda 

[2023-06-04 04:52:22,660][tools.dataset_tools][INFO] - Created [test][puma_Брюки] ImgMaskSet: 
Size: 100 
Real size: 100 
Device: cuda 

[2023-06-04 04:52:22,660][tools.dataset_tools][INFO] - Created [test][puma_Аксессуары] ImgMaskSet: 
Size: 18 
Real size: 18 
Device: cuda 

[2023-06-04 04:52:22,660][tools.dataset_tools][INFO] - Created [test][kenguru_Костюмы_пиджаки___Жилеты] ImgMaskSet: 
Size: 13 
Real size: 13 
Device: cuda 

[2023-06-04 04:52:22,660][tools.dataset_tools][INFO] - Created [test][puma_Спортивная одежда___Костюмы] ImgMaskSet: 
Size: 17 
Real size: 17 
Device: cuda 

[2023-06-04 04:52:22,660][tools.dataset_tools][INFO] - Created [test][kenguru_Украшения___Браслеты] ImgMaskSet: 
Size: 20 
Real size: 20 
Device: cuda 

[2023-06-04 04:52:22,660][tools.dataset_tools][INFO] - Created [test][puma_Сумки_рюкзаки и чемоданы___Рюкзаки] ImgMaskSet: 
Size: 72 
Real size: 72 
Device: cuda 

[2023-06-04 04:52:22,660][tools.dataset_tools][INFO] - Created [test][puma_Сумки_рюкзаки и чемоданы___Поясные сумки] ImgMaskSet: 
Size: 9 
Real size: 9 
Device: cuda 

[2023-06-04 04:52:22,660][tools.dataset_tools][INFO] - Created [test][kenguru_Джемперы_свитеры_кардиганы_кофты] ImgMaskSet: 
Size: 26 
Real size: 26 
Device: cuda 

[2023-06-04 04:52:22,660][tools.dataset_tools][INFO] - Created [test][kenguru_Школьная одежда___Рюкзаки_ранцы_сумки] ImgMaskSet: 
Size: 18 
Real size: 18 
Device: cuda 

[2023-06-04 04:52:22,660][tools.dataset_tools][INFO] - Created [test][kenguru_Аксессуары___Для волос] ImgMaskSet: 
Size: 100 
Real size: 100 
Device: cuda 

[2023-06-04 04:52:22,660][tools.dataset_tools][INFO] - Created [test][kenguru_Обувь___Кроссовки] ImgMaskSet: 
Size: 88 
Real size: 88 
Device: cuda 

[2023-06-04 04:52:22,660][tools.dataset_tools][INFO] - Created [test][kenguru_Джинсы___Клеш] ImgMaskSet: 
Size: 7 
Real size: 7 
Device: cuda 

[2023-06-04 04:52:22,660][tools.dataset_tools][INFO] - Created [test][puma_Сумки_рюкзаки и чемоданы] ImgMaskSet: 
Size: 66 
Real size: 66 
Device: cuda 

[2023-06-04 04:52:22,661][tools.dataset_tools][INFO] - Created [test][kenguru_Толстовки_олимпийки_худи_лонгсливы___Толстовки] ImgMaskSet: 
Size: 100 
Real size: 100 
Device: cuda 

[2023-06-04 04:52:22,661][tools.dataset_tools][INFO] - Created [test][puma_Спортивная одежда___Спортивные брюки] ImgMaskSet: 
Size: 12 
Real size: 12 
Device: cuda 

[2023-06-04 04:52:22,661][tools.dataset_tools][INFO] - Created [test][puma_Обувь___Шлепанцы] ImgMaskSet: 
Size: 26 
Real size: 26 
Device: cuda 

[2023-06-04 04:52:22,661][tools.dataset_tools][INFO] - Created [test][puma_Блузки_рубашки___Рубашки] ImgMaskSet: 
Size: 13 
Real size: 13 
Device: cuda 

[2023-06-04 04:52:22,661][tools.dataset_tools][INFO] - Created [test][kenguru_Футболки_майки_поло_топы___Майки] ImgMaskSet: 
Size: 9 
Real size: 9 
Device: cuda 

[2023-06-04 04:52:22,661][tools.dataset_tools][INFO] - Created [test][kenguru_Блузки_рубашки] ImgMaskSet: 
Size: 10 
Real size: 10 
Device: cuda 

[2023-06-04 04:52:22,661][tools.dataset_tools][INFO] - Created [test][kenguru_Обувь___Шлепанцы] ImgMaskSet: 
Size: 7 
Real size: 7 
Device: cuda 

[2023-06-04 04:52:22,661][tools.dataset_tools][INFO] - Created [test][kenguru_Обувь___Резиновые сапоги] ImgMaskSet: 
Size: 9 
Real size: 9 
Device: cuda 

[2023-06-04 04:52:22,661][tools.dataset_tools][INFO] - Created [test][kenguru_Брюки___Бермуды] ImgMaskSet: 
Size: 59 
Real size: 59 
Device: cuda 

[2023-06-04 04:52:22,661][tools.dataset_tools][INFO] - Created [test][kenguru_Брюки] ImgMaskSet: 
Size: 100 
Real size: 100 
Device: cuda 

[2023-06-04 04:52:22,661][tools.dataset_tools][INFO] - Created [test][kenguru_Обувь___Кеды] ImgMaskSet: 
Size: 89 
Real size: 89 
Device: cuda 

[2023-06-04 04:52:22,661][tools.dataset_tools][INFO] - Created [test][kenguru_Костюмы_пиджаки] ImgMaskSet: 
Size: 22 
Real size: 22 
Device: cuda 

[2023-06-04 04:52:22,661][tools.dataset_tools][INFO] - Created [test][kenguru_Очки] ImgMaskSet: 
Size: 10 
Real size: 10 
Device: cuda 

[2023-06-04 04:52:22,661][tools.dataset_tools][INFO] - Created [test][kenguru_Футболки_майки_поло_топы___Боди] ImgMaskSet: 
Size: 50 
Real size: 50 
Device: cuda 

[2023-06-04 04:52:22,661][tools.dataset_tools][INFO] - Created [test][kenguru_Школьная одежда___Блузы_рубашки] ImgMaskSet: 
Size: 17 
Real size: 17 
Device: cuda 

[2023-06-04 04:52:22,661][tools.dataset_tools][INFO] - Created test MultiImgMaskSet: 
Size: 5836 
Real size: 5836 
Device: cuda 

[2023-06-04 04:52:22,663][tools.train_tools][INFO] - ===== TRAIN (Epoch: 0) =====
[2023-06-04 04:55:34,502][tools.train_tools][INFO] - Loss: 0.020899030305715143
[2023-06-04 04:55:34,502][tools.train_tools][INFO] - ===== Validation (Epoch: 0) =====
[2023-06-04 04:58:26,811][tools.train_tools][INFO] - Loss: 0.019553937078987966
[2023-06-04 04:58:26,811][tools.early_stopper][INFO] - Validation metric changed from None to 0.9844633271232135
[2023-06-04 04:58:26,818][tools.train_tools][INFO] - ===== TRAIN (Epoch: 1) =====
[2023-06-04 05:01:41,443][tools.train_tools][INFO] - Loss: 0.02170008051789541
[2023-06-04 05:01:41,445][tools.train_tools][INFO] - ===== TRAIN (Epoch: 2) =====
[2023-06-04 05:04:55,571][tools.train_tools][INFO] - Loss: 0.020552731173085995
[2023-06-04 05:04:55,573][tools.train_tools][INFO] - ===== TRAIN (Epoch: 3) =====
[2023-06-04 05:08:07,424][tools.train_tools][INFO] - Loss: 0.021132943173195574
[2023-06-04 05:08:07,425][tools.train_tools][INFO] - ===== TRAIN (Epoch: 4) =====
[2023-06-04 05:11:20,054][tools.train_tools][INFO] - Loss: 0.0210562314554725
[2023-06-04 05:11:20,055][tools.train_tools][INFO] - ===== Validation (Epoch: 4) =====
[2023-06-04 05:14:12,551][tools.train_tools][INFO] - Loss: 0.019861995807436646
[2023-06-04 05:14:12,558][tools.train_tools][INFO] - ===== TRAIN (Epoch: 5) =====
[2023-06-04 05:17:25,630][tools.train_tools][INFO] - Loss: 0.02088096577242233
[2023-06-04 05:17:25,631][tools.train_tools][INFO] - ===== TRAIN (Epoch: 6) =====
[2023-06-04 05:20:38,378][tools.train_tools][INFO] - Loss: 0.020377398367323305
[2023-06-04 05:20:38,379][tools.train_tools][INFO] - ===== TRAIN (Epoch: 7) =====
[2023-06-04 05:23:47,901][tools.train_tools][INFO] - Loss: 0.020526654694391334
[2023-06-04 05:23:47,902][tools.train_tools][INFO] - ===== TRAIN (Epoch: 8) =====
[2023-06-04 05:26:59,460][tools.train_tools][INFO] - Loss: 0.02040013389499939
[2023-06-04 05:26:59,461][tools.train_tools][INFO] - ===== Validation (Epoch: 8) =====
[2023-06-04 05:29:52,098][tools.train_tools][INFO] - Loss: 0.019417169389360753
[2023-06-04 05:29:52,099][tools.early_stopper][INFO] - Validation metric changed from 0.9844633271232135 to 0.9846426864155275
[2023-06-04 05:29:52,108][tools.train_tools][INFO] - ===== TRAIN (Epoch: 9) =====
[2023-06-04 05:33:05,491][tools.train_tools][INFO] - Loss: 0.02008699485357257
[2023-06-04 05:33:05,492][tools.train_tools][INFO] - ===== TRAIN (Epoch: 10) =====
[2023-06-04 05:36:17,772][tools.train_tools][INFO] - Loss: 0.020266316277717335
[2023-06-04 05:36:17,773][tools.train_tools][INFO] - ===== TRAIN (Epoch: 11) =====
[2023-06-04 05:39:28,945][tools.train_tools][INFO] - Loss: 0.020950471773149744
[2023-06-04 05:39:28,947][tools.train_tools][INFO] - ===== TRAIN (Epoch: 12) =====
[2023-06-04 05:42:39,799][tools.train_tools][INFO] - Loss: 0.02211817295924909
[2023-06-04 05:42:39,800][tools.train_tools][INFO] - ===== Validation (Epoch: 12) =====
[2023-06-04 05:45:32,438][tools.train_tools][INFO] - Loss: 0.019790213703956516
[2023-06-04 05:45:32,447][tools.train_tools][INFO] - ===== TRAIN (Epoch: 13) =====
[2023-06-04 05:48:45,566][tools.train_tools][INFO] - Loss: 0.02082938858834298
[2023-06-04 05:48:45,567][tools.train_tools][INFO] - ===== TRAIN (Epoch: 14) =====
[2023-06-04 05:52:00,212][tools.train_tools][INFO] - Loss: 0.021026628935520632
[2023-06-04 05:52:00,213][tools.train_tools][INFO] - ===== TRAIN (Epoch: 15) =====
[2023-06-04 05:55:13,124][tools.train_tools][INFO] - Loss: 0.021831651110256065
[2023-06-04 05:55:13,125][tools.train_tools][INFO] - ===== TRAIN (Epoch: 16) =====
[2023-06-04 05:58:23,364][tools.train_tools][INFO] - Loss: 0.02063841327511962
[2023-06-04 05:58:23,365][tools.train_tools][INFO] - ===== Validation (Epoch: 16) =====
[2023-06-04 06:01:15,999][tools.train_tools][INFO] - Loss: 0.019735606104807287
[2023-06-04 06:01:16,008][tools.train_tools][INFO] - ===== TRAIN (Epoch: 17) =====
[2023-06-04 06:04:30,099][tools.train_tools][INFO] - Loss: 0.021507714193422293
[2023-06-04 06:04:30,100][tools.train_tools][INFO] - ===== TRAIN (Epoch: 18) =====
[2023-06-04 06:07:40,583][tools.train_tools][INFO] - Loss: 0.022690561282839895
[2023-06-04 06:07:40,585][tools.train_tools][INFO] - ===== TRAIN (Epoch: 19) =====
[2023-06-04 06:10:52,850][tools.train_tools][INFO] - Loss: 0.020603896739582222
[2023-06-04 06:10:52,852][tools.train_tools][INFO] - ===== TRAIN (Epoch: 20) =====
[2023-06-04 06:14:06,671][tools.train_tools][INFO] - Loss: 0.020730390260670927
[2023-06-04 06:14:06,672][tools.train_tools][INFO] - ===== Validation (Epoch: 20) =====
[2023-06-04 06:16:59,324][tools.train_tools][INFO] - Loss: 0.019795844106186854
[2023-06-04 06:16:59,331][tools.train_tools][INFO] - ===== TRAIN (Epoch: 21) =====
[2023-06-04 06:20:11,970][tools.train_tools][INFO] - Loss: 0.021432249678595774
[2023-06-04 06:20:11,971][tools.train_tools][INFO] - ===== TRAIN (Epoch: 22) =====
[2023-06-04 06:23:24,988][tools.train_tools][INFO] - Loss: 0.020629180473801884
[2023-06-04 06:23:24,989][tools.train_tools][INFO] - ===== TRAIN (Epoch: 23) =====
[2023-06-04 06:26:35,993][tools.train_tools][INFO] - Loss: 0.020677811493152294
[2023-06-04 06:26:35,995][tools.train_tools][INFO] - ===== TRAIN (Epoch: 24) =====
[2023-06-04 06:29:48,140][tools.train_tools][INFO] - Loss: 0.020466952928868326
[2023-06-04 06:29:48,141][tools.train_tools][INFO] - ===== Validation (Epoch: 24) =====
[2023-06-04 06:32:40,930][tools.train_tools][INFO] - Loss: 0.02174638411732482
[2023-06-04 06:32:40,937][tools.train_tools][INFO] - ===== TRAIN (Epoch: 25) =====
[2023-06-04 06:35:52,953][tools.train_tools][INFO] - Loss: 0.019952899803393993
[2023-06-04 06:35:52,954][tools.train_tools][INFO] - ===== TRAIN (Epoch: 26) =====
[2023-06-04 06:39:04,509][tools.train_tools][INFO] - Loss: 0.020124627817152203
[2023-06-04 06:39:04,510][tools.train_tools][INFO] - ===== TRAIN (Epoch: 27) =====
[2023-06-04 06:42:17,034][tools.train_tools][INFO] - Loss: 0.020639009098859802
[2023-06-04 06:42:17,035][tools.train_tools][INFO] - ===== TRAIN (Epoch: 28) =====
[2023-06-04 06:45:28,037][tools.train_tools][INFO] - Loss: 0.020048227066687054
[2023-06-04 06:45:28,038][tools.train_tools][INFO] - ===== Validation (Epoch: 28) =====
[2023-06-04 06:48:20,901][tools.train_tools][INFO] - Loss: 0.01998824160164375
[2023-06-04 06:48:20,908][tools.train_tools][INFO] - ===== TRAIN (Epoch: 29) =====
[2023-06-04 06:51:32,083][tools.train_tools][INFO] - Loss: 0.020089738165446812
[2023-06-04 06:51:32,084][tools.train_tools][INFO] - ===== TRAIN (Epoch: 30) =====
[2023-06-04 06:54:41,588][tools.train_tools][INFO] - Loss: 0.0223510241392406
[2023-06-04 06:54:41,590][tools.train_tools][INFO] - ===== TRAIN (Epoch: 31) =====
[2023-06-04 06:57:55,070][tools.train_tools][INFO] - Loss: 0.020816839617285608
[2023-06-04 06:57:55,072][tools.train_tools][INFO] - ===== TRAIN (Epoch: 32) =====
[2023-06-04 07:01:07,401][tools.train_tools][INFO] - Loss: 0.020580500877205875
[2023-06-04 07:01:07,401][tools.train_tools][INFO] - ===== Validation (Epoch: 32) =====
[2023-06-04 07:03:59,949][tools.train_tools][INFO] - Loss: 0.019492361679306774
[2023-06-04 07:03:59,956][tools.train_tools][INFO] - ===== TRAIN (Epoch: 33) =====
[2023-06-04 07:07:12,033][tools.train_tools][INFO] - Loss: 0.020102339378301647
[2023-06-04 07:07:12,034][tools.train_tools][INFO] - ===== TRAIN (Epoch: 34) =====
[2023-06-04 07:10:24,834][tools.train_tools][INFO] - Loss: 0.020056584053605362
[2023-06-04 07:10:24,835][tools.train_tools][INFO] - ===== TRAIN (Epoch: 35) =====
[2023-06-04 07:13:37,977][tools.train_tools][INFO] - Loss: 0.020244150766697916
[2023-06-04 07:13:37,979][tools.train_tools][INFO] - ===== TRAIN (Epoch: 36) =====
[2023-06-04 07:16:48,456][tools.train_tools][INFO] - Loss: 0.020649411411874968
[2023-06-04 07:16:48,457][tools.train_tools][INFO] - ===== Validation (Epoch: 36) =====
[2023-06-04 07:19:40,909][tools.train_tools][INFO] - Loss: 0.022490739910176298
[2023-06-04 07:19:40,917][tools.train_tools][INFO] - ===== TRAIN (Epoch: 37) =====
[2023-06-04 07:22:54,545][tools.train_tools][INFO] - Loss: 0.020150486481092546
[2023-06-04 07:22:54,547][tools.train_tools][INFO] - ===== TRAIN (Epoch: 38) =====
[2023-06-04 07:26:05,838][tools.train_tools][INFO] - Loss: 0.020210116102859593
[2023-06-04 07:26:05,840][tools.train_tools][INFO] - ===== TRAIN (Epoch: 39) =====
[2023-06-04 07:29:16,832][tools.train_tools][INFO] - Loss: 0.02011762061358794
[2023-06-04 07:29:16,834][tools.train_tools][INFO] - ===== TRAIN (Epoch: 40) =====
[2023-06-04 07:32:29,081][tools.train_tools][INFO] - Loss: 0.021128300840601973
[2023-06-04 07:32:29,082][tools.train_tools][INFO] - ===== Validation (Epoch: 40) =====
[2023-06-04 07:35:21,632][tools.train_tools][INFO] - Loss: 0.01936645275287208
[2023-06-04 07:35:21,640][tools.train_tools][INFO] - ===== TRAIN (Epoch: 41) =====
[2023-06-04 07:38:33,201][tools.train_tools][INFO] - Loss: 0.020883476105181202
[2023-06-04 07:38:33,202][tools.train_tools][INFO] - ===== TRAIN (Epoch: 42) =====
[2023-06-04 07:41:45,338][tools.train_tools][INFO] - Loss: 0.020190402352507564
[2023-06-04 07:41:45,339][tools.train_tools][INFO] - ===== TRAIN (Epoch: 43) =====
[2023-06-04 07:45:00,465][tools.train_tools][INFO] - Loss: 0.02059925935379621
[2023-06-04 07:45:00,466][tools.train_tools][INFO] - ===== TRAIN (Epoch: 44) =====
[2023-06-04 07:48:11,598][tools.train_tools][INFO] - Loss: 0.020381636728627094
[2023-06-04 07:48:11,599][tools.train_tools][INFO] - ===== Validation (Epoch: 44) =====
[2023-06-04 07:51:04,262][tools.train_tools][INFO] - Loss: 0.020195495638782618
[2023-06-04 07:51:04,270][tools.train_tools][INFO] - ===== TRAIN (Epoch: 45) =====
[2023-06-04 07:54:16,870][tools.train_tools][INFO] - Loss: 0.01994531629337133
[2023-06-04 07:54:16,871][tools.train_tools][INFO] - ===== TRAIN (Epoch: 46) =====
[2023-06-04 07:57:28,941][tools.train_tools][INFO] - Loss: 0.01985903795592595
[2023-06-04 07:57:28,942][tools.train_tools][INFO] - ===== TRAIN (Epoch: 47) =====
[2023-06-04 08:00:41,663][tools.train_tools][INFO] - Loss: 0.020910911768188944
[2023-06-04 08:00:41,665][tools.train_tools][INFO] - ===== TRAIN (Epoch: 48) =====
[2023-06-04 08:03:53,782][tools.train_tools][INFO] - Loss: 0.02050829823196366
[2023-06-04 08:03:53,782][tools.train_tools][INFO] - ===== Validation (Epoch: 48) =====
[2023-06-04 08:06:46,568][tools.train_tools][INFO] - Loss: 0.020371009290340494
[2023-06-04 08:06:46,575][tools.train_tools][INFO] - ===== TRAIN (Epoch: 49) =====
[2023-06-04 08:09:57,671][tools.train_tools][INFO] - Loss: 0.019854767146803762
[2023-06-04 08:09:57,672][tools.train_tools][INFO] - ===== TRAIN (Epoch: 50) =====
[2023-06-04 08:13:11,281][tools.train_tools][INFO] - Loss: 0.019914901984072683
[2023-06-04 08:13:11,282][tools.train_tools][INFO] - ===== TRAIN (Epoch: 51) =====
[2023-06-04 08:16:25,811][tools.train_tools][INFO] - Loss: 0.020649049478326586
[2023-06-04 08:16:25,812][tools.train_tools][INFO] - ===== TRAIN (Epoch: 52) =====
[2023-06-04 08:19:38,255][tools.train_tools][INFO] - Loss: 0.020451977612801653
[2023-06-04 08:19:38,255][tools.train_tools][INFO] - ===== Validation (Epoch: 52) =====
[2023-06-04 08:22:30,896][tools.train_tools][INFO] - Loss: 0.019925257649089468
[2023-06-04 08:22:30,905][tools.train_tools][INFO] - ===== TRAIN (Epoch: 53) =====
[2023-06-04 08:25:43,930][tools.train_tools][INFO] - Loss: 0.020610213799375124
[2023-06-04 08:25:43,931][tools.train_tools][INFO] - ===== TRAIN (Epoch: 54) =====
[2023-06-04 08:28:57,021][tools.train_tools][INFO] - Loss: 0.01953330781121833
[2023-06-04 08:28:57,023][tools.train_tools][INFO] - ===== TRAIN (Epoch: 55) =====
[2023-06-04 08:32:11,300][tools.train_tools][INFO] - Loss: 0.019735552195081676
[2023-06-04 08:32:11,301][tools.train_tools][INFO] - ===== TRAIN (Epoch: 56) =====
[2023-06-04 08:35:24,928][tools.train_tools][INFO] - Loss: 0.02040022184424426
[2023-06-04 08:35:24,928][tools.train_tools][INFO] - ===== Validation (Epoch: 56) =====
[2023-06-04 08:38:17,662][tools.train_tools][INFO] - Loss: 0.01942793947079631
[2023-06-04 08:38:17,670][tools.train_tools][INFO] - ===== TRAIN (Epoch: 57) =====
[2023-06-04 08:41:31,986][tools.train_tools][INFO] - Loss: 0.02024304386957184
[2023-06-04 08:41:31,987][tools.train_tools][INFO] - ===== TRAIN (Epoch: 58) =====
[2023-06-04 08:44:44,500][tools.train_tools][INFO] - Loss: 0.01976533466950059
[2023-06-04 08:44:44,501][tools.train_tools][INFO] - ===== TRAIN (Epoch: 59) =====
[2023-06-04 08:47:56,553][tools.train_tools][INFO] - Loss: 0.019737571147203013
[2023-06-04 08:47:56,554][tools.train_tools][INFO] - ===== TRAIN (Epoch: 60) =====
[2023-06-04 08:51:09,027][tools.train_tools][INFO] - Loss: 0.02016979639512905
[2023-06-04 08:51:09,028][tools.train_tools][INFO] - ===== Validation (Epoch: 60) =====
[2023-06-04 08:54:01,511][tools.train_tools][INFO] - Loss: 0.019444643733564946
[2023-06-04 08:54:01,519][tools.train_tools][INFO] - ===== TRAIN (Epoch: 61) =====
[2023-06-04 08:57:13,869][tools.train_tools][INFO] - Loss: 0.019652666341837332
[2023-06-04 08:57:13,871][tools.train_tools][INFO] - ===== TRAIN (Epoch: 62) =====
[2023-06-04 09:00:28,023][tools.train_tools][INFO] - Loss: 0.020519438901565212
[2023-06-04 09:00:28,024][tools.train_tools][INFO] - ===== TRAIN (Epoch: 63) =====
[2023-06-04 09:03:37,061][tools.train_tools][INFO] - Loss: 0.0191231376585969
[2023-06-04 09:03:37,062][tools.train_tools][INFO] - ===== TRAIN (Epoch: 64) =====
[2023-06-04 09:06:47,717][tools.train_tools][INFO] - Loss: 0.02041435255871519
[2023-06-04 09:06:47,717][tools.train_tools][INFO] - ===== Validation (Epoch: 64) =====
[2023-06-04 09:09:40,488][tools.train_tools][INFO] - Loss: 0.019696126253054034
[2023-06-04 09:09:40,497][tools.train_tools][INFO] - ===== TRAIN (Epoch: 65) =====
[2023-06-04 09:12:52,787][tools.train_tools][INFO] - Loss: 0.019868594121889793
[2023-06-04 09:12:52,789][tools.train_tools][INFO] - ===== TRAIN (Epoch: 66) =====
[2023-06-04 09:16:06,036][tools.train_tools][INFO] - Loss: 0.019113385658441246
[2023-06-04 09:16:06,037][tools.train_tools][INFO] - ===== TRAIN (Epoch: 67) =====
[2023-06-04 09:19:17,004][tools.train_tools][INFO] - Loss: 0.020009878651657396
[2023-06-04 09:19:17,005][tools.train_tools][INFO] - ===== TRAIN (Epoch: 68) =====
[2023-06-04 09:22:29,431][tools.train_tools][INFO] - Loss: 0.019692825727110754
[2023-06-04 09:22:29,432][tools.train_tools][INFO] - ===== Validation (Epoch: 68) =====
[2023-06-04 09:25:21,834][tools.train_tools][INFO] - Loss: 0.019252059870536943
[2023-06-04 09:25:21,834][tools.early_stopper][INFO] - Early stopping.
