[2023-05-26 16:00:02,495][tools.dataset_tools][INFO] - Created [train][kenguru_Футболки_майки_поло_топы___Топы] ImgMaskSet: 
Size: 30 
Real size: 119 
Device: cuda 

[2023-05-26 16:00:02,495][tools.dataset_tools][INFO] - Created [train][kenguru_Ремни] ImgMaskSet: 
Size: 30 
Real size: 38 
Device: cuda 

[2023-05-26 16:00:02,495][tools.dataset_tools][INFO] - Created [train][kenguru_Украшения___Подвески и кулоны] ImgMaskSet: 
Size: 19 
Real size: 19 
Device: cuda 

[2023-05-26 16:00:02,495][tools.dataset_tools][INFO] - Created [train][kenguru_Головные уборы___Панамы] ImgMaskSet: 
Size: 30 
Real size: 154 
Device: cuda 

[2023-05-26 16:00:02,495][tools.dataset_tools][INFO] - Created [train][kenguru_Юбки] ImgMaskSet: 
Size: 30 
Real size: 124 
Device: cuda 

[2023-05-26 16:00:02,495][tools.dataset_tools][INFO] - Created [train][kenguru_Джемперы_свитеры_кардиганы_кофты___Джемперы] ImgMaskSet: 
Size: 30 
Real size: 121 
Device: cuda 

[2023-05-26 16:00:02,495][tools.dataset_tools][INFO] - Created [train][kenguru_Платья_сарафаны] ImgMaskSet: 
Size: 30 
Real size: 831 
Device: cuda 

[2023-05-26 16:00:02,495][tools.dataset_tools][INFO] - Created [train][kenguru_Школьная одежда___Брюки] ImgMaskSet: 
Size: 25 
Real size: 25 
Device: cuda 

[2023-05-26 16:00:02,495][tools.dataset_tools][INFO] - Created [train][kenguru_Верхняя одежда___Пуховики] ImgMaskSet: 
Size: 30 
Real size: 131 
Device: cuda 

[2023-05-26 16:00:02,495][tools.dataset_tools][INFO] - Created [train][kenguru_Сумки_рюкзаки и чемоданы___Сумки через плечо] ImgMaskSet: 
Size: 30 
Real size: 89 
Device: cuda 

[2023-05-26 16:00:02,496][tools.dataset_tools][INFO] - Created [train][kenguru_Домашняя одежда и бельё___Колготки] ImgMaskSet: 
Size: 30 
Real size: 195 
Device: cuda 

[2023-05-26 16:00:02,496][tools.dataset_tools][INFO] - Created [train][kenguru_Верхняя одежда___Шубы] ImgMaskSet: 
Size: 21 
Real size: 21 
Device: cuda 

[2023-05-26 16:00:02,496][tools.dataset_tools][INFO] - Created [train][puma_Обувь___Бутсы] ImgMaskSet: 
Size: 30 
Real size: 99 
Device: cuda 

[2023-05-26 16:00:02,496][tools.dataset_tools][INFO] - Created [train][kenguru_Обувь] ImgMaskSet: 
Size: 30 
Real size: 52 
Device: cuda 

[2023-05-26 16:00:02,496][tools.dataset_tools][INFO] - Created [train][puma_Домашняя одежда и бельё___Носки] ImgMaskSet: 
Size: 30 
Real size: 247 
Device: cuda 

[2023-05-26 16:00:02,496][tools.dataset_tools][INFO] - Created [train][puma_Нижнее бельё] ImgMaskSet: 
Size: 30 
Real size: 195 
Device: cuda 

[2023-05-26 16:00:02,496][tools.dataset_tools][INFO] - Created [train][kenguru_Спортивная одежда___Костюмы] ImgMaskSet: 
Size: 30 
Real size: 75 
Device: cuda 

[2023-05-26 16:00:02,496][tools.dataset_tools][INFO] - Created [train][kenguru_Джемперы_свитеры_кардиганы_кофты___Кофты] ImgMaskSet: 
Size: 30 
Real size: 31 
Device: cuda 

[2023-05-26 16:00:02,496][tools.dataset_tools][INFO] - Created [train][kenguru_Обувь___Босоножки] ImgMaskSet: 
Size: 30 
Real size: 113 
Device: cuda 

[2023-05-26 16:00:02,496][tools.dataset_tools][INFO] - Created [train][kenguru_Футболки_майки_поло_топы___Поло] ImgMaskSet: 
Size: 30 
Real size: 41 
Device: cuda 

[2023-05-26 16:00:02,496][tools.dataset_tools][INFO] - Created [train][kenguru_Комбинезоны] ImgMaskSet: 
Size: 30 
Real size: 643 
Device: cuda 

[2023-05-26 16:00:02,496][tools.dataset_tools][INFO] - Created [train][puma_Толстовки_олимпийки_худи_лонгсливы] ImgMaskSet: 
Size: 30 
Real size: 77 
Device: cuda 

[2023-05-26 16:00:02,496][tools.dataset_tools][INFO] - Created [train][kenguru_Украшения] ImgMaskSet: 
Size: 19 
Real size: 19 
Device: cuda 

[2023-05-26 16:00:02,496][tools.dataset_tools][INFO] - Created [train][kenguru_Домашняя одежда и бельё] ImgMaskSet: 
Size: 30 
Real size: 102 
Device: cuda 

[2023-05-26 16:00:02,496][tools.dataset_tools][INFO] - Created [train][puma_Футболки_майки_поло_топы___Футболки] ImgMaskSet: 
Size: 30 
Real size: 1582 
Device: cuda 

[2023-05-26 16:00:02,496][tools.dataset_tools][INFO] - Created [train][kenguru_Костюмы_пиджаки___Пиджаки] ImgMaskSet: 
Size: 30 
Real size: 66 
Device: cuda 

[2023-05-26 16:00:02,496][tools.dataset_tools][INFO] - Created [train][kenguru_Украшения___Колье] ImgMaskSet: 
Size: 27 
Real size: 27 
Device: cuda 

[2023-05-26 16:00:02,496][tools.dataset_tools][INFO] - Created [train][puma_Перчатки и варежки] ImgMaskSet: 
Size: 27 
Real size: 27 
Device: cuda 

[2023-05-26 16:00:02,496][tools.dataset_tools][INFO] - Created [train][kenguru_Платки_шарфы_шали___Шарфы] ImgMaskSet: 
Size: 30 
Real size: 186 
Device: cuda 

[2023-05-26 16:00:02,496][tools.dataset_tools][INFO] - Created [train][kenguru_Головные уборы] ImgMaskSet: 
Size: 30 
Real size: 101 
Device: cuda 

[2023-05-26 16:00:02,496][tools.dataset_tools][INFO] - Created [train][puma_Обувь___Кроссовки] ImgMaskSet: 
Size: 30 
Real size: 1341 
Device: cuda 

[2023-05-26 16:00:02,496][tools.dataset_tools][INFO] - Created [train][puma_Футболки_майки_поло_топы___Топы] ImgMaskSet: 
Size: 30 
Real size: 126 
Device: cuda 

[2023-05-26 16:00:02,496][tools.dataset_tools][INFO] - Created [train][kenguru_Блузки_рубашки___Рубашки] ImgMaskSet: 
Size: 30 
Real size: 199 
Device: cuda 

[2023-05-26 16:00:02,496][tools.dataset_tools][INFO] - Created [train][puma_Шорты_бриджи___Шорты] ImgMaskSet: 
Size: 30 
Real size: 365 
Device: cuda 

[2023-05-26 16:00:02,496][tools.dataset_tools][INFO] - Created [train][puma_Спортивная одежда___Леггинсы] ImgMaskSet: 
Size: 30 
Real size: 170 
Device: cuda 

[2023-05-26 16:00:02,496][tools.dataset_tools][INFO] - Created [train][kenguru_Спортивная одежда___Спортивные куртки] ImgMaskSet: 
Size: 30 
Real size: 166 
Device: cuda 

[2023-05-26 16:00:02,496][tools.dataset_tools][INFO] - Created [train][kenguru_Толстовки_олимпийки_худи_лонгсливы] ImgMaskSet: 
Size: 30 
Real size: 245 
Device: cuda 

[2023-05-26 16:00:02,496][tools.dataset_tools][INFO] - Created [train][puma_Головные уборы___Кепки] ImgMaskSet: 
Size: 30 
Real size: 82 
Device: cuda 

[2023-05-26 16:00:02,496][tools.dataset_tools][INFO] - Created [train][kenguru_Головные уборы___Шапки] ImgMaskSet: 
Size: 30 
Real size: 1397 
Device: cuda 

[2023-05-26 16:00:02,496][tools.dataset_tools][INFO] - Created [train][puma_Другое] ImgMaskSet: 
Size: 30 
Real size: 46 
Device: cuda 

[2023-05-26 16:00:02,496][tools.dataset_tools][INFO] - Created [train][kenguru_Аксессуары___Галстуки_бабочки] ImgMaskSet: 
Size: 19 
Real size: 19 
Device: cuda 

[2023-05-26 16:00:02,496][tools.dataset_tools][INFO] - Created [train][kenguru_Джинсы] ImgMaskSet: 
Size: 30 
Real size: 184 
Device: cuda 

[2023-05-26 16:00:02,496][tools.dataset_tools][INFO] - Created [train][puma_Разное] ImgMaskSet: 
Size: 30 
Real size: 77 
Device: cuda 

[2023-05-26 16:00:02,496][tools.dataset_tools][INFO] - Created [train][kenguru_Джемперы_свитеры_кардиганы_кофты___Свитшоты] ImgMaskSet: 
Size: 30 
Real size: 54 
Device: cuda 

[2023-05-26 16:00:02,496][tools.dataset_tools][INFO] - Created [train][kenguru_Головные уборы___Бейсболки] ImgMaskSet: 
Size: 30 
Real size: 206 
Device: cuda 

[2023-05-26 16:00:02,496][tools.dataset_tools][INFO] - Created [train][kenguru_Верхняя одежда___Ветровки] ImgMaskSet: 
Size: 30 
Real size: 55 
Device: cuda 

[2023-05-26 16:00:02,496][tools.dataset_tools][INFO] - Created [train][puma_Джемперы_свитеры_кардиганы_кофты___Свитшоты] ImgMaskSet: 
Size: 30 
Real size: 54 
Device: cuda 

[2023-05-26 16:00:02,496][tools.dataset_tools][INFO] - Created [train][kenguru_Нижнее бельё] ImgMaskSet: 
Size: 30 
Real size: 47 
Device: cuda 

[2023-05-26 16:00:02,496][tools.dataset_tools][INFO] - Created [train][kenguru_Платья_сарафаны___Сарафаны] ImgMaskSet: 
Size: 30 
Real size: 55 
Device: cuda 

[2023-05-26 16:00:02,496][tools.dataset_tools][INFO] - Created [train][kenguru_Брюки___Классические] ImgMaskSet: 
Size: 22 
Real size: 22 
Device: cuda 

[2023-05-26 16:00:02,496][tools.dataset_tools][INFO] - Created [train][puma_Украшения___Комплекты] ImgMaskSet: 
Size: 30 
Real size: 37 
Device: cuda 

[2023-05-26 16:00:02,497][tools.dataset_tools][INFO] - Created [train][puma_Толстовки_олимпийки_худи_лонгсливы___Олимпийки] ImgMaskSet: 
Size: 30 
Real size: 147 
Device: cuda 

[2023-05-26 16:00:02,497][tools.dataset_tools][INFO] - Created [train][puma_Толстовки_олимпийки_худи_лонгсливы___Худи] ImgMaskSet: 
Size: 19 
Real size: 19 
Device: cuda 

[2023-05-26 16:00:02,497][tools.dataset_tools][INFO] - Created [train][puma_Головные уборы___Шапки] ImgMaskSet: 
Size: 30 
Real size: 167 
Device: cuda 

[2023-05-26 16:00:02,497][tools.dataset_tools][INFO] - Created [train][kenguru_Верхняя одежда___Жилеты (верхняя одежда)] ImgMaskSet: 
Size: 30 
Real size: 59 
Device: cuda 

[2023-05-26 16:00:02,497][tools.dataset_tools][INFO] - Created [train][kenguru_Спортивная одежда___Спортивные брюки] ImgMaskSet: 
Size: 30 
Real size: 456 
Device: cuda 

[2023-05-26 16:00:02,497][tools.dataset_tools][INFO] - Created [train][kenguru_Брюки___Леггинсы] ImgMaskSet: 
Size: 30 
Real size: 143 
Device: cuda 

[2023-05-26 16:00:02,497][tools.dataset_tools][INFO] - Created [train][puma_Верхняя одежда___Куртки] ImgMaskSet: 
Size: 30 
Real size: 133 
Device: cuda 

[2023-05-26 16:00:02,497][tools.dataset_tools][INFO] - Created [train][kenguru_Джемперы_свитеры_кардиганы_кофты___Кардиганы] ImgMaskSet: 
Size: 30 
Real size: 54 
Device: cuda 

[2023-05-26 16:00:02,497][tools.dataset_tools][INFO] - Created [train][puma_Толстовки_олимпийки_худи_лонгсливы___Лонгсливы] ImgMaskSet: 
Size: 30 
Real size: 47 
Device: cuda 

[2023-05-26 16:00:02,497][tools.dataset_tools][INFO] - Created [train][puma_Верхняя одежда___Ветровки] ImgMaskSet: 
Size: 30 
Real size: 41 
Device: cuda 

[2023-05-26 16:00:02,497][tools.dataset_tools][INFO] - Created [train][kenguru_Шорты_бриджи] ImgMaskSet: 
Size: 19 
Real size: 19 
Device: cuda 

[2023-05-26 16:00:02,497][tools.dataset_tools][INFO] - Created [train][kenguru_Блузки_рубашки___Блузки] ImgMaskSet: 
Size: 30 
Real size: 35 
Device: cuda 

[2023-05-26 16:00:02,497][tools.dataset_tools][INFO] - Created [train][kenguru_Верхняя одежда___Куртки] ImgMaskSet: 
Size: 30 
Real size: 265 
Device: cuda 

[2023-05-26 16:00:02,497][tools.dataset_tools][INFO] - Created [train][kenguru_Перчатки и варежки] ImgMaskSet: 
Size: 30 
Real size: 215 
Device: cuda 

[2023-05-26 16:00:02,497][tools.dataset_tools][INFO] - Created [train][kenguru_Другое] ImgMaskSet: 
Size: 30 
Real size: 56 
Device: cuda 

[2023-05-26 16:00:02,497][tools.dataset_tools][INFO] - Created [train][kenguru_Обувь___Сапоги] ImgMaskSet: 
Size: 30 
Real size: 108 
Device: cuda 

[2023-05-26 16:00:02,497][tools.dataset_tools][INFO] - Created [train][kenguru_Шорты_бриджи___Шорты] ImgMaskSet: 
Size: 30 
Real size: 248 
Device: cuda 

[2023-05-26 16:00:02,497][tools.dataset_tools][INFO] - Created [train][puma_Футболки_майки_поло_топы___Поло] ImgMaskSet: 
Size: 30 
Real size: 55 
Device: cuda 

[2023-05-26 16:00:02,497][tools.dataset_tools][INFO] - Created [train][kenguru_Верхняя одежда___Пальто] ImgMaskSet: 
Size: 30 
Real size: 42 
Device: cuda 

[2023-05-26 16:00:02,497][tools.dataset_tools][INFO] - Created [train][kenguru_Джемперы_свитеры_кардиганы_кофты___Водолазки] ImgMaskSet: 
Size: 30 
Real size: 110 
Device: cuda 

[2023-05-26 16:00:02,497][tools.dataset_tools][INFO] - Created [train][kenguru_Домашняя одежда и бельё___Носки] ImgMaskSet: 
Size: 30 
Real size: 768 
Device: cuda 

[2023-05-26 16:00:02,497][tools.dataset_tools][INFO] - Created [train][kenguru_Шорты_бриджи___Джинсовые шорты] ImgMaskSet: 
Size: 30 
Real size: 38 
Device: cuda 

[2023-05-26 16:00:02,497][tools.dataset_tools][INFO] - Created [train][kenguru_Обувь___Туфли] ImgMaskSet: 
Size: 30 
Real size: 88 
Device: cuda 

[2023-05-26 16:00:02,497][tools.dataset_tools][INFO] - Created [train][puma_Толстовки_олимпийки_худи_лонгсливы___Толстовки] ImgMaskSet: 
Size: 30 
Real size: 957 
Device: cuda 

[2023-05-26 16:00:02,497][tools.dataset_tools][INFO] - Created [train][kenguru_Сумки_рюкзаки и чемоданы___Рюкзаки] ImgMaskSet: 
Size: 30 
Real size: 58 
Device: cuda 

[2023-05-26 16:00:02,497][tools.dataset_tools][INFO] - Created [train][puma_Обувь___Кеды] ImgMaskSet: 
Size: 30 
Real size: 351 
Device: cuda 

[2023-05-26 16:00:02,497][tools.dataset_tools][INFO] - Created [train][kenguru_Обувь___Ботинки] ImgMaskSet: 
Size: 30 
Real size: 91 
Device: cuda 

[2023-05-26 16:00:02,497][tools.dataset_tools][INFO] - Created [train][puma_Футболки_майки_поло_топы___Майки] ImgMaskSet: 
Size: 30 
Real size: 53 
Device: cuda 

[2023-05-26 16:00:02,497][tools.dataset_tools][INFO] - Created [train][kenguru_Верхняя одежда___Джинсовые куртки] ImgMaskSet: 
Size: 30 
Real size: 47 
Device: cuda 

[2023-05-26 16:00:02,497][tools.dataset_tools][INFO] - Created [train][puma_Платья_сарафаны] ImgMaskSet: 
Size: 30 
Real size: 48 
Device: cuda 

[2023-05-26 16:00:02,497][tools.dataset_tools][INFO] - Created [train][kenguru_Футболки_майки_поло_топы___Футболки] ImgMaskSet: 
Size: 30 
Real size: 871 
Device: cuda 

[2023-05-26 16:00:02,497][tools.dataset_tools][INFO] - Created [train][puma_Пляжная одежда___Плавки] ImgMaskSet: 
Size: 30 
Real size: 67 
Device: cuda 

[2023-05-26 16:00:02,497][tools.dataset_tools][INFO] - Created [train][puma_Пляжная одежда] ImgMaskSet: 
Size: 23 
Real size: 23 
Device: cuda 

[2023-05-26 16:00:02,497][tools.dataset_tools][INFO] - Created [train][puma_Юбки] ImgMaskSet: 
Size: 24 
Real size: 24 
Device: cuda 

[2023-05-26 16:00:02,497][tools.dataset_tools][INFO] - Created [train][kenguru_Брюки___Спортивные брюки casual] ImgMaskSet: 
Size: 30 
Real size: 39 
Device: cuda 

[2023-05-26 16:00:02,497][tools.dataset_tools][INFO] - Created [train][kenguru_Обувь___Сандалии] ImgMaskSet: 
Size: 30 
Real size: 101 
Device: cuda 

[2023-05-26 16:00:02,497][tools.dataset_tools][INFO] - Created [train][kenguru_Брюки___Джоггеры] ImgMaskSet: 
Size: 24 
Real size: 24 
Device: cuda 

[2023-05-26 16:00:02,497][tools.dataset_tools][INFO] - Created [train][puma_Брюки] ImgMaskSet: 
Size: 30 
Real size: 705 
Device: cuda 

[2023-05-26 16:00:02,497][tools.dataset_tools][INFO] - Created [train][puma_Аксессуары] ImgMaskSet: 
Size: 30 
Real size: 44 
Device: cuda 

[2023-05-26 16:00:02,497][tools.dataset_tools][INFO] - Created [train][kenguru_Костюмы_пиджаки___Жилеты] ImgMaskSet: 
Size: 30 
Real size: 31 
Device: cuda 

[2023-05-26 16:00:02,497][tools.dataset_tools][INFO] - Created [train][puma_Спортивная одежда___Костюмы] ImgMaskSet: 
Size: 30 
Real size: 41 
Device: cuda 

[2023-05-26 16:00:02,497][tools.dataset_tools][INFO] - Created [train][kenguru_Украшения___Браслеты] ImgMaskSet: 
Size: 30 
Real size: 48 
Device: cuda 

[2023-05-26 16:00:02,498][tools.dataset_tools][INFO] - Created [train][puma_Сумки_рюкзаки и чемоданы___Рюкзаки] ImgMaskSet: 
Size: 30 
Real size: 169 
Device: cuda 

[2023-05-26 16:00:02,498][tools.dataset_tools][INFO] - Created [train][puma_Сумки_рюкзаки и чемоданы___Поясные сумки] ImgMaskSet: 
Size: 21 
Real size: 21 
Device: cuda 

[2023-05-26 16:00:02,498][tools.dataset_tools][INFO] - Created [train][kenguru_Джемперы_свитеры_кардиганы_кофты] ImgMaskSet: 
Size: 30 
Real size: 62 
Device: cuda 

[2023-05-26 16:00:02,498][tools.dataset_tools][INFO] - Created [train][kenguru_Школьная одежда___Рюкзаки_ранцы_сумки] ImgMaskSet: 
Size: 30 
Real size: 43 
Device: cuda 

[2023-05-26 16:00:02,498][tools.dataset_tools][INFO] - Created [train][kenguru_Аксессуары___Для волос] ImgMaskSet: 
Size: 30 
Real size: 664 
Device: cuda 

[2023-05-26 16:00:02,498][tools.dataset_tools][INFO] - Created [train][kenguru_Обувь___Кроссовки] ImgMaskSet: 
Size: 30 
Real size: 206 
Device: cuda 

[2023-05-26 16:00:02,498][tools.dataset_tools][INFO] - Created [train][kenguru_Джинсы___Клеш] ImgMaskSet: 
Size: 19 
Real size: 19 
Device: cuda 

[2023-05-26 16:00:02,498][tools.dataset_tools][INFO] - Created [train][puma_Сумки_рюкзаки и чемоданы] ImgMaskSet: 
Size: 30 
Real size: 155 
Device: cuda 

[2023-05-26 16:00:02,498][tools.dataset_tools][INFO] - Created [train][kenguru_Толстовки_олимпийки_худи_лонгсливы___Толстовки] ImgMaskSet: 
Size: 30 
Real size: 328 
Device: cuda 

[2023-05-26 16:00:02,498][tools.dataset_tools][INFO] - Created [train][puma_Спортивная одежда___Спортивные брюки] ImgMaskSet: 
Size: 30 
Real size: 30 
Device: cuda 

[2023-05-26 16:00:02,498][tools.dataset_tools][INFO] - Created [train][puma_Обувь___Шлепанцы] ImgMaskSet: 
Size: 30 
Real size: 62 
Device: cuda 

[2023-05-26 16:00:02,498][tools.dataset_tools][INFO] - Created [train][puma_Блузки_рубашки___Рубашки] ImgMaskSet: 
Size: 30 
Real size: 33 
Device: cuda 

[2023-05-26 16:00:02,498][tools.dataset_tools][INFO] - Created [train][kenguru_Футболки_майки_поло_топы___Майки] ImgMaskSet: 
Size: 21 
Real size: 21 
Device: cuda 

[2023-05-26 16:00:02,498][tools.dataset_tools][INFO] - Created [train][kenguru_Блузки_рубашки] ImgMaskSet: 
Size: 24 
Real size: 24 
Device: cuda 

[2023-05-26 16:00:02,498][tools.dataset_tools][INFO] - Created [train][kenguru_Обувь___Шлепанцы] ImgMaskSet: 
Size: 18 
Real size: 18 
Device: cuda 

[2023-05-26 16:00:02,498][tools.dataset_tools][INFO] - Created [train][kenguru_Обувь___Резиновые сапоги] ImgMaskSet: 
Size: 24 
Real size: 24 
Device: cuda 

[2023-05-26 16:00:02,498][tools.dataset_tools][INFO] - Created [train][kenguru_Брюки___Бермуды] ImgMaskSet: 
Size: 30 
Real size: 140 
Device: cuda 

[2023-05-26 16:00:02,498][tools.dataset_tools][INFO] - Created [train][kenguru_Брюки] ImgMaskSet: 
Size: 30 
Real size: 352 
Device: cuda 

[2023-05-26 16:00:02,498][tools.dataset_tools][INFO] - Created [train][kenguru_Обувь___Кеды] ImgMaskSet: 
Size: 30 
Real size: 209 
Device: cuda 

[2023-05-26 16:00:02,498][tools.dataset_tools][INFO] - Created [train][kenguru_Костюмы_пиджаки] ImgMaskSet: 
Size: 30 
Real size: 53 
Device: cuda 

[2023-05-26 16:00:02,498][tools.dataset_tools][INFO] - Created [train][kenguru_Очки] ImgMaskSet: 
Size: 26 
Real size: 26 
Device: cuda 

[2023-05-26 16:00:02,498][tools.dataset_tools][INFO] - Created [train][kenguru_Футболки_майки_поло_топы___Боди] ImgMaskSet: 
Size: 30 
Real size: 118 
Device: cuda 

[2023-05-26 16:00:02,498][tools.dataset_tools][INFO] - Created [train][kenguru_Школьная одежда___Блузы_рубашки] ImgMaskSet: 
Size: 30 
Real size: 40 
Device: cuda 

[2023-05-26 16:00:02,498][tools.dataset_tools][INFO] - Created train MultiImgMaskSet: 
Size: 3321 
Real size: 20250 
Device: cuda 

[2023-05-26 16:00:02,499][tools.dataset_tools][INFO] - Created [test][kenguru_Школьная одежда___Водолазки] ImgMaskSet: 
Size: 8 
Real size: 8 
Device: cuda 

[2023-05-26 16:00:02,499][tools.dataset_tools][INFO] - Created [test][kenguru_Школьная одежда___Платья_сарафаны] ImgMaskSet: 
Size: 22 
Real size: 22 
Device: cuda 

[2023-05-26 16:00:02,499][tools.dataset_tools][INFO] - Created [test][kenguru_Брюки___Бананы] ImgMaskSet: 
Size: 2 
Real size: 2 
Device: cuda 

[2023-05-26 16:00:02,499][tools.dataset_tools][INFO] - Created [test][kenguru_Спортивная одежда___Леггинсы] ImgMaskSet: 
Size: 1 
Real size: 1 
Device: cuda 

[2023-05-26 16:00:02,499][tools.dataset_tools][INFO] - Created [test][puma_Сумки_рюкзаки и чемоданы___Мягкая сумка дафл (duffle bag)] ImgMaskSet: 
Size: 2 
Real size: 2 
Device: cuda 

[2023-05-26 16:00:02,499][tools.dataset_tools][INFO] - Created [test][kenguru_Футболки_майки_поло_топы] ImgMaskSet: 
Size: 11 
Real size: 11 
Device: cuda 

[2023-05-26 16:00:02,499][tools.dataset_tools][INFO] - Created [test][kenguru_Костюмы_пиджаки___Костюмы] ImgMaskSet: 
Size: 12 
Real size: 12 
Device: cuda 

[2023-05-26 16:00:02,499][tools.dataset_tools][INFO] - Created [test][kenguru_Домашняя одежда и бельё___Пижамы] ImgMaskSet: 
Size: 1 
Real size: 1 
Device: cuda 

[2023-05-26 16:00:02,499][tools.dataset_tools][INFO] - Created [test][kenguru_Брюки___Кожаные] ImgMaskSet: 
Size: 2 
Real size: 2 
Device: cuda 

[2023-05-26 16:00:02,499][tools.dataset_tools][INFO] - Created [test][kenguru_Обувь___Мокасины] ImgMaskSet: 
Size: 8 
Real size: 8 
Device: cuda 

[2023-05-26 16:00:02,499][tools.dataset_tools][INFO] - Created [test][puma_Верхняя одежда___Жилеты (верхняя одежда)] ImgMaskSet: 
Size: 11 
Real size: 11 
Device: cuda 

[2023-05-26 16:00:02,499][tools.dataset_tools][INFO] - Created [test][puma_Верхняя одежда___Бомберы] ImgMaskSet: 
Size: 18 
Real size: 18 
Device: cuda 

[2023-05-26 16:00:02,499][tools.dataset_tools][INFO] - Created [test][puma_Шорты_бриджи] ImgMaskSet: 
Size: 6 
Real size: 6 
Device: cuda 

[2023-05-26 16:00:02,499][tools.dataset_tools][INFO] - Created [test][kenguru_Пляжная одежда] ImgMaskSet: 
Size: 11 
Real size: 11 
Device: cuda 

[2023-05-26 16:00:02,499][tools.dataset_tools][INFO] - Created [test][puma_Сумки_рюкзаки и чемоданы___Кроссбоди сумка] ImgMaskSet: 
Size: 9 
Real size: 9 
Device: cuda 

[2023-05-26 16:00:02,499][tools.dataset_tools][INFO] - Created [test][kenguru_Головные уборы___Кепки] ImgMaskSet: 
Size: 13 
Real size: 13 
Device: cuda 

[2023-05-26 16:00:02,499][tools.dataset_tools][INFO] - Created [test][puma_Верхняя одежда___Пальто] ImgMaskSet: 
Size: 6 
Real size: 6 
Device: cuda 

[2023-05-26 16:00:02,499][tools.dataset_tools][INFO] - Created [test][kenguru_Блузки_рубашки___Джинсовые рубашки] ImgMaskSet: 
Size: 11 
Real size: 11 
Device: cuda 

[2023-05-26 16:00:02,499][tools.dataset_tools][INFO] - Created [test][kenguru_Головные уборы___Береты] ImgMaskSet: 
Size: 8 
Real size: 8 
Device: cuda 

[2023-05-26 16:00:02,499][tools.dataset_tools][INFO] - Created [test][kenguru_Юбки___Ассиметричная] ImgMaskSet: 
Size: 1 
Real size: 1 
Device: cuda 

[2023-05-26 16:00:02,499][tools.dataset_tools][INFO] - Created [test][kenguru_Верхняя одежда___Дубленки] ImgMaskSet: 
Size: 2 
Real size: 2 
Device: cuda 

[2023-05-26 16:00:02,499][tools.dataset_tools][INFO] - Created [test][puma_Головные уборы] ImgMaskSet: 
Size: 5 
Real size: 5 
Device: cuda 

[2023-05-26 16:00:02,499][tools.dataset_tools][INFO] - Created [test][kenguru_Брюки___Прямые] ImgMaskSet: 
Size: 10 
Real size: 10 
Device: cuda 

[2023-05-26 16:00:02,499][tools.dataset_tools][INFO] - Created [test][kenguru_Юбки___Миди] ImgMaskSet: 
Size: 2 
Real size: 2 
Device: cuda 

[2023-05-26 16:00:02,499][tools.dataset_tools][INFO] - Created [test][kenguru_Разное] ImgMaskSet: 
Size: 1 
Real size: 1 
Device: cuda 

[2023-05-26 16:00:02,499][tools.dataset_tools][INFO] - Created [test][kenguru_Школьная одежда___Костюмы] ImgMaskSet: 
Size: 5 
Real size: 5 
Device: cuda 

[2023-05-26 16:00:02,499][tools.dataset_tools][INFO] - Created [test][kenguru_Платья_сарафаны___Туники] ImgMaskSet: 
Size: 1 
Real size: 1 
Device: cuda 

[2023-05-26 16:00:02,499][tools.dataset_tools][INFO] - Created [test][kenguru_Домашняя одежда и бельё___Гольфы] ImgMaskSet: 
Size: 15 
Real size: 15 
Device: cuda 

[2023-05-26 16:00:02,499][tools.dataset_tools][INFO] - Created [test][kenguru_Школьная одежда___Кофты_кардиганы_джемперы] ImgMaskSet: 
Size: 10 
Real size: 10 
Device: cuda 

[2023-05-26 16:00:02,499][tools.dataset_tools][INFO] - Created [test][kenguru_Платья_сарафаны___Мини] ImgMaskSet: 
Size: 13 
Real size: 13 
Device: cuda 

[2023-05-26 16:00:02,499][tools.dataset_tools][INFO] - Created [test][kenguru_Юбки___Пачка] ImgMaskSet: 
Size: 2 
Real size: 2 
Device: cuda 

[2023-05-26 16:00:02,499][tools.dataset_tools][INFO] - Created [test][kenguru_Юбки___Карандаш] ImgMaskSet: 
Size: 5 
Real size: 5 
Device: cuda 

[2023-05-26 16:00:02,499][tools.dataset_tools][INFO] - Created [test][puma_Головные уборы___Панамы] ImgMaskSet: 
Size: 10 
Real size: 10 
Device: cuda 

[2023-05-26 16:00:02,499][tools.dataset_tools][INFO] - Created [test][kenguru_Джинсы___Широкие] ImgMaskSet: 
Size: 10 
Real size: 10 
Device: cuda 

[2023-05-26 16:00:02,499][tools.dataset_tools][INFO] - Created [test][puma_Платки_шарфы_шали___Шарфы] ImgMaskSet: 
Size: 5 
Real size: 5 
Device: cuda 

[2023-05-26 16:00:02,499][tools.dataset_tools][INFO] - Created [test][kenguru_Спортивная одежда] ImgMaskSet: 
Size: 2 
Real size: 2 
Device: cuda 

[2023-05-26 16:00:02,499][tools.dataset_tools][INFO] - Created [test][puma_Обувь___Сандалии] ImgMaskSet: 
Size: 1 
Real size: 1 
Device: cuda 

[2023-05-26 16:00:02,500][tools.dataset_tools][INFO] - Created [test][puma_Кошельки] ImgMaskSet: 
Size: 5 
Real size: 5 
Device: cuda 

[2023-05-26 16:00:02,500][tools.dataset_tools][INFO] - Created [test][puma_Домашняя одежда и бельё___Гольфы] ImgMaskSet: 
Size: 4 
Real size: 4 
Device: cuda 

[2023-05-26 16:00:02,500][tools.dataset_tools][INFO] - Created [test][kenguru_Обувь___Лоферы] ImgMaskSet: 
Size: 19 
Real size: 19 
Device: cuda 

[2023-05-26 16:00:02,500][tools.dataset_tools][INFO] - Created [test][puma_Верхняя одежда___Парки] ImgMaskSet: 
Size: 2 
Real size: 2 
Device: cuda 

[2023-05-26 16:00:02,500][tools.dataset_tools][INFO] - Created [test][kenguru_Сумки_рюкзаки и чемоданы] ImgMaskSet: 
Size: 1 
Real size: 1 
Device: cuda 

[2023-05-26 16:00:02,500][tools.dataset_tools][INFO] - Created [test][puma_Джемперы_свитеры_кардиганы_кофты___Кардиганы] ImgMaskSet: 
Size: 1 
Real size: 1 
Device: cuda 

[2023-05-26 16:00:02,500][tools.dataset_tools][INFO] - Created [test][kenguru_Украшения___Комплекты] ImgMaskSet: 
Size: 1 
Real size: 1 
Device: cuda 

[2023-05-26 16:00:02,500][tools.dataset_tools][INFO] - Created [test][kenguru_Школьная одежда___Толстовки] ImgMaskSet: 
Size: 8 
Real size: 8 
Device: cuda 

[2023-05-26 16:00:02,500][tools.dataset_tools][INFO] - Created [test][kenguru_Верхняя одежда___Плащи] ImgMaskSet: 
Size: 24 
Real size: 24 
Device: cuda 

[2023-05-26 16:00:02,500][tools.dataset_tools][INFO] - Created [test][kenguru_Пляжная одежда___Раздельные купальники] ImgMaskSet: 
Size: 4 
Real size: 4 
Device: cuda 

[2023-05-26 16:00:02,500][tools.dataset_tools][INFO] - Created [test][kenguru_Джемперы_свитеры_кардиганы_кофты___Свитеры] ImgMaskSet: 
Size: 20 
Real size: 20 
Device: cuda 

[2023-05-26 16:00:02,500][tools.dataset_tools][INFO] - Created [test][kenguru_Платки_шарфы_шали___Платки] ImgMaskSet: 
Size: 4 
Real size: 4 
Device: cuda 

[2023-05-26 16:00:02,500][tools.dataset_tools][INFO] - Created [test][kenguru_Школьная одежда___Жилеты] ImgMaskSet: 
Size: 8 
Real size: 8 
Device: cuda 

[2023-05-26 16:00:02,500][tools.dataset_tools][INFO] - Created [test][kenguru_Школьная одежда___Пиджаки_жакеты] ImgMaskSet: 
Size: 15 
Real size: 15 
Device: cuda 

[2023-05-26 16:00:02,500][tools.dataset_tools][INFO] - Created [test][kenguru_Толстовки_олимпийки_худи_лонгсливы___Лонгсливы] ImgMaskSet: 
Size: 2 
Real size: 2 
Device: cuda 

[2023-05-26 16:00:02,500][tools.dataset_tools][INFO] - Created [test][kenguru_Школьная одежда___Юбки] ImgMaskSet: 
Size: 19 
Real size: 19 
Device: cuda 

[2023-05-26 16:00:02,500][tools.dataset_tools][INFO] - Created [test][kenguru_Украшения___Ожерелья] ImgMaskSet: 
Size: 1 
Real size: 1 
Device: cuda 

[2023-05-26 16:00:02,500][tools.dataset_tools][INFO] - Created [test][kenguru_Украшения___Серьги] ImgMaskSet: 
Size: 19 
Real size: 19 
Device: cuda 

[2023-05-26 16:00:02,500][tools.dataset_tools][INFO] - Created [test][puma_Комбинезоны] ImgMaskSet: 
Size: 5 
Real size: 5 
Device: cuda 

[2023-05-26 16:00:02,500][tools.dataset_tools][INFO] - Created [test][kenguru_Платья_сарафаны___Миди] ImgMaskSet: 
Size: 4 
Real size: 4 
Device: cuda 

[2023-05-26 16:00:02,500][tools.dataset_tools][INFO] - Created [test][kenguru_Обувь___Балетки] ImgMaskSet: 
Size: 10 
Real size: 10 
Device: cuda 

[2023-05-26 16:00:02,500][tools.dataset_tools][INFO] - Created [test][puma_Футболки_майки_поло_топы___Боди] ImgMaskSet: 
Size: 5 
Real size: 5 
Device: cuda 

[2023-05-26 16:00:02,500][tools.dataset_tools][INFO] - Created [test][kenguru_Толстовки_олимпийки_худи_лонгсливы___Худи] ImgMaskSet: 
Size: 9 
Real size: 9 
Device: cuda 

[2023-05-26 16:00:02,500][tools.dataset_tools][INFO] - Created [test][kenguru_Головные уборы___Шляпы] ImgMaskSet: 
Size: 24 
Real size: 24 
Device: cuda 

[2023-05-26 16:00:02,500][tools.dataset_tools][INFO] - Created [test][puma_Домашняя одежда и бельё___Халаты] ImgMaskSet: 
Size: 1 
Real size: 1 
Device: cuda 

[2023-05-26 16:00:02,500][tools.dataset_tools][INFO] - Created [test][kenguru_Джинсы___Прямые] ImgMaskSet: 
Size: 10 
Real size: 10 
Device: cuda 

[2023-05-26 16:00:02,500][tools.dataset_tools][INFO] - Created [test][kenguru_Юбки___Макси] ImgMaskSet: 
Size: 1 
Real size: 1 
Device: cuda 

[2023-05-26 16:00:02,500][tools.dataset_tools][INFO] - Created [test][puma_Костюмы_пиджаки___Жилеты] ImgMaskSet: 
Size: 7 
Real size: 7 
Device: cuda 

[2023-05-26 16:00:02,500][tools.dataset_tools][INFO] - Created [test][puma_Верхняя одежда] ImgMaskSet: 
Size: 4 
Real size: 4 
Device: cuda 

[2023-05-26 16:00:02,500][tools.dataset_tools][INFO] - Created [test][puma_Обувь___Слипоны] ImgMaskSet: 
Size: 2 
Real size: 2 
Device: cuda 

[2023-05-26 16:00:02,500][tools.dataset_tools][INFO] - Created [test][kenguru_Школьная одежда___Галстуки_бабочки] ImgMaskSet: 
Size: 9 
Real size: 9 
Device: cuda 

[2023-05-26 16:00:02,500][tools.dataset_tools][INFO] - Created [test][kenguru_Платья_сарафаны___Макси] ImgMaskSet: 
Size: 6 
Real size: 6 
Device: cuda 

[2023-05-26 16:00:02,500][tools.dataset_tools][INFO] - Created [test][kenguru_Юбки___Трапеция] ImgMaskSet: 
Size: 1 
Real size: 1 
Device: cuda 

[2023-05-26 16:00:02,500][tools.dataset_tools][INFO] - Created [test][puma_Аксессуары___Для волос] ImgMaskSet: 
Size: 15 
Real size: 15 
Device: cuda 

[2023-05-26 16:00:02,500][tools.dataset_tools][INFO] - Created [test][kenguru_Платья_сарафаны___Шелковые] ImgMaskSet: 
Size: 17 
Real size: 17 
Device: cuda 

[2023-05-26 16:00:02,500][tools.dataset_tools][INFO] - Created [test][kenguru_Юбки___Юбка-шорты] ImgMaskSet: 
Size: 5 
Real size: 5 
Device: cuda 

[2023-05-26 16:00:02,500][tools.dataset_tools][INFO] - Created [test][puma_Пляжная одежда___Раздельные купальники] ImgMaskSet: 
Size: 12 
Real size: 12 
Device: cuda 

[2023-05-26 16:00:02,500][tools.dataset_tools][INFO] - Created [test][kenguru_Пляжная одежда___Слитные купальники] ImgMaskSet: 
Size: 17 
Real size: 17 
Device: cuda 

[2023-05-26 16:00:02,500][tools.dataset_tools][INFO] - Created [test][kenguru_Школьная одежда___Фартуки] ImgMaskSet: 
Size: 5 
Real size: 5 
Device: cuda 

[2023-05-26 16:00:02,500][tools.dataset_tools][INFO] - Created [test][kenguru_Юбки___Плиссе] ImgMaskSet: 
Size: 19 
Real size: 19 
Device: cuda 

[2023-05-26 16:00:02,500][tools.dataset_tools][INFO] - Created [test][kenguru_Юбки___Тюльпан] ImgMaskSet: 
Size: 1 
Real size: 1 
Device: cuda 

[2023-05-26 16:00:02,500][tools.dataset_tools][INFO] - Created [test][kenguru_Брюки___Кюлоты] ImgMaskSet: 
Size: 4 
Real size: 4 
Device: cuda 

[2023-05-26 16:00:02,500][tools.dataset_tools][INFO] - Created [test][kenguru_Джинсы___Зауженные] ImgMaskSet: 
Size: 13 
Real size: 13 
Device: cuda 

[2023-05-26 16:00:02,500][tools.dataset_tools][INFO] - Created [test][puma_Джемперы_свитеры_кардиганы_кофты___Свитеры] ImgMaskSet: 
Size: 1 
Real size: 1 
Device: cuda 

[2023-05-26 16:00:02,501][tools.dataset_tools][INFO] - Created [test][puma_Сумки_рюкзаки и чемоданы___Тоут] ImgMaskSet: 
Size: 3 
Real size: 3 
Device: cuda 

[2023-05-26 16:00:02,501][tools.dataset_tools][INFO] - Created [test][kenguru_Брюки___Карго] ImgMaskSet: 
Size: 19 
Real size: 19 
Device: cuda 

[2023-05-26 16:00:02,501][tools.dataset_tools][INFO] - Created [test][puma_Юбки___Миди] ImgMaskSet: 
Size: 2 
Real size: 2 
Device: cuda 

[2023-05-26 16:00:02,501][tools.dataset_tools][INFO] - Created [test][kenguru_Юбки___Солнце] ImgMaskSet: 
Size: 1 
Real size: 1 
Device: cuda 

[2023-05-26 16:00:02,501][tools.dataset_tools][INFO] - Created [test][kenguru_Брюки___Клеш] ImgMaskSet: 
Size: 9 
Real size: 9 
Device: cuda 

[2023-05-26 16:00:02,501][tools.dataset_tools][INFO] - Created [test][kenguru_Школьная одежда___Шорты] ImgMaskSet: 
Size: 3 
Real size: 3 
Device: cuda 

[2023-05-26 16:00:02,501][tools.dataset_tools][INFO] - Created [test][puma_Обувь___Ботинки] ImgMaskSet: 
Size: 22 
Real size: 22 
Device: cuda 

[2023-05-26 16:00:02,501][tools.dataset_tools][INFO] - Created [test][kenguru_Обувь___Слипоны] ImgMaskSet: 
Size: 2 
Real size: 2 
Device: cuda 

[2023-05-26 16:00:02,501][tools.dataset_tools][INFO] - Created [test][puma_Футболки_майки_поло_топы] ImgMaskSet: 
Size: 22 
Real size: 22 
Device: cuda 

[2023-05-26 16:00:02,501][tools.dataset_tools][INFO] - Created [test][kenguru_Верхняя одежда___Парки] ImgMaskSet: 
Size: 9 
Real size: 9 
Device: cuda 

[2023-05-26 16:00:02,501][tools.dataset_tools][INFO] - Created [test][kenguru_Обувь___Эспадрильи] ImgMaskSet: 
Size: 2 
Real size: 2 
Device: cuda 

[2023-05-26 16:00:02,501][tools.dataset_tools][INFO] - Created [test][kenguru_Брюки___Укороченные] ImgMaskSet: 
Size: 2 
Real size: 2 
Device: cuda 

[2023-05-26 16:00:02,501][tools.dataset_tools][INFO] - Created [test][kenguru_Брюки___Широкие] ImgMaskSet: 
Size: 7 
Real size: 7 
Device: cuda 

[2023-05-26 16:00:02,501][tools.dataset_tools][INFO] - Created [test][puma_Сумки_рюкзаки и чемоданы___Мессенджер] ImgMaskSet: 
Size: 2 
Real size: 2 
Device: cuda 

[2023-05-26 16:00:02,501][tools.dataset_tools][INFO] - Created [test][kenguru_Футболки_майки_поло_топы___Топы] ImgMaskSet: 
Size: 51 
Real size: 51 
Device: cuda 

[2023-05-26 16:00:02,501][tools.dataset_tools][INFO] - Created [test][kenguru_Ремни] ImgMaskSet: 
Size: 15 
Real size: 15 
Device: cuda 

[2023-05-26 16:00:02,501][tools.dataset_tools][INFO] - Created [test][kenguru_Украшения___Подвески и кулоны] ImgMaskSet: 
Size: 8 
Real size: 8 
Device: cuda 

[2023-05-26 16:00:02,501][tools.dataset_tools][INFO] - Created [test][kenguru_Головные уборы___Панамы] ImgMaskSet: 
Size: 65 
Real size: 65 
Device: cuda 

[2023-05-26 16:00:02,501][tools.dataset_tools][INFO] - Created [test][kenguru_Юбки] ImgMaskSet: 
Size: 53 
Real size: 53 
Device: cuda 

[2023-05-26 16:00:02,501][tools.dataset_tools][INFO] - Created [test][kenguru_Джемперы_свитеры_кардиганы_кофты___Джемперы] ImgMaskSet: 
Size: 51 
Real size: 51 
Device: cuda 

[2023-05-26 16:00:02,501][tools.dataset_tools][INFO] - Created [test][kenguru_Платья_сарафаны] ImgMaskSet: 
Size: 100 
Real size: 100 
Device: cuda 

[2023-05-26 16:00:02,501][tools.dataset_tools][INFO] - Created [test][kenguru_Школьная одежда___Брюки] ImgMaskSet: 
Size: 10 
Real size: 10 
Device: cuda 

[2023-05-26 16:00:02,501][tools.dataset_tools][INFO] - Created [test][kenguru_Верхняя одежда___Пуховики] ImgMaskSet: 
Size: 56 
Real size: 56 
Device: cuda 

[2023-05-26 16:00:02,501][tools.dataset_tools][INFO] - Created [test][kenguru_Сумки_рюкзаки и чемоданы___Сумки через плечо] ImgMaskSet: 
Size: 38 
Real size: 38 
Device: cuda 

[2023-05-26 16:00:02,501][tools.dataset_tools][INFO] - Created [test][kenguru_Домашняя одежда и бельё___Колготки] ImgMaskSet: 
Size: 83 
Real size: 83 
Device: cuda 

[2023-05-26 16:00:02,501][tools.dataset_tools][INFO] - Created [test][kenguru_Верхняя одежда___Шубы] ImgMaskSet: 
Size: 8 
Real size: 8 
Device: cuda 

[2023-05-26 16:00:02,501][tools.dataset_tools][INFO] - Created [test][puma_Обувь___Бутсы] ImgMaskSet: 
Size: 42 
Real size: 42 
Device: cuda 

[2023-05-26 16:00:02,501][tools.dataset_tools][INFO] - Created [test][kenguru_Обувь] ImgMaskSet: 
Size: 22 
Real size: 22 
Device: cuda 

[2023-05-26 16:00:02,501][tools.dataset_tools][INFO] - Created [test][puma_Домашняя одежда и бельё___Носки] ImgMaskSet: 
Size: 100 
Real size: 100 
Device: cuda 

[2023-05-26 16:00:02,501][tools.dataset_tools][INFO] - Created [test][puma_Нижнее бельё] ImgMaskSet: 
Size: 83 
Real size: 83 
Device: cuda 

[2023-05-26 16:00:02,501][tools.dataset_tools][INFO] - Created [test][kenguru_Спортивная одежда___Костюмы] ImgMaskSet: 
Size: 32 
Real size: 32 
Device: cuda 

[2023-05-26 16:00:02,501][tools.dataset_tools][INFO] - Created [test][kenguru_Джемперы_свитеры_кардиганы_кофты___Кофты] ImgMaskSet: 
Size: 12 
Real size: 12 
Device: cuda 

[2023-05-26 16:00:02,501][tools.dataset_tools][INFO] - Created [test][kenguru_Обувь___Босоножки] ImgMaskSet: 
Size: 48 
Real size: 48 
Device: cuda 

[2023-05-26 16:00:02,501][tools.dataset_tools][INFO] - Created [test][kenguru_Футболки_майки_поло_топы___Поло] ImgMaskSet: 
Size: 17 
Real size: 17 
Device: cuda 

[2023-05-26 16:00:02,501][tools.dataset_tools][INFO] - Created [test][kenguru_Комбинезоны] ImgMaskSet: 
Size: 100 
Real size: 100 
Device: cuda 

[2023-05-26 16:00:02,501][tools.dataset_tools][INFO] - Created [test][puma_Толстовки_олимпийки_худи_лонгсливы] ImgMaskSet: 
Size: 32 
Real size: 32 
Device: cuda 

[2023-05-26 16:00:02,501][tools.dataset_tools][INFO] - Created [test][kenguru_Украшения] ImgMaskSet: 
Size: 8 
Real size: 8 
Device: cuda 

[2023-05-26 16:00:02,501][tools.dataset_tools][INFO] - Created [test][kenguru_Домашняя одежда и бельё] ImgMaskSet: 
Size: 43 
Real size: 43 
Device: cuda 

[2023-05-26 16:00:02,501][tools.dataset_tools][INFO] - Created [test][puma_Футболки_майки_поло_топы___Футболки] ImgMaskSet: 
Size: 100 
Real size: 100 
Device: cuda 

[2023-05-26 16:00:02,501][tools.dataset_tools][INFO] - Created [test][kenguru_Костюмы_пиджаки___Пиджаки] ImgMaskSet: 
Size: 27 
Real size: 27 
Device: cuda 

[2023-05-26 16:00:02,502][tools.dataset_tools][INFO] - Created [test][kenguru_Украшения___Колье] ImgMaskSet: 
Size: 11 
Real size: 11 
Device: cuda 

[2023-05-26 16:00:02,502][tools.dataset_tools][INFO] - Created [test][puma_Перчатки и варежки] ImgMaskSet: 
Size: 11 
Real size: 11 
Device: cuda 

[2023-05-26 16:00:02,502][tools.dataset_tools][INFO] - Created [test][kenguru_Платки_шарфы_шали___Шарфы] ImgMaskSet: 
Size: 79 
Real size: 79 
Device: cuda 

[2023-05-26 16:00:02,502][tools.dataset_tools][INFO] - Created [test][kenguru_Головные уборы] ImgMaskSet: 
Size: 42 
Real size: 42 
Device: cuda 

[2023-05-26 16:00:02,502][tools.dataset_tools][INFO] - Created [test][puma_Обувь___Кроссовки] ImgMaskSet: 
Size: 100 
Real size: 100 
Device: cuda 

[2023-05-26 16:00:02,502][tools.dataset_tools][INFO] - Created [test][puma_Футболки_майки_поло_топы___Топы] ImgMaskSet: 
Size: 54 
Real size: 54 
Device: cuda 

[2023-05-26 16:00:02,502][tools.dataset_tools][INFO] - Created [test][kenguru_Блузки_рубашки___Рубашки] ImgMaskSet: 
Size: 85 
Real size: 85 
Device: cuda 

[2023-05-26 16:00:02,502][tools.dataset_tools][INFO] - Created [test][puma_Шорты_бриджи___Шорты] ImgMaskSet: 
Size: 100 
Real size: 100 
Device: cuda 

[2023-05-26 16:00:02,502][tools.dataset_tools][INFO] - Created [test][puma_Спортивная одежда___Леггинсы] ImgMaskSet: 
Size: 72 
Real size: 72 
Device: cuda 

[2023-05-26 16:00:02,502][tools.dataset_tools][INFO] - Created [test][kenguru_Спортивная одежда___Спортивные куртки] ImgMaskSet: 
Size: 70 
Real size: 70 
Device: cuda 

[2023-05-26 16:00:02,502][tools.dataset_tools][INFO] - Created [test][kenguru_Толстовки_олимпийки_худи_лонгсливы] ImgMaskSet: 
Size: 100 
Real size: 100 
Device: cuda 

[2023-05-26 16:00:02,502][tools.dataset_tools][INFO] - Created [test][puma_Головные уборы___Кепки] ImgMaskSet: 
Size: 34 
Real size: 34 
Device: cuda 

[2023-05-26 16:00:02,502][tools.dataset_tools][INFO] - Created [test][kenguru_Головные уборы___Шапки] ImgMaskSet: 
Size: 100 
Real size: 100 
Device: cuda 

[2023-05-26 16:00:02,502][tools.dataset_tools][INFO] - Created [test][puma_Другое] ImgMaskSet: 
Size: 19 
Real size: 19 
Device: cuda 

[2023-05-26 16:00:02,502][tools.dataset_tools][INFO] - Created [test][kenguru_Аксессуары___Галстуки_бабочки] ImgMaskSet: 
Size: 8 
Real size: 8 
Device: cuda 

[2023-05-26 16:00:02,502][tools.dataset_tools][INFO] - Created [test][kenguru_Джинсы] ImgMaskSet: 
Size: 78 
Real size: 78 
Device: cuda 

[2023-05-26 16:00:02,502][tools.dataset_tools][INFO] - Created [test][puma_Разное] ImgMaskSet: 
Size: 32 
Real size: 32 
Device: cuda 

[2023-05-26 16:00:02,502][tools.dataset_tools][INFO] - Created [test][kenguru_Джемперы_свитеры_кардиганы_кофты___Свитшоты] ImgMaskSet: 
Size: 22 
Real size: 22 
Device: cuda 

[2023-05-26 16:00:02,502][tools.dataset_tools][INFO] - Created [test][kenguru_Головные уборы___Бейсболки] ImgMaskSet: 
Size: 87 
Real size: 87 
Device: cuda 

[2023-05-26 16:00:02,502][tools.dataset_tools][INFO] - Created [test][kenguru_Верхняя одежда___Ветровки] ImgMaskSet: 
Size: 23 
Real size: 23 
Device: cuda 

[2023-05-26 16:00:02,502][tools.dataset_tools][INFO] - Created [test][puma_Джемперы_свитеры_кардиганы_кофты___Свитшоты] ImgMaskSet: 
Size: 23 
Real size: 23 
Device: cuda 

[2023-05-26 16:00:02,502][tools.dataset_tools][INFO] - Created [test][kenguru_Нижнее бельё] ImgMaskSet: 
Size: 20 
Real size: 20 
Device: cuda 

[2023-05-26 16:00:02,502][tools.dataset_tools][INFO] - Created [test][kenguru_Платья_сарафаны___Сарафаны] ImgMaskSet: 
Size: 23 
Real size: 23 
Device: cuda 

[2023-05-26 16:00:02,502][tools.dataset_tools][INFO] - Created [test][kenguru_Брюки___Классические] ImgMaskSet: 
Size: 9 
Real size: 9 
Device: cuda 

[2023-05-26 16:00:02,502][tools.dataset_tools][INFO] - Created [test][puma_Украшения___Комплекты] ImgMaskSet: 
Size: 15 
Real size: 15 
Device: cuda 

[2023-05-26 16:00:02,502][tools.dataset_tools][INFO] - Created [test][puma_Толстовки_олимпийки_худи_лонгсливы___Олимпийки] ImgMaskSet: 
Size: 62 
Real size: 62 
Device: cuda 

[2023-05-26 16:00:02,502][tools.dataset_tools][INFO] - Created [test][puma_Толстовки_олимпийки_худи_лонгсливы___Худи] ImgMaskSet: 
Size: 8 
Real size: 8 
Device: cuda 

[2023-05-26 16:00:02,502][tools.dataset_tools][INFO] - Created [test][puma_Головные уборы___Шапки] ImgMaskSet: 
Size: 71 
Real size: 71 
Device: cuda 

[2023-05-26 16:00:02,502][tools.dataset_tools][INFO] - Created [test][kenguru_Верхняя одежда___Жилеты (верхняя одежда)] ImgMaskSet: 
Size: 25 
Real size: 25 
Device: cuda 

[2023-05-26 16:00:02,502][tools.dataset_tools][INFO] - Created [test][kenguru_Спортивная одежда___Спортивные брюки] ImgMaskSet: 
Size: 100 
Real size: 100 
Device: cuda 

[2023-05-26 16:00:02,502][tools.dataset_tools][INFO] - Created [test][kenguru_Брюки___Леггинсы] ImgMaskSet: 
Size: 61 
Real size: 61 
Device: cuda 

[2023-05-26 16:00:02,502][tools.dataset_tools][INFO] - Created [test][puma_Верхняя одежда___Куртки] ImgMaskSet: 
Size: 57 
Real size: 57 
Device: cuda 

[2023-05-26 16:00:02,502][tools.dataset_tools][INFO] - Created [test][kenguru_Джемперы_свитеры_кардиганы_кофты___Кардиганы] ImgMaskSet: 
Size: 23 
Real size: 23 
Device: cuda 

[2023-05-26 16:00:02,502][tools.dataset_tools][INFO] - Created [test][puma_Толстовки_олимпийки_худи_лонгсливы___Лонгсливы] ImgMaskSet: 
Size: 20 
Real size: 20 
Device: cuda 

[2023-05-26 16:00:02,502][tools.dataset_tools][INFO] - Created [test][puma_Верхняя одежда___Ветровки] ImgMaskSet: 
Size: 17 
Real size: 17 
Device: cuda 

[2023-05-26 16:00:02,502][tools.dataset_tools][INFO] - Created [test][kenguru_Шорты_бриджи] ImgMaskSet: 
Size: 7 
Real size: 7 
Device: cuda 

[2023-05-26 16:00:02,502][tools.dataset_tools][INFO] - Created [test][kenguru_Блузки_рубашки___Блузки] ImgMaskSet: 
Size: 14 
Real size: 14 
Device: cuda 

[2023-05-26 16:00:02,502][tools.dataset_tools][INFO] - Created [test][kenguru_Верхняя одежда___Куртки] ImgMaskSet: 
Size: 100 
Real size: 100 
Device: cuda 

[2023-05-26 16:00:02,502][tools.dataset_tools][INFO] - Created [test][kenguru_Перчатки и варежки] ImgMaskSet: 
Size: 92 
Real size: 92 
Device: cuda 

[2023-05-26 16:00:02,502][tools.dataset_tools][INFO] - Created [test][kenguru_Другое] ImgMaskSet: 
Size: 24 
Real size: 24 
Device: cuda 

[2023-05-26 16:00:02,502][tools.dataset_tools][INFO] - Created [test][kenguru_Обувь___Сапоги] ImgMaskSet: 
Size: 46 
Real size: 46 
Device: cuda 

[2023-05-26 16:00:02,502][tools.dataset_tools][INFO] - Created [test][kenguru_Шорты_бриджи___Шорты] ImgMaskSet: 
Size: 100 
Real size: 100 
Device: cuda 

[2023-05-26 16:00:02,503][tools.dataset_tools][INFO] - Created [test][puma_Футболки_майки_поло_топы___Поло] ImgMaskSet: 
Size: 23 
Real size: 23 
Device: cuda 

[2023-05-26 16:00:02,503][tools.dataset_tools][INFO] - Created [test][kenguru_Верхняя одежда___Пальто] ImgMaskSet: 
Size: 18 
Real size: 18 
Device: cuda 

[2023-05-26 16:00:02,503][tools.dataset_tools][INFO] - Created [test][kenguru_Джемперы_свитеры_кардиганы_кофты___Водолазки] ImgMaskSet: 
Size: 46 
Real size: 46 
Device: cuda 

[2023-05-26 16:00:02,503][tools.dataset_tools][INFO] - Created [test][kenguru_Домашняя одежда и бельё___Носки] ImgMaskSet: 
Size: 100 
Real size: 100 
Device: cuda 

[2023-05-26 16:00:02,503][tools.dataset_tools][INFO] - Created [test][kenguru_Шорты_бриджи___Джинсовые шорты] ImgMaskSet: 
Size: 15 
Real size: 15 
Device: cuda 

[2023-05-26 16:00:02,503][tools.dataset_tools][INFO] - Created [test][kenguru_Обувь___Туфли] ImgMaskSet: 
Size: 37 
Real size: 37 
Device: cuda 

[2023-05-26 16:00:02,503][tools.dataset_tools][INFO] - Created [test][puma_Толстовки_олимпийки_худи_лонгсливы___Толстовки] ImgMaskSet: 
Size: 100 
Real size: 100 
Device: cuda 

[2023-05-26 16:00:02,503][tools.dataset_tools][INFO] - Created [test][kenguru_Сумки_рюкзаки и чемоданы___Рюкзаки] ImgMaskSet: 
Size: 24 
Real size: 24 
Device: cuda 

[2023-05-26 16:00:02,503][tools.dataset_tools][INFO] - Created [test][puma_Обувь___Кеды] ImgMaskSet: 
Size: 100 
Real size: 100 
Device: cuda 

[2023-05-26 16:00:02,503][tools.dataset_tools][INFO] - Created [test][kenguru_Обувь___Ботинки] ImgMaskSet: 
Size: 38 
Real size: 38 
Device: cuda 

[2023-05-26 16:00:02,503][tools.dataset_tools][INFO] - Created [test][puma_Футболки_майки_поло_топы___Майки] ImgMaskSet: 
Size: 22 
Real size: 22 
Device: cuda 

[2023-05-26 16:00:02,503][tools.dataset_tools][INFO] - Created [test][kenguru_Верхняя одежда___Джинсовые куртки] ImgMaskSet: 
Size: 20 
Real size: 20 
Device: cuda 

[2023-05-26 16:00:02,503][tools.dataset_tools][INFO] - Created [test][puma_Платья_сарафаны] ImgMaskSet: 
Size: 20 
Real size: 20 
Device: cuda 

[2023-05-26 16:00:02,503][tools.dataset_tools][INFO] - Created [test][kenguru_Футболки_майки_поло_топы___Футболки] ImgMaskSet: 
Size: 100 
Real size: 100 
Device: cuda 

[2023-05-26 16:00:02,503][tools.dataset_tools][INFO] - Created [test][puma_Пляжная одежда___Плавки] ImgMaskSet: 
Size: 28 
Real size: 28 
Device: cuda 

[2023-05-26 16:00:02,503][tools.dataset_tools][INFO] - Created [test][puma_Пляжная одежда] ImgMaskSet: 
Size: 9 
Real size: 9 
Device: cuda 

[2023-05-26 16:00:02,503][tools.dataset_tools][INFO] - Created [test][puma_Юбки] ImgMaskSet: 
Size: 9 
Real size: 9 
Device: cuda 

[2023-05-26 16:00:02,503][tools.dataset_tools][INFO] - Created [test][kenguru_Брюки___Спортивные брюки casual] ImgMaskSet: 
Size: 16 
Real size: 16 
Device: cuda 

[2023-05-26 16:00:02,503][tools.dataset_tools][INFO] - Created [test][kenguru_Обувь___Сандалии] ImgMaskSet: 
Size: 43 
Real size: 43 
Device: cuda 

[2023-05-26 16:00:02,503][tools.dataset_tools][INFO] - Created [test][kenguru_Брюки___Джоггеры] ImgMaskSet: 
Size: 9 
Real size: 9 
Device: cuda 

[2023-05-26 16:00:02,503][tools.dataset_tools][INFO] - Created [test][puma_Брюки] ImgMaskSet: 
Size: 100 
Real size: 100 
Device: cuda 

[2023-05-26 16:00:02,503][tools.dataset_tools][INFO] - Created [test][puma_Аксессуары] ImgMaskSet: 
Size: 18 
Real size: 18 
Device: cuda 

[2023-05-26 16:00:02,503][tools.dataset_tools][INFO] - Created [test][kenguru_Костюмы_пиджаки___Жилеты] ImgMaskSet: 
Size: 13 
Real size: 13 
Device: cuda 

[2023-05-26 16:00:02,503][tools.dataset_tools][INFO] - Created [test][puma_Спортивная одежда___Костюмы] ImgMaskSet: 
Size: 17 
Real size: 17 
Device: cuda 

[2023-05-26 16:00:02,503][tools.dataset_tools][INFO] - Created [test][kenguru_Украшения___Браслеты] ImgMaskSet: 
Size: 20 
Real size: 20 
Device: cuda 

[2023-05-26 16:00:02,503][tools.dataset_tools][INFO] - Created [test][puma_Сумки_рюкзаки и чемоданы___Рюкзаки] ImgMaskSet: 
Size: 72 
Real size: 72 
Device: cuda 

[2023-05-26 16:00:02,503][tools.dataset_tools][INFO] - Created [test][puma_Сумки_рюкзаки и чемоданы___Поясные сумки] ImgMaskSet: 
Size: 9 
Real size: 9 
Device: cuda 

[2023-05-26 16:00:02,503][tools.dataset_tools][INFO] - Created [test][kenguru_Джемперы_свитеры_кардиганы_кофты] ImgMaskSet: 
Size: 26 
Real size: 26 
Device: cuda 

[2023-05-26 16:00:02,503][tools.dataset_tools][INFO] - Created [test][kenguru_Школьная одежда___Рюкзаки_ранцы_сумки] ImgMaskSet: 
Size: 18 
Real size: 18 
Device: cuda 

[2023-05-26 16:00:02,503][tools.dataset_tools][INFO] - Created [test][kenguru_Аксессуары___Для волос] ImgMaskSet: 
Size: 100 
Real size: 100 
Device: cuda 

[2023-05-26 16:00:02,503][tools.dataset_tools][INFO] - Created [test][kenguru_Обувь___Кроссовки] ImgMaskSet: 
Size: 88 
Real size: 88 
Device: cuda 

[2023-05-26 16:00:02,503][tools.dataset_tools][INFO] - Created [test][kenguru_Джинсы___Клеш] ImgMaskSet: 
Size: 7 
Real size: 7 
Device: cuda 

[2023-05-26 16:00:02,503][tools.dataset_tools][INFO] - Created [test][puma_Сумки_рюкзаки и чемоданы] ImgMaskSet: 
Size: 66 
Real size: 66 
Device: cuda 

[2023-05-26 16:00:02,503][tools.dataset_tools][INFO] - Created [test][kenguru_Толстовки_олимпийки_худи_лонгсливы___Толстовки] ImgMaskSet: 
Size: 100 
Real size: 100 
Device: cuda 

[2023-05-26 16:00:02,503][tools.dataset_tools][INFO] - Created [test][puma_Спортивная одежда___Спортивные брюки] ImgMaskSet: 
Size: 12 
Real size: 12 
Device: cuda 

[2023-05-26 16:00:02,503][tools.dataset_tools][INFO] - Created [test][puma_Обувь___Шлепанцы] ImgMaskSet: 
Size: 26 
Real size: 26 
Device: cuda 

[2023-05-26 16:00:02,503][tools.dataset_tools][INFO] - Created [test][puma_Блузки_рубашки___Рубашки] ImgMaskSet: 
Size: 13 
Real size: 13 
Device: cuda 

[2023-05-26 16:00:02,503][tools.dataset_tools][INFO] - Created [test][kenguru_Футболки_майки_поло_топы___Майки] ImgMaskSet: 
Size: 9 
Real size: 9 
Device: cuda 

[2023-05-26 16:00:02,503][tools.dataset_tools][INFO] - Created [test][kenguru_Блузки_рубашки] ImgMaskSet: 
Size: 10 
Real size: 10 
Device: cuda 

[2023-05-26 16:00:02,503][tools.dataset_tools][INFO] - Created [test][kenguru_Обувь___Шлепанцы] ImgMaskSet: 
Size: 7 
Real size: 7 
Device: cuda 

[2023-05-26 16:00:02,503][tools.dataset_tools][INFO] - Created [test][kenguru_Обувь___Резиновые сапоги] ImgMaskSet: 
Size: 9 
Real size: 9 
Device: cuda 

[2023-05-26 16:00:02,503][tools.dataset_tools][INFO] - Created [test][kenguru_Брюки___Бермуды] ImgMaskSet: 
Size: 59 
Real size: 59 
Device: cuda 

[2023-05-26 16:00:02,503][tools.dataset_tools][INFO] - Created [test][kenguru_Брюки] ImgMaskSet: 
Size: 100 
Real size: 100 
Device: cuda 

[2023-05-26 16:00:02,504][tools.dataset_tools][INFO] - Created [test][kenguru_Обувь___Кеды] ImgMaskSet: 
Size: 89 
Real size: 89 
Device: cuda 

[2023-05-26 16:00:02,504][tools.dataset_tools][INFO] - Created [test][kenguru_Костюмы_пиджаки] ImgMaskSet: 
Size: 22 
Real size: 22 
Device: cuda 

[2023-05-26 16:00:02,504][tools.dataset_tools][INFO] - Created [test][kenguru_Очки] ImgMaskSet: 
Size: 10 
Real size: 10 
Device: cuda 

[2023-05-26 16:00:02,504][tools.dataset_tools][INFO] - Created [test][kenguru_Футболки_майки_поло_топы___Боди] ImgMaskSet: 
Size: 50 
Real size: 50 
Device: cuda 

[2023-05-26 16:00:02,504][tools.dataset_tools][INFO] - Created [test][kenguru_Школьная одежда___Блузы_рубашки] ImgMaskSet: 
Size: 17 
Real size: 17 
Device: cuda 

[2023-05-26 16:00:02,504][tools.dataset_tools][INFO] - Created test MultiImgMaskSet: 
Size: 5843 
Real size: 5843 
Device: cuda 

[2023-05-26 16:00:02,504][tools.dataset_tools][INFO] - Created [test][kenguru_Школьная одежда___Водолазки] ImgMaskSet: 
Size: 8 
Real size: 8 
Device: cuda 

[2023-05-26 16:00:02,504][tools.dataset_tools][INFO] - Created [test][kenguru_Школьная одежда___Платья_сарафаны] ImgMaskSet: 
Size: 22 
Real size: 22 
Device: cuda 

[2023-05-26 16:00:02,504][tools.dataset_tools][INFO] - Created [test][kenguru_Брюки___Бананы] ImgMaskSet: 
Size: 2 
Real size: 2 
Device: cuda 

[2023-05-26 16:00:02,504][tools.dataset_tools][INFO] - Created [test][kenguru_Спортивная одежда___Леггинсы] ImgMaskSet: 
Size: 1 
Real size: 1 
Device: cuda 

[2023-05-26 16:00:02,504][tools.dataset_tools][INFO] - Created [test][puma_Сумки_рюкзаки и чемоданы___Мягкая сумка дафл (duffle bag)] ImgMaskSet: 
Size: 2 
Real size: 2 
Device: cuda 

[2023-05-26 16:00:02,504][tools.dataset_tools][INFO] - Created [test][kenguru_Футболки_майки_поло_топы] ImgMaskSet: 
Size: 11 
Real size: 11 
Device: cuda 

[2023-05-26 16:00:02,504][tools.dataset_tools][INFO] - Created [test][kenguru_Костюмы_пиджаки___Костюмы] ImgMaskSet: 
Size: 12 
Real size: 12 
Device: cuda 

[2023-05-26 16:00:02,504][tools.dataset_tools][INFO] - Created [test][kenguru_Домашняя одежда и бельё___Пижамы] ImgMaskSet: 
Size: 1 
Real size: 1 
Device: cuda 

[2023-05-26 16:00:02,504][tools.dataset_tools][INFO] - Created [test][kenguru_Брюки___Кожаные] ImgMaskSet: 
Size: 2 
Real size: 2 
Device: cuda 

[2023-05-26 16:00:02,504][tools.dataset_tools][INFO] - Created [test][kenguru_Обувь___Мокасины] ImgMaskSet: 
Size: 8 
Real size: 8 
Device: cuda 

[2023-05-26 16:00:02,504][tools.dataset_tools][INFO] - Created [test][puma_Верхняя одежда___Жилеты (верхняя одежда)] ImgMaskSet: 
Size: 11 
Real size: 11 
Device: cuda 

[2023-05-26 16:00:02,504][tools.dataset_tools][INFO] - Created [test][puma_Верхняя одежда___Бомберы] ImgMaskSet: 
Size: 18 
Real size: 18 
Device: cuda 

[2023-05-26 16:00:02,504][tools.dataset_tools][INFO] - Created [test][puma_Шорты_бриджи] ImgMaskSet: 
Size: 6 
Real size: 6 
Device: cuda 

[2023-05-26 16:00:02,504][tools.dataset_tools][INFO] - Created [test][kenguru_Пляжная одежда] ImgMaskSet: 
Size: 11 
Real size: 11 
Device: cuda 

[2023-05-26 16:00:02,504][tools.dataset_tools][INFO] - Created [test][puma_Сумки_рюкзаки и чемоданы___Кроссбоди сумка] ImgMaskSet: 
Size: 9 
Real size: 9 
Device: cuda 

[2023-05-26 16:00:02,504][tools.dataset_tools][INFO] - Created [test][kenguru_Головные уборы___Кепки] ImgMaskSet: 
Size: 13 
Real size: 13 
Device: cuda 

[2023-05-26 16:00:02,504][tools.dataset_tools][INFO] - Created [test][puma_Верхняя одежда___Пальто] ImgMaskSet: 
Size: 6 
Real size: 6 
Device: cuda 

[2023-05-26 16:00:02,504][tools.dataset_tools][INFO] - Created [test][kenguru_Блузки_рубашки___Джинсовые рубашки] ImgMaskSet: 
Size: 11 
Real size: 11 
Device: cuda 

[2023-05-26 16:00:02,504][tools.dataset_tools][INFO] - Created [test][kenguru_Головные уборы___Береты] ImgMaskSet: 
Size: 8 
Real size: 8 
Device: cuda 

[2023-05-26 16:00:02,504][tools.dataset_tools][INFO] - Created [test][kenguru_Юбки___Ассиметричная] ImgMaskSet: 
Size: 1 
Real size: 1 
Device: cuda 

[2023-05-26 16:00:02,504][tools.dataset_tools][INFO] - Created [test][kenguru_Верхняя одежда___Дубленки] ImgMaskSet: 
Size: 2 
Real size: 2 
Device: cuda 

[2023-05-26 16:00:02,504][tools.dataset_tools][INFO] - Created [test][puma_Головные уборы] ImgMaskSet: 
Size: 5 
Real size: 5 
Device: cuda 

[2023-05-26 16:00:02,504][tools.dataset_tools][INFO] - Created [test][kenguru_Брюки___Прямые] ImgMaskSet: 
Size: 10 
Real size: 10 
Device: cuda 

[2023-05-26 16:00:02,504][tools.dataset_tools][INFO] - Created [test][kenguru_Юбки___Миди] ImgMaskSet: 
Size: 2 
Real size: 2 
Device: cuda 

[2023-05-26 16:00:02,505][tools.dataset_tools][INFO] - Created [test][kenguru_Разное] ImgMaskSet: 
Size: 1 
Real size: 1 
Device: cuda 

[2023-05-26 16:00:02,505][tools.dataset_tools][INFO] - Created [test][kenguru_Школьная одежда___Костюмы] ImgMaskSet: 
Size: 5 
Real size: 5 
Device: cuda 

[2023-05-26 16:00:02,505][tools.dataset_tools][INFO] - Created [test][kenguru_Платья_сарафаны___Туники] ImgMaskSet: 
Size: 1 
Real size: 1 
Device: cuda 

[2023-05-26 16:00:02,505][tools.dataset_tools][INFO] - Created [test][kenguru_Домашняя одежда и бельё___Гольфы] ImgMaskSet: 
Size: 15 
Real size: 15 
Device: cuda 

[2023-05-26 16:00:02,505][tools.dataset_tools][INFO] - Created [test][kenguru_Школьная одежда___Кофты_кардиганы_джемперы] ImgMaskSet: 
Size: 10 
Real size: 10 
Device: cuda 

[2023-05-26 16:00:02,505][tools.dataset_tools][INFO] - Created [test][kenguru_Платья_сарафаны___Мини] ImgMaskSet: 
Size: 13 
Real size: 13 
Device: cuda 

[2023-05-26 16:00:02,505][tools.dataset_tools][INFO] - Created [test][kenguru_Юбки___Пачка] ImgMaskSet: 
Size: 2 
Real size: 2 
Device: cuda 

[2023-05-26 16:00:02,505][tools.dataset_tools][INFO] - Created [test][kenguru_Юбки___Карандаш] ImgMaskSet: 
Size: 5 
Real size: 5 
Device: cuda 

[2023-05-26 16:00:02,505][tools.dataset_tools][INFO] - Created [test][puma_Головные уборы___Панамы] ImgMaskSet: 
Size: 10 
Real size: 10 
Device: cuda 

[2023-05-26 16:00:02,505][tools.dataset_tools][INFO] - Created [test][kenguru_Джинсы___Широкие] ImgMaskSet: 
Size: 10 
Real size: 10 
Device: cuda 

[2023-05-26 16:00:02,505][tools.dataset_tools][INFO] - Created [test][puma_Платки_шарфы_шали___Шарфы] ImgMaskSet: 
Size: 5 
Real size: 5 
Device: cuda 

[2023-05-26 16:00:02,505][tools.dataset_tools][INFO] - Created [test][kenguru_Спортивная одежда] ImgMaskSet: 
Size: 2 
Real size: 2 
Device: cuda 

[2023-05-26 16:00:02,505][tools.dataset_tools][INFO] - Created [test][puma_Обувь___Сандалии] ImgMaskSet: 
Size: 1 
Real size: 1 
Device: cuda 

[2023-05-26 16:00:02,505][tools.dataset_tools][INFO] - Created [test][puma_Кошельки] ImgMaskSet: 
Size: 5 
Real size: 5 
Device: cuda 

[2023-05-26 16:00:02,505][tools.dataset_tools][INFO] - Created [test][puma_Домашняя одежда и бельё___Гольфы] ImgMaskSet: 
Size: 4 
Real size: 4 
Device: cuda 

[2023-05-26 16:00:02,505][tools.dataset_tools][INFO] - Created [test][kenguru_Обувь___Лоферы] ImgMaskSet: 
Size: 19 
Real size: 19 
Device: cuda 

[2023-05-26 16:00:02,505][tools.dataset_tools][INFO] - Created [test][puma_Верхняя одежда___Парки] ImgMaskSet: 
Size: 2 
Real size: 2 
Device: cuda 

[2023-05-26 16:00:02,505][tools.dataset_tools][INFO] - Created [test][kenguru_Сумки_рюкзаки и чемоданы] ImgMaskSet: 
Size: 1 
Real size: 1 
Device: cuda 

[2023-05-26 16:00:02,505][tools.dataset_tools][INFO] - Created [test][puma_Джемперы_свитеры_кардиганы_кофты___Кардиганы] ImgMaskSet: 
Size: 1 
Real size: 1 
Device: cuda 

[2023-05-26 16:00:02,505][tools.dataset_tools][INFO] - Created [test][kenguru_Украшения___Комплекты] ImgMaskSet: 
Size: 1 
Real size: 1 
Device: cuda 

[2023-05-26 16:00:02,505][tools.dataset_tools][INFO] - Created [test][kenguru_Школьная одежда___Толстовки] ImgMaskSet: 
Size: 8 
Real size: 8 
Device: cuda 

[2023-05-26 16:00:02,505][tools.dataset_tools][INFO] - Created [test][kenguru_Верхняя одежда___Плащи] ImgMaskSet: 
Size: 24 
Real size: 24 
Device: cuda 

[2023-05-26 16:00:02,505][tools.dataset_tools][INFO] - Created [test][kenguru_Пляжная одежда___Раздельные купальники] ImgMaskSet: 
Size: 4 
Real size: 4 
Device: cuda 

[2023-05-26 16:00:02,505][tools.dataset_tools][INFO] - Created [test][kenguru_Джемперы_свитеры_кардиганы_кофты___Свитеры] ImgMaskSet: 
Size: 20 
Real size: 20 
Device: cuda 

[2023-05-26 16:00:02,505][tools.dataset_tools][INFO] - Created [test][kenguru_Платки_шарфы_шали___Платки] ImgMaskSet: 
Size: 4 
Real size: 4 
Device: cuda 

[2023-05-26 16:00:02,505][tools.dataset_tools][INFO] - Created [test][kenguru_Школьная одежда___Жилеты] ImgMaskSet: 
Size: 8 
Real size: 8 
Device: cuda 

[2023-05-26 16:00:02,505][tools.dataset_tools][INFO] - Created [test][kenguru_Школьная одежда___Пиджаки_жакеты] ImgMaskSet: 
Size: 15 
Real size: 15 
Device: cuda 

[2023-05-26 16:00:02,505][tools.dataset_tools][INFO] - Created [test][kenguru_Толстовки_олимпийки_худи_лонгсливы___Лонгсливы] ImgMaskSet: 
Size: 2 
Real size: 2 
Device: cuda 

[2023-05-26 16:00:02,505][tools.dataset_tools][INFO] - Created [test][kenguru_Школьная одежда___Юбки] ImgMaskSet: 
Size: 19 
Real size: 19 
Device: cuda 

[2023-05-26 16:00:02,505][tools.dataset_tools][INFO] - Created [test][kenguru_Украшения___Ожерелья] ImgMaskSet: 
Size: 1 
Real size: 1 
Device: cuda 

[2023-05-26 16:00:02,505][tools.dataset_tools][INFO] - Created [test][kenguru_Украшения___Серьги] ImgMaskSet: 
Size: 19 
Real size: 19 
Device: cuda 

[2023-05-26 16:00:02,505][tools.dataset_tools][INFO] - Created [test][puma_Комбинезоны] ImgMaskSet: 
Size: 5 
Real size: 5 
Device: cuda 

[2023-05-26 16:00:02,505][tools.dataset_tools][INFO] - Created [test][kenguru_Платья_сарафаны___Миди] ImgMaskSet: 
Size: 4 
Real size: 4 
Device: cuda 

[2023-05-26 16:00:02,505][tools.dataset_tools][INFO] - Created [test][kenguru_Обувь___Балетки] ImgMaskSet: 
Size: 10 
Real size: 10 
Device: cuda 

[2023-05-26 16:00:02,505][tools.dataset_tools][INFO] - Created [test][puma_Футболки_майки_поло_топы___Боди] ImgMaskSet: 
Size: 5 
Real size: 5 
Device: cuda 

[2023-05-26 16:00:02,505][tools.dataset_tools][INFO] - Created [test][kenguru_Толстовки_олимпийки_худи_лонгсливы___Худи] ImgMaskSet: 
Size: 9 
Real size: 9 
Device: cuda 

[2023-05-26 16:00:02,505][tools.dataset_tools][INFO] - Created [test][kenguru_Головные уборы___Шляпы] ImgMaskSet: 
Size: 24 
Real size: 24 
Device: cuda 

[2023-05-26 16:00:02,505][tools.dataset_tools][INFO] - Created [test][puma_Домашняя одежда и бельё___Халаты] ImgMaskSet: 
Size: 1 
Real size: 1 
Device: cuda 

[2023-05-26 16:00:02,505][tools.dataset_tools][INFO] - Created [test][kenguru_Джинсы___Прямые] ImgMaskSet: 
Size: 10 
Real size: 10 
Device: cuda 

[2023-05-26 16:00:02,505][tools.dataset_tools][INFO] - Created [test][kenguru_Юбки___Макси] ImgMaskSet: 
Size: 1 
Real size: 1 
Device: cuda 

[2023-05-26 16:00:02,505][tools.dataset_tools][INFO] - Created [test][puma_Костюмы_пиджаки___Жилеты] ImgMaskSet: 
Size: 7 
Real size: 7 
Device: cuda 

[2023-05-26 16:00:02,505][tools.dataset_tools][INFO] - Created [test][puma_Верхняя одежда] ImgMaskSet: 
Size: 4 
Real size: 4 
Device: cuda 

[2023-05-26 16:00:02,505][tools.dataset_tools][INFO] - Created [test][puma_Обувь___Слипоны] ImgMaskSet: 
Size: 2 
Real size: 2 
Device: cuda 

[2023-05-26 16:00:02,505][tools.dataset_tools][INFO] - Created [test][kenguru_Школьная одежда___Галстуки_бабочки] ImgMaskSet: 
Size: 9 
Real size: 9 
Device: cuda 

[2023-05-26 16:00:02,506][tools.dataset_tools][INFO] - Created [test][kenguru_Платья_сарафаны___Макси] ImgMaskSet: 
Size: 6 
Real size: 6 
Device: cuda 

[2023-05-26 16:00:02,506][tools.dataset_tools][INFO] - Created [test][kenguru_Юбки___Трапеция] ImgMaskSet: 
Size: 1 
Real size: 1 
Device: cuda 

[2023-05-26 16:00:02,506][tools.dataset_tools][INFO] - Created [test][puma_Аксессуары___Для волос] ImgMaskSet: 
Size: 15 
Real size: 15 
Device: cuda 

[2023-05-26 16:00:02,506][tools.dataset_tools][INFO] - Created [test][kenguru_Платья_сарафаны___Шелковые] ImgMaskSet: 
Size: 17 
Real size: 17 
Device: cuda 

[2023-05-26 16:00:02,506][tools.dataset_tools][INFO] - Created [test][kenguru_Юбки___Юбка-шорты] ImgMaskSet: 
Size: 5 
Real size: 5 
Device: cuda 

[2023-05-26 16:00:02,506][tools.dataset_tools][INFO] - Created [test][puma_Пляжная одежда___Раздельные купальники] ImgMaskSet: 
Size: 12 
Real size: 12 
Device: cuda 

[2023-05-26 16:00:02,506][tools.dataset_tools][INFO] - Created [test][kenguru_Пляжная одежда___Слитные купальники] ImgMaskSet: 
Size: 17 
Real size: 17 
Device: cuda 

[2023-05-26 16:00:02,506][tools.dataset_tools][INFO] - Created [test][kenguru_Школьная одежда___Фартуки] ImgMaskSet: 
Size: 5 
Real size: 5 
Device: cuda 

[2023-05-26 16:00:02,506][tools.dataset_tools][INFO] - Created [test][kenguru_Юбки___Плиссе] ImgMaskSet: 
Size: 19 
Real size: 19 
Device: cuda 

[2023-05-26 16:00:02,506][tools.dataset_tools][INFO] - Created [test][kenguru_Юбки___Тюльпан] ImgMaskSet: 
Size: 1 
Real size: 1 
Device: cuda 

[2023-05-26 16:00:02,506][tools.dataset_tools][INFO] - Created [test][kenguru_Брюки___Кюлоты] ImgMaskSet: 
Size: 4 
Real size: 4 
Device: cuda 

[2023-05-26 16:00:02,506][tools.dataset_tools][INFO] - Created [test][kenguru_Джинсы___Зауженные] ImgMaskSet: 
Size: 13 
Real size: 13 
Device: cuda 

[2023-05-26 16:00:02,506][tools.dataset_tools][INFO] - Created [test][puma_Джемперы_свитеры_кардиганы_кофты___Свитеры] ImgMaskSet: 
Size: 1 
Real size: 1 
Device: cuda 

[2023-05-26 16:00:02,506][tools.dataset_tools][INFO] - Created [test][puma_Сумки_рюкзаки и чемоданы___Тоут] ImgMaskSet: 
Size: 3 
Real size: 3 
Device: cuda 

[2023-05-26 16:00:02,506][tools.dataset_tools][INFO] - Created [test][kenguru_Брюки___Карго] ImgMaskSet: 
Size: 19 
Real size: 19 
Device: cuda 

[2023-05-26 16:00:02,506][tools.dataset_tools][INFO] - Created [test][puma_Юбки___Миди] ImgMaskSet: 
Size: 2 
Real size: 2 
Device: cuda 

[2023-05-26 16:00:02,506][tools.dataset_tools][INFO] - Created [test][kenguru_Юбки___Солнце] ImgMaskSet: 
Size: 1 
Real size: 1 
Device: cuda 

[2023-05-26 16:00:02,506][tools.dataset_tools][INFO] - Created [test][kenguru_Брюки___Клеш] ImgMaskSet: 
Size: 9 
Real size: 9 
Device: cuda 

[2023-05-26 16:00:02,506][tools.dataset_tools][INFO] - Created [test][kenguru_Школьная одежда___Шорты] ImgMaskSet: 
Size: 3 
Real size: 3 
Device: cuda 

[2023-05-26 16:00:02,506][tools.dataset_tools][INFO] - Created [test][puma_Обувь___Ботинки] ImgMaskSet: 
Size: 22 
Real size: 22 
Device: cuda 

[2023-05-26 16:00:02,506][tools.dataset_tools][INFO] - Created [test][kenguru_Обувь___Слипоны] ImgMaskSet: 
Size: 2 
Real size: 2 
Device: cuda 

[2023-05-26 16:00:02,506][tools.dataset_tools][INFO] - Created [test][puma_Футболки_майки_поло_топы] ImgMaskSet: 
Size: 22 
Real size: 22 
Device: cuda 

[2023-05-26 16:00:02,506][tools.dataset_tools][INFO] - Created [test][kenguru_Верхняя одежда___Парки] ImgMaskSet: 
Size: 9 
Real size: 9 
Device: cuda 

[2023-05-26 16:00:02,506][tools.dataset_tools][INFO] - Created [test][kenguru_Обувь___Эспадрильи] ImgMaskSet: 
Size: 2 
Real size: 2 
Device: cuda 

[2023-05-26 16:00:02,506][tools.dataset_tools][INFO] - Created [test][kenguru_Брюки___Укороченные] ImgMaskSet: 
Size: 2 
Real size: 2 
Device: cuda 

[2023-05-26 16:00:02,506][tools.dataset_tools][INFO] - Created [test][kenguru_Брюки___Широкие] ImgMaskSet: 
Size: 7 
Real size: 7 
Device: cuda 

[2023-05-26 16:00:02,506][tools.dataset_tools][INFO] - Created [test][puma_Сумки_рюкзаки и чемоданы___Мессенджер] ImgMaskSet: 
Size: 2 
Real size: 2 
Device: cuda 

[2023-05-26 16:00:02,506][tools.dataset_tools][INFO] - Created [test][kenguru_Футболки_майки_поло_топы___Топы] ImgMaskSet: 
Size: 51 
Real size: 51 
Device: cuda 

[2023-05-26 16:00:02,506][tools.dataset_tools][INFO] - Created [test][kenguru_Ремни] ImgMaskSet: 
Size: 15 
Real size: 15 
Device: cuda 

[2023-05-26 16:00:02,506][tools.dataset_tools][INFO] - Created [test][kenguru_Украшения___Подвески и кулоны] ImgMaskSet: 
Size: 8 
Real size: 8 
Device: cuda 

[2023-05-26 16:00:02,506][tools.dataset_tools][INFO] - Created [test][kenguru_Головные уборы___Панамы] ImgMaskSet: 
Size: 65 
Real size: 65 
Device: cuda 

[2023-05-26 16:00:02,506][tools.dataset_tools][INFO] - Created [test][kenguru_Юбки] ImgMaskSet: 
Size: 53 
Real size: 53 
Device: cuda 

[2023-05-26 16:00:02,506][tools.dataset_tools][INFO] - Created [test][kenguru_Джемперы_свитеры_кардиганы_кофты___Джемперы] ImgMaskSet: 
Size: 51 
Real size: 51 
Device: cuda 

[2023-05-26 16:00:02,506][tools.dataset_tools][INFO] - Created [test][kenguru_Платья_сарафаны] ImgMaskSet: 
Size: 100 
Real size: 100 
Device: cuda 

[2023-05-26 16:00:02,506][tools.dataset_tools][INFO] - Created [test][kenguru_Школьная одежда___Брюки] ImgMaskSet: 
Size: 10 
Real size: 10 
Device: cuda 

[2023-05-26 16:00:02,506][tools.dataset_tools][INFO] - Created [test][kenguru_Верхняя одежда___Пуховики] ImgMaskSet: 
Size: 56 
Real size: 56 
Device: cuda 

[2023-05-26 16:00:02,506][tools.dataset_tools][INFO] - Created [test][kenguru_Сумки_рюкзаки и чемоданы___Сумки через плечо] ImgMaskSet: 
Size: 38 
Real size: 38 
Device: cuda 

[2023-05-26 16:00:02,506][tools.dataset_tools][INFO] - Created [test][kenguru_Домашняя одежда и бельё___Колготки] ImgMaskSet: 
Size: 83 
Real size: 83 
Device: cuda 

[2023-05-26 16:00:02,506][tools.dataset_tools][INFO] - Created [test][kenguru_Верхняя одежда___Шубы] ImgMaskSet: 
Size: 8 
Real size: 8 
Device: cuda 

[2023-05-26 16:00:02,506][tools.dataset_tools][INFO] - Created [test][puma_Обувь___Бутсы] ImgMaskSet: 
Size: 42 
Real size: 42 
Device: cuda 

[2023-05-26 16:00:02,506][tools.dataset_tools][INFO] - Created [test][kenguru_Обувь] ImgMaskSet: 
Size: 22 
Real size: 22 
Device: cuda 

[2023-05-26 16:00:02,506][tools.dataset_tools][INFO] - Created [test][puma_Домашняя одежда и бельё___Носки] ImgMaskSet: 
Size: 100 
Real size: 100 
Device: cuda 

[2023-05-26 16:00:02,507][tools.dataset_tools][INFO] - Created [test][puma_Нижнее бельё] ImgMaskSet: 
Size: 83 
Real size: 83 
Device: cuda 

[2023-05-26 16:00:02,507][tools.dataset_tools][INFO] - Created [test][kenguru_Спортивная одежда___Костюмы] ImgMaskSet: 
Size: 32 
Real size: 32 
Device: cuda 

[2023-05-26 16:00:02,507][tools.dataset_tools][INFO] - Created [test][kenguru_Джемперы_свитеры_кардиганы_кофты___Кофты] ImgMaskSet: 
Size: 12 
Real size: 12 
Device: cuda 

[2023-05-26 16:00:02,507][tools.dataset_tools][INFO] - Created [test][kenguru_Обувь___Босоножки] ImgMaskSet: 
Size: 48 
Real size: 48 
Device: cuda 

[2023-05-26 16:00:02,507][tools.dataset_tools][INFO] - Created [test][kenguru_Футболки_майки_поло_топы___Поло] ImgMaskSet: 
Size: 17 
Real size: 17 
Device: cuda 

[2023-05-26 16:00:02,507][tools.dataset_tools][INFO] - Created [test][kenguru_Комбинезоны] ImgMaskSet: 
Size: 100 
Real size: 100 
Device: cuda 

[2023-05-26 16:00:02,507][tools.dataset_tools][INFO] - Created [test][puma_Толстовки_олимпийки_худи_лонгсливы] ImgMaskSet: 
Size: 32 
Real size: 32 
Device: cuda 

[2023-05-26 16:00:02,507][tools.dataset_tools][INFO] - Created [test][kenguru_Украшения] ImgMaskSet: 
Size: 8 
Real size: 8 
Device: cuda 

[2023-05-26 16:00:02,507][tools.dataset_tools][INFO] - Created [test][kenguru_Домашняя одежда и бельё] ImgMaskSet: 
Size: 43 
Real size: 43 
Device: cuda 

[2023-05-26 16:00:02,507][tools.dataset_tools][INFO] - Created [test][puma_Футболки_майки_поло_топы___Футболки] ImgMaskSet: 
Size: 100 
Real size: 100 
Device: cuda 

[2023-05-26 16:00:02,507][tools.dataset_tools][INFO] - Created [test][kenguru_Костюмы_пиджаки___Пиджаки] ImgMaskSet: 
Size: 27 
Real size: 27 
Device: cuda 

[2023-05-26 16:00:02,507][tools.dataset_tools][INFO] - Created [test][kenguru_Украшения___Колье] ImgMaskSet: 
Size: 11 
Real size: 11 
Device: cuda 

[2023-05-26 16:00:02,507][tools.dataset_tools][INFO] - Created [test][puma_Перчатки и варежки] ImgMaskSet: 
Size: 11 
Real size: 11 
Device: cuda 

[2023-05-26 16:00:02,507][tools.dataset_tools][INFO] - Created [test][kenguru_Платки_шарфы_шали___Шарфы] ImgMaskSet: 
Size: 79 
Real size: 79 
Device: cuda 

[2023-05-26 16:00:02,507][tools.dataset_tools][INFO] - Created [test][kenguru_Головные уборы] ImgMaskSet: 
Size: 42 
Real size: 42 
Device: cuda 

[2023-05-26 16:00:02,507][tools.dataset_tools][INFO] - Created [test][puma_Обувь___Кроссовки] ImgMaskSet: 
Size: 100 
Real size: 100 
Device: cuda 

[2023-05-26 16:00:02,507][tools.dataset_tools][INFO] - Created [test][puma_Футболки_майки_поло_топы___Топы] ImgMaskSet: 
Size: 54 
Real size: 54 
Device: cuda 

[2023-05-26 16:00:02,507][tools.dataset_tools][INFO] - Created [test][kenguru_Блузки_рубашки___Рубашки] ImgMaskSet: 
Size: 85 
Real size: 85 
Device: cuda 

[2023-05-26 16:00:02,507][tools.dataset_tools][INFO] - Created [test][puma_Шорты_бриджи___Шорты] ImgMaskSet: 
Size: 100 
Real size: 100 
Device: cuda 

[2023-05-26 16:00:02,507][tools.dataset_tools][INFO] - Created [test][puma_Спортивная одежда___Леггинсы] ImgMaskSet: 
Size: 72 
Real size: 72 
Device: cuda 

[2023-05-26 16:00:02,507][tools.dataset_tools][INFO] - Created [test][kenguru_Спортивная одежда___Спортивные куртки] ImgMaskSet: 
Size: 70 
Real size: 70 
Device: cuda 

[2023-05-26 16:00:02,507][tools.dataset_tools][INFO] - Created [test][kenguru_Толстовки_олимпийки_худи_лонгсливы] ImgMaskSet: 
Size: 100 
Real size: 100 
Device: cuda 

[2023-05-26 16:00:02,507][tools.dataset_tools][INFO] - Created [test][puma_Головные уборы___Кепки] ImgMaskSet: 
Size: 34 
Real size: 34 
Device: cuda 

[2023-05-26 16:00:02,507][tools.dataset_tools][INFO] - Created [test][kenguru_Головные уборы___Шапки] ImgMaskSet: 
Size: 100 
Real size: 100 
Device: cuda 

[2023-05-26 16:00:02,507][tools.dataset_tools][INFO] - Created [test][puma_Другое] ImgMaskSet: 
Size: 19 
Real size: 19 
Device: cuda 

[2023-05-26 16:00:02,507][tools.dataset_tools][INFO] - Created [test][kenguru_Аксессуары___Галстуки_бабочки] ImgMaskSet: 
Size: 8 
Real size: 8 
Device: cuda 

[2023-05-26 16:00:02,507][tools.dataset_tools][INFO] - Created [test][kenguru_Джинсы] ImgMaskSet: 
Size: 78 
Real size: 78 
Device: cuda 

[2023-05-26 16:00:02,507][tools.dataset_tools][INFO] - Created [test][puma_Разное] ImgMaskSet: 
Size: 32 
Real size: 32 
Device: cuda 

[2023-05-26 16:00:02,507][tools.dataset_tools][INFO] - Created [test][kenguru_Джемперы_свитеры_кардиганы_кофты___Свитшоты] ImgMaskSet: 
Size: 22 
Real size: 22 
Device: cuda 

[2023-05-26 16:00:02,507][tools.dataset_tools][INFO] - Created [test][kenguru_Головные уборы___Бейсболки] ImgMaskSet: 
Size: 87 
Real size: 87 
Device: cuda 

[2023-05-26 16:00:02,507][tools.dataset_tools][INFO] - Created [test][kenguru_Верхняя одежда___Ветровки] ImgMaskSet: 
Size: 23 
Real size: 23 
Device: cuda 

[2023-05-26 16:00:02,507][tools.dataset_tools][INFO] - Created [test][puma_Джемперы_свитеры_кардиганы_кофты___Свитшоты] ImgMaskSet: 
Size: 23 
Real size: 23 
Device: cuda 

[2023-05-26 16:00:02,507][tools.dataset_tools][INFO] - Created [test][kenguru_Нижнее бельё] ImgMaskSet: 
Size: 20 
Real size: 20 
Device: cuda 

[2023-05-26 16:00:02,507][tools.dataset_tools][INFO] - Created [test][kenguru_Платья_сарафаны___Сарафаны] ImgMaskSet: 
Size: 23 
Real size: 23 
Device: cuda 

[2023-05-26 16:00:02,507][tools.dataset_tools][INFO] - Created [test][kenguru_Брюки___Классические] ImgMaskSet: 
Size: 9 
Real size: 9 
Device: cuda 

[2023-05-26 16:00:02,507][tools.dataset_tools][INFO] - Created [test][puma_Украшения___Комплекты] ImgMaskSet: 
Size: 15 
Real size: 15 
Device: cuda 

[2023-05-26 16:00:02,507][tools.dataset_tools][INFO] - Created [test][puma_Толстовки_олимпийки_худи_лонгсливы___Олимпийки] ImgMaskSet: 
Size: 62 
Real size: 62 
Device: cuda 

[2023-05-26 16:00:02,507][tools.dataset_tools][INFO] - Created [test][puma_Толстовки_олимпийки_худи_лонгсливы___Худи] ImgMaskSet: 
Size: 8 
Real size: 8 
Device: cuda 

[2023-05-26 16:00:02,507][tools.dataset_tools][INFO] - Created [test][puma_Головные уборы___Шапки] ImgMaskSet: 
Size: 71 
Real size: 71 
Device: cuda 

[2023-05-26 16:00:02,507][tools.dataset_tools][INFO] - Created [test][kenguru_Верхняя одежда___Жилеты (верхняя одежда)] ImgMaskSet: 
Size: 25 
Real size: 25 
Device: cuda 

[2023-05-26 16:00:02,507][tools.dataset_tools][INFO] - Created [test][kenguru_Спортивная одежда___Спортивные брюки] ImgMaskSet: 
Size: 100 
Real size: 100 
Device: cuda 

[2023-05-26 16:00:02,507][tools.dataset_tools][INFO] - Created [test][kenguru_Брюки___Леггинсы] ImgMaskSet: 
Size: 61 
Real size: 61 
Device: cuda 

[2023-05-26 16:00:02,507][tools.dataset_tools][INFO] - Created [test][puma_Верхняя одежда___Куртки] ImgMaskSet: 
Size: 57 
Real size: 57 
Device: cuda 

[2023-05-26 16:00:02,508][tools.dataset_tools][INFO] - Created [test][kenguru_Джемперы_свитеры_кардиганы_кофты___Кардиганы] ImgMaskSet: 
Size: 23 
Real size: 23 
Device: cuda 

[2023-05-26 16:00:02,508][tools.dataset_tools][INFO] - Created [test][puma_Толстовки_олимпийки_худи_лонгсливы___Лонгсливы] ImgMaskSet: 
Size: 20 
Real size: 20 
Device: cuda 

[2023-05-26 16:00:02,508][tools.dataset_tools][INFO] - Created [test][puma_Верхняя одежда___Ветровки] ImgMaskSet: 
Size: 17 
Real size: 17 
Device: cuda 

[2023-05-26 16:00:02,508][tools.dataset_tools][INFO] - Created [test][kenguru_Шорты_бриджи] ImgMaskSet: 
Size: 7 
Real size: 7 
Device: cuda 

[2023-05-26 16:00:02,508][tools.dataset_tools][INFO] - Created [test][kenguru_Блузки_рубашки___Блузки] ImgMaskSet: 
Size: 14 
Real size: 14 
Device: cuda 

[2023-05-26 16:00:02,508][tools.dataset_tools][INFO] - Created [test][kenguru_Верхняя одежда___Куртки] ImgMaskSet: 
Size: 100 
Real size: 100 
Device: cuda 

[2023-05-26 16:00:02,508][tools.dataset_tools][INFO] - Created [test][kenguru_Перчатки и варежки] ImgMaskSet: 
Size: 92 
Real size: 92 
Device: cuda 

[2023-05-26 16:00:02,508][tools.dataset_tools][INFO] - Created [test][kenguru_Другое] ImgMaskSet: 
Size: 24 
Real size: 24 
Device: cuda 

[2023-05-26 16:00:02,508][tools.dataset_tools][INFO] - Created [test][kenguru_Обувь___Сапоги] ImgMaskSet: 
Size: 46 
Real size: 46 
Device: cuda 

[2023-05-26 16:00:02,508][tools.dataset_tools][INFO] - Created [test][kenguru_Шорты_бриджи___Шорты] ImgMaskSet: 
Size: 100 
Real size: 100 
Device: cuda 

[2023-05-26 16:00:02,508][tools.dataset_tools][INFO] - Created [test][puma_Футболки_майки_поло_топы___Поло] ImgMaskSet: 
Size: 23 
Real size: 23 
Device: cuda 

[2023-05-26 16:00:02,508][tools.dataset_tools][INFO] - Created [test][kenguru_Верхняя одежда___Пальто] ImgMaskSet: 
Size: 18 
Real size: 18 
Device: cuda 

[2023-05-26 16:00:02,508][tools.dataset_tools][INFO] - Created [test][kenguru_Джемперы_свитеры_кардиганы_кофты___Водолазки] ImgMaskSet: 
Size: 46 
Real size: 46 
Device: cuda 

[2023-05-26 16:00:02,508][tools.dataset_tools][INFO] - Created [test][kenguru_Домашняя одежда и бельё___Носки] ImgMaskSet: 
Size: 100 
Real size: 100 
Device: cuda 

[2023-05-26 16:00:02,508][tools.dataset_tools][INFO] - Created [test][kenguru_Шорты_бриджи___Джинсовые шорты] ImgMaskSet: 
Size: 15 
Real size: 15 
Device: cuda 

[2023-05-26 16:00:02,508][tools.dataset_tools][INFO] - Created [test][kenguru_Обувь___Туфли] ImgMaskSet: 
Size: 37 
Real size: 37 
Device: cuda 

[2023-05-26 16:00:02,508][tools.dataset_tools][INFO] - Created [test][puma_Толстовки_олимпийки_худи_лонгсливы___Толстовки] ImgMaskSet: 
Size: 100 
Real size: 100 
Device: cuda 

[2023-05-26 16:00:02,508][tools.dataset_tools][INFO] - Created [test][kenguru_Сумки_рюкзаки и чемоданы___Рюкзаки] ImgMaskSet: 
Size: 24 
Real size: 24 
Device: cuda 

[2023-05-26 16:00:02,508][tools.dataset_tools][INFO] - Created [test][puma_Обувь___Кеды] ImgMaskSet: 
Size: 100 
Real size: 100 
Device: cuda 

[2023-05-26 16:00:02,508][tools.dataset_tools][INFO] - Created [test][kenguru_Обувь___Ботинки] ImgMaskSet: 
Size: 38 
Real size: 38 
Device: cuda 

[2023-05-26 16:00:02,508][tools.dataset_tools][INFO] - Created [test][puma_Футболки_майки_поло_топы___Майки] ImgMaskSet: 
Size: 22 
Real size: 22 
Device: cuda 

[2023-05-26 16:00:02,508][tools.dataset_tools][INFO] - Created [test][kenguru_Верхняя одежда___Джинсовые куртки] ImgMaskSet: 
Size: 20 
Real size: 20 
Device: cuda 

[2023-05-26 16:00:02,508][tools.dataset_tools][INFO] - Created [test][puma_Платья_сарафаны] ImgMaskSet: 
Size: 20 
Real size: 20 
Device: cuda 

[2023-05-26 16:00:02,508][tools.dataset_tools][INFO] - Created [test][kenguru_Футболки_майки_поло_топы___Футболки] ImgMaskSet: 
Size: 100 
Real size: 100 
Device: cuda 

[2023-05-26 16:00:02,508][tools.dataset_tools][INFO] - Created [test][puma_Пляжная одежда___Плавки] ImgMaskSet: 
Size: 28 
Real size: 28 
Device: cuda 

[2023-05-26 16:00:02,508][tools.dataset_tools][INFO] - Created [test][puma_Пляжная одежда] ImgMaskSet: 
Size: 9 
Real size: 9 
Device: cuda 

[2023-05-26 16:00:02,508][tools.dataset_tools][INFO] - Created [test][puma_Юбки] ImgMaskSet: 
Size: 9 
Real size: 9 
Device: cuda 

[2023-05-26 16:00:02,508][tools.dataset_tools][INFO] - Created [test][kenguru_Брюки___Спортивные брюки casual] ImgMaskSet: 
Size: 16 
Real size: 16 
Device: cuda 

[2023-05-26 16:00:02,508][tools.dataset_tools][INFO] - Created [test][kenguru_Обувь___Сандалии] ImgMaskSet: 
Size: 43 
Real size: 43 
Device: cuda 

[2023-05-26 16:00:02,508][tools.dataset_tools][INFO] - Created [test][kenguru_Брюки___Джоггеры] ImgMaskSet: 
Size: 9 
Real size: 9 
Device: cuda 

[2023-05-26 16:00:02,508][tools.dataset_tools][INFO] - Created [test][puma_Брюки] ImgMaskSet: 
Size: 100 
Real size: 100 
Device: cuda 

[2023-05-26 16:00:02,508][tools.dataset_tools][INFO] - Created [test][puma_Аксессуары] ImgMaskSet: 
Size: 18 
Real size: 18 
Device: cuda 

[2023-05-26 16:00:02,508][tools.dataset_tools][INFO] - Created [test][kenguru_Костюмы_пиджаки___Жилеты] ImgMaskSet: 
Size: 13 
Real size: 13 
Device: cuda 

[2023-05-26 16:00:02,508][tools.dataset_tools][INFO] - Created [test][puma_Спортивная одежда___Костюмы] ImgMaskSet: 
Size: 17 
Real size: 17 
Device: cuda 

[2023-05-26 16:00:02,508][tools.dataset_tools][INFO] - Created [test][kenguru_Украшения___Браслеты] ImgMaskSet: 
Size: 20 
Real size: 20 
Device: cuda 

[2023-05-26 16:00:02,508][tools.dataset_tools][INFO] - Created [test][puma_Сумки_рюкзаки и чемоданы___Рюкзаки] ImgMaskSet: 
Size: 72 
Real size: 72 
Device: cuda 

[2023-05-26 16:00:02,508][tools.dataset_tools][INFO] - Created [test][puma_Сумки_рюкзаки и чемоданы___Поясные сумки] ImgMaskSet: 
Size: 9 
Real size: 9 
Device: cuda 

[2023-05-26 16:00:02,508][tools.dataset_tools][INFO] - Created [test][kenguru_Джемперы_свитеры_кардиганы_кофты] ImgMaskSet: 
Size: 26 
Real size: 26 
Device: cuda 

[2023-05-26 16:00:02,508][tools.dataset_tools][INFO] - Created [test][kenguru_Школьная одежда___Рюкзаки_ранцы_сумки] ImgMaskSet: 
Size: 18 
Real size: 18 
Device: cuda 

[2023-05-26 16:00:02,508][tools.dataset_tools][INFO] - Created [test][kenguru_Аксессуары___Для волос] ImgMaskSet: 
Size: 100 
Real size: 100 
Device: cuda 

[2023-05-26 16:00:02,508][tools.dataset_tools][INFO] - Created [test][kenguru_Обувь___Кроссовки] ImgMaskSet: 
Size: 88 
Real size: 88 
Device: cuda 

[2023-05-26 16:00:02,508][tools.dataset_tools][INFO] - Created [test][kenguru_Джинсы___Клеш] ImgMaskSet: 
Size: 7 
Real size: 7 
Device: cuda 

[2023-05-26 16:00:02,509][tools.dataset_tools][INFO] - Created [test][puma_Сумки_рюкзаки и чемоданы] ImgMaskSet: 
Size: 66 
Real size: 66 
Device: cuda 

[2023-05-26 16:00:02,509][tools.dataset_tools][INFO] - Created [test][kenguru_Толстовки_олимпийки_худи_лонгсливы___Толстовки] ImgMaskSet: 
Size: 100 
Real size: 100 
Device: cuda 

[2023-05-26 16:00:02,509][tools.dataset_tools][INFO] - Created [test][puma_Спортивная одежда___Спортивные брюки] ImgMaskSet: 
Size: 12 
Real size: 12 
Device: cuda 

[2023-05-26 16:00:02,509][tools.dataset_tools][INFO] - Created [test][puma_Обувь___Шлепанцы] ImgMaskSet: 
Size: 26 
Real size: 26 
Device: cuda 

[2023-05-26 16:00:02,509][tools.dataset_tools][INFO] - Created [test][puma_Блузки_рубашки___Рубашки] ImgMaskSet: 
Size: 13 
Real size: 13 
Device: cuda 

[2023-05-26 16:00:02,509][tools.dataset_tools][INFO] - Created [test][kenguru_Футболки_майки_поло_топы___Майки] ImgMaskSet: 
Size: 9 
Real size: 9 
Device: cuda 

[2023-05-26 16:00:02,509][tools.dataset_tools][INFO] - Created [test][kenguru_Блузки_рубашки] ImgMaskSet: 
Size: 10 
Real size: 10 
Device: cuda 

[2023-05-26 16:00:02,509][tools.dataset_tools][INFO] - Created [test][kenguru_Обувь___Шлепанцы] ImgMaskSet: 
Size: 7 
Real size: 7 
Device: cuda 

[2023-05-26 16:00:02,509][tools.dataset_tools][INFO] - Created [test][kenguru_Обувь___Резиновые сапоги] ImgMaskSet: 
Size: 9 
Real size: 9 
Device: cuda 

[2023-05-26 16:00:02,509][tools.dataset_tools][INFO] - Created [test][kenguru_Брюки___Бермуды] ImgMaskSet: 
Size: 59 
Real size: 59 
Device: cuda 

[2023-05-26 16:00:02,509][tools.dataset_tools][INFO] - Created [test][kenguru_Брюки] ImgMaskSet: 
Size: 100 
Real size: 100 
Device: cuda 

[2023-05-26 16:00:02,509][tools.dataset_tools][INFO] - Created [test][kenguru_Обувь___Кеды] ImgMaskSet: 
Size: 89 
Real size: 89 
Device: cuda 

[2023-05-26 16:00:02,509][tools.dataset_tools][INFO] - Created [test][kenguru_Костюмы_пиджаки] ImgMaskSet: 
Size: 22 
Real size: 22 
Device: cuda 

[2023-05-26 16:00:02,509][tools.dataset_tools][INFO] - Created [test][kenguru_Очки] ImgMaskSet: 
Size: 10 
Real size: 10 
Device: cuda 

[2023-05-26 16:00:02,509][tools.dataset_tools][INFO] - Created [test][kenguru_Футболки_майки_поло_топы___Боди] ImgMaskSet: 
Size: 50 
Real size: 50 
Device: cuda 

[2023-05-26 16:00:02,509][tools.dataset_tools][INFO] - Created [test][kenguru_Школьная одежда___Блузы_рубашки] ImgMaskSet: 
Size: 17 
Real size: 17 
Device: cuda 

[2023-05-26 16:00:02,509][tools.dataset_tools][INFO] - Created test MultiImgMaskSet: 
Size: 5843 
Real size: 5843 
Device: cuda 

[2023-05-26 16:00:02,510][tools.train_tools][INFO] - ===== TRAIN (Epoch: 0) =====
[2023-05-26 16:03:46,027][tools.train_tools][INFO] - Loss: 0.21990293591926638
[2023-05-26 16:03:46,027][tools.train_tools][INFO] - ===== Validation (Epoch: 0) =====
[2023-05-26 16:07:02,637][tools.train_tools][INFO] - Loss: 13.399480406703844
[2023-05-26 16:07:02,638][tools.early_stopper][INFO] - Validation metric changed from None to 0.26037674398976896
[2023-05-26 16:07:02,645][tools.train_tools][INFO] - ===== TRAIN (Epoch: 1) =====
[2023-05-26 16:10:48,213][tools.train_tools][INFO] - Loss: 0.11628276061104692
[2023-05-26 16:10:48,214][tools.train_tools][INFO] - ===== TRAIN (Epoch: 2) =====
[2023-05-26 16:14:34,640][tools.train_tools][INFO] - Loss: 0.07528409423927467
[2023-05-26 16:14:34,642][tools.train_tools][INFO] - ===== TRAIN (Epoch: 3) =====
[2023-05-26 16:18:21,758][tools.train_tools][INFO] - Loss: 0.055749089704547526
[2023-05-26 16:18:21,760][tools.train_tools][INFO] - ===== TRAIN (Epoch: 4) =====
[2023-05-26 16:22:05,178][tools.train_tools][INFO] - Loss: 0.04824225056988462
[2023-05-26 16:22:05,179][tools.train_tools][INFO] - ===== Validation (Epoch: 4) =====
[2023-05-26 16:25:22,142][tools.train_tools][INFO] - Loss: 14.599776464733269
[2023-05-26 16:25:22,151][tools.train_tools][INFO] - ===== TRAIN (Epoch: 5) =====
[2023-05-26 16:29:09,230][tools.train_tools][INFO] - Loss: 0.04801997651260544
[2023-05-26 16:29:09,231][tools.train_tools][INFO] - ===== TRAIN (Epoch: 6) =====
[2023-05-26 16:32:53,604][tools.train_tools][INFO] - Loss: 0.050283668567269034
[2023-05-26 16:32:53,606][tools.train_tools][INFO] - ===== TRAIN (Epoch: 7) =====
[2023-05-26 16:36:38,379][tools.train_tools][INFO] - Loss: 0.05067560066815448
[2023-05-26 16:36:38,380][tools.train_tools][INFO] - ===== TRAIN (Epoch: 8) =====
[2023-05-26 16:40:21,816][tools.train_tools][INFO] - Loss: 0.04457447777731695
[2023-05-26 16:40:21,816][tools.train_tools][INFO] - ===== Validation (Epoch: 8) =====
[2023-05-26 16:43:38,711][tools.train_tools][INFO] - Loss: 14.36264120522744
[2023-05-26 16:43:38,719][tools.train_tools][INFO] - ===== TRAIN (Epoch: 9) =====
[2023-05-26 16:47:24,441][tools.train_tools][INFO] - Loss: 0.04103292013262061
[2023-05-26 16:47:24,442][tools.train_tools][INFO] - ===== TRAIN (Epoch: 10) =====
[2023-05-26 16:51:08,160][tools.train_tools][INFO] - Loss: 0.033405392588192716
[2023-05-26 16:51:08,162][tools.train_tools][INFO] - ===== TRAIN (Epoch: 11) =====
[2023-05-26 16:54:51,947][tools.train_tools][INFO] - Loss: 0.03340829502575207
[2023-05-26 16:54:51,948][tools.train_tools][INFO] - ===== TRAIN (Epoch: 12) =====
[2023-05-26 16:58:35,984][tools.train_tools][INFO] - Loss: 0.03151084077746972
[2023-05-26 16:58:35,984][tools.train_tools][INFO] - ===== Validation (Epoch: 12) =====
[2023-05-26 17:01:52,592][tools.train_tools][INFO] - Loss: 13.936416263788775
[2023-05-26 17:01:52,601][tools.train_tools][INFO] - ===== TRAIN (Epoch: 13) =====
[2023-05-26 17:05:38,623][tools.train_tools][INFO] - Loss: 0.03191218328108822
[2023-05-26 17:05:38,624][tools.train_tools][INFO] - ===== TRAIN (Epoch: 14) =====
[2023-05-26 17:09:25,148][tools.train_tools][INFO] - Loss: 0.029440547663556492
[2023-05-26 17:09:25,150][tools.train_tools][INFO] - ===== TRAIN (Epoch: 15) =====
[2023-05-26 17:13:11,589][tools.train_tools][INFO] - Loss: 0.03151348654792649
[2023-05-26 17:13:11,591][tools.train_tools][INFO] - ===== TRAIN (Epoch: 16) =====
[2023-05-26 17:16:57,331][tools.train_tools][INFO] - Loss: 0.03052960109901457
[2023-05-26 17:16:57,332][tools.train_tools][INFO] - ===== Validation (Epoch: 16) =====
[2023-05-26 17:20:14,068][tools.train_tools][INFO] - Loss: 19.255563136006966
[2023-05-26 17:20:14,076][tools.train_tools][INFO] - ===== TRAIN (Epoch: 17) =====
[2023-05-26 17:23:57,894][tools.train_tools][INFO] - Loss: 0.03454936801451416
[2023-05-26 17:23:57,895][tools.train_tools][INFO] - ===== TRAIN (Epoch: 18) =====
[2023-05-26 17:27:43,314][tools.train_tools][INFO] - Loss: 0.03146528230377153
[2023-05-26 17:27:43,315][tools.train_tools][INFO] - ===== TRAIN (Epoch: 19) =====
[2023-05-26 17:31:29,162][tools.train_tools][INFO] - Loss: 0.03543138095506147
[2023-05-26 17:31:29,164][tools.train_tools][INFO] - ===== TRAIN (Epoch: 20) =====
[2023-05-26 17:35:11,993][tools.train_tools][INFO] - Loss: 0.03302675677724363
[2023-05-26 17:35:11,994][tools.train_tools][INFO] - ===== Validation (Epoch: 20) =====
[2023-05-26 17:38:28,794][tools.train_tools][INFO] - Loss: 18.351219360294238
[2023-05-26 17:38:28,803][tools.train_tools][INFO] - ===== TRAIN (Epoch: 21) =====
[2023-05-26 17:42:13,623][tools.train_tools][INFO] - Loss: 0.027631186970154157
[2023-05-26 17:42:13,624][tools.train_tools][INFO] - ===== TRAIN (Epoch: 22) =====
[2023-05-26 17:45:59,638][tools.train_tools][INFO] - Loss: 0.030913539856204375
[2023-05-26 17:45:59,639][tools.train_tools][INFO] - ===== TRAIN (Epoch: 23) =====
[2023-05-26 17:49:45,215][tools.train_tools][INFO] - Loss: 0.02863507063222536
[2023-05-26 17:49:45,216][tools.train_tools][INFO] - ===== TRAIN (Epoch: 24) =====
[2023-05-26 17:53:32,037][tools.train_tools][INFO] - Loss: 0.026760246258247015
[2023-05-26 17:53:32,037][tools.train_tools][INFO] - ===== Validation (Epoch: 24) =====
[2023-05-26 17:56:48,894][tools.train_tools][INFO] - Loss: 18.555003747914007
[2023-05-26 17:56:48,902][tools.train_tools][INFO] - ===== TRAIN (Epoch: 25) =====
[2023-05-26 18:00:34,068][tools.train_tools][INFO] - Loss: 0.03200847593446573
[2023-05-26 18:00:34,069][tools.train_tools][INFO] - ===== TRAIN (Epoch: 26) =====
[2023-05-26 18:04:17,670][tools.train_tools][INFO] - Loss: 0.02953064127640736
[2023-05-26 18:04:17,671][tools.train_tools][INFO] - ===== TRAIN (Epoch: 27) =====
[2023-05-26 18:08:04,293][tools.train_tools][INFO] - Loss: 0.027783412850745346
[2023-05-26 18:08:04,294][tools.train_tools][INFO] - ===== TRAIN (Epoch: 28) =====
[2023-05-26 18:11:48,999][tools.train_tools][INFO] - Loss: 0.02607835432883478
[2023-05-26 18:11:49,000][tools.train_tools][INFO] - ===== Validation (Epoch: 28) =====
[2023-05-26 18:15:06,166][tools.train_tools][INFO] - Loss: 18.822407517276826
[2023-05-26 18:15:06,174][tools.train_tools][INFO] - ===== TRAIN (Epoch: 29) =====
[2023-05-26 18:18:51,549][tools.train_tools][INFO] - Loss: 0.029366743386439655
[2023-05-26 18:18:51,551][tools.train_tools][INFO] - ===== TRAIN (Epoch: 30) =====
[2023-05-26 18:22:39,322][tools.train_tools][INFO] - Loss: 0.02962338618916158
[2023-05-26 18:22:39,323][tools.train_tools][INFO] - ===== TRAIN (Epoch: 31) =====
[2023-05-26 18:26:21,569][tools.train_tools][INFO] - Loss: 0.02740376860641195
[2023-05-26 18:26:21,570][tools.train_tools][INFO] - ===== TRAIN (Epoch: 32) =====
[2023-05-26 18:30:10,988][tools.train_tools][INFO] - Loss: 0.02990019048343678
[2023-05-26 18:30:10,988][tools.train_tools][INFO] - ===== Validation (Epoch: 32) =====
[2023-05-26 18:33:27,926][tools.train_tools][INFO] - Loss: 21.243049733625735
[2023-05-26 18:33:27,935][tools.train_tools][INFO] - ===== TRAIN (Epoch: 33) =====
[2023-05-26 18:37:14,760][tools.train_tools][INFO] - Loss: 0.026298974366219724
[2023-05-26 18:37:14,761][tools.train_tools][INFO] - ===== TRAIN (Epoch: 34) =====
[2023-05-26 18:40:59,827][tools.train_tools][INFO] - Loss: 0.029272017402097512
[2023-05-26 18:40:59,828][tools.train_tools][INFO] - ===== TRAIN (Epoch: 35) =====
[2023-05-26 18:44:46,048][tools.train_tools][INFO] - Loss: 0.04125558696507256
[2023-05-26 18:44:46,049][tools.train_tools][INFO] - ===== TRAIN (Epoch: 36) =====
[2023-05-26 18:48:28,702][tools.train_tools][INFO] - Loss: 0.029461191107793418
[2023-05-26 18:48:28,703][tools.train_tools][INFO] - ===== Validation (Epoch: 36) =====
[2023-05-26 18:51:45,480][tools.train_tools][INFO] - Loss: 20.650135772475778
[2023-05-26 18:51:45,488][tools.train_tools][INFO] - ===== TRAIN (Epoch: 37) =====
[2023-05-26 18:55:30,918][tools.train_tools][INFO] - Loss: 0.028982248256243945
[2023-05-26 18:55:30,919][tools.train_tools][INFO] - ===== TRAIN (Epoch: 38) =====
[2023-05-26 18:59:17,496][tools.train_tools][INFO] - Loss: 0.027401528865602858
[2023-05-26 18:59:17,497][tools.train_tools][INFO] - ===== TRAIN (Epoch: 39) =====
[2023-05-26 19:03:05,103][tools.train_tools][INFO] - Loss: 0.02549146047392905
[2023-05-26 19:03:05,105][tools.train_tools][INFO] - ===== TRAIN (Epoch: 40) =====
[2023-05-26 19:06:52,515][tools.train_tools][INFO] - Loss: 0.02575683733223429
[2023-05-26 19:06:52,516][tools.train_tools][INFO] - ===== Validation (Epoch: 40) =====
[2023-05-26 19:10:08,993][tools.train_tools][INFO] - Loss: 16.69671924257539
[2023-05-26 19:10:09,001][tools.train_tools][INFO] - ===== TRAIN (Epoch: 41) =====
[2023-05-26 19:13:51,076][tools.train_tools][INFO] - Loss: 0.02538063802310954
[2023-05-26 19:13:51,078][tools.train_tools][INFO] - ===== TRAIN (Epoch: 42) =====
[2023-05-26 19:17:34,591][tools.train_tools][INFO] - Loss: 0.02468422335990961
[2023-05-26 19:17:34,592][tools.train_tools][INFO] - ===== TRAIN (Epoch: 43) =====
[2023-05-26 19:21:19,708][tools.train_tools][INFO] - Loss: 0.02618866677031569
[2023-05-26 19:21:19,709][tools.train_tools][INFO] - ===== TRAIN (Epoch: 44) =====
[2023-05-26 19:25:03,668][tools.train_tools][INFO] - Loss: 0.025691327076531264
[2023-05-26 19:25:03,668][tools.train_tools][INFO] - ===== Validation (Epoch: 44) =====
[2023-05-26 19:28:20,370][tools.train_tools][INFO] - Loss: 19.988866747402753
[2023-05-26 19:28:20,378][tools.train_tools][INFO] - ===== TRAIN (Epoch: 45) =====
[2023-05-26 19:32:04,930][tools.train_tools][INFO] - Loss: 0.02527300612146152
[2023-05-26 19:32:04,931][tools.train_tools][INFO] - ===== TRAIN (Epoch: 46) =====
[2023-05-26 19:35:50,655][tools.train_tools][INFO] - Loss: 0.02437005324766112
[2023-05-26 19:35:50,657][tools.train_tools][INFO] - ===== TRAIN (Epoch: 47) =====
[2023-05-26 19:39:37,357][tools.train_tools][INFO] - Loss: 0.02388061815197917
[2023-05-26 19:39:37,358][tools.train_tools][INFO] - ===== TRAIN (Epoch: 48) =====
[2023-05-26 19:43:22,474][tools.train_tools][INFO] - Loss: 0.024961211426174582
[2023-05-26 19:43:22,474][tools.train_tools][INFO] - ===== Validation (Epoch: 48) =====
[2023-05-26 19:46:39,494][tools.train_tools][INFO] - Loss: 20.445477467417067
[2023-05-26 19:46:39,505][tools.train_tools][INFO] - ===== TRAIN (Epoch: 49) =====
[2023-05-26 19:50:25,889][tools.train_tools][INFO] - Loss: 0.023669544283462608
[2023-05-26 19:50:25,890][tools.train_tools][INFO] - ===== TRAIN (Epoch: 50) =====
[2023-05-26 19:54:10,714][tools.train_tools][INFO] - Loss: 0.024825156229921586
[2023-05-26 19:54:10,715][tools.train_tools][INFO] - ===== TRAIN (Epoch: 51) =====
[2023-05-26 19:57:55,750][tools.train_tools][INFO] - Loss: 0.023966768612536254
[2023-05-26 19:57:55,751][tools.train_tools][INFO] - ===== TRAIN (Epoch: 52) =====
[2023-05-26 20:01:41,466][tools.train_tools][INFO] - Loss: 0.02314195756750982
[2023-05-26 20:01:41,467][tools.train_tools][INFO] - ===== Validation (Epoch: 52) =====
[2023-05-26 20:04:58,678][tools.train_tools][INFO] - Loss: 20.145572921617436
[2023-05-26 20:04:58,753][tools.train_tools][INFO] - ===== TRAIN (Epoch: 53) =====
[2023-05-26 20:08:43,246][tools.train_tools][INFO] - Loss: 0.023764593481729573
[2023-05-26 20:08:43,247][tools.train_tools][INFO] - ===== TRAIN (Epoch: 54) =====
[2023-05-26 20:12:30,772][tools.train_tools][INFO] - Loss: 0.023097887518253302
[2023-05-26 20:12:30,773][tools.train_tools][INFO] - ===== TRAIN (Epoch: 55) =====
[2023-05-26 20:16:15,640][tools.train_tools][INFO] - Loss: 0.02278436372137588
[2023-05-26 20:16:15,641][tools.train_tools][INFO] - ===== TRAIN (Epoch: 56) =====
[2023-05-26 20:20:01,349][tools.train_tools][INFO] - Loss: 0.022760613052093464
[2023-05-26 20:20:01,349][tools.train_tools][INFO] - ===== Validation (Epoch: 56) =====
[2023-05-26 20:23:18,521][tools.train_tools][INFO] - Loss: 16.355494216491614
[2023-05-26 20:23:18,529][tools.train_tools][INFO] - ===== TRAIN (Epoch: 57) =====
[2023-05-26 20:27:00,728][tools.train_tools][INFO] - Loss: 0.022477051738091714
[2023-05-26 20:27:00,729][tools.train_tools][INFO] - ===== TRAIN (Epoch: 58) =====
[2023-05-26 20:30:48,009][tools.train_tools][INFO] - Loss: 0.02372913976798311
[2023-05-26 20:30:48,010][tools.train_tools][INFO] - ===== TRAIN (Epoch: 59) =====
[2023-05-26 20:34:35,373][tools.train_tools][INFO] - Loss: 0.023321570779066443
[2023-05-26 20:34:35,374][tools.train_tools][INFO] - ===== TRAIN (Epoch: 60) =====
[2023-05-26 20:38:19,704][tools.train_tools][INFO] - Loss: 0.022635083641083055
[2023-05-26 20:38:19,705][tools.train_tools][INFO] - ===== Validation (Epoch: 60) =====
[2023-05-26 20:41:36,478][tools.train_tools][INFO] - Loss: 18.4738383182411
[2023-05-26 20:41:36,478][tools.early_stopper][INFO] - Early stopping.
