[2023-06-08 00:02:44,020][tools.dataset_tools][INFO] - Created [train][kenguru_Футболки_майки_поло_топы___Топы] ImgMaskSet: 
Size: 30 
Real size: 119 
Device: cuda 

[2023-06-08 00:02:44,020][tools.dataset_tools][INFO] - Created [train][kenguru_Ремни] ImgMaskSet: 
Size: 30 
Real size: 38 
Device: cuda 

[2023-06-08 00:02:44,020][tools.dataset_tools][INFO] - Created [train][kenguru_Украшения___Подвески и кулоны] ImgMaskSet: 
Size: 19 
Real size: 19 
Device: cuda 

[2023-06-08 00:02:44,020][tools.dataset_tools][INFO] - Created [train][kenguru_Головные уборы___Панамы] ImgMaskSet: 
Size: 30 
Real size: 154 
Device: cuda 

[2023-06-08 00:02:44,020][tools.dataset_tools][INFO] - Created [train][kenguru_Юбки] ImgMaskSet: 
Size: 30 
Real size: 124 
Device: cuda 

[2023-06-08 00:02:44,020][tools.dataset_tools][INFO] - Created [train][kenguru_Джемперы_свитеры_кардиганы_кофты___Джемперы] ImgMaskSet: 
Size: 30 
Real size: 121 
Device: cuda 

[2023-06-08 00:02:44,020][tools.dataset_tools][INFO] - Created [train][kenguru_Платья_сарафаны] ImgMaskSet: 
Size: 30 
Real size: 831 
Device: cuda 

[2023-06-08 00:02:44,020][tools.dataset_tools][INFO] - Created [train][kenguru_Школьная одежда___Брюки] ImgMaskSet: 
Size: 25 
Real size: 25 
Device: cuda 

[2023-06-08 00:02:44,020][tools.dataset_tools][INFO] - Created [train][kenguru_Верхняя одежда___Пуховики] ImgMaskSet: 
Size: 30 
Real size: 131 
Device: cuda 

[2023-06-08 00:02:44,020][tools.dataset_tools][INFO] - Created [train][kenguru_Сумки_рюкзаки и чемоданы___Сумки через плечо] ImgMaskSet: 
Size: 30 
Real size: 89 
Device: cuda 

[2023-06-08 00:02:44,020][tools.dataset_tools][INFO] - Created [train][kenguru_Домашняя одежда и бельё___Колготки] ImgMaskSet: 
Size: 30 
Real size: 195 
Device: cuda 

[2023-06-08 00:02:44,020][tools.dataset_tools][INFO] - Created [train][kenguru_Верхняя одежда___Шубы] ImgMaskSet: 
Size: 21 
Real size: 21 
Device: cuda 

[2023-06-08 00:02:44,020][tools.dataset_tools][INFO] - Created [train][puma_Обувь___Бутсы] ImgMaskSet: 
Size: 30 
Real size: 99 
Device: cuda 

[2023-06-08 00:02:44,020][tools.dataset_tools][INFO] - Created [train][kenguru_Обувь] ImgMaskSet: 
Size: 30 
Real size: 52 
Device: cuda 

[2023-06-08 00:02:44,020][tools.dataset_tools][INFO] - Created [train][puma_Домашняя одежда и бельё___Носки] ImgMaskSet: 
Size: 30 
Real size: 245 
Device: cuda 

[2023-06-08 00:02:44,020][tools.dataset_tools][INFO] - Created [train][puma_Нижнее бельё] ImgMaskSet: 
Size: 30 
Real size: 195 
Device: cuda 

[2023-06-08 00:02:44,020][tools.dataset_tools][INFO] - Created [train][kenguru_Спортивная одежда___Костюмы] ImgMaskSet: 
Size: 30 
Real size: 75 
Device: cuda 

[2023-06-08 00:02:44,020][tools.dataset_tools][INFO] - Created [train][kenguru_Джемперы_свитеры_кардиганы_кофты___Кофты] ImgMaskSet: 
Size: 30 
Real size: 31 
Device: cuda 

[2023-06-08 00:02:44,020][tools.dataset_tools][INFO] - Created [train][kenguru_Обувь___Босоножки] ImgMaskSet: 
Size: 30 
Real size: 113 
Device: cuda 

[2023-06-08 00:02:44,021][tools.dataset_tools][INFO] - Created [train][kenguru_Футболки_майки_поло_топы___Поло] ImgMaskSet: 
Size: 30 
Real size: 41 
Device: cuda 

[2023-06-08 00:02:44,021][tools.dataset_tools][INFO] - Created [train][kenguru_Комбинезоны] ImgMaskSet: 
Size: 30 
Real size: 643 
Device: cuda 

[2023-06-08 00:02:44,021][tools.dataset_tools][INFO] - Created [train][puma_Толстовки_олимпийки_худи_лонгсливы] ImgMaskSet: 
Size: 30 
Real size: 77 
Device: cuda 

[2023-06-08 00:02:44,021][tools.dataset_tools][INFO] - Created [train][kenguru_Украшения] ImgMaskSet: 
Size: 19 
Real size: 19 
Device: cuda 

[2023-06-08 00:02:44,021][tools.dataset_tools][INFO] - Created [train][kenguru_Домашняя одежда и бельё] ImgMaskSet: 
Size: 30 
Real size: 102 
Device: cuda 

[2023-06-08 00:02:44,021][tools.dataset_tools][INFO] - Created [train][puma_Футболки_майки_поло_топы___Футболки] ImgMaskSet: 
Size: 30 
Real size: 1582 
Device: cuda 

[2023-06-08 00:02:44,021][tools.dataset_tools][INFO] - Created [train][kenguru_Костюмы_пиджаки___Пиджаки] ImgMaskSet: 
Size: 30 
Real size: 66 
Device: cuda 

[2023-06-08 00:02:44,021][tools.dataset_tools][INFO] - Created [train][kenguru_Украшения___Колье] ImgMaskSet: 
Size: 27 
Real size: 27 
Device: cuda 

[2023-06-08 00:02:44,021][tools.dataset_tools][INFO] - Created [train][puma_Перчатки и варежки] ImgMaskSet: 
Size: 27 
Real size: 27 
Device: cuda 

[2023-06-08 00:02:44,021][tools.dataset_tools][INFO] - Created [train][kenguru_Платки_шарфы_шали___Шарфы] ImgMaskSet: 
Size: 30 
Real size: 186 
Device: cuda 

[2023-06-08 00:02:44,021][tools.dataset_tools][INFO] - Created [train][kenguru_Головные уборы] ImgMaskSet: 
Size: 30 
Real size: 101 
Device: cuda 

[2023-06-08 00:02:44,021][tools.dataset_tools][INFO] - Created [train][puma_Обувь___Кроссовки] ImgMaskSet: 
Size: 30 
Real size: 1341 
Device: cuda 

[2023-06-08 00:02:44,021][tools.dataset_tools][INFO] - Created [train][puma_Футболки_майки_поло_топы___Топы] ImgMaskSet: 
Size: 30 
Real size: 126 
Device: cuda 

[2023-06-08 00:02:44,021][tools.dataset_tools][INFO] - Created [train][kenguru_Блузки_рубашки___Рубашки] ImgMaskSet: 
Size: 30 
Real size: 199 
Device: cuda 

[2023-06-08 00:02:44,021][tools.dataset_tools][INFO] - Created [train][puma_Шорты_бриджи___Шорты] ImgMaskSet: 
Size: 30 
Real size: 365 
Device: cuda 

[2023-06-08 00:02:44,021][tools.dataset_tools][INFO] - Created [train][puma_Спортивная одежда___Леггинсы] ImgMaskSet: 
Size: 30 
Real size: 170 
Device: cuda 

[2023-06-08 00:02:44,021][tools.dataset_tools][INFO] - Created [train][kenguru_Спортивная одежда___Спортивные куртки] ImgMaskSet: 
Size: 30 
Real size: 166 
Device: cuda 

[2023-06-08 00:02:44,021][tools.dataset_tools][INFO] - Created [train][kenguru_Толстовки_олимпийки_худи_лонгсливы] ImgMaskSet: 
Size: 30 
Real size: 245 
Device: cuda 

[2023-06-08 00:02:44,021][tools.dataset_tools][INFO] - Created [train][puma_Головные уборы___Кепки] ImgMaskSet: 
Size: 30 
Real size: 82 
Device: cuda 

[2023-06-08 00:02:44,021][tools.dataset_tools][INFO] - Created [train][kenguru_Головные уборы___Шапки] ImgMaskSet: 
Size: 30 
Real size: 1397 
Device: cuda 

[2023-06-08 00:02:44,021][tools.dataset_tools][INFO] - Created [train][puma_Другое] ImgMaskSet: 
Size: 30 
Real size: 46 
Device: cuda 

[2023-06-08 00:02:44,021][tools.dataset_tools][INFO] - Created [train][kenguru_Аксессуары___Галстуки_бабочки] ImgMaskSet: 
Size: 19 
Real size: 19 
Device: cuda 

[2023-06-08 00:02:44,021][tools.dataset_tools][INFO] - Created [train][kenguru_Джинсы] ImgMaskSet: 
Size: 30 
Real size: 184 
Device: cuda 

[2023-06-08 00:02:44,021][tools.dataset_tools][INFO] - Created [train][puma_Разное] ImgMaskSet: 
Size: 30 
Real size: 77 
Device: cuda 

[2023-06-08 00:02:44,021][tools.dataset_tools][INFO] - Created [train][kenguru_Джемперы_свитеры_кардиганы_кофты___Свитшоты] ImgMaskSet: 
Size: 30 
Real size: 54 
Device: cuda 

[2023-06-08 00:02:44,021][tools.dataset_tools][INFO] - Created [train][kenguru_Головные уборы___Бейсболки] ImgMaskSet: 
Size: 30 
Real size: 206 
Device: cuda 

[2023-06-08 00:02:44,021][tools.dataset_tools][INFO] - Created [train][kenguru_Верхняя одежда___Ветровки] ImgMaskSet: 
Size: 30 
Real size: 55 
Device: cuda 

[2023-06-08 00:02:44,021][tools.dataset_tools][INFO] - Created [train][puma_Джемперы_свитеры_кардиганы_кофты___Свитшоты] ImgMaskSet: 
Size: 30 
Real size: 54 
Device: cuda 

[2023-06-08 00:02:44,021][tools.dataset_tools][INFO] - Created [train][kenguru_Нижнее бельё] ImgMaskSet: 
Size: 30 
Real size: 47 
Device: cuda 

[2023-06-08 00:02:44,021][tools.dataset_tools][INFO] - Created [train][kenguru_Платья_сарафаны___Сарафаны] ImgMaskSet: 
Size: 30 
Real size: 55 
Device: cuda 

[2023-06-08 00:02:44,021][tools.dataset_tools][INFO] - Created [train][kenguru_Брюки___Классические] ImgMaskSet: 
Size: 22 
Real size: 22 
Device: cuda 

[2023-06-08 00:02:44,021][tools.dataset_tools][INFO] - Created [train][puma_Украшения___Комплекты] ImgMaskSet: 
Size: 30 
Real size: 37 
Device: cuda 

[2023-06-08 00:02:44,021][tools.dataset_tools][INFO] - Created [train][puma_Толстовки_олимпийки_худи_лонгсливы___Олимпийки] ImgMaskSet: 
Size: 30 
Real size: 147 
Device: cuda 

[2023-06-08 00:02:44,021][tools.dataset_tools][INFO] - Created [train][puma_Толстовки_олимпийки_худи_лонгсливы___Худи] ImgMaskSet: 
Size: 19 
Real size: 19 
Device: cuda 

[2023-06-08 00:02:44,022][tools.dataset_tools][INFO] - Created [train][puma_Головные уборы___Шапки] ImgMaskSet: 
Size: 30 
Real size: 167 
Device: cuda 

[2023-06-08 00:02:44,022][tools.dataset_tools][INFO] - Created [train][kenguru_Верхняя одежда___Жилеты (верхняя одежда)] ImgMaskSet: 
Size: 30 
Real size: 59 
Device: cuda 

[2023-06-08 00:02:44,022][tools.dataset_tools][INFO] - Created [train][kenguru_Спортивная одежда___Спортивные брюки] ImgMaskSet: 
Size: 30 
Real size: 456 
Device: cuda 

[2023-06-08 00:02:44,022][tools.dataset_tools][INFO] - Created [train][kenguru_Брюки___Леггинсы] ImgMaskSet: 
Size: 30 
Real size: 142 
Device: cuda 

[2023-06-08 00:02:44,022][tools.dataset_tools][INFO] - Created [train][puma_Верхняя одежда___Куртки] ImgMaskSet: 
Size: 30 
Real size: 133 
Device: cuda 

[2023-06-08 00:02:44,022][tools.dataset_tools][INFO] - Created [train][kenguru_Джемперы_свитеры_кардиганы_кофты___Кардиганы] ImgMaskSet: 
Size: 30 
Real size: 54 
Device: cuda 

[2023-06-08 00:02:44,022][tools.dataset_tools][INFO] - Created [train][puma_Толстовки_олимпийки_худи_лонгсливы___Лонгсливы] ImgMaskSet: 
Size: 30 
Real size: 47 
Device: cuda 

[2023-06-08 00:02:44,022][tools.dataset_tools][INFO] - Created [train][puma_Верхняя одежда___Ветровки] ImgMaskSet: 
Size: 30 
Real size: 41 
Device: cuda 

[2023-06-08 00:02:44,022][tools.dataset_tools][INFO] - Created [train][kenguru_Шорты_бриджи] ImgMaskSet: 
Size: 19 
Real size: 19 
Device: cuda 

[2023-06-08 00:02:44,022][tools.dataset_tools][INFO] - Created [train][kenguru_Блузки_рубашки___Блузки] ImgMaskSet: 
Size: 30 
Real size: 35 
Device: cuda 

[2023-06-08 00:02:44,022][tools.dataset_tools][INFO] - Created [train][kenguru_Верхняя одежда___Куртки] ImgMaskSet: 
Size: 30 
Real size: 265 
Device: cuda 

[2023-06-08 00:02:44,022][tools.dataset_tools][INFO] - Created [train][kenguru_Перчатки и варежки] ImgMaskSet: 
Size: 30 
Real size: 215 
Device: cuda 

[2023-06-08 00:02:44,022][tools.dataset_tools][INFO] - Created [train][kenguru_Другое] ImgMaskSet: 
Size: 30 
Real size: 56 
Device: cuda 

[2023-06-08 00:02:44,022][tools.dataset_tools][INFO] - Created [train][kenguru_Обувь___Сапоги] ImgMaskSet: 
Size: 30 
Real size: 108 
Device: cuda 

[2023-06-08 00:02:44,022][tools.dataset_tools][INFO] - Created [train][kenguru_Шорты_бриджи___Шорты] ImgMaskSet: 
Size: 30 
Real size: 248 
Device: cuda 

[2023-06-08 00:02:44,022][tools.dataset_tools][INFO] - Created [train][puma_Футболки_майки_поло_топы___Поло] ImgMaskSet: 
Size: 30 
Real size: 55 
Device: cuda 

[2023-06-08 00:02:44,022][tools.dataset_tools][INFO] - Created [train][kenguru_Верхняя одежда___Пальто] ImgMaskSet: 
Size: 30 
Real size: 42 
Device: cuda 

[2023-06-08 00:02:44,022][tools.dataset_tools][INFO] - Created [train][kenguru_Джемперы_свитеры_кардиганы_кофты___Водолазки] ImgMaskSet: 
Size: 30 
Real size: 110 
Device: cuda 

[2023-06-08 00:02:44,022][tools.dataset_tools][INFO] - Created [train][kenguru_Домашняя одежда и бельё___Носки] ImgMaskSet: 
Size: 30 
Real size: 768 
Device: cuda 

[2023-06-08 00:02:44,022][tools.dataset_tools][INFO] - Created [train][kenguru_Шорты_бриджи___Джинсовые шорты] ImgMaskSet: 
Size: 30 
Real size: 38 
Device: cuda 

[2023-06-08 00:02:44,022][tools.dataset_tools][INFO] - Created [train][kenguru_Обувь___Туфли] ImgMaskSet: 
Size: 30 
Real size: 88 
Device: cuda 

[2023-06-08 00:02:44,022][tools.dataset_tools][INFO] - Created [train][puma_Толстовки_олимпийки_худи_лонгсливы___Толстовки] ImgMaskSet: 
Size: 30 
Real size: 957 
Device: cuda 

[2023-06-08 00:02:44,022][tools.dataset_tools][INFO] - Created [train][kenguru_Сумки_рюкзаки и чемоданы___Рюкзаки] ImgMaskSet: 
Size: 30 
Real size: 58 
Device: cuda 

[2023-06-08 00:02:44,022][tools.dataset_tools][INFO] - Created [train][puma_Обувь___Кеды] ImgMaskSet: 
Size: 30 
Real size: 351 
Device: cuda 

[2023-06-08 00:02:44,022][tools.dataset_tools][INFO] - Created [train][kenguru_Обувь___Ботинки] ImgMaskSet: 
Size: 30 
Real size: 91 
Device: cuda 

[2023-06-08 00:02:44,022][tools.dataset_tools][INFO] - Created [train][puma_Футболки_майки_поло_топы___Майки] ImgMaskSet: 
Size: 30 
Real size: 53 
Device: cuda 

[2023-06-08 00:02:44,022][tools.dataset_tools][INFO] - Created [train][kenguru_Верхняя одежда___Джинсовые куртки] ImgMaskSet: 
Size: 30 
Real size: 47 
Device: cuda 

[2023-06-08 00:02:44,022][tools.dataset_tools][INFO] - Created [train][puma_Платья_сарафаны] ImgMaskSet: 
Size: 30 
Real size: 48 
Device: cuda 

[2023-06-08 00:02:44,022][tools.dataset_tools][INFO] - Created [train][kenguru_Футболки_майки_поло_топы___Футболки] ImgMaskSet: 
Size: 30 
Real size: 871 
Device: cuda 

[2023-06-08 00:02:44,022][tools.dataset_tools][INFO] - Created [train][puma_Пляжная одежда___Плавки] ImgMaskSet: 
Size: 30 
Real size: 67 
Device: cuda 

[2023-06-08 00:02:44,022][tools.dataset_tools][INFO] - Created [train][puma_Пляжная одежда] ImgMaskSet: 
Size: 23 
Real size: 23 
Device: cuda 

[2023-06-08 00:02:44,022][tools.dataset_tools][INFO] - Created [train][puma_Юбки] ImgMaskSet: 
Size: 24 
Real size: 24 
Device: cuda 

[2023-06-08 00:02:44,022][tools.dataset_tools][INFO] - Created [train][kenguru_Брюки___Спортивные брюки casual] ImgMaskSet: 
Size: 30 
Real size: 39 
Device: cuda 

[2023-06-08 00:02:44,022][tools.dataset_tools][INFO] - Created [train][kenguru_Обувь___Сандалии] ImgMaskSet: 
Size: 30 
Real size: 101 
Device: cuda 

[2023-06-08 00:02:44,022][tools.dataset_tools][INFO] - Created [train][kenguru_Брюки___Джоггеры] ImgMaskSet: 
Size: 24 
Real size: 24 
Device: cuda 

[2023-06-08 00:02:44,022][tools.dataset_tools][INFO] - Created [train][puma_Брюки] ImgMaskSet: 
Size: 30 
Real size: 705 
Device: cuda 

[2023-06-08 00:02:44,022][tools.dataset_tools][INFO] - Created [train][puma_Аксессуары] ImgMaskSet: 
Size: 30 
Real size: 44 
Device: cuda 

[2023-06-08 00:02:44,023][tools.dataset_tools][INFO] - Created [train][kenguru_Костюмы_пиджаки___Жилеты] ImgMaskSet: 
Size: 30 
Real size: 31 
Device: cuda 

[2023-06-08 00:02:44,023][tools.dataset_tools][INFO] - Created [train][puma_Спортивная одежда___Костюмы] ImgMaskSet: 
Size: 30 
Real size: 41 
Device: cuda 

[2023-06-08 00:02:44,023][tools.dataset_tools][INFO] - Created [train][kenguru_Украшения___Браслеты] ImgMaskSet: 
Size: 30 
Real size: 48 
Device: cuda 

[2023-06-08 00:02:44,023][tools.dataset_tools][INFO] - Created [train][puma_Сумки_рюкзаки и чемоданы___Рюкзаки] ImgMaskSet: 
Size: 30 
Real size: 169 
Device: cuda 

[2023-06-08 00:02:44,023][tools.dataset_tools][INFO] - Created [train][puma_Сумки_рюкзаки и чемоданы___Поясные сумки] ImgMaskSet: 
Size: 21 
Real size: 21 
Device: cuda 

[2023-06-08 00:02:44,023][tools.dataset_tools][INFO] - Created [train][kenguru_Джемперы_свитеры_кардиганы_кофты] ImgMaskSet: 
Size: 30 
Real size: 62 
Device: cuda 

[2023-06-08 00:02:44,023][tools.dataset_tools][INFO] - Created [train][kenguru_Школьная одежда___Рюкзаки_ранцы_сумки] ImgMaskSet: 
Size: 30 
Real size: 43 
Device: cuda 

[2023-06-08 00:02:44,023][tools.dataset_tools][INFO] - Created [train][kenguru_Аксессуары___Для волос] ImgMaskSet: 
Size: 30 
Real size: 664 
Device: cuda 

[2023-06-08 00:02:44,023][tools.dataset_tools][INFO] - Created [train][kenguru_Обувь___Кроссовки] ImgMaskSet: 
Size: 30 
Real size: 206 
Device: cuda 

[2023-06-08 00:02:44,023][tools.dataset_tools][INFO] - Created [train][kenguru_Джинсы___Клеш] ImgMaskSet: 
Size: 19 
Real size: 19 
Device: cuda 

[2023-06-08 00:02:44,023][tools.dataset_tools][INFO] - Created [train][puma_Сумки_рюкзаки и чемоданы] ImgMaskSet: 
Size: 30 
Real size: 155 
Device: cuda 

[2023-06-08 00:02:44,023][tools.dataset_tools][INFO] - Created [train][kenguru_Толстовки_олимпийки_худи_лонгсливы___Толстовки] ImgMaskSet: 
Size: 30 
Real size: 328 
Device: cuda 

[2023-06-08 00:02:44,023][tools.dataset_tools][INFO] - Created [train][puma_Спортивная одежда___Спортивные брюки] ImgMaskSet: 
Size: 30 
Real size: 30 
Device: cuda 

[2023-06-08 00:02:44,023][tools.dataset_tools][INFO] - Created [train][puma_Обувь___Шлепанцы] ImgMaskSet: 
Size: 30 
Real size: 62 
Device: cuda 

[2023-06-08 00:02:44,023][tools.dataset_tools][INFO] - Created [train][puma_Блузки_рубашки___Рубашки] ImgMaskSet: 
Size: 30 
Real size: 33 
Device: cuda 

[2023-06-08 00:02:44,023][tools.dataset_tools][INFO] - Created [train][kenguru_Футболки_майки_поло_топы___Майки] ImgMaskSet: 
Size: 21 
Real size: 21 
Device: cuda 

[2023-06-08 00:02:44,023][tools.dataset_tools][INFO] - Created [train][kenguru_Блузки_рубашки] ImgMaskSet: 
Size: 24 
Real size: 24 
Device: cuda 

[2023-06-08 00:02:44,023][tools.dataset_tools][INFO] - Created [train][kenguru_Обувь___Шлепанцы] ImgMaskSet: 
Size: 18 
Real size: 18 
Device: cuda 

[2023-06-08 00:02:44,023][tools.dataset_tools][INFO] - Created [train][kenguru_Обувь___Резиновые сапоги] ImgMaskSet: 
Size: 24 
Real size: 24 
Device: cuda 

[2023-06-08 00:02:44,023][tools.dataset_tools][INFO] - Created [train][kenguru_Брюки___Бермуды] ImgMaskSet: 
Size: 30 
Real size: 140 
Device: cuda 

[2023-06-08 00:02:44,023][tools.dataset_tools][INFO] - Created [train][kenguru_Брюки] ImgMaskSet: 
Size: 30 
Real size: 352 
Device: cuda 

[2023-06-08 00:02:44,023][tools.dataset_tools][INFO] - Created [train][kenguru_Обувь___Кеды] ImgMaskSet: 
Size: 30 
Real size: 209 
Device: cuda 

[2023-06-08 00:02:44,023][tools.dataset_tools][INFO] - Created [train][kenguru_Костюмы_пиджаки] ImgMaskSet: 
Size: 30 
Real size: 53 
Device: cuda 

[2023-06-08 00:02:44,023][tools.dataset_tools][INFO] - Created [train][kenguru_Очки] ImgMaskSet: 
Size: 25 
Real size: 25 
Device: cuda 

[2023-06-08 00:02:44,023][tools.dataset_tools][INFO] - Created [train][kenguru_Футболки_майки_поло_топы___Боди] ImgMaskSet: 
Size: 30 
Real size: 118 
Device: cuda 

[2023-06-08 00:02:44,023][tools.dataset_tools][INFO] - Created [train][kenguru_Школьная одежда___Блузы_рубашки] ImgMaskSet: 
Size: 30 
Real size: 40 
Device: cuda 

[2023-06-08 00:02:44,023][tools.dataset_tools][INFO] - Created train MultiImgMaskSet: 
Size: 3320 
Real size: 20246 
Device: cuda 

[2023-06-08 00:02:44,023][tools.dataset_tools][INFO] - Created [test][kenguru_Школьная одежда___Водолазки] ImgMaskSet: 
Size: 8 
Real size: 8 
Device: cuda 

[2023-06-08 00:02:44,023][tools.dataset_tools][INFO] - Created [test][kenguru_Школьная одежда___Платья_сарафаны] ImgMaskSet: 
Size: 22 
Real size: 22 
Device: cuda 

[2023-06-08 00:02:44,023][tools.dataset_tools][INFO] - Created [test][kenguru_Брюки___Бананы] ImgMaskSet: 
Size: 2 
Real size: 2 
Device: cuda 

[2023-06-08 00:02:44,023][tools.dataset_tools][INFO] - Created [test][kenguru_Спортивная одежда___Леггинсы] ImgMaskSet: 
Size: 1 
Real size: 1 
Device: cuda 

[2023-06-08 00:02:44,023][tools.dataset_tools][INFO] - Created [test][puma_Сумки_рюкзаки и чемоданы___Мягкая сумка дафл (duffle bag)] ImgMaskSet: 
Size: 2 
Real size: 2 
Device: cuda 

[2023-06-08 00:02:44,023][tools.dataset_tools][INFO] - Created [test][kenguru_Футболки_майки_поло_топы] ImgMaskSet: 
Size: 11 
Real size: 11 
Device: cuda 

[2023-06-08 00:02:44,024][tools.dataset_tools][INFO] - Created [test][kenguru_Костюмы_пиджаки___Костюмы] ImgMaskSet: 
Size: 12 
Real size: 12 
Device: cuda 

[2023-06-08 00:02:44,024][tools.dataset_tools][INFO] - Created [test][kenguru_Домашняя одежда и бельё___Пижамы] ImgMaskSet: 
Size: 1 
Real size: 1 
Device: cuda 

[2023-06-08 00:02:44,024][tools.dataset_tools][INFO] - Created [test][kenguru_Брюки___Кожаные] ImgMaskSet: 
Size: 2 
Real size: 2 
Device: cuda 

[2023-06-08 00:02:44,024][tools.dataset_tools][INFO] - Created [test][kenguru_Обувь___Мокасины] ImgMaskSet: 
Size: 8 
Real size: 8 
Device: cuda 

[2023-06-08 00:02:44,024][tools.dataset_tools][INFO] - Created [test][puma_Верхняя одежда___Жилеты (верхняя одежда)] ImgMaskSet: 
Size: 11 
Real size: 11 
Device: cuda 

[2023-06-08 00:02:44,024][tools.dataset_tools][INFO] - Created [test][puma_Верхняя одежда___Бомберы] ImgMaskSet: 
Size: 18 
Real size: 18 
Device: cuda 

[2023-06-08 00:02:44,024][tools.dataset_tools][INFO] - Created [test][puma_Шорты_бриджи] ImgMaskSet: 
Size: 6 
Real size: 6 
Device: cuda 

[2023-06-08 00:02:44,024][tools.dataset_tools][INFO] - Created [test][kenguru_Пляжная одежда] ImgMaskSet: 
Size: 11 
Real size: 11 
Device: cuda 

[2023-06-08 00:02:44,024][tools.dataset_tools][INFO] - Created [test][puma_Сумки_рюкзаки и чемоданы___Кроссбоди сумка] ImgMaskSet: 
Size: 9 
Real size: 9 
Device: cuda 

[2023-06-08 00:02:44,024][tools.dataset_tools][INFO] - Created [test][kenguru_Головные уборы___Кепки] ImgMaskSet: 
Size: 13 
Real size: 13 
Device: cuda 

[2023-06-08 00:02:44,024][tools.dataset_tools][INFO] - Created [test][puma_Верхняя одежда___Пальто] ImgMaskSet: 
Size: 6 
Real size: 6 
Device: cuda 

[2023-06-08 00:02:44,024][tools.dataset_tools][INFO] - Created [test][kenguru_Блузки_рубашки___Джинсовые рубашки] ImgMaskSet: 
Size: 11 
Real size: 11 
Device: cuda 

[2023-06-08 00:02:44,024][tools.dataset_tools][INFO] - Created [test][kenguru_Головные уборы___Береты] ImgMaskSet: 
Size: 8 
Real size: 8 
Device: cuda 

[2023-06-08 00:02:44,024][tools.dataset_tools][INFO] - Created [test][kenguru_Юбки___Ассиметричная] ImgMaskSet: 
Size: 1 
Real size: 1 
Device: cuda 

[2023-06-08 00:02:44,024][tools.dataset_tools][INFO] - Created [test][kenguru_Верхняя одежда___Дубленки] ImgMaskSet: 
Size: 2 
Real size: 2 
Device: cuda 

[2023-06-08 00:02:44,024][tools.dataset_tools][INFO] - Created [test][puma_Головные уборы] ImgMaskSet: 
Size: 5 
Real size: 5 
Device: cuda 

[2023-06-08 00:02:44,024][tools.dataset_tools][INFO] - Created [test][kenguru_Брюки___Прямые] ImgMaskSet: 
Size: 10 
Real size: 10 
Device: cuda 

[2023-06-08 00:02:44,024][tools.dataset_tools][INFO] - Created [test][kenguru_Юбки___Миди] ImgMaskSet: 
Size: 2 
Real size: 2 
Device: cuda 

[2023-06-08 00:02:44,024][tools.dataset_tools][INFO] - Created [test][kenguru_Разное] ImgMaskSet: 
Size: 1 
Real size: 1 
Device: cuda 

[2023-06-08 00:02:44,024][tools.dataset_tools][INFO] - Created [test][kenguru_Школьная одежда___Костюмы] ImgMaskSet: 
Size: 5 
Real size: 5 
Device: cuda 

[2023-06-08 00:02:44,024][tools.dataset_tools][INFO] - Created [test][kenguru_Платья_сарафаны___Туники] ImgMaskSet: 
Size: 1 
Real size: 1 
Device: cuda 

[2023-06-08 00:02:44,024][tools.dataset_tools][INFO] - Created [test][kenguru_Домашняя одежда и бельё___Гольфы] ImgMaskSet: 
Size: 15 
Real size: 15 
Device: cuda 

[2023-06-08 00:02:44,024][tools.dataset_tools][INFO] - Created [test][kenguru_Школьная одежда___Кофты_кардиганы_джемперы] ImgMaskSet: 
Size: 10 
Real size: 10 
Device: cuda 

[2023-06-08 00:02:44,024][tools.dataset_tools][INFO] - Created [test][kenguru_Платья_сарафаны___Мини] ImgMaskSet: 
Size: 13 
Real size: 13 
Device: cuda 

[2023-06-08 00:02:44,024][tools.dataset_tools][INFO] - Created [test][kenguru_Юбки___Пачка] ImgMaskSet: 
Size: 2 
Real size: 2 
Device: cuda 

[2023-06-08 00:02:44,024][tools.dataset_tools][INFO] - Created [test][kenguru_Юбки___Карандаш] ImgMaskSet: 
Size: 5 
Real size: 5 
Device: cuda 

[2023-06-08 00:02:44,024][tools.dataset_tools][INFO] - Created [test][puma_Головные уборы___Панамы] ImgMaskSet: 
Size: 10 
Real size: 10 
Device: cuda 

[2023-06-08 00:02:44,024][tools.dataset_tools][INFO] - Created [test][kenguru_Джинсы___Широкие] ImgMaskSet: 
Size: 10 
Real size: 10 
Device: cuda 

[2023-06-08 00:02:44,024][tools.dataset_tools][INFO] - Created [test][puma_Платки_шарфы_шали___Шарфы] ImgMaskSet: 
Size: 5 
Real size: 5 
Device: cuda 

[2023-06-08 00:02:44,024][tools.dataset_tools][INFO] - Created [test][kenguru_Спортивная одежда] ImgMaskSet: 
Size: 2 
Real size: 2 
Device: cuda 

[2023-06-08 00:02:44,024][tools.dataset_tools][INFO] - Created [test][puma_Обувь___Сандалии] ImgMaskSet: 
Size: 1 
Real size: 1 
Device: cuda 

[2023-06-08 00:02:44,024][tools.dataset_tools][INFO] - Created [test][puma_Кошельки] ImgMaskSet: 
Size: 5 
Real size: 5 
Device: cuda 

[2023-06-08 00:02:44,024][tools.dataset_tools][INFO] - Created [test][puma_Домашняя одежда и бельё___Гольфы] ImgMaskSet: 
Size: 4 
Real size: 4 
Device: cuda 

[2023-06-08 00:02:44,024][tools.dataset_tools][INFO] - Created [test][kenguru_Обувь___Лоферы] ImgMaskSet: 
Size: 19 
Real size: 19 
Device: cuda 

[2023-06-08 00:02:44,024][tools.dataset_tools][INFO] - Created [test][puma_Верхняя одежда___Парки] ImgMaskSet: 
Size: 2 
Real size: 2 
Device: cuda 

[2023-06-08 00:02:44,024][tools.dataset_tools][INFO] - Created [test][kenguru_Сумки_рюкзаки и чемоданы] ImgMaskSet: 
Size: 1 
Real size: 1 
Device: cuda 

[2023-06-08 00:02:44,024][tools.dataset_tools][INFO] - Created [test][puma_Джемперы_свитеры_кардиганы_кофты___Кардиганы] ImgMaskSet: 
Size: 1 
Real size: 1 
Device: cuda 

[2023-06-08 00:02:44,024][tools.dataset_tools][INFO] - Created [test][kenguru_Украшения___Комплекты] ImgMaskSet: 
Size: 1 
Real size: 1 
Device: cuda 

[2023-06-08 00:02:44,024][tools.dataset_tools][INFO] - Created [test][kenguru_Школьная одежда___Толстовки] ImgMaskSet: 
Size: 8 
Real size: 8 
Device: cuda 

[2023-06-08 00:02:44,024][tools.dataset_tools][INFO] - Created [test][kenguru_Верхняя одежда___Плащи] ImgMaskSet: 
Size: 24 
Real size: 24 
Device: cuda 

[2023-06-08 00:02:44,024][tools.dataset_tools][INFO] - Created [test][kenguru_Пляжная одежда___Раздельные купальники] ImgMaskSet: 
Size: 4 
Real size: 4 
Device: cuda 

[2023-06-08 00:02:44,024][tools.dataset_tools][INFO] - Created [test][kenguru_Джемперы_свитеры_кардиганы_кофты___Свитеры] ImgMaskSet: 
Size: 20 
Real size: 20 
Device: cuda 

[2023-06-08 00:02:44,024][tools.dataset_tools][INFO] - Created [test][kenguru_Платки_шарфы_шали___Платки] ImgMaskSet: 
Size: 4 
Real size: 4 
Device: cuda 

[2023-06-08 00:02:44,024][tools.dataset_tools][INFO] - Created [test][kenguru_Школьная одежда___Жилеты] ImgMaskSet: 
Size: 8 
Real size: 8 
Device: cuda 

[2023-06-08 00:02:44,025][tools.dataset_tools][INFO] - Created [test][kenguru_Школьная одежда___Пиджаки_жакеты] ImgMaskSet: 
Size: 15 
Real size: 15 
Device: cuda 

[2023-06-08 00:02:44,025][tools.dataset_tools][INFO] - Created [test][kenguru_Толстовки_олимпийки_худи_лонгсливы___Лонгсливы] ImgMaskSet: 
Size: 2 
Real size: 2 
Device: cuda 

[2023-06-08 00:02:44,025][tools.dataset_tools][INFO] - Created [test][kenguru_Школьная одежда___Юбки] ImgMaskSet: 
Size: 19 
Real size: 19 
Device: cuda 

[2023-06-08 00:02:44,025][tools.dataset_tools][INFO] - Created [test][kenguru_Украшения___Ожерелья] ImgMaskSet: 
Size: 1 
Real size: 1 
Device: cuda 

[2023-06-08 00:02:44,025][tools.dataset_tools][INFO] - Created [test][kenguru_Украшения___Серьги] ImgMaskSet: 
Size: 19 
Real size: 19 
Device: cuda 

[2023-06-08 00:02:44,025][tools.dataset_tools][INFO] - Created [test][puma_Комбинезоны] ImgMaskSet: 
Size: 5 
Real size: 5 
Device: cuda 

[2023-06-08 00:02:44,025][tools.dataset_tools][INFO] - Created [test][kenguru_Платья_сарафаны___Миди] ImgMaskSet: 
Size: 4 
Real size: 4 
Device: cuda 

[2023-06-08 00:02:44,025][tools.dataset_tools][INFO] - Created [test][kenguru_Обувь___Балетки] ImgMaskSet: 
Size: 10 
Real size: 10 
Device: cuda 

[2023-06-08 00:02:44,025][tools.dataset_tools][INFO] - Created [test][puma_Футболки_майки_поло_топы___Боди] ImgMaskSet: 
Size: 5 
Real size: 5 
Device: cuda 

[2023-06-08 00:02:44,025][tools.dataset_tools][INFO] - Created [test][kenguru_Толстовки_олимпийки_худи_лонгсливы___Худи] ImgMaskSet: 
Size: 9 
Real size: 9 
Device: cuda 

[2023-06-08 00:02:44,025][tools.dataset_tools][INFO] - Created [test][kenguru_Головные уборы___Шляпы] ImgMaskSet: 
Size: 24 
Real size: 24 
Device: cuda 

[2023-06-08 00:02:44,025][tools.dataset_tools][INFO] - Created [test][puma_Домашняя одежда и бельё___Халаты] ImgMaskSet: 
Size: 1 
Real size: 1 
Device: cuda 

[2023-06-08 00:02:44,025][tools.dataset_tools][INFO] - Created [test][kenguru_Джинсы___Прямые] ImgMaskSet: 
Size: 10 
Real size: 10 
Device: cuda 

[2023-06-08 00:02:44,025][tools.dataset_tools][INFO] - Created [test][kenguru_Юбки___Макси] ImgMaskSet: 
Size: 1 
Real size: 1 
Device: cuda 

[2023-06-08 00:02:44,025][tools.dataset_tools][INFO] - Created [test][puma_Костюмы_пиджаки___Жилеты] ImgMaskSet: 
Size: 7 
Real size: 7 
Device: cuda 

[2023-06-08 00:02:44,025][tools.dataset_tools][INFO] - Created [test][puma_Верхняя одежда] ImgMaskSet: 
Size: 4 
Real size: 4 
Device: cuda 

[2023-06-08 00:02:44,025][tools.dataset_tools][INFO] - Created [test][puma_Обувь___Слипоны] ImgMaskSet: 
Size: 2 
Real size: 2 
Device: cuda 

[2023-06-08 00:02:44,025][tools.dataset_tools][INFO] - Created [test][kenguru_Школьная одежда___Галстуки_бабочки] ImgMaskSet: 
Size: 9 
Real size: 9 
Device: cuda 

[2023-06-08 00:02:44,025][tools.dataset_tools][INFO] - Created [test][kenguru_Платья_сарафаны___Макси] ImgMaskSet: 
Size: 6 
Real size: 6 
Device: cuda 

[2023-06-08 00:02:44,025][tools.dataset_tools][INFO] - Created [test][kenguru_Юбки___Трапеция] ImgMaskSet: 
Size: 1 
Real size: 1 
Device: cuda 

[2023-06-08 00:02:44,025][tools.dataset_tools][INFO] - Created [test][puma_Аксессуары___Для волос] ImgMaskSet: 
Size: 15 
Real size: 15 
Device: cuda 

[2023-06-08 00:02:44,025][tools.dataset_tools][INFO] - Created [test][kenguru_Платья_сарафаны___Шелковые] ImgMaskSet: 
Size: 17 
Real size: 17 
Device: cuda 

[2023-06-08 00:02:44,025][tools.dataset_tools][INFO] - Created [test][kenguru_Юбки___Юбка-шорты] ImgMaskSet: 
Size: 5 
Real size: 5 
Device: cuda 

[2023-06-08 00:02:44,025][tools.dataset_tools][INFO] - Created [test][puma_Пляжная одежда___Раздельные купальники] ImgMaskSet: 
Size: 12 
Real size: 12 
Device: cuda 

[2023-06-08 00:02:44,025][tools.dataset_tools][INFO] - Created [test][kenguru_Пляжная одежда___Слитные купальники] ImgMaskSet: 
Size: 15 
Real size: 15 
Device: cuda 

[2023-06-08 00:02:44,025][tools.dataset_tools][INFO] - Created [test][kenguru_Школьная одежда___Фартуки] ImgMaskSet: 
Size: 5 
Real size: 5 
Device: cuda 

[2023-06-08 00:02:44,025][tools.dataset_tools][INFO] - Created [test][kenguru_Юбки___Плиссе] ImgMaskSet: 
Size: 19 
Real size: 19 
Device: cuda 

[2023-06-08 00:02:44,025][tools.dataset_tools][INFO] - Created [test][kenguru_Юбки___Тюльпан] ImgMaskSet: 
Size: 1 
Real size: 1 
Device: cuda 

[2023-06-08 00:02:44,025][tools.dataset_tools][INFO] - Created [test][kenguru_Брюки___Кюлоты] ImgMaskSet: 
Size: 4 
Real size: 4 
Device: cuda 

[2023-06-08 00:02:44,025][tools.dataset_tools][INFO] - Created [test][kenguru_Джинсы___Зауженные] ImgMaskSet: 
Size: 13 
Real size: 13 
Device: cuda 

[2023-06-08 00:02:44,025][tools.dataset_tools][INFO] - Created [test][puma_Джемперы_свитеры_кардиганы_кофты___Свитеры] ImgMaskSet: 
Size: 1 
Real size: 1 
Device: cuda 

[2023-06-08 00:02:44,025][tools.dataset_tools][INFO] - Created [test][puma_Сумки_рюкзаки и чемоданы___Тоут] ImgMaskSet: 
Size: 3 
Real size: 3 
Device: cuda 

[2023-06-08 00:02:44,025][tools.dataset_tools][INFO] - Created [test][kenguru_Брюки___Карго] ImgMaskSet: 
Size: 19 
Real size: 19 
Device: cuda 

[2023-06-08 00:02:44,025][tools.dataset_tools][INFO] - Created [test][puma_Юбки___Миди] ImgMaskSet: 
Size: 2 
Real size: 2 
Device: cuda 

[2023-06-08 00:02:44,025][tools.dataset_tools][INFO] - Created [test][kenguru_Юбки___Солнце] ImgMaskSet: 
Size: 1 
Real size: 1 
Device: cuda 

[2023-06-08 00:02:44,025][tools.dataset_tools][INFO] - Created [test][kenguru_Брюки___Клеш] ImgMaskSet: 
Size: 9 
Real size: 9 
Device: cuda 

[2023-06-08 00:02:44,025][tools.dataset_tools][INFO] - Created [test][kenguru_Школьная одежда___Шорты] ImgMaskSet: 
Size: 3 
Real size: 3 
Device: cuda 

[2023-06-08 00:02:44,026][tools.dataset_tools][INFO] - Created [test][puma_Обувь___Ботинки] ImgMaskSet: 
Size: 22 
Real size: 22 
Device: cuda 

[2023-06-08 00:02:44,026][tools.dataset_tools][INFO] - Created [test][kenguru_Обувь___Слипоны] ImgMaskSet: 
Size: 2 
Real size: 2 
Device: cuda 

[2023-06-08 00:02:44,026][tools.dataset_tools][INFO] - Created [test][puma_Футболки_майки_поло_топы] ImgMaskSet: 
Size: 22 
Real size: 22 
Device: cuda 

[2023-06-08 00:02:44,026][tools.dataset_tools][INFO] - Created [test][kenguru_Верхняя одежда___Парки] ImgMaskSet: 
Size: 9 
Real size: 9 
Device: cuda 

[2023-06-08 00:02:44,026][tools.dataset_tools][INFO] - Created [test][kenguru_Обувь___Эспадрильи] ImgMaskSet: 
Size: 2 
Real size: 2 
Device: cuda 

[2023-06-08 00:02:44,026][tools.dataset_tools][INFO] - Created [test][kenguru_Брюки___Укороченные] ImgMaskSet: 
Size: 2 
Real size: 2 
Device: cuda 

[2023-06-08 00:02:44,026][tools.dataset_tools][INFO] - Created [test][kenguru_Брюки___Широкие] ImgMaskSet: 
Size: 7 
Real size: 7 
Device: cuda 

[2023-06-08 00:02:44,026][tools.dataset_tools][INFO] - Created [test][puma_Сумки_рюкзаки и чемоданы___Мессенджер] ImgMaskSet: 
Size: 2 
Real size: 2 
Device: cuda 

[2023-06-08 00:02:44,026][tools.dataset_tools][INFO] - Created [test][kenguru_Футболки_майки_поло_топы___Топы] ImgMaskSet: 
Size: 51 
Real size: 51 
Device: cuda 

[2023-06-08 00:02:44,026][tools.dataset_tools][INFO] - Created [test][kenguru_Ремни] ImgMaskSet: 
Size: 15 
Real size: 15 
Device: cuda 

[2023-06-08 00:02:44,026][tools.dataset_tools][INFO] - Created [test][kenguru_Украшения___Подвески и кулоны] ImgMaskSet: 
Size: 8 
Real size: 8 
Device: cuda 

[2023-06-08 00:02:44,026][tools.dataset_tools][INFO] - Created [test][kenguru_Головные уборы___Панамы] ImgMaskSet: 
Size: 65 
Real size: 65 
Device: cuda 

[2023-06-08 00:02:44,026][tools.dataset_tools][INFO] - Created [test][kenguru_Юбки] ImgMaskSet: 
Size: 53 
Real size: 53 
Device: cuda 

[2023-06-08 00:02:44,026][tools.dataset_tools][INFO] - Created [test][kenguru_Джемперы_свитеры_кардиганы_кофты___Джемперы] ImgMaskSet: 
Size: 51 
Real size: 51 
Device: cuda 

[2023-06-08 00:02:44,026][tools.dataset_tools][INFO] - Created [test][kenguru_Платья_сарафаны] ImgMaskSet: 
Size: 100 
Real size: 100 
Device: cuda 

[2023-06-08 00:02:44,026][tools.dataset_tools][INFO] - Created [test][kenguru_Школьная одежда___Брюки] ImgMaskSet: 
Size: 10 
Real size: 10 
Device: cuda 

[2023-06-08 00:02:44,026][tools.dataset_tools][INFO] - Created [test][kenguru_Верхняя одежда___Пуховики] ImgMaskSet: 
Size: 56 
Real size: 56 
Device: cuda 

[2023-06-08 00:02:44,026][tools.dataset_tools][INFO] - Created [test][kenguru_Сумки_рюкзаки и чемоданы___Сумки через плечо] ImgMaskSet: 
Size: 38 
Real size: 38 
Device: cuda 

[2023-06-08 00:02:44,026][tools.dataset_tools][INFO] - Created [test][kenguru_Домашняя одежда и бельё___Колготки] ImgMaskSet: 
Size: 83 
Real size: 83 
Device: cuda 

[2023-06-08 00:02:44,026][tools.dataset_tools][INFO] - Created [test][kenguru_Верхняя одежда___Шубы] ImgMaskSet: 
Size: 8 
Real size: 8 
Device: cuda 

[2023-06-08 00:02:44,026][tools.dataset_tools][INFO] - Created [test][puma_Обувь___Бутсы] ImgMaskSet: 
Size: 42 
Real size: 42 
Device: cuda 

[2023-06-08 00:02:44,026][tools.dataset_tools][INFO] - Created [test][kenguru_Обувь] ImgMaskSet: 
Size: 22 
Real size: 22 
Device: cuda 

[2023-06-08 00:02:44,026][tools.dataset_tools][INFO] - Created [test][puma_Домашняя одежда и бельё___Носки] ImgMaskSet: 
Size: 100 
Real size: 100 
Device: cuda 

[2023-06-08 00:02:44,026][tools.dataset_tools][INFO] - Created [test][puma_Нижнее бельё] ImgMaskSet: 
Size: 83 
Real size: 83 
Device: cuda 

[2023-06-08 00:02:44,026][tools.dataset_tools][INFO] - Created [test][kenguru_Спортивная одежда___Костюмы] ImgMaskSet: 
Size: 32 
Real size: 32 
Device: cuda 

[2023-06-08 00:02:44,026][tools.dataset_tools][INFO] - Created [test][kenguru_Джемперы_свитеры_кардиганы_кофты___Кофты] ImgMaskSet: 
Size: 12 
Real size: 12 
Device: cuda 

[2023-06-08 00:02:44,026][tools.dataset_tools][INFO] - Created [test][kenguru_Обувь___Босоножки] ImgMaskSet: 
Size: 48 
Real size: 48 
Device: cuda 

[2023-06-08 00:02:44,026][tools.dataset_tools][INFO] - Created [test][kenguru_Футболки_майки_поло_топы___Поло] ImgMaskSet: 
Size: 17 
Real size: 17 
Device: cuda 

[2023-06-08 00:02:44,026][tools.dataset_tools][INFO] - Created [test][kenguru_Комбинезоны] ImgMaskSet: 
Size: 100 
Real size: 100 
Device: cuda 

[2023-06-08 00:02:44,026][tools.dataset_tools][INFO] - Created [test][puma_Толстовки_олимпийки_худи_лонгсливы] ImgMaskSet: 
Size: 32 
Real size: 32 
Device: cuda 

[2023-06-08 00:02:44,026][tools.dataset_tools][INFO] - Created [test][kenguru_Украшения] ImgMaskSet: 
Size: 8 
Real size: 8 
Device: cuda 

[2023-06-08 00:02:44,026][tools.dataset_tools][INFO] - Created [test][kenguru_Домашняя одежда и бельё] ImgMaskSet: 
Size: 43 
Real size: 43 
Device: cuda 

[2023-06-08 00:02:44,026][tools.dataset_tools][INFO] - Created [test][puma_Футболки_майки_поло_топы___Футболки] ImgMaskSet: 
Size: 100 
Real size: 100 
Device: cuda 

[2023-06-08 00:02:44,026][tools.dataset_tools][INFO] - Created [test][kenguru_Костюмы_пиджаки___Пиджаки] ImgMaskSet: 
Size: 27 
Real size: 27 
Device: cuda 

[2023-06-08 00:02:44,026][tools.dataset_tools][INFO] - Created [test][kenguru_Украшения___Колье] ImgMaskSet: 
Size: 11 
Real size: 11 
Device: cuda 

[2023-06-08 00:02:44,026][tools.dataset_tools][INFO] - Created [test][puma_Перчатки и варежки] ImgMaskSet: 
Size: 11 
Real size: 11 
Device: cuda 

[2023-06-08 00:02:44,026][tools.dataset_tools][INFO] - Created [test][kenguru_Платки_шарфы_шали___Шарфы] ImgMaskSet: 
Size: 79 
Real size: 79 
Device: cuda 

[2023-06-08 00:02:44,026][tools.dataset_tools][INFO] - Created [test][kenguru_Головные уборы] ImgMaskSet: 
Size: 42 
Real size: 42 
Device: cuda 

[2023-06-08 00:02:44,026][tools.dataset_tools][INFO] - Created [test][puma_Обувь___Кроссовки] ImgMaskSet: 
Size: 100 
Real size: 100 
Device: cuda 

[2023-06-08 00:02:44,026][tools.dataset_tools][INFO] - Created [test][puma_Футболки_майки_поло_топы___Топы] ImgMaskSet: 
Size: 54 
Real size: 54 
Device: cuda 

[2023-06-08 00:02:44,026][tools.dataset_tools][INFO] - Created [test][kenguru_Блузки_рубашки___Рубашки] ImgMaskSet: 
Size: 85 
Real size: 85 
Device: cuda 

[2023-06-08 00:02:44,026][tools.dataset_tools][INFO] - Created [test][puma_Шорты_бриджи___Шорты] ImgMaskSet: 
Size: 100 
Real size: 100 
Device: cuda 

[2023-06-08 00:02:44,027][tools.dataset_tools][INFO] - Created [test][puma_Спортивная одежда___Леггинсы] ImgMaskSet: 
Size: 72 
Real size: 72 
Device: cuda 

[2023-06-08 00:02:44,027][tools.dataset_tools][INFO] - Created [test][kenguru_Спортивная одежда___Спортивные куртки] ImgMaskSet: 
Size: 70 
Real size: 70 
Device: cuda 

[2023-06-08 00:02:44,027][tools.dataset_tools][INFO] - Created [test][kenguru_Толстовки_олимпийки_худи_лонгсливы] ImgMaskSet: 
Size: 100 
Real size: 100 
Device: cuda 

[2023-06-08 00:02:44,027][tools.dataset_tools][INFO] - Created [test][puma_Головные уборы___Кепки] ImgMaskSet: 
Size: 34 
Real size: 34 
Device: cuda 

[2023-06-08 00:02:44,027][tools.dataset_tools][INFO] - Created [test][kenguru_Головные уборы___Шапки] ImgMaskSet: 
Size: 100 
Real size: 100 
Device: cuda 

[2023-06-08 00:02:44,027][tools.dataset_tools][INFO] - Created [test][puma_Другое] ImgMaskSet: 
Size: 19 
Real size: 19 
Device: cuda 

[2023-06-08 00:02:44,027][tools.dataset_tools][INFO] - Created [test][kenguru_Аксессуары___Галстуки_бабочки] ImgMaskSet: 
Size: 8 
Real size: 8 
Device: cuda 

[2023-06-08 00:02:44,027][tools.dataset_tools][INFO] - Created [test][kenguru_Джинсы] ImgMaskSet: 
Size: 78 
Real size: 78 
Device: cuda 

[2023-06-08 00:02:44,027][tools.dataset_tools][INFO] - Created [test][puma_Разное] ImgMaskSet: 
Size: 32 
Real size: 32 
Device: cuda 

[2023-06-08 00:02:44,027][tools.dataset_tools][INFO] - Created [test][kenguru_Джемперы_свитеры_кардиганы_кофты___Свитшоты] ImgMaskSet: 
Size: 22 
Real size: 22 
Device: cuda 

[2023-06-08 00:02:44,027][tools.dataset_tools][INFO] - Created [test][kenguru_Головные уборы___Бейсболки] ImgMaskSet: 
Size: 87 
Real size: 87 
Device: cuda 

[2023-06-08 00:02:44,027][tools.dataset_tools][INFO] - Created [test][kenguru_Верхняя одежда___Ветровки] ImgMaskSet: 
Size: 23 
Real size: 23 
Device: cuda 

[2023-06-08 00:02:44,027][tools.dataset_tools][INFO] - Created [test][puma_Джемперы_свитеры_кардиганы_кофты___Свитшоты] ImgMaskSet: 
Size: 23 
Real size: 23 
Device: cuda 

[2023-06-08 00:02:44,027][tools.dataset_tools][INFO] - Created [test][kenguru_Нижнее бельё] ImgMaskSet: 
Size: 20 
Real size: 20 
Device: cuda 

[2023-06-08 00:02:44,027][tools.dataset_tools][INFO] - Created [test][kenguru_Платья_сарафаны___Сарафаны] ImgMaskSet: 
Size: 23 
Real size: 23 
Device: cuda 

[2023-06-08 00:02:44,027][tools.dataset_tools][INFO] - Created [test][kenguru_Брюки___Классические] ImgMaskSet: 
Size: 9 
Real size: 9 
Device: cuda 

[2023-06-08 00:02:44,027][tools.dataset_tools][INFO] - Created [test][puma_Украшения___Комплекты] ImgMaskSet: 
Size: 15 
Real size: 15 
Device: cuda 

[2023-06-08 00:02:44,027][tools.dataset_tools][INFO] - Created [test][puma_Толстовки_олимпийки_худи_лонгсливы___Олимпийки] ImgMaskSet: 
Size: 62 
Real size: 62 
Device: cuda 

[2023-06-08 00:02:44,027][tools.dataset_tools][INFO] - Created [test][puma_Толстовки_олимпийки_худи_лонгсливы___Худи] ImgMaskSet: 
Size: 8 
Real size: 8 
Device: cuda 

[2023-06-08 00:02:44,027][tools.dataset_tools][INFO] - Created [test][puma_Головные уборы___Шапки] ImgMaskSet: 
Size: 71 
Real size: 71 
Device: cuda 

[2023-06-08 00:02:44,027][tools.dataset_tools][INFO] - Created [test][kenguru_Верхняя одежда___Жилеты (верхняя одежда)] ImgMaskSet: 
Size: 25 
Real size: 25 
Device: cuda 

[2023-06-08 00:02:44,027][tools.dataset_tools][INFO] - Created [test][kenguru_Спортивная одежда___Спортивные брюки] ImgMaskSet: 
Size: 100 
Real size: 100 
Device: cuda 

[2023-06-08 00:02:44,027][tools.dataset_tools][INFO] - Created [test][kenguru_Брюки___Леггинсы] ImgMaskSet: 
Size: 61 
Real size: 61 
Device: cuda 

[2023-06-08 00:02:44,027][tools.dataset_tools][INFO] - Created [test][puma_Верхняя одежда___Куртки] ImgMaskSet: 
Size: 57 
Real size: 57 
Device: cuda 

[2023-06-08 00:02:44,027][tools.dataset_tools][INFO] - Created [test][kenguru_Джемперы_свитеры_кардиганы_кофты___Кардиганы] ImgMaskSet: 
Size: 23 
Real size: 23 
Device: cuda 

[2023-06-08 00:02:44,027][tools.dataset_tools][INFO] - Created [test][puma_Толстовки_олимпийки_худи_лонгсливы___Лонгсливы] ImgMaskSet: 
Size: 20 
Real size: 20 
Device: cuda 

[2023-06-08 00:02:44,027][tools.dataset_tools][INFO] - Created [test][puma_Верхняя одежда___Ветровки] ImgMaskSet: 
Size: 17 
Real size: 17 
Device: cuda 

[2023-06-08 00:02:44,027][tools.dataset_tools][INFO] - Created [test][kenguru_Шорты_бриджи] ImgMaskSet: 
Size: 7 
Real size: 7 
Device: cuda 

[2023-06-08 00:02:44,027][tools.dataset_tools][INFO] - Created [test][kenguru_Блузки_рубашки___Блузки] ImgMaskSet: 
Size: 14 
Real size: 14 
Device: cuda 

[2023-06-08 00:02:44,027][tools.dataset_tools][INFO] - Created [test][kenguru_Верхняя одежда___Куртки] ImgMaskSet: 
Size: 100 
Real size: 100 
Device: cuda 

[2023-06-08 00:02:44,027][tools.dataset_tools][INFO] - Created [test][kenguru_Перчатки и варежки] ImgMaskSet: 
Size: 92 
Real size: 92 
Device: cuda 

[2023-06-08 00:02:44,027][tools.dataset_tools][INFO] - Created [test][kenguru_Другое] ImgMaskSet: 
Size: 19 
Real size: 19 
Device: cuda 

[2023-06-08 00:02:44,027][tools.dataset_tools][INFO] - Created [test][kenguru_Обувь___Сапоги] ImgMaskSet: 
Size: 46 
Real size: 46 
Device: cuda 

[2023-06-08 00:02:44,027][tools.dataset_tools][INFO] - Created [test][kenguru_Шорты_бриджи___Шорты] ImgMaskSet: 
Size: 100 
Real size: 100 
Device: cuda 

[2023-06-08 00:02:44,027][tools.dataset_tools][INFO] - Created [test][puma_Футболки_майки_поло_топы___Поло] ImgMaskSet: 
Size: 23 
Real size: 23 
Device: cuda 

[2023-06-08 00:02:44,027][tools.dataset_tools][INFO] - Created [test][kenguru_Верхняя одежда___Пальто] ImgMaskSet: 
Size: 18 
Real size: 18 
Device: cuda 

[2023-06-08 00:02:44,027][tools.dataset_tools][INFO] - Created [test][kenguru_Джемперы_свитеры_кардиганы_кофты___Водолазки] ImgMaskSet: 
Size: 46 
Real size: 46 
Device: cuda 

[2023-06-08 00:02:44,027][tools.dataset_tools][INFO] - Created [test][kenguru_Домашняя одежда и бельё___Носки] ImgMaskSet: 
Size: 100 
Real size: 100 
Device: cuda 

[2023-06-08 00:02:44,027][tools.dataset_tools][INFO] - Created [test][kenguru_Шорты_бриджи___Джинсовые шорты] ImgMaskSet: 
Size: 15 
Real size: 15 
Device: cuda 

[2023-06-08 00:02:44,027][tools.dataset_tools][INFO] - Created [test][kenguru_Обувь___Туфли] ImgMaskSet: 
Size: 37 
Real size: 37 
Device: cuda 

[2023-06-08 00:02:44,027][tools.dataset_tools][INFO] - Created [test][puma_Толстовки_олимпийки_худи_лонгсливы___Толстовки] ImgMaskSet: 
Size: 100 
Real size: 100 
Device: cuda 

[2023-06-08 00:02:44,027][tools.dataset_tools][INFO] - Created [test][kenguru_Сумки_рюкзаки и чемоданы___Рюкзаки] ImgMaskSet: 
Size: 24 
Real size: 24 
Device: cuda 

[2023-06-08 00:02:44,028][tools.dataset_tools][INFO] - Created [test][puma_Обувь___Кеды] ImgMaskSet: 
Size: 100 
Real size: 100 
Device: cuda 

[2023-06-08 00:02:44,028][tools.dataset_tools][INFO] - Created [test][kenguru_Обувь___Ботинки] ImgMaskSet: 
Size: 38 
Real size: 38 
Device: cuda 

[2023-06-08 00:02:44,028][tools.dataset_tools][INFO] - Created [test][puma_Футболки_майки_поло_топы___Майки] ImgMaskSet: 
Size: 22 
Real size: 22 
Device: cuda 

[2023-06-08 00:02:44,028][tools.dataset_tools][INFO] - Created [test][kenguru_Верхняя одежда___Джинсовые куртки] ImgMaskSet: 
Size: 20 
Real size: 20 
Device: cuda 

[2023-06-08 00:02:44,028][tools.dataset_tools][INFO] - Created [test][puma_Платья_сарафаны] ImgMaskSet: 
Size: 20 
Real size: 20 
Device: cuda 

[2023-06-08 00:02:44,028][tools.dataset_tools][INFO] - Created [test][kenguru_Футболки_майки_поло_топы___Футболки] ImgMaskSet: 
Size: 100 
Real size: 100 
Device: cuda 

[2023-06-08 00:02:44,028][tools.dataset_tools][INFO] - Created [test][puma_Пляжная одежда___Плавки] ImgMaskSet: 
Size: 28 
Real size: 28 
Device: cuda 

[2023-06-08 00:02:44,028][tools.dataset_tools][INFO] - Created [test][puma_Пляжная одежда] ImgMaskSet: 
Size: 9 
Real size: 9 
Device: cuda 

[2023-06-08 00:02:44,028][tools.dataset_tools][INFO] - Created [test][puma_Юбки] ImgMaskSet: 
Size: 9 
Real size: 9 
Device: cuda 

[2023-06-08 00:02:44,028][tools.dataset_tools][INFO] - Created [test][kenguru_Брюки___Спортивные брюки casual] ImgMaskSet: 
Size: 16 
Real size: 16 
Device: cuda 

[2023-06-08 00:02:44,028][tools.dataset_tools][INFO] - Created [test][kenguru_Обувь___Сандалии] ImgMaskSet: 
Size: 43 
Real size: 43 
Device: cuda 

[2023-06-08 00:02:44,028][tools.dataset_tools][INFO] - Created [test][kenguru_Брюки___Джоггеры] ImgMaskSet: 
Size: 9 
Real size: 9 
Device: cuda 

[2023-06-08 00:02:44,028][tools.dataset_tools][INFO] - Created [test][puma_Брюки] ImgMaskSet: 
Size: 100 
Real size: 100 
Device: cuda 

[2023-06-08 00:02:44,028][tools.dataset_tools][INFO] - Created [test][puma_Аксессуары] ImgMaskSet: 
Size: 18 
Real size: 18 
Device: cuda 

[2023-06-08 00:02:44,028][tools.dataset_tools][INFO] - Created [test][kenguru_Костюмы_пиджаки___Жилеты] ImgMaskSet: 
Size: 13 
Real size: 13 
Device: cuda 

[2023-06-08 00:02:44,028][tools.dataset_tools][INFO] - Created [test][puma_Спортивная одежда___Костюмы] ImgMaskSet: 
Size: 17 
Real size: 17 
Device: cuda 

[2023-06-08 00:02:44,028][tools.dataset_tools][INFO] - Created [test][kenguru_Украшения___Браслеты] ImgMaskSet: 
Size: 20 
Real size: 20 
Device: cuda 

[2023-06-08 00:02:44,028][tools.dataset_tools][INFO] - Created [test][puma_Сумки_рюкзаки и чемоданы___Рюкзаки] ImgMaskSet: 
Size: 72 
Real size: 72 
Device: cuda 

[2023-06-08 00:02:44,028][tools.dataset_tools][INFO] - Created [test][puma_Сумки_рюкзаки и чемоданы___Поясные сумки] ImgMaskSet: 
Size: 9 
Real size: 9 
Device: cuda 

[2023-06-08 00:02:44,028][tools.dataset_tools][INFO] - Created [test][kenguru_Джемперы_свитеры_кардиганы_кофты] ImgMaskSet: 
Size: 26 
Real size: 26 
Device: cuda 

[2023-06-08 00:02:44,028][tools.dataset_tools][INFO] - Created [test][kenguru_Школьная одежда___Рюкзаки_ранцы_сумки] ImgMaskSet: 
Size: 18 
Real size: 18 
Device: cuda 

[2023-06-08 00:02:44,028][tools.dataset_tools][INFO] - Created [test][kenguru_Аксессуары___Для волос] ImgMaskSet: 
Size: 100 
Real size: 100 
Device: cuda 

[2023-06-08 00:02:44,028][tools.dataset_tools][INFO] - Created [test][kenguru_Обувь___Кроссовки] ImgMaskSet: 
Size: 88 
Real size: 88 
Device: cuda 

[2023-06-08 00:02:44,028][tools.dataset_tools][INFO] - Created [test][kenguru_Джинсы___Клеш] ImgMaskSet: 
Size: 7 
Real size: 7 
Device: cuda 

[2023-06-08 00:02:44,028][tools.dataset_tools][INFO] - Created [test][puma_Сумки_рюкзаки и чемоданы] ImgMaskSet: 
Size: 66 
Real size: 66 
Device: cuda 

[2023-06-08 00:02:44,028][tools.dataset_tools][INFO] - Created [test][kenguru_Толстовки_олимпийки_худи_лонгсливы___Толстовки] ImgMaskSet: 
Size: 100 
Real size: 100 
Device: cuda 

[2023-06-08 00:02:44,028][tools.dataset_tools][INFO] - Created [test][puma_Спортивная одежда___Спортивные брюки] ImgMaskSet: 
Size: 12 
Real size: 12 
Device: cuda 

[2023-06-08 00:02:44,028][tools.dataset_tools][INFO] - Created [test][puma_Обувь___Шлепанцы] ImgMaskSet: 
Size: 26 
Real size: 26 
Device: cuda 

[2023-06-08 00:02:44,028][tools.dataset_tools][INFO] - Created [test][puma_Блузки_рубашки___Рубашки] ImgMaskSet: 
Size: 13 
Real size: 13 
Device: cuda 

[2023-06-08 00:02:44,028][tools.dataset_tools][INFO] - Created [test][kenguru_Футболки_майки_поло_топы___Майки] ImgMaskSet: 
Size: 9 
Real size: 9 
Device: cuda 

[2023-06-08 00:02:44,028][tools.dataset_tools][INFO] - Created [test][kenguru_Блузки_рубашки] ImgMaskSet: 
Size: 10 
Real size: 10 
Device: cuda 

[2023-06-08 00:02:44,028][tools.dataset_tools][INFO] - Created [test][kenguru_Обувь___Шлепанцы] ImgMaskSet: 
Size: 7 
Real size: 7 
Device: cuda 

[2023-06-08 00:02:44,028][tools.dataset_tools][INFO] - Created [test][kenguru_Обувь___Резиновые сапоги] ImgMaskSet: 
Size: 9 
Real size: 9 
Device: cuda 

[2023-06-08 00:02:44,028][tools.dataset_tools][INFO] - Created [test][kenguru_Брюки___Бермуды] ImgMaskSet: 
Size: 59 
Real size: 59 
Device: cuda 

[2023-06-08 00:02:44,028][tools.dataset_tools][INFO] - Created [test][kenguru_Брюки] ImgMaskSet: 
Size: 100 
Real size: 100 
Device: cuda 

[2023-06-08 00:02:44,028][tools.dataset_tools][INFO] - Created [test][kenguru_Обувь___Кеды] ImgMaskSet: 
Size: 89 
Real size: 89 
Device: cuda 

[2023-06-08 00:02:44,028][tools.dataset_tools][INFO] - Created [test][kenguru_Костюмы_пиджаки] ImgMaskSet: 
Size: 22 
Real size: 22 
Device: cuda 

[2023-06-08 00:02:44,028][tools.dataset_tools][INFO] - Created [test][kenguru_Очки] ImgMaskSet: 
Size: 10 
Real size: 10 
Device: cuda 

[2023-06-08 00:02:44,028][tools.dataset_tools][INFO] - Created [test][kenguru_Футболки_майки_поло_топы___Боди] ImgMaskSet: 
Size: 50 
Real size: 50 
Device: cuda 

[2023-06-08 00:02:44,028][tools.dataset_tools][INFO] - Created [test][kenguru_Школьная одежда___Блузы_рубашки] ImgMaskSet: 
Size: 17 
Real size: 17 
Device: cuda 

[2023-06-08 00:02:44,028][tools.dataset_tools][INFO] - Created test MultiImgMaskSet: 
Size: 5836 
Real size: 5836 
Device: cuda 

[2023-06-08 00:02:44,029][tools.dataset_tools][INFO] - Created [test][kenguru_Школьная одежда___Водолазки] ImgMaskSet: 
Size: 8 
Real size: 8 
Device: cuda 

[2023-06-08 00:02:44,029][tools.dataset_tools][INFO] - Created [test][kenguru_Школьная одежда___Платья_сарафаны] ImgMaskSet: 
Size: 22 
Real size: 22 
Device: cuda 

[2023-06-08 00:02:44,029][tools.dataset_tools][INFO] - Created [test][kenguru_Брюки___Бананы] ImgMaskSet: 
Size: 2 
Real size: 2 
Device: cuda 

[2023-06-08 00:02:44,029][tools.dataset_tools][INFO] - Created [test][kenguru_Спортивная одежда___Леггинсы] ImgMaskSet: 
Size: 1 
Real size: 1 
Device: cuda 

[2023-06-08 00:02:44,029][tools.dataset_tools][INFO] - Created [test][puma_Сумки_рюкзаки и чемоданы___Мягкая сумка дафл (duffle bag)] ImgMaskSet: 
Size: 2 
Real size: 2 
Device: cuda 

[2023-06-08 00:02:44,029][tools.dataset_tools][INFO] - Created [test][kenguru_Футболки_майки_поло_топы] ImgMaskSet: 
Size: 11 
Real size: 11 
Device: cuda 

[2023-06-08 00:02:44,029][tools.dataset_tools][INFO] - Created [test][kenguru_Костюмы_пиджаки___Костюмы] ImgMaskSet: 
Size: 12 
Real size: 12 
Device: cuda 

[2023-06-08 00:02:44,029][tools.dataset_tools][INFO] - Created [test][kenguru_Домашняя одежда и бельё___Пижамы] ImgMaskSet: 
Size: 1 
Real size: 1 
Device: cuda 

[2023-06-08 00:02:44,029][tools.dataset_tools][INFO] - Created [test][kenguru_Брюки___Кожаные] ImgMaskSet: 
Size: 2 
Real size: 2 
Device: cuda 

[2023-06-08 00:02:44,029][tools.dataset_tools][INFO] - Created [test][kenguru_Обувь___Мокасины] ImgMaskSet: 
Size: 8 
Real size: 8 
Device: cuda 

[2023-06-08 00:02:44,029][tools.dataset_tools][INFO] - Created [test][puma_Верхняя одежда___Жилеты (верхняя одежда)] ImgMaskSet: 
Size: 11 
Real size: 11 
Device: cuda 

[2023-06-08 00:02:44,029][tools.dataset_tools][INFO] - Created [test][puma_Верхняя одежда___Бомберы] ImgMaskSet: 
Size: 18 
Real size: 18 
Device: cuda 

[2023-06-08 00:02:44,029][tools.dataset_tools][INFO] - Created [test][puma_Шорты_бриджи] ImgMaskSet: 
Size: 6 
Real size: 6 
Device: cuda 

[2023-06-08 00:02:44,029][tools.dataset_tools][INFO] - Created [test][kenguru_Пляжная одежда] ImgMaskSet: 
Size: 11 
Real size: 11 
Device: cuda 

[2023-06-08 00:02:44,029][tools.dataset_tools][INFO] - Created [test][puma_Сумки_рюкзаки и чемоданы___Кроссбоди сумка] ImgMaskSet: 
Size: 9 
Real size: 9 
Device: cuda 

[2023-06-08 00:02:44,029][tools.dataset_tools][INFO] - Created [test][kenguru_Головные уборы___Кепки] ImgMaskSet: 
Size: 13 
Real size: 13 
Device: cuda 

[2023-06-08 00:02:44,029][tools.dataset_tools][INFO] - Created [test][puma_Верхняя одежда___Пальто] ImgMaskSet: 
Size: 6 
Real size: 6 
Device: cuda 

[2023-06-08 00:02:44,029][tools.dataset_tools][INFO] - Created [test][kenguru_Блузки_рубашки___Джинсовые рубашки] ImgMaskSet: 
Size: 11 
Real size: 11 
Device: cuda 

[2023-06-08 00:02:44,029][tools.dataset_tools][INFO] - Created [test][kenguru_Головные уборы___Береты] ImgMaskSet: 
Size: 8 
Real size: 8 
Device: cuda 

[2023-06-08 00:02:44,029][tools.dataset_tools][INFO] - Created [test][kenguru_Юбки___Ассиметричная] ImgMaskSet: 
Size: 1 
Real size: 1 
Device: cuda 

[2023-06-08 00:02:44,029][tools.dataset_tools][INFO] - Created [test][kenguru_Верхняя одежда___Дубленки] ImgMaskSet: 
Size: 2 
Real size: 2 
Device: cuda 

[2023-06-08 00:02:44,029][tools.dataset_tools][INFO] - Created [test][puma_Головные уборы] ImgMaskSet: 
Size: 5 
Real size: 5 
Device: cuda 

[2023-06-08 00:02:44,029][tools.dataset_tools][INFO] - Created [test][kenguru_Брюки___Прямые] ImgMaskSet: 
Size: 10 
Real size: 10 
Device: cuda 

[2023-06-08 00:02:44,029][tools.dataset_tools][INFO] - Created [test][kenguru_Юбки___Миди] ImgMaskSet: 
Size: 2 
Real size: 2 
Device: cuda 

[2023-06-08 00:02:44,029][tools.dataset_tools][INFO] - Created [test][kenguru_Разное] ImgMaskSet: 
Size: 1 
Real size: 1 
Device: cuda 

[2023-06-08 00:02:44,029][tools.dataset_tools][INFO] - Created [test][kenguru_Школьная одежда___Костюмы] ImgMaskSet: 
Size: 5 
Real size: 5 
Device: cuda 

[2023-06-08 00:02:44,029][tools.dataset_tools][INFO] - Created [test][kenguru_Платья_сарафаны___Туники] ImgMaskSet: 
Size: 1 
Real size: 1 
Device: cuda 

[2023-06-08 00:02:44,029][tools.dataset_tools][INFO] - Created [test][kenguru_Домашняя одежда и бельё___Гольфы] ImgMaskSet: 
Size: 15 
Real size: 15 
Device: cuda 

[2023-06-08 00:02:44,029][tools.dataset_tools][INFO] - Created [test][kenguru_Школьная одежда___Кофты_кардиганы_джемперы] ImgMaskSet: 
Size: 10 
Real size: 10 
Device: cuda 

[2023-06-08 00:02:44,029][tools.dataset_tools][INFO] - Created [test][kenguru_Платья_сарафаны___Мини] ImgMaskSet: 
Size: 13 
Real size: 13 
Device: cuda 

[2023-06-08 00:02:44,029][tools.dataset_tools][INFO] - Created [test][kenguru_Юбки___Пачка] ImgMaskSet: 
Size: 2 
Real size: 2 
Device: cuda 

[2023-06-08 00:02:44,029][tools.dataset_tools][INFO] - Created [test][kenguru_Юбки___Карандаш] ImgMaskSet: 
Size: 5 
Real size: 5 
Device: cuda 

[2023-06-08 00:02:44,029][tools.dataset_tools][INFO] - Created [test][puma_Головные уборы___Панамы] ImgMaskSet: 
Size: 10 
Real size: 10 
Device: cuda 

[2023-06-08 00:02:44,030][tools.dataset_tools][INFO] - Created [test][kenguru_Джинсы___Широкие] ImgMaskSet: 
Size: 10 
Real size: 10 
Device: cuda 

[2023-06-08 00:02:44,030][tools.dataset_tools][INFO] - Created [test][puma_Платки_шарфы_шали___Шарфы] ImgMaskSet: 
Size: 5 
Real size: 5 
Device: cuda 

[2023-06-08 00:02:44,030][tools.dataset_tools][INFO] - Created [test][kenguru_Спортивная одежда] ImgMaskSet: 
Size: 2 
Real size: 2 
Device: cuda 

[2023-06-08 00:02:44,030][tools.dataset_tools][INFO] - Created [test][puma_Обувь___Сандалии] ImgMaskSet: 
Size: 1 
Real size: 1 
Device: cuda 

[2023-06-08 00:02:44,030][tools.dataset_tools][INFO] - Created [test][puma_Кошельки] ImgMaskSet: 
Size: 5 
Real size: 5 
Device: cuda 

[2023-06-08 00:02:44,030][tools.dataset_tools][INFO] - Created [test][puma_Домашняя одежда и бельё___Гольфы] ImgMaskSet: 
Size: 4 
Real size: 4 
Device: cuda 

[2023-06-08 00:02:44,030][tools.dataset_tools][INFO] - Created [test][kenguru_Обувь___Лоферы] ImgMaskSet: 
Size: 19 
Real size: 19 
Device: cuda 

[2023-06-08 00:02:44,030][tools.dataset_tools][INFO] - Created [test][puma_Верхняя одежда___Парки] ImgMaskSet: 
Size: 2 
Real size: 2 
Device: cuda 

[2023-06-08 00:02:44,030][tools.dataset_tools][INFO] - Created [test][kenguru_Сумки_рюкзаки и чемоданы] ImgMaskSet: 
Size: 1 
Real size: 1 
Device: cuda 

[2023-06-08 00:02:44,030][tools.dataset_tools][INFO] - Created [test][puma_Джемперы_свитеры_кардиганы_кофты___Кардиганы] ImgMaskSet: 
Size: 1 
Real size: 1 
Device: cuda 

[2023-06-08 00:02:44,030][tools.dataset_tools][INFO] - Created [test][kenguru_Украшения___Комплекты] ImgMaskSet: 
Size: 1 
Real size: 1 
Device: cuda 

[2023-06-08 00:02:44,030][tools.dataset_tools][INFO] - Created [test][kenguru_Школьная одежда___Толстовки] ImgMaskSet: 
Size: 8 
Real size: 8 
Device: cuda 

[2023-06-08 00:02:44,030][tools.dataset_tools][INFO] - Created [test][kenguru_Верхняя одежда___Плащи] ImgMaskSet: 
Size: 24 
Real size: 24 
Device: cuda 

[2023-06-08 00:02:44,030][tools.dataset_tools][INFO] - Created [test][kenguru_Пляжная одежда___Раздельные купальники] ImgMaskSet: 
Size: 4 
Real size: 4 
Device: cuda 

[2023-06-08 00:02:44,030][tools.dataset_tools][INFO] - Created [test][kenguru_Джемперы_свитеры_кардиганы_кофты___Свитеры] ImgMaskSet: 
Size: 20 
Real size: 20 
Device: cuda 

[2023-06-08 00:02:44,030][tools.dataset_tools][INFO] - Created [test][kenguru_Платки_шарфы_шали___Платки] ImgMaskSet: 
Size: 4 
Real size: 4 
Device: cuda 

[2023-06-08 00:02:44,030][tools.dataset_tools][INFO] - Created [test][kenguru_Школьная одежда___Жилеты] ImgMaskSet: 
Size: 8 
Real size: 8 
Device: cuda 

[2023-06-08 00:02:44,030][tools.dataset_tools][INFO] - Created [test][kenguru_Школьная одежда___Пиджаки_жакеты] ImgMaskSet: 
Size: 15 
Real size: 15 
Device: cuda 

[2023-06-08 00:02:44,030][tools.dataset_tools][INFO] - Created [test][kenguru_Толстовки_олимпийки_худи_лонгсливы___Лонгсливы] ImgMaskSet: 
Size: 2 
Real size: 2 
Device: cuda 

[2023-06-08 00:02:44,030][tools.dataset_tools][INFO] - Created [test][kenguru_Школьная одежда___Юбки] ImgMaskSet: 
Size: 19 
Real size: 19 
Device: cuda 

[2023-06-08 00:02:44,030][tools.dataset_tools][INFO] - Created [test][kenguru_Украшения___Ожерелья] ImgMaskSet: 
Size: 1 
Real size: 1 
Device: cuda 

[2023-06-08 00:02:44,030][tools.dataset_tools][INFO] - Created [test][kenguru_Украшения___Серьги] ImgMaskSet: 
Size: 19 
Real size: 19 
Device: cuda 

[2023-06-08 00:02:44,030][tools.dataset_tools][INFO] - Created [test][puma_Комбинезоны] ImgMaskSet: 
Size: 5 
Real size: 5 
Device: cuda 

[2023-06-08 00:02:44,030][tools.dataset_tools][INFO] - Created [test][kenguru_Платья_сарафаны___Миди] ImgMaskSet: 
Size: 4 
Real size: 4 
Device: cuda 

[2023-06-08 00:02:44,030][tools.dataset_tools][INFO] - Created [test][kenguru_Обувь___Балетки] ImgMaskSet: 
Size: 10 
Real size: 10 
Device: cuda 

[2023-06-08 00:02:44,030][tools.dataset_tools][INFO] - Created [test][puma_Футболки_майки_поло_топы___Боди] ImgMaskSet: 
Size: 5 
Real size: 5 
Device: cuda 

[2023-06-08 00:02:44,030][tools.dataset_tools][INFO] - Created [test][kenguru_Толстовки_олимпийки_худи_лонгсливы___Худи] ImgMaskSet: 
Size: 9 
Real size: 9 
Device: cuda 

[2023-06-08 00:02:44,030][tools.dataset_tools][INFO] - Created [test][kenguru_Головные уборы___Шляпы] ImgMaskSet: 
Size: 24 
Real size: 24 
Device: cuda 

[2023-06-08 00:02:44,030][tools.dataset_tools][INFO] - Created [test][puma_Домашняя одежда и бельё___Халаты] ImgMaskSet: 
Size: 1 
Real size: 1 
Device: cuda 

[2023-06-08 00:02:44,030][tools.dataset_tools][INFO] - Created [test][kenguru_Джинсы___Прямые] ImgMaskSet: 
Size: 10 
Real size: 10 
Device: cuda 

[2023-06-08 00:02:44,030][tools.dataset_tools][INFO] - Created [test][kenguru_Юбки___Макси] ImgMaskSet: 
Size: 1 
Real size: 1 
Device: cuda 

[2023-06-08 00:02:44,030][tools.dataset_tools][INFO] - Created [test][puma_Костюмы_пиджаки___Жилеты] ImgMaskSet: 
Size: 7 
Real size: 7 
Device: cuda 

[2023-06-08 00:02:44,030][tools.dataset_tools][INFO] - Created [test][puma_Верхняя одежда] ImgMaskSet: 
Size: 4 
Real size: 4 
Device: cuda 

[2023-06-08 00:02:44,030][tools.dataset_tools][INFO] - Created [test][puma_Обувь___Слипоны] ImgMaskSet: 
Size: 2 
Real size: 2 
Device: cuda 

[2023-06-08 00:02:44,030][tools.dataset_tools][INFO] - Created [test][kenguru_Школьная одежда___Галстуки_бабочки] ImgMaskSet: 
Size: 9 
Real size: 9 
Device: cuda 

[2023-06-08 00:02:44,030][tools.dataset_tools][INFO] - Created [test][kenguru_Платья_сарафаны___Макси] ImgMaskSet: 
Size: 6 
Real size: 6 
Device: cuda 

[2023-06-08 00:02:44,030][tools.dataset_tools][INFO] - Created [test][kenguru_Юбки___Трапеция] ImgMaskSet: 
Size: 1 
Real size: 1 
Device: cuda 

[2023-06-08 00:02:44,030][tools.dataset_tools][INFO] - Created [test][puma_Аксессуары___Для волос] ImgMaskSet: 
Size: 15 
Real size: 15 
Device: cuda 

[2023-06-08 00:02:44,030][tools.dataset_tools][INFO] - Created [test][kenguru_Платья_сарафаны___Шелковые] ImgMaskSet: 
Size: 17 
Real size: 17 
Device: cuda 

[2023-06-08 00:02:44,030][tools.dataset_tools][INFO] - Created [test][kenguru_Юбки___Юбка-шорты] ImgMaskSet: 
Size: 5 
Real size: 5 
Device: cuda 

[2023-06-08 00:02:44,030][tools.dataset_tools][INFO] - Created [test][puma_Пляжная одежда___Раздельные купальники] ImgMaskSet: 
Size: 12 
Real size: 12 
Device: cuda 

[2023-06-08 00:02:44,030][tools.dataset_tools][INFO] - Created [test][kenguru_Пляжная одежда___Слитные купальники] ImgMaskSet: 
Size: 15 
Real size: 15 
Device: cuda 

[2023-06-08 00:02:44,030][tools.dataset_tools][INFO] - Created [test][kenguru_Школьная одежда___Фартуки] ImgMaskSet: 
Size: 5 
Real size: 5 
Device: cuda 

[2023-06-08 00:02:44,031][tools.dataset_tools][INFO] - Created [test][kenguru_Юбки___Плиссе] ImgMaskSet: 
Size: 19 
Real size: 19 
Device: cuda 

[2023-06-08 00:02:44,031][tools.dataset_tools][INFO] - Created [test][kenguru_Юбки___Тюльпан] ImgMaskSet: 
Size: 1 
Real size: 1 
Device: cuda 

[2023-06-08 00:02:44,031][tools.dataset_tools][INFO] - Created [test][kenguru_Брюки___Кюлоты] ImgMaskSet: 
Size: 4 
Real size: 4 
Device: cuda 

[2023-06-08 00:02:44,031][tools.dataset_tools][INFO] - Created [test][kenguru_Джинсы___Зауженные] ImgMaskSet: 
Size: 13 
Real size: 13 
Device: cuda 

[2023-06-08 00:02:44,031][tools.dataset_tools][INFO] - Created [test][puma_Джемперы_свитеры_кардиганы_кофты___Свитеры] ImgMaskSet: 
Size: 1 
Real size: 1 
Device: cuda 

[2023-06-08 00:02:44,031][tools.dataset_tools][INFO] - Created [test][puma_Сумки_рюкзаки и чемоданы___Тоут] ImgMaskSet: 
Size: 3 
Real size: 3 
Device: cuda 

[2023-06-08 00:02:44,031][tools.dataset_tools][INFO] - Created [test][kenguru_Брюки___Карго] ImgMaskSet: 
Size: 19 
Real size: 19 
Device: cuda 

[2023-06-08 00:02:44,031][tools.dataset_tools][INFO] - Created [test][puma_Юбки___Миди] ImgMaskSet: 
Size: 2 
Real size: 2 
Device: cuda 

[2023-06-08 00:02:44,031][tools.dataset_tools][INFO] - Created [test][kenguru_Юбки___Солнце] ImgMaskSet: 
Size: 1 
Real size: 1 
Device: cuda 

[2023-06-08 00:02:44,031][tools.dataset_tools][INFO] - Created [test][kenguru_Брюки___Клеш] ImgMaskSet: 
Size: 9 
Real size: 9 
Device: cuda 

[2023-06-08 00:02:44,031][tools.dataset_tools][INFO] - Created [test][kenguru_Школьная одежда___Шорты] ImgMaskSet: 
Size: 3 
Real size: 3 
Device: cuda 

[2023-06-08 00:02:44,031][tools.dataset_tools][INFO] - Created [test][puma_Обувь___Ботинки] ImgMaskSet: 
Size: 22 
Real size: 22 
Device: cuda 

[2023-06-08 00:02:44,031][tools.dataset_tools][INFO] - Created [test][kenguru_Обувь___Слипоны] ImgMaskSet: 
Size: 2 
Real size: 2 
Device: cuda 

[2023-06-08 00:02:44,031][tools.dataset_tools][INFO] - Created [test][puma_Футболки_майки_поло_топы] ImgMaskSet: 
Size: 22 
Real size: 22 
Device: cuda 

[2023-06-08 00:02:44,031][tools.dataset_tools][INFO] - Created [test][kenguru_Верхняя одежда___Парки] ImgMaskSet: 
Size: 9 
Real size: 9 
Device: cuda 

[2023-06-08 00:02:44,031][tools.dataset_tools][INFO] - Created [test][kenguru_Обувь___Эспадрильи] ImgMaskSet: 
Size: 2 
Real size: 2 
Device: cuda 

[2023-06-08 00:02:44,031][tools.dataset_tools][INFO] - Created [test][kenguru_Брюки___Укороченные] ImgMaskSet: 
Size: 2 
Real size: 2 
Device: cuda 

[2023-06-08 00:02:44,031][tools.dataset_tools][INFO] - Created [test][kenguru_Брюки___Широкие] ImgMaskSet: 
Size: 7 
Real size: 7 
Device: cuda 

[2023-06-08 00:02:44,031][tools.dataset_tools][INFO] - Created [test][puma_Сумки_рюкзаки и чемоданы___Мессенджер] ImgMaskSet: 
Size: 2 
Real size: 2 
Device: cuda 

[2023-06-08 00:02:44,031][tools.dataset_tools][INFO] - Created [test][kenguru_Футболки_майки_поло_топы___Топы] ImgMaskSet: 
Size: 51 
Real size: 51 
Device: cuda 

[2023-06-08 00:02:44,031][tools.dataset_tools][INFO] - Created [test][kenguru_Ремни] ImgMaskSet: 
Size: 15 
Real size: 15 
Device: cuda 

[2023-06-08 00:02:44,031][tools.dataset_tools][INFO] - Created [test][kenguru_Украшения___Подвески и кулоны] ImgMaskSet: 
Size: 8 
Real size: 8 
Device: cuda 

[2023-06-08 00:02:44,031][tools.dataset_tools][INFO] - Created [test][kenguru_Головные уборы___Панамы] ImgMaskSet: 
Size: 65 
Real size: 65 
Device: cuda 

[2023-06-08 00:02:44,031][tools.dataset_tools][INFO] - Created [test][kenguru_Юбки] ImgMaskSet: 
Size: 53 
Real size: 53 
Device: cuda 

[2023-06-08 00:02:44,031][tools.dataset_tools][INFO] - Created [test][kenguru_Джемперы_свитеры_кардиганы_кофты___Джемперы] ImgMaskSet: 
Size: 51 
Real size: 51 
Device: cuda 

[2023-06-08 00:02:44,031][tools.dataset_tools][INFO] - Created [test][kenguru_Платья_сарафаны] ImgMaskSet: 
Size: 100 
Real size: 100 
Device: cuda 

[2023-06-08 00:02:44,031][tools.dataset_tools][INFO] - Created [test][kenguru_Школьная одежда___Брюки] ImgMaskSet: 
Size: 10 
Real size: 10 
Device: cuda 

[2023-06-08 00:02:44,031][tools.dataset_tools][INFO] - Created [test][kenguru_Верхняя одежда___Пуховики] ImgMaskSet: 
Size: 56 
Real size: 56 
Device: cuda 

[2023-06-08 00:02:44,031][tools.dataset_tools][INFO] - Created [test][kenguru_Сумки_рюкзаки и чемоданы___Сумки через плечо] ImgMaskSet: 
Size: 38 
Real size: 38 
Device: cuda 

[2023-06-08 00:02:44,031][tools.dataset_tools][INFO] - Created [test][kenguru_Домашняя одежда и бельё___Колготки] ImgMaskSet: 
Size: 83 
Real size: 83 
Device: cuda 

[2023-06-08 00:02:44,031][tools.dataset_tools][INFO] - Created [test][kenguru_Верхняя одежда___Шубы] ImgMaskSet: 
Size: 8 
Real size: 8 
Device: cuda 

[2023-06-08 00:02:44,031][tools.dataset_tools][INFO] - Created [test][puma_Обувь___Бутсы] ImgMaskSet: 
Size: 42 
Real size: 42 
Device: cuda 

[2023-06-08 00:02:44,031][tools.dataset_tools][INFO] - Created [test][kenguru_Обувь] ImgMaskSet: 
Size: 22 
Real size: 22 
Device: cuda 

[2023-06-08 00:02:44,031][tools.dataset_tools][INFO] - Created [test][puma_Домашняя одежда и бельё___Носки] ImgMaskSet: 
Size: 100 
Real size: 100 
Device: cuda 

[2023-06-08 00:02:44,031][tools.dataset_tools][INFO] - Created [test][puma_Нижнее бельё] ImgMaskSet: 
Size: 83 
Real size: 83 
Device: cuda 

[2023-06-08 00:02:44,031][tools.dataset_tools][INFO] - Created [test][kenguru_Спортивная одежда___Костюмы] ImgMaskSet: 
Size: 32 
Real size: 32 
Device: cuda 

[2023-06-08 00:02:44,031][tools.dataset_tools][INFO] - Created [test][kenguru_Джемперы_свитеры_кардиганы_кофты___Кофты] ImgMaskSet: 
Size: 12 
Real size: 12 
Device: cuda 

[2023-06-08 00:02:44,031][tools.dataset_tools][INFO] - Created [test][kenguru_Обувь___Босоножки] ImgMaskSet: 
Size: 48 
Real size: 48 
Device: cuda 

[2023-06-08 00:02:44,031][tools.dataset_tools][INFO] - Created [test][kenguru_Футболки_майки_поло_топы___Поло] ImgMaskSet: 
Size: 17 
Real size: 17 
Device: cuda 

[2023-06-08 00:02:44,031][tools.dataset_tools][INFO] - Created [test][kenguru_Комбинезоны] ImgMaskSet: 
Size: 100 
Real size: 100 
Device: cuda 

[2023-06-08 00:02:44,031][tools.dataset_tools][INFO] - Created [test][puma_Толстовки_олимпийки_худи_лонгсливы] ImgMaskSet: 
Size: 32 
Real size: 32 
Device: cuda 

[2023-06-08 00:02:44,031][tools.dataset_tools][INFO] - Created [test][kenguru_Украшения] ImgMaskSet: 
Size: 8 
Real size: 8 
Device: cuda 

[2023-06-08 00:02:44,032][tools.dataset_tools][INFO] - Created [test][kenguru_Домашняя одежда и бельё] ImgMaskSet: 
Size: 43 
Real size: 43 
Device: cuda 

[2023-06-08 00:02:44,032][tools.dataset_tools][INFO] - Created [test][puma_Футболки_майки_поло_топы___Футболки] ImgMaskSet: 
Size: 100 
Real size: 100 
Device: cuda 

[2023-06-08 00:02:44,032][tools.dataset_tools][INFO] - Created [test][kenguru_Костюмы_пиджаки___Пиджаки] ImgMaskSet: 
Size: 27 
Real size: 27 
Device: cuda 

[2023-06-08 00:02:44,032][tools.dataset_tools][INFO] - Created [test][kenguru_Украшения___Колье] ImgMaskSet: 
Size: 11 
Real size: 11 
Device: cuda 

[2023-06-08 00:02:44,032][tools.dataset_tools][INFO] - Created [test][puma_Перчатки и варежки] ImgMaskSet: 
Size: 11 
Real size: 11 
Device: cuda 

[2023-06-08 00:02:44,032][tools.dataset_tools][INFO] - Created [test][kenguru_Платки_шарфы_шали___Шарфы] ImgMaskSet: 
Size: 79 
Real size: 79 
Device: cuda 

[2023-06-08 00:02:44,032][tools.dataset_tools][INFO] - Created [test][kenguru_Головные уборы] ImgMaskSet: 
Size: 42 
Real size: 42 
Device: cuda 

[2023-06-08 00:02:44,032][tools.dataset_tools][INFO] - Created [test][puma_Обувь___Кроссовки] ImgMaskSet: 
Size: 100 
Real size: 100 
Device: cuda 

[2023-06-08 00:02:44,032][tools.dataset_tools][INFO] - Created [test][puma_Футболки_майки_поло_топы___Топы] ImgMaskSet: 
Size: 54 
Real size: 54 
Device: cuda 

[2023-06-08 00:02:44,032][tools.dataset_tools][INFO] - Created [test][kenguru_Блузки_рубашки___Рубашки] ImgMaskSet: 
Size: 85 
Real size: 85 
Device: cuda 

[2023-06-08 00:02:44,032][tools.dataset_tools][INFO] - Created [test][puma_Шорты_бриджи___Шорты] ImgMaskSet: 
Size: 100 
Real size: 100 
Device: cuda 

[2023-06-08 00:02:44,032][tools.dataset_tools][INFO] - Created [test][puma_Спортивная одежда___Леггинсы] ImgMaskSet: 
Size: 72 
Real size: 72 
Device: cuda 

[2023-06-08 00:02:44,032][tools.dataset_tools][INFO] - Created [test][kenguru_Спортивная одежда___Спортивные куртки] ImgMaskSet: 
Size: 70 
Real size: 70 
Device: cuda 

[2023-06-08 00:02:44,032][tools.dataset_tools][INFO] - Created [test][kenguru_Толстовки_олимпийки_худи_лонгсливы] ImgMaskSet: 
Size: 100 
Real size: 100 
Device: cuda 

[2023-06-08 00:02:44,032][tools.dataset_tools][INFO] - Created [test][puma_Головные уборы___Кепки] ImgMaskSet: 
Size: 34 
Real size: 34 
Device: cuda 

[2023-06-08 00:02:44,032][tools.dataset_tools][INFO] - Created [test][kenguru_Головные уборы___Шапки] ImgMaskSet: 
Size: 100 
Real size: 100 
Device: cuda 

[2023-06-08 00:02:44,032][tools.dataset_tools][INFO] - Created [test][puma_Другое] ImgMaskSet: 
Size: 19 
Real size: 19 
Device: cuda 

[2023-06-08 00:02:44,032][tools.dataset_tools][INFO] - Created [test][kenguru_Аксессуары___Галстуки_бабочки] ImgMaskSet: 
Size: 8 
Real size: 8 
Device: cuda 

[2023-06-08 00:02:44,032][tools.dataset_tools][INFO] - Created [test][kenguru_Джинсы] ImgMaskSet: 
Size: 78 
Real size: 78 
Device: cuda 

[2023-06-08 00:02:44,032][tools.dataset_tools][INFO] - Created [test][puma_Разное] ImgMaskSet: 
Size: 32 
Real size: 32 
Device: cuda 

[2023-06-08 00:02:44,032][tools.dataset_tools][INFO] - Created [test][kenguru_Джемперы_свитеры_кардиганы_кофты___Свитшоты] ImgMaskSet: 
Size: 22 
Real size: 22 
Device: cuda 

[2023-06-08 00:02:44,032][tools.dataset_tools][INFO] - Created [test][kenguru_Головные уборы___Бейсболки] ImgMaskSet: 
Size: 87 
Real size: 87 
Device: cuda 

[2023-06-08 00:02:44,032][tools.dataset_tools][INFO] - Created [test][kenguru_Верхняя одежда___Ветровки] ImgMaskSet: 
Size: 23 
Real size: 23 
Device: cuda 

[2023-06-08 00:02:44,032][tools.dataset_tools][INFO] - Created [test][puma_Джемперы_свитеры_кардиганы_кофты___Свитшоты] ImgMaskSet: 
Size: 23 
Real size: 23 
Device: cuda 

[2023-06-08 00:02:44,032][tools.dataset_tools][INFO] - Created [test][kenguru_Нижнее бельё] ImgMaskSet: 
Size: 20 
Real size: 20 
Device: cuda 

[2023-06-08 00:02:44,032][tools.dataset_tools][INFO] - Created [test][kenguru_Платья_сарафаны___Сарафаны] ImgMaskSet: 
Size: 23 
Real size: 23 
Device: cuda 

[2023-06-08 00:02:44,032][tools.dataset_tools][INFO] - Created [test][kenguru_Брюки___Классические] ImgMaskSet: 
Size: 9 
Real size: 9 
Device: cuda 

[2023-06-08 00:02:44,032][tools.dataset_tools][INFO] - Created [test][puma_Украшения___Комплекты] ImgMaskSet: 
Size: 15 
Real size: 15 
Device: cuda 

[2023-06-08 00:02:44,032][tools.dataset_tools][INFO] - Created [test][puma_Толстовки_олимпийки_худи_лонгсливы___Олимпийки] ImgMaskSet: 
Size: 62 
Real size: 62 
Device: cuda 

[2023-06-08 00:02:44,032][tools.dataset_tools][INFO] - Created [test][puma_Толстовки_олимпийки_худи_лонгсливы___Худи] ImgMaskSet: 
Size: 8 
Real size: 8 
Device: cuda 

[2023-06-08 00:02:44,032][tools.dataset_tools][INFO] - Created [test][puma_Головные уборы___Шапки] ImgMaskSet: 
Size: 71 
Real size: 71 
Device: cuda 

[2023-06-08 00:02:44,032][tools.dataset_tools][INFO] - Created [test][kenguru_Верхняя одежда___Жилеты (верхняя одежда)] ImgMaskSet: 
Size: 25 
Real size: 25 
Device: cuda 

[2023-06-08 00:02:44,032][tools.dataset_tools][INFO] - Created [test][kenguru_Спортивная одежда___Спортивные брюки] ImgMaskSet: 
Size: 100 
Real size: 100 
Device: cuda 

[2023-06-08 00:02:44,032][tools.dataset_tools][INFO] - Created [test][kenguru_Брюки___Леггинсы] ImgMaskSet: 
Size: 61 
Real size: 61 
Device: cuda 

[2023-06-08 00:02:44,032][tools.dataset_tools][INFO] - Created [test][puma_Верхняя одежда___Куртки] ImgMaskSet: 
Size: 57 
Real size: 57 
Device: cuda 

[2023-06-08 00:02:44,032][tools.dataset_tools][INFO] - Created [test][kenguru_Джемперы_свитеры_кардиганы_кофты___Кардиганы] ImgMaskSet: 
Size: 23 
Real size: 23 
Device: cuda 

[2023-06-08 00:02:44,032][tools.dataset_tools][INFO] - Created [test][puma_Толстовки_олимпийки_худи_лонгсливы___Лонгсливы] ImgMaskSet: 
Size: 20 
Real size: 20 
Device: cuda 

[2023-06-08 00:02:44,032][tools.dataset_tools][INFO] - Created [test][puma_Верхняя одежда___Ветровки] ImgMaskSet: 
Size: 17 
Real size: 17 
Device: cuda 

[2023-06-08 00:02:44,032][tools.dataset_tools][INFO] - Created [test][kenguru_Шорты_бриджи] ImgMaskSet: 
Size: 7 
Real size: 7 
Device: cuda 

[2023-06-08 00:02:44,032][tools.dataset_tools][INFO] - Created [test][kenguru_Блузки_рубашки___Блузки] ImgMaskSet: 
Size: 14 
Real size: 14 
Device: cuda 

[2023-06-08 00:02:44,032][tools.dataset_tools][INFO] - Created [test][kenguru_Верхняя одежда___Куртки] ImgMaskSet: 
Size: 100 
Real size: 100 
Device: cuda 

[2023-06-08 00:02:44,033][tools.dataset_tools][INFO] - Created [test][kenguru_Перчатки и варежки] ImgMaskSet: 
Size: 92 
Real size: 92 
Device: cuda 

[2023-06-08 00:02:44,033][tools.dataset_tools][INFO] - Created [test][kenguru_Другое] ImgMaskSet: 
Size: 19 
Real size: 19 
Device: cuda 

[2023-06-08 00:02:44,033][tools.dataset_tools][INFO] - Created [test][kenguru_Обувь___Сапоги] ImgMaskSet: 
Size: 46 
Real size: 46 
Device: cuda 

[2023-06-08 00:02:44,033][tools.dataset_tools][INFO] - Created [test][kenguru_Шорты_бриджи___Шорты] ImgMaskSet: 
Size: 100 
Real size: 100 
Device: cuda 

[2023-06-08 00:02:44,033][tools.dataset_tools][INFO] - Created [test][puma_Футболки_майки_поло_топы___Поло] ImgMaskSet: 
Size: 23 
Real size: 23 
Device: cuda 

[2023-06-08 00:02:44,033][tools.dataset_tools][INFO] - Created [test][kenguru_Верхняя одежда___Пальто] ImgMaskSet: 
Size: 18 
Real size: 18 
Device: cuda 

[2023-06-08 00:02:44,033][tools.dataset_tools][INFO] - Created [test][kenguru_Джемперы_свитеры_кардиганы_кофты___Водолазки] ImgMaskSet: 
Size: 46 
Real size: 46 
Device: cuda 

[2023-06-08 00:02:44,033][tools.dataset_tools][INFO] - Created [test][kenguru_Домашняя одежда и бельё___Носки] ImgMaskSet: 
Size: 100 
Real size: 100 
Device: cuda 

[2023-06-08 00:02:44,033][tools.dataset_tools][INFO] - Created [test][kenguru_Шорты_бриджи___Джинсовые шорты] ImgMaskSet: 
Size: 15 
Real size: 15 
Device: cuda 

[2023-06-08 00:02:44,033][tools.dataset_tools][INFO] - Created [test][kenguru_Обувь___Туфли] ImgMaskSet: 
Size: 37 
Real size: 37 
Device: cuda 

[2023-06-08 00:02:44,033][tools.dataset_tools][INFO] - Created [test][puma_Толстовки_олимпийки_худи_лонгсливы___Толстовки] ImgMaskSet: 
Size: 100 
Real size: 100 
Device: cuda 

[2023-06-08 00:02:44,033][tools.dataset_tools][INFO] - Created [test][kenguru_Сумки_рюкзаки и чемоданы___Рюкзаки] ImgMaskSet: 
Size: 24 
Real size: 24 
Device: cuda 

[2023-06-08 00:02:44,033][tools.dataset_tools][INFO] - Created [test][puma_Обувь___Кеды] ImgMaskSet: 
Size: 100 
Real size: 100 
Device: cuda 

[2023-06-08 00:02:44,033][tools.dataset_tools][INFO] - Created [test][kenguru_Обувь___Ботинки] ImgMaskSet: 
Size: 38 
Real size: 38 
Device: cuda 

[2023-06-08 00:02:44,033][tools.dataset_tools][INFO] - Created [test][puma_Футболки_майки_поло_топы___Майки] ImgMaskSet: 
Size: 22 
Real size: 22 
Device: cuda 

[2023-06-08 00:02:44,033][tools.dataset_tools][INFO] - Created [test][kenguru_Верхняя одежда___Джинсовые куртки] ImgMaskSet: 
Size: 20 
Real size: 20 
Device: cuda 

[2023-06-08 00:02:44,033][tools.dataset_tools][INFO] - Created [test][puma_Платья_сарафаны] ImgMaskSet: 
Size: 20 
Real size: 20 
Device: cuda 

[2023-06-08 00:02:44,033][tools.dataset_tools][INFO] - Created [test][kenguru_Футболки_майки_поло_топы___Футболки] ImgMaskSet: 
Size: 100 
Real size: 100 
Device: cuda 

[2023-06-08 00:02:44,033][tools.dataset_tools][INFO] - Created [test][puma_Пляжная одежда___Плавки] ImgMaskSet: 
Size: 28 
Real size: 28 
Device: cuda 

[2023-06-08 00:02:44,033][tools.dataset_tools][INFO] - Created [test][puma_Пляжная одежда] ImgMaskSet: 
Size: 9 
Real size: 9 
Device: cuda 

[2023-06-08 00:02:44,033][tools.dataset_tools][INFO] - Created [test][puma_Юбки] ImgMaskSet: 
Size: 9 
Real size: 9 
Device: cuda 

[2023-06-08 00:02:44,033][tools.dataset_tools][INFO] - Created [test][kenguru_Брюки___Спортивные брюки casual] ImgMaskSet: 
Size: 16 
Real size: 16 
Device: cuda 

[2023-06-08 00:02:44,033][tools.dataset_tools][INFO] - Created [test][kenguru_Обувь___Сандалии] ImgMaskSet: 
Size: 43 
Real size: 43 
Device: cuda 

[2023-06-08 00:02:44,033][tools.dataset_tools][INFO] - Created [test][kenguru_Брюки___Джоггеры] ImgMaskSet: 
Size: 9 
Real size: 9 
Device: cuda 

[2023-06-08 00:02:44,033][tools.dataset_tools][INFO] - Created [test][puma_Брюки] ImgMaskSet: 
Size: 100 
Real size: 100 
Device: cuda 

[2023-06-08 00:02:44,033][tools.dataset_tools][INFO] - Created [test][puma_Аксессуары] ImgMaskSet: 
Size: 18 
Real size: 18 
Device: cuda 

[2023-06-08 00:02:44,033][tools.dataset_tools][INFO] - Created [test][kenguru_Костюмы_пиджаки___Жилеты] ImgMaskSet: 
Size: 13 
Real size: 13 
Device: cuda 

[2023-06-08 00:02:44,033][tools.dataset_tools][INFO] - Created [test][puma_Спортивная одежда___Костюмы] ImgMaskSet: 
Size: 17 
Real size: 17 
Device: cuda 

[2023-06-08 00:02:44,033][tools.dataset_tools][INFO] - Created [test][kenguru_Украшения___Браслеты] ImgMaskSet: 
Size: 20 
Real size: 20 
Device: cuda 

[2023-06-08 00:02:44,033][tools.dataset_tools][INFO] - Created [test][puma_Сумки_рюкзаки и чемоданы___Рюкзаки] ImgMaskSet: 
Size: 72 
Real size: 72 
Device: cuda 

[2023-06-08 00:02:44,033][tools.dataset_tools][INFO] - Created [test][puma_Сумки_рюкзаки и чемоданы___Поясные сумки] ImgMaskSet: 
Size: 9 
Real size: 9 
Device: cuda 

[2023-06-08 00:02:44,033][tools.dataset_tools][INFO] - Created [test][kenguru_Джемперы_свитеры_кардиганы_кофты] ImgMaskSet: 
Size: 26 
Real size: 26 
Device: cuda 

[2023-06-08 00:02:44,033][tools.dataset_tools][INFO] - Created [test][kenguru_Школьная одежда___Рюкзаки_ранцы_сумки] ImgMaskSet: 
Size: 18 
Real size: 18 
Device: cuda 

[2023-06-08 00:02:44,033][tools.dataset_tools][INFO] - Created [test][kenguru_Аксессуары___Для волос] ImgMaskSet: 
Size: 100 
Real size: 100 
Device: cuda 

[2023-06-08 00:02:44,033][tools.dataset_tools][INFO] - Created [test][kenguru_Обувь___Кроссовки] ImgMaskSet: 
Size: 88 
Real size: 88 
Device: cuda 

[2023-06-08 00:02:44,033][tools.dataset_tools][INFO] - Created [test][kenguru_Джинсы___Клеш] ImgMaskSet: 
Size: 7 
Real size: 7 
Device: cuda 

[2023-06-08 00:02:44,033][tools.dataset_tools][INFO] - Created [test][puma_Сумки_рюкзаки и чемоданы] ImgMaskSet: 
Size: 66 
Real size: 66 
Device: cuda 

[2023-06-08 00:02:44,033][tools.dataset_tools][INFO] - Created [test][kenguru_Толстовки_олимпийки_худи_лонгсливы___Толстовки] ImgMaskSet: 
Size: 100 
Real size: 100 
Device: cuda 

[2023-06-08 00:02:44,033][tools.dataset_tools][INFO] - Created [test][puma_Спортивная одежда___Спортивные брюки] ImgMaskSet: 
Size: 12 
Real size: 12 
Device: cuda 

[2023-06-08 00:02:44,033][tools.dataset_tools][INFO] - Created [test][puma_Обувь___Шлепанцы] ImgMaskSet: 
Size: 26 
Real size: 26 
Device: cuda 

[2023-06-08 00:02:44,033][tools.dataset_tools][INFO] - Created [test][puma_Блузки_рубашки___Рубашки] ImgMaskSet: 
Size: 13 
Real size: 13 
Device: cuda 

[2023-06-08 00:02:44,033][tools.dataset_tools][INFO] - Created [test][kenguru_Футболки_майки_поло_топы___Майки] ImgMaskSet: 
Size: 9 
Real size: 9 
Device: cuda 

[2023-06-08 00:02:44,033][tools.dataset_tools][INFO] - Created [test][kenguru_Блузки_рубашки] ImgMaskSet: 
Size: 10 
Real size: 10 
Device: cuda 

[2023-06-08 00:02:44,034][tools.dataset_tools][INFO] - Created [test][kenguru_Обувь___Шлепанцы] ImgMaskSet: 
Size: 7 
Real size: 7 
Device: cuda 

[2023-06-08 00:02:44,034][tools.dataset_tools][INFO] - Created [test][kenguru_Обувь___Резиновые сапоги] ImgMaskSet: 
Size: 9 
Real size: 9 
Device: cuda 

[2023-06-08 00:02:44,034][tools.dataset_tools][INFO] - Created [test][kenguru_Брюки___Бермуды] ImgMaskSet: 
Size: 59 
Real size: 59 
Device: cuda 

[2023-06-08 00:02:44,034][tools.dataset_tools][INFO] - Created [test][kenguru_Брюки] ImgMaskSet: 
Size: 100 
Real size: 100 
Device: cuda 

[2023-06-08 00:02:44,034][tools.dataset_tools][INFO] - Created [test][kenguru_Обувь___Кеды] ImgMaskSet: 
Size: 89 
Real size: 89 
Device: cuda 

[2023-06-08 00:02:44,034][tools.dataset_tools][INFO] - Created [test][kenguru_Костюмы_пиджаки] ImgMaskSet: 
Size: 22 
Real size: 22 
Device: cuda 

[2023-06-08 00:02:44,034][tools.dataset_tools][INFO] - Created [test][kenguru_Очки] ImgMaskSet: 
Size: 10 
Real size: 10 
Device: cuda 

[2023-06-08 00:02:44,034][tools.dataset_tools][INFO] - Created [test][kenguru_Футболки_майки_поло_топы___Боди] ImgMaskSet: 
Size: 50 
Real size: 50 
Device: cuda 

[2023-06-08 00:02:44,034][tools.dataset_tools][INFO] - Created [test][kenguru_Школьная одежда___Блузы_рубашки] ImgMaskSet: 
Size: 17 
Real size: 17 
Device: cuda 

[2023-06-08 00:02:44,034][tools.dataset_tools][INFO] - Created test MultiImgMaskSet: 
Size: 5836 
Real size: 5836 
Device: cuda 

[2023-06-08 00:02:44,036][tools.train_tools][INFO] - ===== TRAIN (Epoch: 0) =====
[2023-06-08 00:05:56,422][tools.train_tools][INFO] - Loss: 0.012819900889408545
[2023-06-08 00:05:56,422][tools.train_tools][INFO] - ===== Validation (Epoch: 0) =====
[2023-06-08 00:08:52,201][tools.train_tools][INFO] - Loss: 0.012572247515905832
[2023-06-08 00:08:52,201][tools.early_stopper][INFO] - Validation metric changed from None to 0.9879223479237599
[2023-06-08 00:08:52,208][tools.train_tools][INFO] - ===== TRAIN (Epoch: 1) =====
[2023-06-08 00:12:06,756][tools.train_tools][INFO] - Loss: 0.012983111374458109
[2023-06-08 00:12:06,758][tools.train_tools][INFO] - ===== TRAIN (Epoch: 2) =====
[2023-06-08 00:15:20,768][tools.train_tools][INFO] - Loss: 0.012869039560546693
[2023-06-08 00:15:20,770][tools.train_tools][INFO] - ===== TRAIN (Epoch: 3) =====
[2023-06-08 00:18:32,989][tools.train_tools][INFO] - Loss: 0.012898308872852636
[2023-06-08 00:18:32,991][tools.train_tools][INFO] - ===== TRAIN (Epoch: 4) =====
[2023-06-08 00:21:45,473][tools.train_tools][INFO] - Loss: 0.012710821865450429
[2023-06-08 00:21:45,474][tools.train_tools][INFO] - ===== Validation (Epoch: 4) =====
[2023-06-08 00:24:37,865][tools.train_tools][INFO] - Loss: 0.01249308067900663
[2023-06-08 00:24:37,866][tools.early_stopper][INFO] - Validation metric changed from 0.9879223479237599 to 0.9879742059256623
[2023-06-08 00:24:37,873][tools.train_tools][INFO] - ===== TRAIN (Epoch: 5) =====
[2023-06-08 00:27:53,213][tools.train_tools][INFO] - Loss: 0.012977890923376317
[2023-06-08 00:27:53,214][tools.train_tools][INFO] - ===== TRAIN (Epoch: 6) =====
[2023-06-08 00:31:07,780][tools.train_tools][INFO] - Loss: 0.012666435611933686
[2023-06-08 00:31:07,781][tools.train_tools][INFO] - ===== TRAIN (Epoch: 7) =====
[2023-06-08 00:34:17,598][tools.train_tools][INFO] - Loss: 0.012834917794427147
[2023-06-08 00:34:17,599][tools.train_tools][INFO] - ===== TRAIN (Epoch: 8) =====
[2023-06-08 00:37:29,136][tools.train_tools][INFO] - Loss: 0.0128193617042532
[2023-06-08 00:37:29,136][tools.train_tools][INFO] - ===== Validation (Epoch: 8) =====
[2023-06-08 00:40:21,650][tools.train_tools][INFO] - Loss: 0.012577100458448051
[2023-06-08 00:40:21,658][tools.train_tools][INFO] - ===== TRAIN (Epoch: 9) =====
[2023-06-08 00:43:35,133][tools.train_tools][INFO] - Loss: 0.012964242002994253
[2023-06-08 00:43:35,134][tools.train_tools][INFO] - ===== TRAIN (Epoch: 10) =====
[2023-06-08 00:46:47,433][tools.train_tools][INFO] - Loss: 0.01291381245802926
[2023-06-08 00:46:47,435][tools.train_tools][INFO] - ===== TRAIN (Epoch: 11) =====
[2023-06-08 00:49:58,646][tools.train_tools][INFO] - Loss: 0.012761376811650352
[2023-06-08 00:49:58,648][tools.train_tools][INFO] - ===== TRAIN (Epoch: 12) =====
[2023-06-08 00:53:09,651][tools.train_tools][INFO] - Loss: 0.012814438709503283
[2023-06-08 00:53:09,651][tools.train_tools][INFO] - ===== Validation (Epoch: 12) =====
[2023-06-08 00:56:02,251][tools.train_tools][INFO] - Loss: 0.012490493795055835
[2023-06-08 00:56:02,251][tools.early_stopper][INFO] - Validation metric changed from 0.9879742059256623 to 0.987992363424641
[2023-06-08 00:56:02,258][tools.train_tools][INFO] - ===== TRAIN (Epoch: 13) =====
[2023-06-08 00:59:15,265][tools.train_tools][INFO] - Loss: 0.012799080555745657
[2023-06-08 00:59:15,266][tools.train_tools][INFO] - ===== TRAIN (Epoch: 14) =====
[2023-06-08 01:02:29,561][tools.train_tools][INFO] - Loss: 0.012880612863227725
[2023-06-08 01:02:29,563][tools.train_tools][INFO] - ===== TRAIN (Epoch: 15) =====
[2023-06-08 01:05:42,012][tools.train_tools][INFO] - Loss: 0.012855456251165142
[2023-06-08 01:05:42,013][tools.train_tools][INFO] - ===== TRAIN (Epoch: 16) =====
[2023-06-08 01:08:52,276][tools.train_tools][INFO] - Loss: 0.012980312993075106
[2023-06-08 01:08:52,277][tools.train_tools][INFO] - ===== Validation (Epoch: 16) =====
[2023-06-08 01:11:44,913][tools.train_tools][INFO] - Loss: 0.01262120493557915
[2023-06-08 01:11:44,920][tools.train_tools][INFO] - ===== TRAIN (Epoch: 17) =====
[2023-06-08 01:14:59,172][tools.train_tools][INFO] - Loss: 0.012727719357075251
[2023-06-08 01:14:59,174][tools.train_tools][INFO] - ===== TRAIN (Epoch: 18) =====
[2023-06-08 01:18:09,802][tools.train_tools][INFO] - Loss: 0.012851562067542387
[2023-06-08 01:18:09,803][tools.train_tools][INFO] - ===== TRAIN (Epoch: 19) =====
[2023-06-08 01:21:21,784][tools.train_tools][INFO] - Loss: 0.012759735510833021
[2023-06-08 01:21:21,786][tools.train_tools][INFO] - ===== TRAIN (Epoch: 20) =====
[2023-06-08 01:24:35,480][tools.train_tools][INFO] - Loss: 0.012977819538850716
[2023-06-08 01:24:35,481][tools.train_tools][INFO] - ===== Validation (Epoch: 20) =====
[2023-06-08 01:27:28,298][tools.train_tools][INFO] - Loss: 0.012768296511523182
[2023-06-08 01:27:28,306][tools.train_tools][INFO] - ===== TRAIN (Epoch: 21) =====
[2023-06-08 01:30:41,084][tools.train_tools][INFO] - Loss: 0.013038282832670688
[2023-06-08 01:30:41,085][tools.train_tools][INFO] - ===== TRAIN (Epoch: 22) =====
[2023-06-08 01:33:54,385][tools.train_tools][INFO] - Loss: 0.012787024436545546
[2023-06-08 01:33:54,386][tools.train_tools][INFO] - ===== TRAIN (Epoch: 23) =====
[2023-06-08 01:37:05,396][tools.train_tools][INFO] - Loss: 0.013133692771088386
[2023-06-08 01:37:05,397][tools.train_tools][INFO] - ===== TRAIN (Epoch: 24) =====
[2023-06-08 01:40:17,447][tools.train_tools][INFO] - Loss: 0.012852423129252333
[2023-06-08 01:40:17,448][tools.train_tools][INFO] - ===== Validation (Epoch: 24) =====
[2023-06-08 01:43:10,070][tools.train_tools][INFO] - Loss: 0.012778809448688856
[2023-06-08 01:43:10,078][tools.train_tools][INFO] - ===== TRAIN (Epoch: 25) =====
[2023-06-08 01:46:21,667][tools.train_tools][INFO] - Loss: 0.012591443996390572
[2023-06-08 01:46:21,668][tools.train_tools][INFO] - ===== TRAIN (Epoch: 26) =====
[2023-06-08 01:49:33,015][tools.train_tools][INFO] - Loss: 0.012834087867910663
[2023-06-08 01:49:33,016][tools.train_tools][INFO] - ===== TRAIN (Epoch: 27) =====
[2023-06-08 01:52:45,665][tools.train_tools][INFO] - Loss: 0.012770363689818676
[2023-06-08 01:52:45,667][tools.train_tools][INFO] - ===== TRAIN (Epoch: 28) =====
[2023-06-08 01:55:56,829][tools.train_tools][INFO] - Loss: 0.012801461299692375
[2023-06-08 01:55:56,829][tools.train_tools][INFO] - ===== Validation (Epoch: 28) =====
[2023-06-08 01:58:49,653][tools.train_tools][INFO] - Loss: 0.012616495666720096
[2023-06-08 01:58:49,662][tools.train_tools][INFO] - ===== TRAIN (Epoch: 29) =====
[2023-06-08 02:02:00,580][tools.train_tools][INFO] - Loss: 0.0127666299501299
[2023-06-08 02:02:00,582][tools.train_tools][INFO] - ===== TRAIN (Epoch: 30) =====
[2023-06-08 02:05:10,407][tools.train_tools][INFO] - Loss: 0.013130576619743437
[2023-06-08 02:05:10,408][tools.train_tools][INFO] - ===== TRAIN (Epoch: 31) =====
[2023-06-08 02:08:23,979][tools.train_tools][INFO] - Loss: 0.01310048530391161
[2023-06-08 02:08:23,980][tools.train_tools][INFO] - ===== TRAIN (Epoch: 32) =====
[2023-06-08 02:11:36,603][tools.train_tools][INFO] - Loss: 0.012851295061409473
[2023-06-08 02:11:36,604][tools.train_tools][INFO] - ===== Validation (Epoch: 32) =====
[2023-06-08 02:14:29,480][tools.train_tools][INFO] - Loss: 0.012600872963361565
[2023-06-08 02:14:29,489][tools.train_tools][INFO] - ===== TRAIN (Epoch: 33) =====
[2023-06-08 02:17:41,753][tools.train_tools][INFO] - Loss: 0.012865593204733686
[2023-06-08 02:17:41,755][tools.train_tools][INFO] - ===== TRAIN (Epoch: 34) =====
[2023-06-08 02:20:54,562][tools.train_tools][INFO] - Loss: 0.01283085168055866
[2023-06-08 02:20:54,563][tools.train_tools][INFO] - ===== TRAIN (Epoch: 35) =====
[2023-06-08 02:24:07,788][tools.train_tools][INFO] - Loss: 0.012750120833516121
[2023-06-08 02:24:07,790][tools.train_tools][INFO] - ===== TRAIN (Epoch: 36) =====
[2023-06-08 02:27:18,522][tools.train_tools][INFO] - Loss: 0.01303198769270186
[2023-06-08 02:27:18,523][tools.train_tools][INFO] - ===== Validation (Epoch: 36) =====
[2023-06-08 02:30:11,308][tools.train_tools][INFO] - Loss: 0.012834814726375043
[2023-06-08 02:30:11,316][tools.train_tools][INFO] - ===== TRAIN (Epoch: 37) =====
[2023-06-08 02:33:25,134][tools.train_tools][INFO] - Loss: 0.01278001869407793
[2023-06-08 02:33:25,135][tools.train_tools][INFO] - ===== TRAIN (Epoch: 38) =====
[2023-06-08 02:36:36,339][tools.train_tools][INFO] - Loss: 0.012663098922728197
[2023-06-08 02:36:36,340][tools.train_tools][INFO] - ===== TRAIN (Epoch: 39) =====
[2023-06-08 02:39:47,377][tools.train_tools][INFO] - Loss: 0.012938725843053797
[2023-06-08 02:39:47,378][tools.train_tools][INFO] - ===== TRAIN (Epoch: 40) =====
[2023-06-08 02:43:00,060][tools.train_tools][INFO] - Loss: 0.012883967531008133
[2023-06-08 02:43:00,061][tools.train_tools][INFO] - ===== Validation (Epoch: 40) =====
[2023-06-08 02:45:52,794][tools.train_tools][INFO] - Loss: 0.012505975838170433
[2023-06-08 02:45:52,803][tools.train_tools][INFO] - ===== TRAIN (Epoch: 41) =====
[2023-06-08 02:49:06,271][tools.train_tools][INFO] - Loss: 0.012820599003411506
[2023-06-08 02:49:06,273][tools.train_tools][INFO] - ===== TRAIN (Epoch: 42) =====
[2023-06-08 02:52:19,248][tools.train_tools][INFO] - Loss: 0.01280405758070233
[2023-06-08 02:52:19,249][tools.train_tools][INFO] - ===== TRAIN (Epoch: 43) =====
[2023-06-08 02:55:34,775][tools.train_tools][INFO] - Loss: 0.012919031640352763
[2023-06-08 02:55:34,776][tools.train_tools][INFO] - ===== TRAIN (Epoch: 44) =====
[2023-06-08 02:58:46,693][tools.train_tools][INFO] - Loss: 0.01285327376757303
[2023-06-08 02:58:46,694][tools.train_tools][INFO] - ===== Validation (Epoch: 44) =====
[2023-06-08 03:01:39,316][tools.train_tools][INFO] - Loss: 0.012613183517222766
[2023-06-08 03:01:39,323][tools.train_tools][INFO] - ===== TRAIN (Epoch: 45) =====
[2023-06-08 03:04:52,437][tools.train_tools][INFO] - Loss: 0.012667870975733884
[2023-06-08 03:04:52,438][tools.train_tools][INFO] - ===== TRAIN (Epoch: 46) =====
[2023-06-08 03:08:04,861][tools.train_tools][INFO] - Loss: 0.012697260674980023
[2023-06-08 03:08:04,862][tools.train_tools][INFO] - ===== TRAIN (Epoch: 47) =====
[2023-06-08 03:11:16,893][tools.train_tools][INFO] - Loss: 0.012887992420355264
[2023-06-08 03:11:16,894][tools.train_tools][INFO] - ===== TRAIN (Epoch: 48) =====
[2023-06-08 03:14:29,282][tools.train_tools][INFO] - Loss: 0.012809864785252274
[2023-06-08 03:14:29,283][tools.train_tools][INFO] - ===== Validation (Epoch: 48) =====
[2023-06-08 03:17:21,985][tools.train_tools][INFO] - Loss: 0.012592504009009018
[2023-06-08 03:17:21,993][tools.train_tools][INFO] - ===== TRAIN (Epoch: 49) =====
[2023-06-08 03:20:32,789][tools.train_tools][INFO] - Loss: 0.012674360576531162
[2023-06-08 03:20:32,790][tools.train_tools][INFO] - ===== TRAIN (Epoch: 50) =====
[2023-06-08 03:23:46,159][tools.train_tools][INFO] - Loss: 0.012701591915464487
[2023-06-08 03:23:46,160][tools.train_tools][INFO] - ===== TRAIN (Epoch: 51) =====
[2023-06-08 03:27:00,766][tools.train_tools][INFO] - Loss: 0.012706590063896949
[2023-06-08 03:27:00,768][tools.train_tools][INFO] - ===== TRAIN (Epoch: 52) =====
[2023-06-08 03:30:12,974][tools.train_tools][INFO] - Loss: 0.01277534040433449
[2023-06-08 03:30:12,974][tools.train_tools][INFO] - ===== Validation (Epoch: 52) =====
[2023-06-08 03:33:05,263][tools.train_tools][INFO] - Loss: 0.012515271116872548
[2023-06-08 03:33:05,271][tools.train_tools][INFO] - ===== TRAIN (Epoch: 53) =====
[2023-06-08 03:36:18,589][tools.train_tools][INFO] - Loss: 0.013015348140312277
[2023-06-08 03:36:18,590][tools.train_tools][INFO] - ===== TRAIN (Epoch: 54) =====
[2023-06-08 03:39:31,997][tools.train_tools][INFO] - Loss: 0.012704092179141615
[2023-06-08 03:39:31,999][tools.train_tools][INFO] - ===== TRAIN (Epoch: 55) =====
[2023-06-08 03:42:44,733][tools.train_tools][INFO] - Loss: 0.012803840214737516
[2023-06-08 03:42:44,734][tools.train_tools][INFO] - ===== TRAIN (Epoch: 56) =====
[2023-06-08 03:45:55,574][tools.train_tools][INFO] - Loss: 0.012915349902882092
[2023-06-08 03:45:55,574][tools.train_tools][INFO] - ===== Validation (Epoch: 56) =====
[2023-06-08 03:48:48,125][tools.train_tools][INFO] - Loss: 0.012574118476162558
[2023-06-08 03:48:48,132][tools.train_tools][INFO] - ===== TRAIN (Epoch: 57) =====
[2023-06-08 03:52:01,676][tools.train_tools][INFO] - Loss: 0.012610656472489885
[2023-06-08 03:52:01,677][tools.train_tools][INFO] - ===== TRAIN (Epoch: 58) =====
[2023-06-08 03:55:14,241][tools.train_tools][INFO] - Loss: 0.012637511840549068
[2023-06-08 03:55:14,243][tools.train_tools][INFO] - ===== TRAIN (Epoch: 59) =====
[2023-06-08 03:58:26,425][tools.train_tools][INFO] - Loss: 0.012764059300736888
[2023-06-08 03:58:26,426][tools.train_tools][INFO] - ===== TRAIN (Epoch: 60) =====
[2023-06-08 04:01:38,793][tools.train_tools][INFO] - Loss: 0.012712318133022905
[2023-06-08 04:01:38,794][tools.train_tools][INFO] - ===== Validation (Epoch: 60) =====
[2023-06-08 04:04:31,176][tools.train_tools][INFO] - Loss: 0.01264156444860836
[2023-06-08 04:04:31,183][tools.train_tools][INFO] - ===== TRAIN (Epoch: 61) =====
[2023-06-08 04:07:43,382][tools.train_tools][INFO] - Loss: 0.01276613847501036
[2023-06-08 04:07:43,383][tools.train_tools][INFO] - ===== TRAIN (Epoch: 62) =====
[2023-06-08 04:10:57,578][tools.train_tools][INFO] - Loss: 0.012766108173283114
[2023-06-08 04:10:57,580][tools.train_tools][INFO] - ===== TRAIN (Epoch: 63) =====
[2023-06-08 04:14:06,761][tools.train_tools][INFO] - Loss: 0.01247023263325294
[2023-06-08 04:14:06,762][tools.train_tools][INFO] - ===== TRAIN (Epoch: 64) =====
[2023-06-08 04:17:17,076][tools.train_tools][INFO] - Loss: 0.012883408038971433
[2023-06-08 04:17:17,077][tools.train_tools][INFO] - ===== Validation (Epoch: 64) =====
[2023-06-08 04:20:09,729][tools.train_tools][INFO] - Loss: 0.012605540107050147
[2023-06-08 04:20:09,738][tools.train_tools][INFO] - ===== TRAIN (Epoch: 65) =====
[2023-06-08 04:23:21,850][tools.train_tools][INFO] - Loss: 0.012739834514028136
[2023-06-08 04:23:21,851][tools.train_tools][INFO] - ===== TRAIN (Epoch: 66) =====
[2023-06-08 04:26:34,714][tools.train_tools][INFO] - Loss: 0.012529975663789588
[2023-06-08 04:26:34,715][tools.train_tools][INFO] - ===== TRAIN (Epoch: 67) =====
[2023-06-08 04:29:45,551][tools.train_tools][INFO] - Loss: 0.012557567313205505
[2023-06-08 04:29:45,553][tools.train_tools][INFO] - ===== TRAIN (Epoch: 68) =====
[2023-06-08 04:32:57,886][tools.train_tools][INFO] - Loss: 0.012723590928953196
[2023-06-08 04:32:57,887][tools.train_tools][INFO] - ===== Validation (Epoch: 68) =====
[2023-06-08 04:35:50,493][tools.train_tools][INFO] - Loss: 0.012583963584429661
[2023-06-08 04:35:50,501][tools.train_tools][INFO] - ===== TRAIN (Epoch: 69) =====
[2023-06-08 04:39:02,352][tools.train_tools][INFO] - Loss: 0.01283874634342889
[2023-06-08 04:39:02,353][tools.train_tools][INFO] - ===== TRAIN (Epoch: 70) =====
[2023-06-08 04:42:16,471][tools.train_tools][INFO] - Loss: 0.012712910474426504
[2023-06-08 04:42:16,473][tools.train_tools][INFO] - ===== TRAIN (Epoch: 71) =====
[2023-06-08 04:45:30,044][tools.train_tools][INFO] - Loss: 0.012621769489234557
[2023-06-08 04:45:30,045][tools.train_tools][INFO] - ===== TRAIN (Epoch: 72) =====
[2023-06-08 04:48:42,747][tools.train_tools][INFO] - Loss: 0.012677093110708654
[2023-06-08 04:48:42,747][tools.train_tools][INFO] - ===== Validation (Epoch: 72) =====
[2023-06-08 04:51:35,430][tools.train_tools][INFO] - Loss: 0.0124903817462628
[2023-06-08 04:51:35,430][tools.early_stopper][INFO] - Early stopping.
