[2023-05-27 03:13:38,651][tools.dataset_tools][INFO] - Created [train][kenguru_Футболки_майки_поло_топы___Топы] ImgMaskSet: 
Size: 30 
Real size: 119 
Device: cuda 

[2023-05-27 03:13:38,651][tools.dataset_tools][INFO] - Created [train][kenguru_Ремни] ImgMaskSet: 
Size: 30 
Real size: 38 
Device: cuda 

[2023-05-27 03:13:38,651][tools.dataset_tools][INFO] - Created [train][kenguru_Украшения___Подвески и кулоны] ImgMaskSet: 
Size: 19 
Real size: 19 
Device: cuda 

[2023-05-27 03:13:38,651][tools.dataset_tools][INFO] - Created [train][kenguru_Головные уборы___Панамы] ImgMaskSet: 
Size: 30 
Real size: 154 
Device: cuda 

[2023-05-27 03:13:38,651][tools.dataset_tools][INFO] - Created [train][kenguru_Юбки] ImgMaskSet: 
Size: 30 
Real size: 124 
Device: cuda 

[2023-05-27 03:13:38,651][tools.dataset_tools][INFO] - Created [train][kenguru_Джемперы_свитеры_кардиганы_кофты___Джемперы] ImgMaskSet: 
Size: 30 
Real size: 121 
Device: cuda 

[2023-05-27 03:13:38,651][tools.dataset_tools][INFO] - Created [train][kenguru_Платья_сарафаны] ImgMaskSet: 
Size: 30 
Real size: 831 
Device: cuda 

[2023-05-27 03:13:38,651][tools.dataset_tools][INFO] - Created [train][kenguru_Школьная одежда___Брюки] ImgMaskSet: 
Size: 25 
Real size: 25 
Device: cuda 

[2023-05-27 03:13:38,651][tools.dataset_tools][INFO] - Created [train][kenguru_Верхняя одежда___Пуховики] ImgMaskSet: 
Size: 30 
Real size: 131 
Device: cuda 

[2023-05-27 03:13:38,651][tools.dataset_tools][INFO] - Created [train][kenguru_Сумки_рюкзаки и чемоданы___Сумки через плечо] ImgMaskSet: 
Size: 30 
Real size: 89 
Device: cuda 

[2023-05-27 03:13:38,651][tools.dataset_tools][INFO] - Created [train][kenguru_Домашняя одежда и бельё___Колготки] ImgMaskSet: 
Size: 30 
Real size: 195 
Device: cuda 

[2023-05-27 03:13:38,651][tools.dataset_tools][INFO] - Created [train][kenguru_Верхняя одежда___Шубы] ImgMaskSet: 
Size: 21 
Real size: 21 
Device: cuda 

[2023-05-27 03:13:38,651][tools.dataset_tools][INFO] - Created [train][puma_Обувь___Бутсы] ImgMaskSet: 
Size: 30 
Real size: 99 
Device: cuda 

[2023-05-27 03:13:38,651][tools.dataset_tools][INFO] - Created [train][kenguru_Обувь] ImgMaskSet: 
Size: 30 
Real size: 52 
Device: cuda 

[2023-05-27 03:13:38,651][tools.dataset_tools][INFO] - Created [train][puma_Домашняя одежда и бельё___Носки] ImgMaskSet: 
Size: 30 
Real size: 247 
Device: cuda 

[2023-05-27 03:13:38,651][tools.dataset_tools][INFO] - Created [train][puma_Нижнее бельё] ImgMaskSet: 
Size: 30 
Real size: 195 
Device: cuda 

[2023-05-27 03:13:38,651][tools.dataset_tools][INFO] - Created [train][kenguru_Спортивная одежда___Костюмы] ImgMaskSet: 
Size: 30 
Real size: 75 
Device: cuda 

[2023-05-27 03:13:38,651][tools.dataset_tools][INFO] - Created [train][kenguru_Джемперы_свитеры_кардиганы_кофты___Кофты] ImgMaskSet: 
Size: 30 
Real size: 31 
Device: cuda 

[2023-05-27 03:13:38,651][tools.dataset_tools][INFO] - Created [train][kenguru_Обувь___Босоножки] ImgMaskSet: 
Size: 30 
Real size: 113 
Device: cuda 

[2023-05-27 03:13:38,651][tools.dataset_tools][INFO] - Created [train][kenguru_Футболки_майки_поло_топы___Поло] ImgMaskSet: 
Size: 30 
Real size: 41 
Device: cuda 

[2023-05-27 03:13:38,651][tools.dataset_tools][INFO] - Created [train][kenguru_Комбинезоны] ImgMaskSet: 
Size: 30 
Real size: 643 
Device: cuda 

[2023-05-27 03:13:38,651][tools.dataset_tools][INFO] - Created [train][puma_Толстовки_олимпийки_худи_лонгсливы] ImgMaskSet: 
Size: 30 
Real size: 77 
Device: cuda 

[2023-05-27 03:13:38,651][tools.dataset_tools][INFO] - Created [train][kenguru_Украшения] ImgMaskSet: 
Size: 19 
Real size: 19 
Device: cuda 

[2023-05-27 03:13:38,651][tools.dataset_tools][INFO] - Created [train][kenguru_Домашняя одежда и бельё] ImgMaskSet: 
Size: 30 
Real size: 102 
Device: cuda 

[2023-05-27 03:13:38,651][tools.dataset_tools][INFO] - Created [train][puma_Футболки_майки_поло_топы___Футболки] ImgMaskSet: 
Size: 30 
Real size: 1582 
Device: cuda 

[2023-05-27 03:13:38,651][tools.dataset_tools][INFO] - Created [train][kenguru_Костюмы_пиджаки___Пиджаки] ImgMaskSet: 
Size: 30 
Real size: 66 
Device: cuda 

[2023-05-27 03:13:38,651][tools.dataset_tools][INFO] - Created [train][kenguru_Украшения___Колье] ImgMaskSet: 
Size: 27 
Real size: 27 
Device: cuda 

[2023-05-27 03:13:38,651][tools.dataset_tools][INFO] - Created [train][puma_Перчатки и варежки] ImgMaskSet: 
Size: 27 
Real size: 27 
Device: cuda 

[2023-05-27 03:13:38,651][tools.dataset_tools][INFO] - Created [train][kenguru_Платки_шарфы_шали___Шарфы] ImgMaskSet: 
Size: 30 
Real size: 186 
Device: cuda 

[2023-05-27 03:13:38,651][tools.dataset_tools][INFO] - Created [train][kenguru_Головные уборы] ImgMaskSet: 
Size: 30 
Real size: 101 
Device: cuda 

[2023-05-27 03:13:38,651][tools.dataset_tools][INFO] - Created [train][puma_Обувь___Кроссовки] ImgMaskSet: 
Size: 30 
Real size: 1341 
Device: cuda 

[2023-05-27 03:13:38,651][tools.dataset_tools][INFO] - Created [train][puma_Футболки_майки_поло_топы___Топы] ImgMaskSet: 
Size: 30 
Real size: 126 
Device: cuda 

[2023-05-27 03:13:38,651][tools.dataset_tools][INFO] - Created [train][kenguru_Блузки_рубашки___Рубашки] ImgMaskSet: 
Size: 30 
Real size: 199 
Device: cuda 

[2023-05-27 03:13:38,651][tools.dataset_tools][INFO] - Created [train][puma_Шорты_бриджи___Шорты] ImgMaskSet: 
Size: 30 
Real size: 365 
Device: cuda 

[2023-05-27 03:13:38,651][tools.dataset_tools][INFO] - Created [train][puma_Спортивная одежда___Леггинсы] ImgMaskSet: 
Size: 30 
Real size: 170 
Device: cuda 

[2023-05-27 03:13:38,651][tools.dataset_tools][INFO] - Created [train][kenguru_Спортивная одежда___Спортивные куртки] ImgMaskSet: 
Size: 30 
Real size: 166 
Device: cuda 

[2023-05-27 03:13:38,652][tools.dataset_tools][INFO] - Created [train][kenguru_Толстовки_олимпийки_худи_лонгсливы] ImgMaskSet: 
Size: 30 
Real size: 245 
Device: cuda 

[2023-05-27 03:13:38,652][tools.dataset_tools][INFO] - Created [train][puma_Головные уборы___Кепки] ImgMaskSet: 
Size: 30 
Real size: 82 
Device: cuda 

[2023-05-27 03:13:38,652][tools.dataset_tools][INFO] - Created [train][kenguru_Головные уборы___Шапки] ImgMaskSet: 
Size: 30 
Real size: 1397 
Device: cuda 

[2023-05-27 03:13:38,652][tools.dataset_tools][INFO] - Created [train][puma_Другое] ImgMaskSet: 
Size: 30 
Real size: 46 
Device: cuda 

[2023-05-27 03:13:38,652][tools.dataset_tools][INFO] - Created [train][kenguru_Аксессуары___Галстуки_бабочки] ImgMaskSet: 
Size: 19 
Real size: 19 
Device: cuda 

[2023-05-27 03:13:38,652][tools.dataset_tools][INFO] - Created [train][kenguru_Джинсы] ImgMaskSet: 
Size: 30 
Real size: 184 
Device: cuda 

[2023-05-27 03:13:38,652][tools.dataset_tools][INFO] - Created [train][puma_Разное] ImgMaskSet: 
Size: 30 
Real size: 77 
Device: cuda 

[2023-05-27 03:13:38,652][tools.dataset_tools][INFO] - Created [train][kenguru_Джемперы_свитеры_кардиганы_кофты___Свитшоты] ImgMaskSet: 
Size: 30 
Real size: 54 
Device: cuda 

[2023-05-27 03:13:38,652][tools.dataset_tools][INFO] - Created [train][kenguru_Головные уборы___Бейсболки] ImgMaskSet: 
Size: 30 
Real size: 206 
Device: cuda 

[2023-05-27 03:13:38,652][tools.dataset_tools][INFO] - Created [train][kenguru_Верхняя одежда___Ветровки] ImgMaskSet: 
Size: 30 
Real size: 55 
Device: cuda 

[2023-05-27 03:13:38,652][tools.dataset_tools][INFO] - Created [train][puma_Джемперы_свитеры_кардиганы_кофты___Свитшоты] ImgMaskSet: 
Size: 30 
Real size: 54 
Device: cuda 

[2023-05-27 03:13:38,652][tools.dataset_tools][INFO] - Created [train][kenguru_Нижнее бельё] ImgMaskSet: 
Size: 30 
Real size: 47 
Device: cuda 

[2023-05-27 03:13:38,652][tools.dataset_tools][INFO] - Created [train][kenguru_Платья_сарафаны___Сарафаны] ImgMaskSet: 
Size: 30 
Real size: 55 
Device: cuda 

[2023-05-27 03:13:38,652][tools.dataset_tools][INFO] - Created [train][kenguru_Брюки___Классические] ImgMaskSet: 
Size: 22 
Real size: 22 
Device: cuda 

[2023-05-27 03:13:38,652][tools.dataset_tools][INFO] - Created [train][puma_Украшения___Комплекты] ImgMaskSet: 
Size: 30 
Real size: 37 
Device: cuda 

[2023-05-27 03:13:38,652][tools.dataset_tools][INFO] - Created [train][puma_Толстовки_олимпийки_худи_лонгсливы___Олимпийки] ImgMaskSet: 
Size: 30 
Real size: 147 
Device: cuda 

[2023-05-27 03:13:38,652][tools.dataset_tools][INFO] - Created [train][puma_Толстовки_олимпийки_худи_лонгсливы___Худи] ImgMaskSet: 
Size: 19 
Real size: 19 
Device: cuda 

[2023-05-27 03:13:38,652][tools.dataset_tools][INFO] - Created [train][puma_Головные уборы___Шапки] ImgMaskSet: 
Size: 30 
Real size: 167 
Device: cuda 

[2023-05-27 03:13:38,652][tools.dataset_tools][INFO] - Created [train][kenguru_Верхняя одежда___Жилеты (верхняя одежда)] ImgMaskSet: 
Size: 30 
Real size: 59 
Device: cuda 

[2023-05-27 03:13:38,652][tools.dataset_tools][INFO] - Created [train][kenguru_Спортивная одежда___Спортивные брюки] ImgMaskSet: 
Size: 30 
Real size: 456 
Device: cuda 

[2023-05-27 03:13:38,652][tools.dataset_tools][INFO] - Created [train][kenguru_Брюки___Леггинсы] ImgMaskSet: 
Size: 30 
Real size: 143 
Device: cuda 

[2023-05-27 03:13:38,652][tools.dataset_tools][INFO] - Created [train][puma_Верхняя одежда___Куртки] ImgMaskSet: 
Size: 30 
Real size: 133 
Device: cuda 

[2023-05-27 03:13:38,652][tools.dataset_tools][INFO] - Created [train][kenguru_Джемперы_свитеры_кардиганы_кофты___Кардиганы] ImgMaskSet: 
Size: 30 
Real size: 54 
Device: cuda 

[2023-05-27 03:13:38,652][tools.dataset_tools][INFO] - Created [train][puma_Толстовки_олимпийки_худи_лонгсливы___Лонгсливы] ImgMaskSet: 
Size: 30 
Real size: 47 
Device: cuda 

[2023-05-27 03:13:38,652][tools.dataset_tools][INFO] - Created [train][puma_Верхняя одежда___Ветровки] ImgMaskSet: 
Size: 30 
Real size: 41 
Device: cuda 

[2023-05-27 03:13:38,652][tools.dataset_tools][INFO] - Created [train][kenguru_Шорты_бриджи] ImgMaskSet: 
Size: 19 
Real size: 19 
Device: cuda 

[2023-05-27 03:13:38,652][tools.dataset_tools][INFO] - Created [train][kenguru_Блузки_рубашки___Блузки] ImgMaskSet: 
Size: 30 
Real size: 35 
Device: cuda 

[2023-05-27 03:13:38,652][tools.dataset_tools][INFO] - Created [train][kenguru_Верхняя одежда___Куртки] ImgMaskSet: 
Size: 30 
Real size: 265 
Device: cuda 

[2023-05-27 03:13:38,652][tools.dataset_tools][INFO] - Created [train][kenguru_Перчатки и варежки] ImgMaskSet: 
Size: 30 
Real size: 215 
Device: cuda 

[2023-05-27 03:13:38,652][tools.dataset_tools][INFO] - Created [train][kenguru_Другое] ImgMaskSet: 
Size: 30 
Real size: 56 
Device: cuda 

[2023-05-27 03:13:38,652][tools.dataset_tools][INFO] - Created [train][kenguru_Обувь___Сапоги] ImgMaskSet: 
Size: 30 
Real size: 108 
Device: cuda 

[2023-05-27 03:13:38,652][tools.dataset_tools][INFO] - Created [train][kenguru_Шорты_бриджи___Шорты] ImgMaskSet: 
Size: 30 
Real size: 248 
Device: cuda 

[2023-05-27 03:13:38,652][tools.dataset_tools][INFO] - Created [train][puma_Футболки_майки_поло_топы___Поло] ImgMaskSet: 
Size: 30 
Real size: 55 
Device: cuda 

[2023-05-27 03:13:38,652][tools.dataset_tools][INFO] - Created [train][kenguru_Верхняя одежда___Пальто] ImgMaskSet: 
Size: 30 
Real size: 42 
Device: cuda 

[2023-05-27 03:13:38,652][tools.dataset_tools][INFO] - Created [train][kenguru_Джемперы_свитеры_кардиганы_кофты___Водолазки] ImgMaskSet: 
Size: 30 
Real size: 110 
Device: cuda 

[2023-05-27 03:13:38,652][tools.dataset_tools][INFO] - Created [train][kenguru_Домашняя одежда и бельё___Носки] ImgMaskSet: 
Size: 30 
Real size: 768 
Device: cuda 

[2023-05-27 03:13:38,652][tools.dataset_tools][INFO] - Created [train][kenguru_Шорты_бриджи___Джинсовые шорты] ImgMaskSet: 
Size: 30 
Real size: 38 
Device: cuda 

[2023-05-27 03:13:38,652][tools.dataset_tools][INFO] - Created [train][kenguru_Обувь___Туфли] ImgMaskSet: 
Size: 30 
Real size: 88 
Device: cuda 

[2023-05-27 03:13:38,652][tools.dataset_tools][INFO] - Created [train][puma_Толстовки_олимпийки_худи_лонгсливы___Толстовки] ImgMaskSet: 
Size: 30 
Real size: 957 
Device: cuda 

[2023-05-27 03:13:38,652][tools.dataset_tools][INFO] - Created [train][kenguru_Сумки_рюкзаки и чемоданы___Рюкзаки] ImgMaskSet: 
Size: 30 
Real size: 58 
Device: cuda 

[2023-05-27 03:13:38,652][tools.dataset_tools][INFO] - Created [train][puma_Обувь___Кеды] ImgMaskSet: 
Size: 30 
Real size: 351 
Device: cuda 

[2023-05-27 03:13:38,653][tools.dataset_tools][INFO] - Created [train][kenguru_Обувь___Ботинки] ImgMaskSet: 
Size: 30 
Real size: 91 
Device: cuda 

[2023-05-27 03:13:38,653][tools.dataset_tools][INFO] - Created [train][puma_Футболки_майки_поло_топы___Майки] ImgMaskSet: 
Size: 30 
Real size: 53 
Device: cuda 

[2023-05-27 03:13:38,653][tools.dataset_tools][INFO] - Created [train][kenguru_Верхняя одежда___Джинсовые куртки] ImgMaskSet: 
Size: 30 
Real size: 47 
Device: cuda 

[2023-05-27 03:13:38,653][tools.dataset_tools][INFO] - Created [train][puma_Платья_сарафаны] ImgMaskSet: 
Size: 30 
Real size: 48 
Device: cuda 

[2023-05-27 03:13:38,653][tools.dataset_tools][INFO] - Created [train][kenguru_Футболки_майки_поло_топы___Футболки] ImgMaskSet: 
Size: 30 
Real size: 871 
Device: cuda 

[2023-05-27 03:13:38,653][tools.dataset_tools][INFO] - Created [train][puma_Пляжная одежда___Плавки] ImgMaskSet: 
Size: 30 
Real size: 67 
Device: cuda 

[2023-05-27 03:13:38,653][tools.dataset_tools][INFO] - Created [train][puma_Пляжная одежда] ImgMaskSet: 
Size: 23 
Real size: 23 
Device: cuda 

[2023-05-27 03:13:38,653][tools.dataset_tools][INFO] - Created [train][puma_Юбки] ImgMaskSet: 
Size: 24 
Real size: 24 
Device: cuda 

[2023-05-27 03:13:38,653][tools.dataset_tools][INFO] - Created [train][kenguru_Брюки___Спортивные брюки casual] ImgMaskSet: 
Size: 30 
Real size: 39 
Device: cuda 

[2023-05-27 03:13:38,653][tools.dataset_tools][INFO] - Created [train][kenguru_Обувь___Сандалии] ImgMaskSet: 
Size: 30 
Real size: 101 
Device: cuda 

[2023-05-27 03:13:38,653][tools.dataset_tools][INFO] - Created [train][kenguru_Брюки___Джоггеры] ImgMaskSet: 
Size: 24 
Real size: 24 
Device: cuda 

[2023-05-27 03:13:38,653][tools.dataset_tools][INFO] - Created [train][puma_Брюки] ImgMaskSet: 
Size: 30 
Real size: 705 
Device: cuda 

[2023-05-27 03:13:38,653][tools.dataset_tools][INFO] - Created [train][puma_Аксессуары] ImgMaskSet: 
Size: 30 
Real size: 44 
Device: cuda 

[2023-05-27 03:13:38,653][tools.dataset_tools][INFO] - Created [train][kenguru_Костюмы_пиджаки___Жилеты] ImgMaskSet: 
Size: 30 
Real size: 31 
Device: cuda 

[2023-05-27 03:13:38,653][tools.dataset_tools][INFO] - Created [train][puma_Спортивная одежда___Костюмы] ImgMaskSet: 
Size: 30 
Real size: 41 
Device: cuda 

[2023-05-27 03:13:38,653][tools.dataset_tools][INFO] - Created [train][kenguru_Украшения___Браслеты] ImgMaskSet: 
Size: 30 
Real size: 48 
Device: cuda 

[2023-05-27 03:13:38,653][tools.dataset_tools][INFO] - Created [train][puma_Сумки_рюкзаки и чемоданы___Рюкзаки] ImgMaskSet: 
Size: 30 
Real size: 169 
Device: cuda 

[2023-05-27 03:13:38,653][tools.dataset_tools][INFO] - Created [train][puma_Сумки_рюкзаки и чемоданы___Поясные сумки] ImgMaskSet: 
Size: 21 
Real size: 21 
Device: cuda 

[2023-05-27 03:13:38,653][tools.dataset_tools][INFO] - Created [train][kenguru_Джемперы_свитеры_кардиганы_кофты] ImgMaskSet: 
Size: 30 
Real size: 62 
Device: cuda 

[2023-05-27 03:13:38,653][tools.dataset_tools][INFO] - Created [train][kenguru_Школьная одежда___Рюкзаки_ранцы_сумки] ImgMaskSet: 
Size: 30 
Real size: 43 
Device: cuda 

[2023-05-27 03:13:38,653][tools.dataset_tools][INFO] - Created [train][kenguru_Аксессуары___Для волос] ImgMaskSet: 
Size: 30 
Real size: 664 
Device: cuda 

[2023-05-27 03:13:38,653][tools.dataset_tools][INFO] - Created [train][kenguru_Обувь___Кроссовки] ImgMaskSet: 
Size: 30 
Real size: 206 
Device: cuda 

[2023-05-27 03:13:38,653][tools.dataset_tools][INFO] - Created [train][kenguru_Джинсы___Клеш] ImgMaskSet: 
Size: 19 
Real size: 19 
Device: cuda 

[2023-05-27 03:13:38,653][tools.dataset_tools][INFO] - Created [train][puma_Сумки_рюкзаки и чемоданы] ImgMaskSet: 
Size: 30 
Real size: 155 
Device: cuda 

[2023-05-27 03:13:38,653][tools.dataset_tools][INFO] - Created [train][kenguru_Толстовки_олимпийки_худи_лонгсливы___Толстовки] ImgMaskSet: 
Size: 30 
Real size: 328 
Device: cuda 

[2023-05-27 03:13:38,653][tools.dataset_tools][INFO] - Created [train][puma_Спортивная одежда___Спортивные брюки] ImgMaskSet: 
Size: 30 
Real size: 30 
Device: cuda 

[2023-05-27 03:13:38,653][tools.dataset_tools][INFO] - Created [train][puma_Обувь___Шлепанцы] ImgMaskSet: 
Size: 30 
Real size: 62 
Device: cuda 

[2023-05-27 03:13:38,653][tools.dataset_tools][INFO] - Created [train][puma_Блузки_рубашки___Рубашки] ImgMaskSet: 
Size: 30 
Real size: 33 
Device: cuda 

[2023-05-27 03:13:38,653][tools.dataset_tools][INFO] - Created [train][kenguru_Футболки_майки_поло_топы___Майки] ImgMaskSet: 
Size: 21 
Real size: 21 
Device: cuda 

[2023-05-27 03:13:38,653][tools.dataset_tools][INFO] - Created [train][kenguru_Блузки_рубашки] ImgMaskSet: 
Size: 24 
Real size: 24 
Device: cuda 

[2023-05-27 03:13:38,654][tools.dataset_tools][INFO] - Created [train][kenguru_Обувь___Шлепанцы] ImgMaskSet: 
Size: 18 
Real size: 18 
Device: cuda 

[2023-05-27 03:13:38,654][tools.dataset_tools][INFO] - Created [train][kenguru_Обувь___Резиновые сапоги] ImgMaskSet: 
Size: 24 
Real size: 24 
Device: cuda 

[2023-05-27 03:13:38,654][tools.dataset_tools][INFO] - Created [train][kenguru_Брюки___Бермуды] ImgMaskSet: 
Size: 30 
Real size: 140 
Device: cuda 

[2023-05-27 03:13:38,654][tools.dataset_tools][INFO] - Created [train][kenguru_Брюки] ImgMaskSet: 
Size: 30 
Real size: 352 
Device: cuda 

[2023-05-27 03:13:38,654][tools.dataset_tools][INFO] - Created [train][kenguru_Обувь___Кеды] ImgMaskSet: 
Size: 30 
Real size: 209 
Device: cuda 

[2023-05-27 03:13:38,654][tools.dataset_tools][INFO] - Created [train][kenguru_Костюмы_пиджаки] ImgMaskSet: 
Size: 30 
Real size: 53 
Device: cuda 

[2023-05-27 03:13:38,654][tools.dataset_tools][INFO] - Created [train][kenguru_Очки] ImgMaskSet: 
Size: 26 
Real size: 26 
Device: cuda 

[2023-05-27 03:13:38,654][tools.dataset_tools][INFO] - Created [train][kenguru_Футболки_майки_поло_топы___Боди] ImgMaskSet: 
Size: 30 
Real size: 118 
Device: cuda 

[2023-05-27 03:13:38,654][tools.dataset_tools][INFO] - Created [train][kenguru_Школьная одежда___Блузы_рубашки] ImgMaskSet: 
Size: 30 
Real size: 40 
Device: cuda 

[2023-05-27 03:13:38,654][tools.dataset_tools][INFO] - Created train MultiImgMaskSet: 
Size: 3321 
Real size: 20250 
Device: cuda 

[2023-05-27 03:13:38,654][tools.dataset_tools][INFO] - Created [test][kenguru_Школьная одежда___Водолазки] ImgMaskSet: 
Size: 8 
Real size: 8 
Device: cuda 

[2023-05-27 03:13:38,654][tools.dataset_tools][INFO] - Created [test][kenguru_Школьная одежда___Платья_сарафаны] ImgMaskSet: 
Size: 22 
Real size: 22 
Device: cuda 

[2023-05-27 03:13:38,654][tools.dataset_tools][INFO] - Created [test][kenguru_Брюки___Бананы] ImgMaskSet: 
Size: 2 
Real size: 2 
Device: cuda 

[2023-05-27 03:13:38,654][tools.dataset_tools][INFO] - Created [test][kenguru_Спортивная одежда___Леггинсы] ImgMaskSet: 
Size: 1 
Real size: 1 
Device: cuda 

[2023-05-27 03:13:38,654][tools.dataset_tools][INFO] - Created [test][puma_Сумки_рюкзаки и чемоданы___Мягкая сумка дафл (duffle bag)] ImgMaskSet: 
Size: 2 
Real size: 2 
Device: cuda 

[2023-05-27 03:13:38,654][tools.dataset_tools][INFO] - Created [test][kenguru_Футболки_майки_поло_топы] ImgMaskSet: 
Size: 11 
Real size: 11 
Device: cuda 

[2023-05-27 03:13:38,654][tools.dataset_tools][INFO] - Created [test][kenguru_Костюмы_пиджаки___Костюмы] ImgMaskSet: 
Size: 12 
Real size: 12 
Device: cuda 

[2023-05-27 03:13:38,654][tools.dataset_tools][INFO] - Created [test][kenguru_Домашняя одежда и бельё___Пижамы] ImgMaskSet: 
Size: 1 
Real size: 1 
Device: cuda 

[2023-05-27 03:13:38,654][tools.dataset_tools][INFO] - Created [test][kenguru_Брюки___Кожаные] ImgMaskSet: 
Size: 2 
Real size: 2 
Device: cuda 

[2023-05-27 03:13:38,654][tools.dataset_tools][INFO] - Created [test][kenguru_Обувь___Мокасины] ImgMaskSet: 
Size: 8 
Real size: 8 
Device: cuda 

[2023-05-27 03:13:38,654][tools.dataset_tools][INFO] - Created [test][puma_Верхняя одежда___Жилеты (верхняя одежда)] ImgMaskSet: 
Size: 11 
Real size: 11 
Device: cuda 

[2023-05-27 03:13:38,654][tools.dataset_tools][INFO] - Created [test][puma_Верхняя одежда___Бомберы] ImgMaskSet: 
Size: 18 
Real size: 18 
Device: cuda 

[2023-05-27 03:13:38,654][tools.dataset_tools][INFO] - Created [test][puma_Шорты_бриджи] ImgMaskSet: 
Size: 6 
Real size: 6 
Device: cuda 

[2023-05-27 03:13:38,654][tools.dataset_tools][INFO] - Created [test][kenguru_Пляжная одежда] ImgMaskSet: 
Size: 11 
Real size: 11 
Device: cuda 

[2023-05-27 03:13:38,654][tools.dataset_tools][INFO] - Created [test][puma_Сумки_рюкзаки и чемоданы___Кроссбоди сумка] ImgMaskSet: 
Size: 9 
Real size: 9 
Device: cuda 

[2023-05-27 03:13:38,654][tools.dataset_tools][INFO] - Created [test][kenguru_Головные уборы___Кепки] ImgMaskSet: 
Size: 13 
Real size: 13 
Device: cuda 

[2023-05-27 03:13:38,654][tools.dataset_tools][INFO] - Created [test][puma_Верхняя одежда___Пальто] ImgMaskSet: 
Size: 6 
Real size: 6 
Device: cuda 

[2023-05-27 03:13:38,654][tools.dataset_tools][INFO] - Created [test][kenguru_Блузки_рубашки___Джинсовые рубашки] ImgMaskSet: 
Size: 11 
Real size: 11 
Device: cuda 

[2023-05-27 03:13:38,654][tools.dataset_tools][INFO] - Created [test][kenguru_Головные уборы___Береты] ImgMaskSet: 
Size: 8 
Real size: 8 
Device: cuda 

[2023-05-27 03:13:38,654][tools.dataset_tools][INFO] - Created [test][kenguru_Юбки___Ассиметричная] ImgMaskSet: 
Size: 1 
Real size: 1 
Device: cuda 

[2023-05-27 03:13:38,654][tools.dataset_tools][INFO] - Created [test][kenguru_Верхняя одежда___Дубленки] ImgMaskSet: 
Size: 2 
Real size: 2 
Device: cuda 

[2023-05-27 03:13:38,654][tools.dataset_tools][INFO] - Created [test][puma_Головные уборы] ImgMaskSet: 
Size: 5 
Real size: 5 
Device: cuda 

[2023-05-27 03:13:38,655][tools.dataset_tools][INFO] - Created [test][kenguru_Брюки___Прямые] ImgMaskSet: 
Size: 10 
Real size: 10 
Device: cuda 

[2023-05-27 03:13:38,655][tools.dataset_tools][INFO] - Created [test][kenguru_Юбки___Миди] ImgMaskSet: 
Size: 2 
Real size: 2 
Device: cuda 

[2023-05-27 03:13:38,655][tools.dataset_tools][INFO] - Created [test][kenguru_Разное] ImgMaskSet: 
Size: 1 
Real size: 1 
Device: cuda 

[2023-05-27 03:13:38,655][tools.dataset_tools][INFO] - Created [test][kenguru_Школьная одежда___Костюмы] ImgMaskSet: 
Size: 5 
Real size: 5 
Device: cuda 

[2023-05-27 03:13:38,655][tools.dataset_tools][INFO] - Created [test][kenguru_Платья_сарафаны___Туники] ImgMaskSet: 
Size: 1 
Real size: 1 
Device: cuda 

[2023-05-27 03:13:38,655][tools.dataset_tools][INFO] - Created [test][kenguru_Домашняя одежда и бельё___Гольфы] ImgMaskSet: 
Size: 15 
Real size: 15 
Device: cuda 

[2023-05-27 03:13:38,655][tools.dataset_tools][INFO] - Created [test][kenguru_Школьная одежда___Кофты_кардиганы_джемперы] ImgMaskSet: 
Size: 10 
Real size: 10 
Device: cuda 

[2023-05-27 03:13:38,655][tools.dataset_tools][INFO] - Created [test][kenguru_Платья_сарафаны___Мини] ImgMaskSet: 
Size: 13 
Real size: 13 
Device: cuda 

[2023-05-27 03:13:38,655][tools.dataset_tools][INFO] - Created [test][kenguru_Юбки___Пачка] ImgMaskSet: 
Size: 2 
Real size: 2 
Device: cuda 

[2023-05-27 03:13:38,655][tools.dataset_tools][INFO] - Created [test][kenguru_Юбки___Карандаш] ImgMaskSet: 
Size: 5 
Real size: 5 
Device: cuda 

[2023-05-27 03:13:38,655][tools.dataset_tools][INFO] - Created [test][puma_Головные уборы___Панамы] ImgMaskSet: 
Size: 10 
Real size: 10 
Device: cuda 

[2023-05-27 03:13:38,655][tools.dataset_tools][INFO] - Created [test][kenguru_Джинсы___Широкие] ImgMaskSet: 
Size: 10 
Real size: 10 
Device: cuda 

[2023-05-27 03:13:38,655][tools.dataset_tools][INFO] - Created [test][puma_Платки_шарфы_шали___Шарфы] ImgMaskSet: 
Size: 5 
Real size: 5 
Device: cuda 

[2023-05-27 03:13:38,655][tools.dataset_tools][INFO] - Created [test][kenguru_Спортивная одежда] ImgMaskSet: 
Size: 2 
Real size: 2 
Device: cuda 

[2023-05-27 03:13:38,655][tools.dataset_tools][INFO] - Created [test][puma_Обувь___Сандалии] ImgMaskSet: 
Size: 1 
Real size: 1 
Device: cuda 

[2023-05-27 03:13:38,655][tools.dataset_tools][INFO] - Created [test][puma_Кошельки] ImgMaskSet: 
Size: 5 
Real size: 5 
Device: cuda 

[2023-05-27 03:13:38,655][tools.dataset_tools][INFO] - Created [test][puma_Домашняя одежда и бельё___Гольфы] ImgMaskSet: 
Size: 4 
Real size: 4 
Device: cuda 

[2023-05-27 03:13:38,655][tools.dataset_tools][INFO] - Created [test][kenguru_Обувь___Лоферы] ImgMaskSet: 
Size: 19 
Real size: 19 
Device: cuda 

[2023-05-27 03:13:38,655][tools.dataset_tools][INFO] - Created [test][puma_Верхняя одежда___Парки] ImgMaskSet: 
Size: 2 
Real size: 2 
Device: cuda 

[2023-05-27 03:13:38,655][tools.dataset_tools][INFO] - Created [test][kenguru_Сумки_рюкзаки и чемоданы] ImgMaskSet: 
Size: 1 
Real size: 1 
Device: cuda 

[2023-05-27 03:13:38,655][tools.dataset_tools][INFO] - Created [test][puma_Джемперы_свитеры_кардиганы_кофты___Кардиганы] ImgMaskSet: 
Size: 1 
Real size: 1 
Device: cuda 

[2023-05-27 03:13:38,655][tools.dataset_tools][INFO] - Created [test][kenguru_Украшения___Комплекты] ImgMaskSet: 
Size: 1 
Real size: 1 
Device: cuda 

[2023-05-27 03:13:38,655][tools.dataset_tools][INFO] - Created [test][kenguru_Школьная одежда___Толстовки] ImgMaskSet: 
Size: 8 
Real size: 8 
Device: cuda 

[2023-05-27 03:13:38,655][tools.dataset_tools][INFO] - Created [test][kenguru_Верхняя одежда___Плащи] ImgMaskSet: 
Size: 24 
Real size: 24 
Device: cuda 

[2023-05-27 03:13:38,655][tools.dataset_tools][INFO] - Created [test][kenguru_Пляжная одежда___Раздельные купальники] ImgMaskSet: 
Size: 4 
Real size: 4 
Device: cuda 

[2023-05-27 03:13:38,655][tools.dataset_tools][INFO] - Created [test][kenguru_Джемперы_свитеры_кардиганы_кофты___Свитеры] ImgMaskSet: 
Size: 20 
Real size: 20 
Device: cuda 

[2023-05-27 03:13:38,655][tools.dataset_tools][INFO] - Created [test][kenguru_Платки_шарфы_шали___Платки] ImgMaskSet: 
Size: 4 
Real size: 4 
Device: cuda 

[2023-05-27 03:13:38,655][tools.dataset_tools][INFO] - Created [test][kenguru_Школьная одежда___Жилеты] ImgMaskSet: 
Size: 8 
Real size: 8 
Device: cuda 

[2023-05-27 03:13:38,655][tools.dataset_tools][INFO] - Created [test][kenguru_Школьная одежда___Пиджаки_жакеты] ImgMaskSet: 
Size: 15 
Real size: 15 
Device: cuda 

[2023-05-27 03:13:38,655][tools.dataset_tools][INFO] - Created [test][kenguru_Толстовки_олимпийки_худи_лонгсливы___Лонгсливы] ImgMaskSet: 
Size: 2 
Real size: 2 
Device: cuda 

[2023-05-27 03:13:38,655][tools.dataset_tools][INFO] - Created [test][kenguru_Школьная одежда___Юбки] ImgMaskSet: 
Size: 19 
Real size: 19 
Device: cuda 

[2023-05-27 03:13:38,655][tools.dataset_tools][INFO] - Created [test][kenguru_Украшения___Ожерелья] ImgMaskSet: 
Size: 1 
Real size: 1 
Device: cuda 

[2023-05-27 03:13:38,655][tools.dataset_tools][INFO] - Created [test][kenguru_Украшения___Серьги] ImgMaskSet: 
Size: 19 
Real size: 19 
Device: cuda 

[2023-05-27 03:13:38,655][tools.dataset_tools][INFO] - Created [test][puma_Комбинезоны] ImgMaskSet: 
Size: 5 
Real size: 5 
Device: cuda 

[2023-05-27 03:13:38,655][tools.dataset_tools][INFO] - Created [test][kenguru_Платья_сарафаны___Миди] ImgMaskSet: 
Size: 4 
Real size: 4 
Device: cuda 

[2023-05-27 03:13:38,655][tools.dataset_tools][INFO] - Created [test][kenguru_Обувь___Балетки] ImgMaskSet: 
Size: 10 
Real size: 10 
Device: cuda 

[2023-05-27 03:13:38,655][tools.dataset_tools][INFO] - Created [test][puma_Футболки_майки_поло_топы___Боди] ImgMaskSet: 
Size: 5 
Real size: 5 
Device: cuda 

[2023-05-27 03:13:38,655][tools.dataset_tools][INFO] - Created [test][kenguru_Толстовки_олимпийки_худи_лонгсливы___Худи] ImgMaskSet: 
Size: 9 
Real size: 9 
Device: cuda 

[2023-05-27 03:13:38,655][tools.dataset_tools][INFO] - Created [test][kenguru_Головные уборы___Шляпы] ImgMaskSet: 
Size: 24 
Real size: 24 
Device: cuda 

[2023-05-27 03:13:38,655][tools.dataset_tools][INFO] - Created [test][puma_Домашняя одежда и бельё___Халаты] ImgMaskSet: 
Size: 1 
Real size: 1 
Device: cuda 

[2023-05-27 03:13:38,655][tools.dataset_tools][INFO] - Created [test][kenguru_Джинсы___Прямые] ImgMaskSet: 
Size: 10 
Real size: 10 
Device: cuda 

[2023-05-27 03:13:38,655][tools.dataset_tools][INFO] - Created [test][kenguru_Юбки___Макси] ImgMaskSet: 
Size: 1 
Real size: 1 
Device: cuda 

[2023-05-27 03:13:38,655][tools.dataset_tools][INFO] - Created [test][puma_Костюмы_пиджаки___Жилеты] ImgMaskSet: 
Size: 7 
Real size: 7 
Device: cuda 

[2023-05-27 03:13:38,656][tools.dataset_tools][INFO] - Created [test][puma_Верхняя одежда] ImgMaskSet: 
Size: 4 
Real size: 4 
Device: cuda 

[2023-05-27 03:13:38,656][tools.dataset_tools][INFO] - Created [test][puma_Обувь___Слипоны] ImgMaskSet: 
Size: 2 
Real size: 2 
Device: cuda 

[2023-05-27 03:13:38,656][tools.dataset_tools][INFO] - Created [test][kenguru_Школьная одежда___Галстуки_бабочки] ImgMaskSet: 
Size: 9 
Real size: 9 
Device: cuda 

[2023-05-27 03:13:38,656][tools.dataset_tools][INFO] - Created [test][kenguru_Платья_сарафаны___Макси] ImgMaskSet: 
Size: 6 
Real size: 6 
Device: cuda 

[2023-05-27 03:13:38,656][tools.dataset_tools][INFO] - Created [test][kenguru_Юбки___Трапеция] ImgMaskSet: 
Size: 1 
Real size: 1 
Device: cuda 

[2023-05-27 03:13:38,656][tools.dataset_tools][INFO] - Created [test][puma_Аксессуары___Для волос] ImgMaskSet: 
Size: 15 
Real size: 15 
Device: cuda 

[2023-05-27 03:13:38,656][tools.dataset_tools][INFO] - Created [test][kenguru_Платья_сарафаны___Шелковые] ImgMaskSet: 
Size: 17 
Real size: 17 
Device: cuda 

[2023-05-27 03:13:38,656][tools.dataset_tools][INFO] - Created [test][kenguru_Юбки___Юбка-шорты] ImgMaskSet: 
Size: 5 
Real size: 5 
Device: cuda 

[2023-05-27 03:13:38,656][tools.dataset_tools][INFO] - Created [test][puma_Пляжная одежда___Раздельные купальники] ImgMaskSet: 
Size: 12 
Real size: 12 
Device: cuda 

[2023-05-27 03:13:38,656][tools.dataset_tools][INFO] - Created [test][kenguru_Пляжная одежда___Слитные купальники] ImgMaskSet: 
Size: 17 
Real size: 17 
Device: cuda 

[2023-05-27 03:13:38,656][tools.dataset_tools][INFO] - Created [test][kenguru_Школьная одежда___Фартуки] ImgMaskSet: 
Size: 5 
Real size: 5 
Device: cuda 

[2023-05-27 03:13:38,656][tools.dataset_tools][INFO] - Created [test][kenguru_Юбки___Плиссе] ImgMaskSet: 
Size: 19 
Real size: 19 
Device: cuda 

[2023-05-27 03:13:38,656][tools.dataset_tools][INFO] - Created [test][kenguru_Юбки___Тюльпан] ImgMaskSet: 
Size: 1 
Real size: 1 
Device: cuda 

[2023-05-27 03:13:38,656][tools.dataset_tools][INFO] - Created [test][kenguru_Брюки___Кюлоты] ImgMaskSet: 
Size: 4 
Real size: 4 
Device: cuda 

[2023-05-27 03:13:38,656][tools.dataset_tools][INFO] - Created [test][kenguru_Джинсы___Зауженные] ImgMaskSet: 
Size: 13 
Real size: 13 
Device: cuda 

[2023-05-27 03:13:38,656][tools.dataset_tools][INFO] - Created [test][puma_Джемперы_свитеры_кардиганы_кофты___Свитеры] ImgMaskSet: 
Size: 1 
Real size: 1 
Device: cuda 

[2023-05-27 03:13:38,656][tools.dataset_tools][INFO] - Created [test][puma_Сумки_рюкзаки и чемоданы___Тоут] ImgMaskSet: 
Size: 3 
Real size: 3 
Device: cuda 

[2023-05-27 03:13:38,656][tools.dataset_tools][INFO] - Created [test][kenguru_Брюки___Карго] ImgMaskSet: 
Size: 19 
Real size: 19 
Device: cuda 

[2023-05-27 03:13:38,656][tools.dataset_tools][INFO] - Created [test][puma_Юбки___Миди] ImgMaskSet: 
Size: 2 
Real size: 2 
Device: cuda 

[2023-05-27 03:13:38,656][tools.dataset_tools][INFO] - Created [test][kenguru_Юбки___Солнце] ImgMaskSet: 
Size: 1 
Real size: 1 
Device: cuda 

[2023-05-27 03:13:38,656][tools.dataset_tools][INFO] - Created [test][kenguru_Брюки___Клеш] ImgMaskSet: 
Size: 9 
Real size: 9 
Device: cuda 

[2023-05-27 03:13:38,656][tools.dataset_tools][INFO] - Created [test][kenguru_Школьная одежда___Шорты] ImgMaskSet: 
Size: 3 
Real size: 3 
Device: cuda 

[2023-05-27 03:13:38,656][tools.dataset_tools][INFO] - Created [test][puma_Обувь___Ботинки] ImgMaskSet: 
Size: 22 
Real size: 22 
Device: cuda 

[2023-05-27 03:13:38,656][tools.dataset_tools][INFO] - Created [test][kenguru_Обувь___Слипоны] ImgMaskSet: 
Size: 2 
Real size: 2 
Device: cuda 

[2023-05-27 03:13:38,656][tools.dataset_tools][INFO] - Created [test][puma_Футболки_майки_поло_топы] ImgMaskSet: 
Size: 22 
Real size: 22 
Device: cuda 

[2023-05-27 03:13:38,656][tools.dataset_tools][INFO] - Created [test][kenguru_Верхняя одежда___Парки] ImgMaskSet: 
Size: 9 
Real size: 9 
Device: cuda 

[2023-05-27 03:13:38,656][tools.dataset_tools][INFO] - Created [test][kenguru_Обувь___Эспадрильи] ImgMaskSet: 
Size: 2 
Real size: 2 
Device: cuda 

[2023-05-27 03:13:38,656][tools.dataset_tools][INFO] - Created [test][kenguru_Брюки___Укороченные] ImgMaskSet: 
Size: 2 
Real size: 2 
Device: cuda 

[2023-05-27 03:13:38,656][tools.dataset_tools][INFO] - Created [test][kenguru_Брюки___Широкие] ImgMaskSet: 
Size: 7 
Real size: 7 
Device: cuda 

[2023-05-27 03:13:38,656][tools.dataset_tools][INFO] - Created [test][puma_Сумки_рюкзаки и чемоданы___Мессенджер] ImgMaskSet: 
Size: 2 
Real size: 2 
Device: cuda 

[2023-05-27 03:13:38,656][tools.dataset_tools][INFO] - Created [test][kenguru_Футболки_майки_поло_топы___Топы] ImgMaskSet: 
Size: 51 
Real size: 51 
Device: cuda 

[2023-05-27 03:13:38,656][tools.dataset_tools][INFO] - Created [test][kenguru_Ремни] ImgMaskSet: 
Size: 15 
Real size: 15 
Device: cuda 

[2023-05-27 03:13:38,656][tools.dataset_tools][INFO] - Created [test][kenguru_Украшения___Подвески и кулоны] ImgMaskSet: 
Size: 8 
Real size: 8 
Device: cuda 

[2023-05-27 03:13:38,656][tools.dataset_tools][INFO] - Created [test][kenguru_Головные уборы___Панамы] ImgMaskSet: 
Size: 65 
Real size: 65 
Device: cuda 

[2023-05-27 03:13:38,656][tools.dataset_tools][INFO] - Created [test][kenguru_Юбки] ImgMaskSet: 
Size: 53 
Real size: 53 
Device: cuda 

[2023-05-27 03:13:38,656][tools.dataset_tools][INFO] - Created [test][kenguru_Джемперы_свитеры_кардиганы_кофты___Джемперы] ImgMaskSet: 
Size: 51 
Real size: 51 
Device: cuda 

[2023-05-27 03:13:38,656][tools.dataset_tools][INFO] - Created [test][kenguru_Платья_сарафаны] ImgMaskSet: 
Size: 100 
Real size: 100 
Device: cuda 

[2023-05-27 03:13:38,656][tools.dataset_tools][INFO] - Created [test][kenguru_Школьная одежда___Брюки] ImgMaskSet: 
Size: 10 
Real size: 10 
Device: cuda 

[2023-05-27 03:13:38,657][tools.dataset_tools][INFO] - Created [test][kenguru_Верхняя одежда___Пуховики] ImgMaskSet: 
Size: 56 
Real size: 56 
Device: cuda 

[2023-05-27 03:13:38,657][tools.dataset_tools][INFO] - Created [test][kenguru_Сумки_рюкзаки и чемоданы___Сумки через плечо] ImgMaskSet: 
Size: 38 
Real size: 38 
Device: cuda 

[2023-05-27 03:13:38,657][tools.dataset_tools][INFO] - Created [test][kenguru_Домашняя одежда и бельё___Колготки] ImgMaskSet: 
Size: 83 
Real size: 83 
Device: cuda 

[2023-05-27 03:13:38,657][tools.dataset_tools][INFO] - Created [test][kenguru_Верхняя одежда___Шубы] ImgMaskSet: 
Size: 8 
Real size: 8 
Device: cuda 

[2023-05-27 03:13:38,657][tools.dataset_tools][INFO] - Created [test][puma_Обувь___Бутсы] ImgMaskSet: 
Size: 42 
Real size: 42 
Device: cuda 

[2023-05-27 03:13:38,657][tools.dataset_tools][INFO] - Created [test][kenguru_Обувь] ImgMaskSet: 
Size: 22 
Real size: 22 
Device: cuda 

[2023-05-27 03:13:38,657][tools.dataset_tools][INFO] - Created [test][puma_Домашняя одежда и бельё___Носки] ImgMaskSet: 
Size: 100 
Real size: 100 
Device: cuda 

[2023-05-27 03:13:38,657][tools.dataset_tools][INFO] - Created [test][puma_Нижнее бельё] ImgMaskSet: 
Size: 83 
Real size: 83 
Device: cuda 

[2023-05-27 03:13:38,657][tools.dataset_tools][INFO] - Created [test][kenguru_Спортивная одежда___Костюмы] ImgMaskSet: 
Size: 32 
Real size: 32 
Device: cuda 

[2023-05-27 03:13:38,657][tools.dataset_tools][INFO] - Created [test][kenguru_Джемперы_свитеры_кардиганы_кофты___Кофты] ImgMaskSet: 
Size: 12 
Real size: 12 
Device: cuda 

[2023-05-27 03:13:38,657][tools.dataset_tools][INFO] - Created [test][kenguru_Обувь___Босоножки] ImgMaskSet: 
Size: 48 
Real size: 48 
Device: cuda 

[2023-05-27 03:13:38,657][tools.dataset_tools][INFO] - Created [test][kenguru_Футболки_майки_поло_топы___Поло] ImgMaskSet: 
Size: 17 
Real size: 17 
Device: cuda 

[2023-05-27 03:13:38,657][tools.dataset_tools][INFO] - Created [test][kenguru_Комбинезоны] ImgMaskSet: 
Size: 100 
Real size: 100 
Device: cuda 

[2023-05-27 03:13:38,657][tools.dataset_tools][INFO] - Created [test][puma_Толстовки_олимпийки_худи_лонгсливы] ImgMaskSet: 
Size: 32 
Real size: 32 
Device: cuda 

[2023-05-27 03:13:38,657][tools.dataset_tools][INFO] - Created [test][kenguru_Украшения] ImgMaskSet: 
Size: 8 
Real size: 8 
Device: cuda 

[2023-05-27 03:13:38,657][tools.dataset_tools][INFO] - Created [test][kenguru_Домашняя одежда и бельё] ImgMaskSet: 
Size: 43 
Real size: 43 
Device: cuda 

[2023-05-27 03:13:38,657][tools.dataset_tools][INFO] - Created [test][puma_Футболки_майки_поло_топы___Футболки] ImgMaskSet: 
Size: 100 
Real size: 100 
Device: cuda 

[2023-05-27 03:13:38,657][tools.dataset_tools][INFO] - Created [test][kenguru_Костюмы_пиджаки___Пиджаки] ImgMaskSet: 
Size: 27 
Real size: 27 
Device: cuda 

[2023-05-27 03:13:38,657][tools.dataset_tools][INFO] - Created [test][kenguru_Украшения___Колье] ImgMaskSet: 
Size: 11 
Real size: 11 
Device: cuda 

[2023-05-27 03:13:38,657][tools.dataset_tools][INFO] - Created [test][puma_Перчатки и варежки] ImgMaskSet: 
Size: 11 
Real size: 11 
Device: cuda 

[2023-05-27 03:13:38,657][tools.dataset_tools][INFO] - Created [test][kenguru_Платки_шарфы_шали___Шарфы] ImgMaskSet: 
Size: 79 
Real size: 79 
Device: cuda 

[2023-05-27 03:13:38,657][tools.dataset_tools][INFO] - Created [test][kenguru_Головные уборы] ImgMaskSet: 
Size: 42 
Real size: 42 
Device: cuda 

[2023-05-27 03:13:38,657][tools.dataset_tools][INFO] - Created [test][puma_Обувь___Кроссовки] ImgMaskSet: 
Size: 100 
Real size: 100 
Device: cuda 

[2023-05-27 03:13:38,657][tools.dataset_tools][INFO] - Created [test][puma_Футболки_майки_поло_топы___Топы] ImgMaskSet: 
Size: 54 
Real size: 54 
Device: cuda 

[2023-05-27 03:13:38,657][tools.dataset_tools][INFO] - Created [test][kenguru_Блузки_рубашки___Рубашки] ImgMaskSet: 
Size: 85 
Real size: 85 
Device: cuda 

[2023-05-27 03:13:38,657][tools.dataset_tools][INFO] - Created [test][puma_Шорты_бриджи___Шорты] ImgMaskSet: 
Size: 100 
Real size: 100 
Device: cuda 

[2023-05-27 03:13:38,657][tools.dataset_tools][INFO] - Created [test][puma_Спортивная одежда___Леггинсы] ImgMaskSet: 
Size: 72 
Real size: 72 
Device: cuda 

[2023-05-27 03:13:38,657][tools.dataset_tools][INFO] - Created [test][kenguru_Спортивная одежда___Спортивные куртки] ImgMaskSet: 
Size: 70 
Real size: 70 
Device: cuda 

[2023-05-27 03:13:38,657][tools.dataset_tools][INFO] - Created [test][kenguru_Толстовки_олимпийки_худи_лонгсливы] ImgMaskSet: 
Size: 100 
Real size: 100 
Device: cuda 

[2023-05-27 03:13:38,657][tools.dataset_tools][INFO] - Created [test][puma_Головные уборы___Кепки] ImgMaskSet: 
Size: 34 
Real size: 34 
Device: cuda 

[2023-05-27 03:13:38,657][tools.dataset_tools][INFO] - Created [test][kenguru_Головные уборы___Шапки] ImgMaskSet: 
Size: 100 
Real size: 100 
Device: cuda 

[2023-05-27 03:13:38,657][tools.dataset_tools][INFO] - Created [test][puma_Другое] ImgMaskSet: 
Size: 19 
Real size: 19 
Device: cuda 

[2023-05-27 03:13:38,657][tools.dataset_tools][INFO] - Created [test][kenguru_Аксессуары___Галстуки_бабочки] ImgMaskSet: 
Size: 8 
Real size: 8 
Device: cuda 

[2023-05-27 03:13:38,657][tools.dataset_tools][INFO] - Created [test][kenguru_Джинсы] ImgMaskSet: 
Size: 78 
Real size: 78 
Device: cuda 

[2023-05-27 03:13:38,657][tools.dataset_tools][INFO] - Created [test][puma_Разное] ImgMaskSet: 
Size: 32 
Real size: 32 
Device: cuda 

[2023-05-27 03:13:38,657][tools.dataset_tools][INFO] - Created [test][kenguru_Джемперы_свитеры_кардиганы_кофты___Свитшоты] ImgMaskSet: 
Size: 22 
Real size: 22 
Device: cuda 

[2023-05-27 03:13:38,657][tools.dataset_tools][INFO] - Created [test][kenguru_Головные уборы___Бейсболки] ImgMaskSet: 
Size: 87 
Real size: 87 
Device: cuda 

[2023-05-27 03:13:38,657][tools.dataset_tools][INFO] - Created [test][kenguru_Верхняя одежда___Ветровки] ImgMaskSet: 
Size: 23 
Real size: 23 
Device: cuda 

[2023-05-27 03:13:38,657][tools.dataset_tools][INFO] - Created [test][puma_Джемперы_свитеры_кардиганы_кофты___Свитшоты] ImgMaskSet: 
Size: 23 
Real size: 23 
Device: cuda 

[2023-05-27 03:13:38,657][tools.dataset_tools][INFO] - Created [test][kenguru_Нижнее бельё] ImgMaskSet: 
Size: 20 
Real size: 20 
Device: cuda 

[2023-05-27 03:13:38,657][tools.dataset_tools][INFO] - Created [test][kenguru_Платья_сарафаны___Сарафаны] ImgMaskSet: 
Size: 23 
Real size: 23 
Device: cuda 

[2023-05-27 03:13:38,657][tools.dataset_tools][INFO] - Created [test][kenguru_Брюки___Классические] ImgMaskSet: 
Size: 9 
Real size: 9 
Device: cuda 

[2023-05-27 03:13:38,657][tools.dataset_tools][INFO] - Created [test][puma_Украшения___Комплекты] ImgMaskSet: 
Size: 15 
Real size: 15 
Device: cuda 

[2023-05-27 03:13:38,658][tools.dataset_tools][INFO] - Created [test][puma_Толстовки_олимпийки_худи_лонгсливы___Олимпийки] ImgMaskSet: 
Size: 62 
Real size: 62 
Device: cuda 

[2023-05-27 03:13:38,658][tools.dataset_tools][INFO] - Created [test][puma_Толстовки_олимпийки_худи_лонгсливы___Худи] ImgMaskSet: 
Size: 8 
Real size: 8 
Device: cuda 

[2023-05-27 03:13:38,658][tools.dataset_tools][INFO] - Created [test][puma_Головные уборы___Шапки] ImgMaskSet: 
Size: 71 
Real size: 71 
Device: cuda 

[2023-05-27 03:13:38,658][tools.dataset_tools][INFO] - Created [test][kenguru_Верхняя одежда___Жилеты (верхняя одежда)] ImgMaskSet: 
Size: 25 
Real size: 25 
Device: cuda 

[2023-05-27 03:13:38,658][tools.dataset_tools][INFO] - Created [test][kenguru_Спортивная одежда___Спортивные брюки] ImgMaskSet: 
Size: 100 
Real size: 100 
Device: cuda 

[2023-05-27 03:13:38,658][tools.dataset_tools][INFO] - Created [test][kenguru_Брюки___Леггинсы] ImgMaskSet: 
Size: 61 
Real size: 61 
Device: cuda 

[2023-05-27 03:13:38,658][tools.dataset_tools][INFO] - Created [test][puma_Верхняя одежда___Куртки] ImgMaskSet: 
Size: 57 
Real size: 57 
Device: cuda 

[2023-05-27 03:13:38,658][tools.dataset_tools][INFO] - Created [test][kenguru_Джемперы_свитеры_кардиганы_кофты___Кардиганы] ImgMaskSet: 
Size: 23 
Real size: 23 
Device: cuda 

[2023-05-27 03:13:38,658][tools.dataset_tools][INFO] - Created [test][puma_Толстовки_олимпийки_худи_лонгсливы___Лонгсливы] ImgMaskSet: 
Size: 20 
Real size: 20 
Device: cuda 

[2023-05-27 03:13:38,658][tools.dataset_tools][INFO] - Created [test][puma_Верхняя одежда___Ветровки] ImgMaskSet: 
Size: 17 
Real size: 17 
Device: cuda 

[2023-05-27 03:13:38,658][tools.dataset_tools][INFO] - Created [test][kenguru_Шорты_бриджи] ImgMaskSet: 
Size: 7 
Real size: 7 
Device: cuda 

[2023-05-27 03:13:38,658][tools.dataset_tools][INFO] - Created [test][kenguru_Блузки_рубашки___Блузки] ImgMaskSet: 
Size: 14 
Real size: 14 
Device: cuda 

[2023-05-27 03:13:38,658][tools.dataset_tools][INFO] - Created [test][kenguru_Верхняя одежда___Куртки] ImgMaskSet: 
Size: 100 
Real size: 100 
Device: cuda 

[2023-05-27 03:13:38,658][tools.dataset_tools][INFO] - Created [test][kenguru_Перчатки и варежки] ImgMaskSet: 
Size: 92 
Real size: 92 
Device: cuda 

[2023-05-27 03:13:38,658][tools.dataset_tools][INFO] - Created [test][kenguru_Другое] ImgMaskSet: 
Size: 24 
Real size: 24 
Device: cuda 

[2023-05-27 03:13:38,658][tools.dataset_tools][INFO] - Created [test][kenguru_Обувь___Сапоги] ImgMaskSet: 
Size: 46 
Real size: 46 
Device: cuda 

[2023-05-27 03:13:38,658][tools.dataset_tools][INFO] - Created [test][kenguru_Шорты_бриджи___Шорты] ImgMaskSet: 
Size: 100 
Real size: 100 
Device: cuda 

[2023-05-27 03:13:38,658][tools.dataset_tools][INFO] - Created [test][puma_Футболки_майки_поло_топы___Поло] ImgMaskSet: 
Size: 23 
Real size: 23 
Device: cuda 

[2023-05-27 03:13:38,658][tools.dataset_tools][INFO] - Created [test][kenguru_Верхняя одежда___Пальто] ImgMaskSet: 
Size: 18 
Real size: 18 
Device: cuda 

[2023-05-27 03:13:38,658][tools.dataset_tools][INFO] - Created [test][kenguru_Джемперы_свитеры_кардиганы_кофты___Водолазки] ImgMaskSet: 
Size: 46 
Real size: 46 
Device: cuda 

[2023-05-27 03:13:38,658][tools.dataset_tools][INFO] - Created [test][kenguru_Домашняя одежда и бельё___Носки] ImgMaskSet: 
Size: 100 
Real size: 100 
Device: cuda 

[2023-05-27 03:13:38,658][tools.dataset_tools][INFO] - Created [test][kenguru_Шорты_бриджи___Джинсовые шорты] ImgMaskSet: 
Size: 15 
Real size: 15 
Device: cuda 

[2023-05-27 03:13:38,658][tools.dataset_tools][INFO] - Created [test][kenguru_Обувь___Туфли] ImgMaskSet: 
Size: 37 
Real size: 37 
Device: cuda 

[2023-05-27 03:13:38,658][tools.dataset_tools][INFO] - Created [test][puma_Толстовки_олимпийки_худи_лонгсливы___Толстовки] ImgMaskSet: 
Size: 100 
Real size: 100 
Device: cuda 

[2023-05-27 03:13:38,658][tools.dataset_tools][INFO] - Created [test][kenguru_Сумки_рюкзаки и чемоданы___Рюкзаки] ImgMaskSet: 
Size: 24 
Real size: 24 
Device: cuda 

[2023-05-27 03:13:38,658][tools.dataset_tools][INFO] - Created [test][puma_Обувь___Кеды] ImgMaskSet: 
Size: 100 
Real size: 100 
Device: cuda 

[2023-05-27 03:13:38,658][tools.dataset_tools][INFO] - Created [test][kenguru_Обувь___Ботинки] ImgMaskSet: 
Size: 38 
Real size: 38 
Device: cuda 

[2023-05-27 03:13:38,658][tools.dataset_tools][INFO] - Created [test][puma_Футболки_майки_поло_топы___Майки] ImgMaskSet: 
Size: 22 
Real size: 22 
Device: cuda 

[2023-05-27 03:13:38,658][tools.dataset_tools][INFO] - Created [test][kenguru_Верхняя одежда___Джинсовые куртки] ImgMaskSet: 
Size: 20 
Real size: 20 
Device: cuda 

[2023-05-27 03:13:38,658][tools.dataset_tools][INFO] - Created [test][puma_Платья_сарафаны] ImgMaskSet: 
Size: 20 
Real size: 20 
Device: cuda 

[2023-05-27 03:13:38,658][tools.dataset_tools][INFO] - Created [test][kenguru_Футболки_майки_поло_топы___Футболки] ImgMaskSet: 
Size: 100 
Real size: 100 
Device: cuda 

[2023-05-27 03:13:38,658][tools.dataset_tools][INFO] - Created [test][puma_Пляжная одежда___Плавки] ImgMaskSet: 
Size: 28 
Real size: 28 
Device: cuda 

[2023-05-27 03:13:38,658][tools.dataset_tools][INFO] - Created [test][puma_Пляжная одежда] ImgMaskSet: 
Size: 9 
Real size: 9 
Device: cuda 

[2023-05-27 03:13:38,658][tools.dataset_tools][INFO] - Created [test][puma_Юбки] ImgMaskSet: 
Size: 9 
Real size: 9 
Device: cuda 

[2023-05-27 03:13:38,658][tools.dataset_tools][INFO] - Created [test][kenguru_Брюки___Спортивные брюки casual] ImgMaskSet: 
Size: 16 
Real size: 16 
Device: cuda 

[2023-05-27 03:13:38,658][tools.dataset_tools][INFO] - Created [test][kenguru_Обувь___Сандалии] ImgMaskSet: 
Size: 43 
Real size: 43 
Device: cuda 

[2023-05-27 03:13:38,658][tools.dataset_tools][INFO] - Created [test][kenguru_Брюки___Джоггеры] ImgMaskSet: 
Size: 9 
Real size: 9 
Device: cuda 

[2023-05-27 03:13:38,658][tools.dataset_tools][INFO] - Created [test][puma_Брюки] ImgMaskSet: 
Size: 100 
Real size: 100 
Device: cuda 

[2023-05-27 03:13:38,658][tools.dataset_tools][INFO] - Created [test][puma_Аксессуары] ImgMaskSet: 
Size: 18 
Real size: 18 
Device: cuda 

[2023-05-27 03:13:38,658][tools.dataset_tools][INFO] - Created [test][kenguru_Костюмы_пиджаки___Жилеты] ImgMaskSet: 
Size: 13 
Real size: 13 
Device: cuda 

[2023-05-27 03:13:38,658][tools.dataset_tools][INFO] - Created [test][puma_Спортивная одежда___Костюмы] ImgMaskSet: 
Size: 17 
Real size: 17 
Device: cuda 

[2023-05-27 03:13:38,659][tools.dataset_tools][INFO] - Created [test][kenguru_Украшения___Браслеты] ImgMaskSet: 
Size: 20 
Real size: 20 
Device: cuda 

[2023-05-27 03:13:38,659][tools.dataset_tools][INFO] - Created [test][puma_Сумки_рюкзаки и чемоданы___Рюкзаки] ImgMaskSet: 
Size: 72 
Real size: 72 
Device: cuda 

[2023-05-27 03:13:38,659][tools.dataset_tools][INFO] - Created [test][puma_Сумки_рюкзаки и чемоданы___Поясные сумки] ImgMaskSet: 
Size: 9 
Real size: 9 
Device: cuda 

[2023-05-27 03:13:38,659][tools.dataset_tools][INFO] - Created [test][kenguru_Джемперы_свитеры_кардиганы_кофты] ImgMaskSet: 
Size: 26 
Real size: 26 
Device: cuda 

[2023-05-27 03:13:38,659][tools.dataset_tools][INFO] - Created [test][kenguru_Школьная одежда___Рюкзаки_ранцы_сумки] ImgMaskSet: 
Size: 18 
Real size: 18 
Device: cuda 

[2023-05-27 03:13:38,659][tools.dataset_tools][INFO] - Created [test][kenguru_Аксессуары___Для волос] ImgMaskSet: 
Size: 100 
Real size: 100 
Device: cuda 

[2023-05-27 03:13:38,659][tools.dataset_tools][INFO] - Created [test][kenguru_Обувь___Кроссовки] ImgMaskSet: 
Size: 88 
Real size: 88 
Device: cuda 

[2023-05-27 03:13:38,659][tools.dataset_tools][INFO] - Created [test][kenguru_Джинсы___Клеш] ImgMaskSet: 
Size: 7 
Real size: 7 
Device: cuda 

[2023-05-27 03:13:38,659][tools.dataset_tools][INFO] - Created [test][puma_Сумки_рюкзаки и чемоданы] ImgMaskSet: 
Size: 66 
Real size: 66 
Device: cuda 

[2023-05-27 03:13:38,659][tools.dataset_tools][INFO] - Created [test][kenguru_Толстовки_олимпийки_худи_лонгсливы___Толстовки] ImgMaskSet: 
Size: 100 
Real size: 100 
Device: cuda 

[2023-05-27 03:13:38,659][tools.dataset_tools][INFO] - Created [test][puma_Спортивная одежда___Спортивные брюки] ImgMaskSet: 
Size: 12 
Real size: 12 
Device: cuda 

[2023-05-27 03:13:38,659][tools.dataset_tools][INFO] - Created [test][puma_Обувь___Шлепанцы] ImgMaskSet: 
Size: 26 
Real size: 26 
Device: cuda 

[2023-05-27 03:13:38,659][tools.dataset_tools][INFO] - Created [test][puma_Блузки_рубашки___Рубашки] ImgMaskSet: 
Size: 13 
Real size: 13 
Device: cuda 

[2023-05-27 03:13:38,659][tools.dataset_tools][INFO] - Created [test][kenguru_Футболки_майки_поло_топы___Майки] ImgMaskSet: 
Size: 9 
Real size: 9 
Device: cuda 

[2023-05-27 03:13:38,659][tools.dataset_tools][INFO] - Created [test][kenguru_Блузки_рубашки] ImgMaskSet: 
Size: 10 
Real size: 10 
Device: cuda 

[2023-05-27 03:13:38,659][tools.dataset_tools][INFO] - Created [test][kenguru_Обувь___Шлепанцы] ImgMaskSet: 
Size: 7 
Real size: 7 
Device: cuda 

[2023-05-27 03:13:38,659][tools.dataset_tools][INFO] - Created [test][kenguru_Обувь___Резиновые сапоги] ImgMaskSet: 
Size: 9 
Real size: 9 
Device: cuda 

[2023-05-27 03:13:38,659][tools.dataset_tools][INFO] - Created [test][kenguru_Брюки___Бермуды] ImgMaskSet: 
Size: 59 
Real size: 59 
Device: cuda 

[2023-05-27 03:13:38,659][tools.dataset_tools][INFO] - Created [test][kenguru_Брюки] ImgMaskSet: 
Size: 100 
Real size: 100 
Device: cuda 

[2023-05-27 03:13:38,659][tools.dataset_tools][INFO] - Created [test][kenguru_Обувь___Кеды] ImgMaskSet: 
Size: 89 
Real size: 89 
Device: cuda 

[2023-05-27 03:13:38,659][tools.dataset_tools][INFO] - Created [test][kenguru_Костюмы_пиджаки] ImgMaskSet: 
Size: 22 
Real size: 22 
Device: cuda 

[2023-05-27 03:13:38,659][tools.dataset_tools][INFO] - Created [test][kenguru_Очки] ImgMaskSet: 
Size: 10 
Real size: 10 
Device: cuda 

[2023-05-27 03:13:38,659][tools.dataset_tools][INFO] - Created [test][kenguru_Футболки_майки_поло_топы___Боди] ImgMaskSet: 
Size: 50 
Real size: 50 
Device: cuda 

[2023-05-27 03:13:38,659][tools.dataset_tools][INFO] - Created [test][kenguru_Школьная одежда___Блузы_рубашки] ImgMaskSet: 
Size: 17 
Real size: 17 
Device: cuda 

[2023-05-27 03:13:38,659][tools.dataset_tools][INFO] - Created test MultiImgMaskSet: 
Size: 5843 
Real size: 5843 
Device: cuda 

[2023-05-27 03:13:38,659][tools.dataset_tools][INFO] - Created [test][kenguru_Школьная одежда___Водолазки] ImgMaskSet: 
Size: 8 
Real size: 8 
Device: cuda 

[2023-05-27 03:13:38,659][tools.dataset_tools][INFO] - Created [test][kenguru_Школьная одежда___Платья_сарафаны] ImgMaskSet: 
Size: 22 
Real size: 22 
Device: cuda 

[2023-05-27 03:13:38,659][tools.dataset_tools][INFO] - Created [test][kenguru_Брюки___Бананы] ImgMaskSet: 
Size: 2 
Real size: 2 
Device: cuda 

[2023-05-27 03:13:38,659][tools.dataset_tools][INFO] - Created [test][kenguru_Спортивная одежда___Леггинсы] ImgMaskSet: 
Size: 1 
Real size: 1 
Device: cuda 

[2023-05-27 03:13:38,659][tools.dataset_tools][INFO] - Created [test][puma_Сумки_рюкзаки и чемоданы___Мягкая сумка дафл (duffle bag)] ImgMaskSet: 
Size: 2 
Real size: 2 
Device: cuda 

[2023-05-27 03:13:38,659][tools.dataset_tools][INFO] - Created [test][kenguru_Футболки_майки_поло_топы] ImgMaskSet: 
Size: 11 
Real size: 11 
Device: cuda 

[2023-05-27 03:13:38,660][tools.dataset_tools][INFO] - Created [test][kenguru_Костюмы_пиджаки___Костюмы] ImgMaskSet: 
Size: 12 
Real size: 12 
Device: cuda 

[2023-05-27 03:13:38,660][tools.dataset_tools][INFO] - Created [test][kenguru_Домашняя одежда и бельё___Пижамы] ImgMaskSet: 
Size: 1 
Real size: 1 
Device: cuda 

[2023-05-27 03:13:38,660][tools.dataset_tools][INFO] - Created [test][kenguru_Брюки___Кожаные] ImgMaskSet: 
Size: 2 
Real size: 2 
Device: cuda 

[2023-05-27 03:13:38,660][tools.dataset_tools][INFO] - Created [test][kenguru_Обувь___Мокасины] ImgMaskSet: 
Size: 8 
Real size: 8 
Device: cuda 

[2023-05-27 03:13:38,660][tools.dataset_tools][INFO] - Created [test][puma_Верхняя одежда___Жилеты (верхняя одежда)] ImgMaskSet: 
Size: 11 
Real size: 11 
Device: cuda 

[2023-05-27 03:13:38,660][tools.dataset_tools][INFO] - Created [test][puma_Верхняя одежда___Бомберы] ImgMaskSet: 
Size: 18 
Real size: 18 
Device: cuda 

[2023-05-27 03:13:38,660][tools.dataset_tools][INFO] - Created [test][puma_Шорты_бриджи] ImgMaskSet: 
Size: 6 
Real size: 6 
Device: cuda 

[2023-05-27 03:13:38,660][tools.dataset_tools][INFO] - Created [test][kenguru_Пляжная одежда] ImgMaskSet: 
Size: 11 
Real size: 11 
Device: cuda 

[2023-05-27 03:13:38,660][tools.dataset_tools][INFO] - Created [test][puma_Сумки_рюкзаки и чемоданы___Кроссбоди сумка] ImgMaskSet: 
Size: 9 
Real size: 9 
Device: cuda 

[2023-05-27 03:13:38,660][tools.dataset_tools][INFO] - Created [test][kenguru_Головные уборы___Кепки] ImgMaskSet: 
Size: 13 
Real size: 13 
Device: cuda 

[2023-05-27 03:13:38,660][tools.dataset_tools][INFO] - Created [test][puma_Верхняя одежда___Пальто] ImgMaskSet: 
Size: 6 
Real size: 6 
Device: cuda 

[2023-05-27 03:13:38,660][tools.dataset_tools][INFO] - Created [test][kenguru_Блузки_рубашки___Джинсовые рубашки] ImgMaskSet: 
Size: 11 
Real size: 11 
Device: cuda 

[2023-05-27 03:13:38,660][tools.dataset_tools][INFO] - Created [test][kenguru_Головные уборы___Береты] ImgMaskSet: 
Size: 8 
Real size: 8 
Device: cuda 

[2023-05-27 03:13:38,660][tools.dataset_tools][INFO] - Created [test][kenguru_Юбки___Ассиметричная] ImgMaskSet: 
Size: 1 
Real size: 1 
Device: cuda 

[2023-05-27 03:13:38,660][tools.dataset_tools][INFO] - Created [test][kenguru_Верхняя одежда___Дубленки] ImgMaskSet: 
Size: 2 
Real size: 2 
Device: cuda 

[2023-05-27 03:13:38,660][tools.dataset_tools][INFO] - Created [test][puma_Головные уборы] ImgMaskSet: 
Size: 5 
Real size: 5 
Device: cuda 

[2023-05-27 03:13:38,660][tools.dataset_tools][INFO] - Created [test][kenguru_Брюки___Прямые] ImgMaskSet: 
Size: 10 
Real size: 10 
Device: cuda 

[2023-05-27 03:13:38,660][tools.dataset_tools][INFO] - Created [test][kenguru_Юбки___Миди] ImgMaskSet: 
Size: 2 
Real size: 2 
Device: cuda 

[2023-05-27 03:13:38,660][tools.dataset_tools][INFO] - Created [test][kenguru_Разное] ImgMaskSet: 
Size: 1 
Real size: 1 
Device: cuda 

[2023-05-27 03:13:38,660][tools.dataset_tools][INFO] - Created [test][kenguru_Школьная одежда___Костюмы] ImgMaskSet: 
Size: 5 
Real size: 5 
Device: cuda 

[2023-05-27 03:13:38,660][tools.dataset_tools][INFO] - Created [test][kenguru_Платья_сарафаны___Туники] ImgMaskSet: 
Size: 1 
Real size: 1 
Device: cuda 

[2023-05-27 03:13:38,660][tools.dataset_tools][INFO] - Created [test][kenguru_Домашняя одежда и бельё___Гольфы] ImgMaskSet: 
Size: 15 
Real size: 15 
Device: cuda 

[2023-05-27 03:13:38,660][tools.dataset_tools][INFO] - Created [test][kenguru_Школьная одежда___Кофты_кардиганы_джемперы] ImgMaskSet: 
Size: 10 
Real size: 10 
Device: cuda 

[2023-05-27 03:13:38,660][tools.dataset_tools][INFO] - Created [test][kenguru_Платья_сарафаны___Мини] ImgMaskSet: 
Size: 13 
Real size: 13 
Device: cuda 

[2023-05-27 03:13:38,660][tools.dataset_tools][INFO] - Created [test][kenguru_Юбки___Пачка] ImgMaskSet: 
Size: 2 
Real size: 2 
Device: cuda 

[2023-05-27 03:13:38,660][tools.dataset_tools][INFO] - Created [test][kenguru_Юбки___Карандаш] ImgMaskSet: 
Size: 5 
Real size: 5 
Device: cuda 

[2023-05-27 03:13:38,660][tools.dataset_tools][INFO] - Created [test][puma_Головные уборы___Панамы] ImgMaskSet: 
Size: 10 
Real size: 10 
Device: cuda 

[2023-05-27 03:13:38,660][tools.dataset_tools][INFO] - Created [test][kenguru_Джинсы___Широкие] ImgMaskSet: 
Size: 10 
Real size: 10 
Device: cuda 

[2023-05-27 03:13:38,660][tools.dataset_tools][INFO] - Created [test][puma_Платки_шарфы_шали___Шарфы] ImgMaskSet: 
Size: 5 
Real size: 5 
Device: cuda 

[2023-05-27 03:13:38,660][tools.dataset_tools][INFO] - Created [test][kenguru_Спортивная одежда] ImgMaskSet: 
Size: 2 
Real size: 2 
Device: cuda 

[2023-05-27 03:13:38,660][tools.dataset_tools][INFO] - Created [test][puma_Обувь___Сандалии] ImgMaskSet: 
Size: 1 
Real size: 1 
Device: cuda 

[2023-05-27 03:13:38,660][tools.dataset_tools][INFO] - Created [test][puma_Кошельки] ImgMaskSet: 
Size: 5 
Real size: 5 
Device: cuda 

[2023-05-27 03:13:38,660][tools.dataset_tools][INFO] - Created [test][puma_Домашняя одежда и бельё___Гольфы] ImgMaskSet: 
Size: 4 
Real size: 4 
Device: cuda 

[2023-05-27 03:13:38,660][tools.dataset_tools][INFO] - Created [test][kenguru_Обувь___Лоферы] ImgMaskSet: 
Size: 19 
Real size: 19 
Device: cuda 

[2023-05-27 03:13:38,660][tools.dataset_tools][INFO] - Created [test][puma_Верхняя одежда___Парки] ImgMaskSet: 
Size: 2 
Real size: 2 
Device: cuda 

[2023-05-27 03:13:38,660][tools.dataset_tools][INFO] - Created [test][kenguru_Сумки_рюкзаки и чемоданы] ImgMaskSet: 
Size: 1 
Real size: 1 
Device: cuda 

[2023-05-27 03:13:38,660][tools.dataset_tools][INFO] - Created [test][puma_Джемперы_свитеры_кардиганы_кофты___Кардиганы] ImgMaskSet: 
Size: 1 
Real size: 1 
Device: cuda 

[2023-05-27 03:13:38,660][tools.dataset_tools][INFO] - Created [test][kenguru_Украшения___Комплекты] ImgMaskSet: 
Size: 1 
Real size: 1 
Device: cuda 

[2023-05-27 03:13:38,660][tools.dataset_tools][INFO] - Created [test][kenguru_Школьная одежда___Толстовки] ImgMaskSet: 
Size: 8 
Real size: 8 
Device: cuda 

[2023-05-27 03:13:38,660][tools.dataset_tools][INFO] - Created [test][kenguru_Верхняя одежда___Плащи] ImgMaskSet: 
Size: 24 
Real size: 24 
Device: cuda 

[2023-05-27 03:13:38,660][tools.dataset_tools][INFO] - Created [test][kenguru_Пляжная одежда___Раздельные купальники] ImgMaskSet: 
Size: 4 
Real size: 4 
Device: cuda 

[2023-05-27 03:13:38,660][tools.dataset_tools][INFO] - Created [test][kenguru_Джемперы_свитеры_кардиганы_кофты___Свитеры] ImgMaskSet: 
Size: 20 
Real size: 20 
Device: cuda 

[2023-05-27 03:13:38,660][tools.dataset_tools][INFO] - Created [test][kenguru_Платки_шарфы_шали___Платки] ImgMaskSet: 
Size: 4 
Real size: 4 
Device: cuda 

[2023-05-27 03:13:38,661][tools.dataset_tools][INFO] - Created [test][kenguru_Школьная одежда___Жилеты] ImgMaskSet: 
Size: 8 
Real size: 8 
Device: cuda 

[2023-05-27 03:13:38,661][tools.dataset_tools][INFO] - Created [test][kenguru_Школьная одежда___Пиджаки_жакеты] ImgMaskSet: 
Size: 15 
Real size: 15 
Device: cuda 

[2023-05-27 03:13:38,661][tools.dataset_tools][INFO] - Created [test][kenguru_Толстовки_олимпийки_худи_лонгсливы___Лонгсливы] ImgMaskSet: 
Size: 2 
Real size: 2 
Device: cuda 

[2023-05-27 03:13:38,661][tools.dataset_tools][INFO] - Created [test][kenguru_Школьная одежда___Юбки] ImgMaskSet: 
Size: 19 
Real size: 19 
Device: cuda 

[2023-05-27 03:13:38,661][tools.dataset_tools][INFO] - Created [test][kenguru_Украшения___Ожерелья] ImgMaskSet: 
Size: 1 
Real size: 1 
Device: cuda 

[2023-05-27 03:13:38,661][tools.dataset_tools][INFO] - Created [test][kenguru_Украшения___Серьги] ImgMaskSet: 
Size: 19 
Real size: 19 
Device: cuda 

[2023-05-27 03:13:38,661][tools.dataset_tools][INFO] - Created [test][puma_Комбинезоны] ImgMaskSet: 
Size: 5 
Real size: 5 
Device: cuda 

[2023-05-27 03:13:38,661][tools.dataset_tools][INFO] - Created [test][kenguru_Платья_сарафаны___Миди] ImgMaskSet: 
Size: 4 
Real size: 4 
Device: cuda 

[2023-05-27 03:13:38,661][tools.dataset_tools][INFO] - Created [test][kenguru_Обувь___Балетки] ImgMaskSet: 
Size: 10 
Real size: 10 
Device: cuda 

[2023-05-27 03:13:38,661][tools.dataset_tools][INFO] - Created [test][puma_Футболки_майки_поло_топы___Боди] ImgMaskSet: 
Size: 5 
Real size: 5 
Device: cuda 

[2023-05-27 03:13:38,661][tools.dataset_tools][INFO] - Created [test][kenguru_Толстовки_олимпийки_худи_лонгсливы___Худи] ImgMaskSet: 
Size: 9 
Real size: 9 
Device: cuda 

[2023-05-27 03:13:38,661][tools.dataset_tools][INFO] - Created [test][kenguru_Головные уборы___Шляпы] ImgMaskSet: 
Size: 24 
Real size: 24 
Device: cuda 

[2023-05-27 03:13:38,661][tools.dataset_tools][INFO] - Created [test][puma_Домашняя одежда и бельё___Халаты] ImgMaskSet: 
Size: 1 
Real size: 1 
Device: cuda 

[2023-05-27 03:13:38,661][tools.dataset_tools][INFO] - Created [test][kenguru_Джинсы___Прямые] ImgMaskSet: 
Size: 10 
Real size: 10 
Device: cuda 

[2023-05-27 03:13:38,661][tools.dataset_tools][INFO] - Created [test][kenguru_Юбки___Макси] ImgMaskSet: 
Size: 1 
Real size: 1 
Device: cuda 

[2023-05-27 03:13:38,661][tools.dataset_tools][INFO] - Created [test][puma_Костюмы_пиджаки___Жилеты] ImgMaskSet: 
Size: 7 
Real size: 7 
Device: cuda 

[2023-05-27 03:13:38,661][tools.dataset_tools][INFO] - Created [test][puma_Верхняя одежда] ImgMaskSet: 
Size: 4 
Real size: 4 
Device: cuda 

[2023-05-27 03:13:38,661][tools.dataset_tools][INFO] - Created [test][puma_Обувь___Слипоны] ImgMaskSet: 
Size: 2 
Real size: 2 
Device: cuda 

[2023-05-27 03:13:38,661][tools.dataset_tools][INFO] - Created [test][kenguru_Школьная одежда___Галстуки_бабочки] ImgMaskSet: 
Size: 9 
Real size: 9 
Device: cuda 

[2023-05-27 03:13:38,661][tools.dataset_tools][INFO] - Created [test][kenguru_Платья_сарафаны___Макси] ImgMaskSet: 
Size: 6 
Real size: 6 
Device: cuda 

[2023-05-27 03:13:38,661][tools.dataset_tools][INFO] - Created [test][kenguru_Юбки___Трапеция] ImgMaskSet: 
Size: 1 
Real size: 1 
Device: cuda 

[2023-05-27 03:13:38,661][tools.dataset_tools][INFO] - Created [test][puma_Аксессуары___Для волос] ImgMaskSet: 
Size: 15 
Real size: 15 
Device: cuda 

[2023-05-27 03:13:38,661][tools.dataset_tools][INFO] - Created [test][kenguru_Платья_сарафаны___Шелковые] ImgMaskSet: 
Size: 17 
Real size: 17 
Device: cuda 

[2023-05-27 03:13:38,661][tools.dataset_tools][INFO] - Created [test][kenguru_Юбки___Юбка-шорты] ImgMaskSet: 
Size: 5 
Real size: 5 
Device: cuda 

[2023-05-27 03:13:38,661][tools.dataset_tools][INFO] - Created [test][puma_Пляжная одежда___Раздельные купальники] ImgMaskSet: 
Size: 12 
Real size: 12 
Device: cuda 

[2023-05-27 03:13:38,661][tools.dataset_tools][INFO] - Created [test][kenguru_Пляжная одежда___Слитные купальники] ImgMaskSet: 
Size: 17 
Real size: 17 
Device: cuda 

[2023-05-27 03:13:38,661][tools.dataset_tools][INFO] - Created [test][kenguru_Школьная одежда___Фартуки] ImgMaskSet: 
Size: 5 
Real size: 5 
Device: cuda 

[2023-05-27 03:13:38,661][tools.dataset_tools][INFO] - Created [test][kenguru_Юбки___Плиссе] ImgMaskSet: 
Size: 19 
Real size: 19 
Device: cuda 

[2023-05-27 03:13:38,661][tools.dataset_tools][INFO] - Created [test][kenguru_Юбки___Тюльпан] ImgMaskSet: 
Size: 1 
Real size: 1 
Device: cuda 

[2023-05-27 03:13:38,661][tools.dataset_tools][INFO] - Created [test][kenguru_Брюки___Кюлоты] ImgMaskSet: 
Size: 4 
Real size: 4 
Device: cuda 

[2023-05-27 03:13:38,661][tools.dataset_tools][INFO] - Created [test][kenguru_Джинсы___Зауженные] ImgMaskSet: 
Size: 13 
Real size: 13 
Device: cuda 

[2023-05-27 03:13:38,661][tools.dataset_tools][INFO] - Created [test][puma_Джемперы_свитеры_кардиганы_кофты___Свитеры] ImgMaskSet: 
Size: 1 
Real size: 1 
Device: cuda 

[2023-05-27 03:13:38,661][tools.dataset_tools][INFO] - Created [test][puma_Сумки_рюкзаки и чемоданы___Тоут] ImgMaskSet: 
Size: 3 
Real size: 3 
Device: cuda 

[2023-05-27 03:13:38,661][tools.dataset_tools][INFO] - Created [test][kenguru_Брюки___Карго] ImgMaskSet: 
Size: 19 
Real size: 19 
Device: cuda 

[2023-05-27 03:13:38,661][tools.dataset_tools][INFO] - Created [test][puma_Юбки___Миди] ImgMaskSet: 
Size: 2 
Real size: 2 
Device: cuda 

[2023-05-27 03:13:38,661][tools.dataset_tools][INFO] - Created [test][kenguru_Юбки___Солнце] ImgMaskSet: 
Size: 1 
Real size: 1 
Device: cuda 

[2023-05-27 03:13:38,661][tools.dataset_tools][INFO] - Created [test][kenguru_Брюки___Клеш] ImgMaskSet: 
Size: 9 
Real size: 9 
Device: cuda 

[2023-05-27 03:13:38,661][tools.dataset_tools][INFO] - Created [test][kenguru_Школьная одежда___Шорты] ImgMaskSet: 
Size: 3 
Real size: 3 
Device: cuda 

[2023-05-27 03:13:38,661][tools.dataset_tools][INFO] - Created [test][puma_Обувь___Ботинки] ImgMaskSet: 
Size: 22 
Real size: 22 
Device: cuda 

[2023-05-27 03:13:38,661][tools.dataset_tools][INFO] - Created [test][kenguru_Обувь___Слипоны] ImgMaskSet: 
Size: 2 
Real size: 2 
Device: cuda 

[2023-05-27 03:13:38,661][tools.dataset_tools][INFO] - Created [test][puma_Футболки_майки_поло_топы] ImgMaskSet: 
Size: 22 
Real size: 22 
Device: cuda 

[2023-05-27 03:13:38,661][tools.dataset_tools][INFO] - Created [test][kenguru_Верхняя одежда___Парки] ImgMaskSet: 
Size: 9 
Real size: 9 
Device: cuda 

[2023-05-27 03:13:38,661][tools.dataset_tools][INFO] - Created [test][kenguru_Обувь___Эспадрильи] ImgMaskSet: 
Size: 2 
Real size: 2 
Device: cuda 

[2023-05-27 03:13:38,662][tools.dataset_tools][INFO] - Created [test][kenguru_Брюки___Укороченные] ImgMaskSet: 
Size: 2 
Real size: 2 
Device: cuda 

[2023-05-27 03:13:38,662][tools.dataset_tools][INFO] - Created [test][kenguru_Брюки___Широкие] ImgMaskSet: 
Size: 7 
Real size: 7 
Device: cuda 

[2023-05-27 03:13:38,662][tools.dataset_tools][INFO] - Created [test][puma_Сумки_рюкзаки и чемоданы___Мессенджер] ImgMaskSet: 
Size: 2 
Real size: 2 
Device: cuda 

[2023-05-27 03:13:38,662][tools.dataset_tools][INFO] - Created [test][kenguru_Футболки_майки_поло_топы___Топы] ImgMaskSet: 
Size: 51 
Real size: 51 
Device: cuda 

[2023-05-27 03:13:38,662][tools.dataset_tools][INFO] - Created [test][kenguru_Ремни] ImgMaskSet: 
Size: 15 
Real size: 15 
Device: cuda 

[2023-05-27 03:13:38,662][tools.dataset_tools][INFO] - Created [test][kenguru_Украшения___Подвески и кулоны] ImgMaskSet: 
Size: 8 
Real size: 8 
Device: cuda 

[2023-05-27 03:13:38,662][tools.dataset_tools][INFO] - Created [test][kenguru_Головные уборы___Панамы] ImgMaskSet: 
Size: 65 
Real size: 65 
Device: cuda 

[2023-05-27 03:13:38,662][tools.dataset_tools][INFO] - Created [test][kenguru_Юбки] ImgMaskSet: 
Size: 53 
Real size: 53 
Device: cuda 

[2023-05-27 03:13:38,662][tools.dataset_tools][INFO] - Created [test][kenguru_Джемперы_свитеры_кардиганы_кофты___Джемперы] ImgMaskSet: 
Size: 51 
Real size: 51 
Device: cuda 

[2023-05-27 03:13:38,662][tools.dataset_tools][INFO] - Created [test][kenguru_Платья_сарафаны] ImgMaskSet: 
Size: 100 
Real size: 100 
Device: cuda 

[2023-05-27 03:13:38,662][tools.dataset_tools][INFO] - Created [test][kenguru_Школьная одежда___Брюки] ImgMaskSet: 
Size: 10 
Real size: 10 
Device: cuda 

[2023-05-27 03:13:38,662][tools.dataset_tools][INFO] - Created [test][kenguru_Верхняя одежда___Пуховики] ImgMaskSet: 
Size: 56 
Real size: 56 
Device: cuda 

[2023-05-27 03:13:38,662][tools.dataset_tools][INFO] - Created [test][kenguru_Сумки_рюкзаки и чемоданы___Сумки через плечо] ImgMaskSet: 
Size: 38 
Real size: 38 
Device: cuda 

[2023-05-27 03:13:38,662][tools.dataset_tools][INFO] - Created [test][kenguru_Домашняя одежда и бельё___Колготки] ImgMaskSet: 
Size: 83 
Real size: 83 
Device: cuda 

[2023-05-27 03:13:38,662][tools.dataset_tools][INFO] - Created [test][kenguru_Верхняя одежда___Шубы] ImgMaskSet: 
Size: 8 
Real size: 8 
Device: cuda 

[2023-05-27 03:13:38,662][tools.dataset_tools][INFO] - Created [test][puma_Обувь___Бутсы] ImgMaskSet: 
Size: 42 
Real size: 42 
Device: cuda 

[2023-05-27 03:13:38,662][tools.dataset_tools][INFO] - Created [test][kenguru_Обувь] ImgMaskSet: 
Size: 22 
Real size: 22 
Device: cuda 

[2023-05-27 03:13:38,662][tools.dataset_tools][INFO] - Created [test][puma_Домашняя одежда и бельё___Носки] ImgMaskSet: 
Size: 100 
Real size: 100 
Device: cuda 

[2023-05-27 03:13:38,662][tools.dataset_tools][INFO] - Created [test][puma_Нижнее бельё] ImgMaskSet: 
Size: 83 
Real size: 83 
Device: cuda 

[2023-05-27 03:13:38,662][tools.dataset_tools][INFO] - Created [test][kenguru_Спортивная одежда___Костюмы] ImgMaskSet: 
Size: 32 
Real size: 32 
Device: cuda 

[2023-05-27 03:13:38,662][tools.dataset_tools][INFO] - Created [test][kenguru_Джемперы_свитеры_кардиганы_кофты___Кофты] ImgMaskSet: 
Size: 12 
Real size: 12 
Device: cuda 

[2023-05-27 03:13:38,662][tools.dataset_tools][INFO] - Created [test][kenguru_Обувь___Босоножки] ImgMaskSet: 
Size: 48 
Real size: 48 
Device: cuda 

[2023-05-27 03:13:38,662][tools.dataset_tools][INFO] - Created [test][kenguru_Футболки_майки_поло_топы___Поло] ImgMaskSet: 
Size: 17 
Real size: 17 
Device: cuda 

[2023-05-27 03:13:38,662][tools.dataset_tools][INFO] - Created [test][kenguru_Комбинезоны] ImgMaskSet: 
Size: 100 
Real size: 100 
Device: cuda 

[2023-05-27 03:13:38,662][tools.dataset_tools][INFO] - Created [test][puma_Толстовки_олимпийки_худи_лонгсливы] ImgMaskSet: 
Size: 32 
Real size: 32 
Device: cuda 

[2023-05-27 03:13:38,662][tools.dataset_tools][INFO] - Created [test][kenguru_Украшения] ImgMaskSet: 
Size: 8 
Real size: 8 
Device: cuda 

[2023-05-27 03:13:38,662][tools.dataset_tools][INFO] - Created [test][kenguru_Домашняя одежда и бельё] ImgMaskSet: 
Size: 43 
Real size: 43 
Device: cuda 

[2023-05-27 03:13:38,662][tools.dataset_tools][INFO] - Created [test][puma_Футболки_майки_поло_топы___Футболки] ImgMaskSet: 
Size: 100 
Real size: 100 
Device: cuda 

[2023-05-27 03:13:38,662][tools.dataset_tools][INFO] - Created [test][kenguru_Костюмы_пиджаки___Пиджаки] ImgMaskSet: 
Size: 27 
Real size: 27 
Device: cuda 

[2023-05-27 03:13:38,662][tools.dataset_tools][INFO] - Created [test][kenguru_Украшения___Колье] ImgMaskSet: 
Size: 11 
Real size: 11 
Device: cuda 

[2023-05-27 03:13:38,662][tools.dataset_tools][INFO] - Created [test][puma_Перчатки и варежки] ImgMaskSet: 
Size: 11 
Real size: 11 
Device: cuda 

[2023-05-27 03:13:38,662][tools.dataset_tools][INFO] - Created [test][kenguru_Платки_шарфы_шали___Шарфы] ImgMaskSet: 
Size: 79 
Real size: 79 
Device: cuda 

[2023-05-27 03:13:38,662][tools.dataset_tools][INFO] - Created [test][kenguru_Головные уборы] ImgMaskSet: 
Size: 42 
Real size: 42 
Device: cuda 

[2023-05-27 03:13:38,662][tools.dataset_tools][INFO] - Created [test][puma_Обувь___Кроссовки] ImgMaskSet: 
Size: 100 
Real size: 100 
Device: cuda 

[2023-05-27 03:13:38,662][tools.dataset_tools][INFO] - Created [test][puma_Футболки_майки_поло_топы___Топы] ImgMaskSet: 
Size: 54 
Real size: 54 
Device: cuda 

[2023-05-27 03:13:38,662][tools.dataset_tools][INFO] - Created [test][kenguru_Блузки_рубашки___Рубашки] ImgMaskSet: 
Size: 85 
Real size: 85 
Device: cuda 

[2023-05-27 03:13:38,662][tools.dataset_tools][INFO] - Created [test][puma_Шорты_бриджи___Шорты] ImgMaskSet: 
Size: 100 
Real size: 100 
Device: cuda 

[2023-05-27 03:13:38,662][tools.dataset_tools][INFO] - Created [test][puma_Спортивная одежда___Леггинсы] ImgMaskSet: 
Size: 72 
Real size: 72 
Device: cuda 

[2023-05-27 03:13:38,662][tools.dataset_tools][INFO] - Created [test][kenguru_Спортивная одежда___Спортивные куртки] ImgMaskSet: 
Size: 70 
Real size: 70 
Device: cuda 

[2023-05-27 03:13:38,662][tools.dataset_tools][INFO] - Created [test][kenguru_Толстовки_олимпийки_худи_лонгсливы] ImgMaskSet: 
Size: 100 
Real size: 100 
Device: cuda 

[2023-05-27 03:13:38,662][tools.dataset_tools][INFO] - Created [test][puma_Головные уборы___Кепки] ImgMaskSet: 
Size: 34 
Real size: 34 
Device: cuda 

[2023-05-27 03:13:38,663][tools.dataset_tools][INFO] - Created [test][kenguru_Головные уборы___Шапки] ImgMaskSet: 
Size: 100 
Real size: 100 
Device: cuda 

[2023-05-27 03:13:38,663][tools.dataset_tools][INFO] - Created [test][puma_Другое] ImgMaskSet: 
Size: 19 
Real size: 19 
Device: cuda 

[2023-05-27 03:13:38,663][tools.dataset_tools][INFO] - Created [test][kenguru_Аксессуары___Галстуки_бабочки] ImgMaskSet: 
Size: 8 
Real size: 8 
Device: cuda 

[2023-05-27 03:13:38,663][tools.dataset_tools][INFO] - Created [test][kenguru_Джинсы] ImgMaskSet: 
Size: 78 
Real size: 78 
Device: cuda 

[2023-05-27 03:13:38,663][tools.dataset_tools][INFO] - Created [test][puma_Разное] ImgMaskSet: 
Size: 32 
Real size: 32 
Device: cuda 

[2023-05-27 03:13:38,663][tools.dataset_tools][INFO] - Created [test][kenguru_Джемперы_свитеры_кардиганы_кофты___Свитшоты] ImgMaskSet: 
Size: 22 
Real size: 22 
Device: cuda 

[2023-05-27 03:13:38,663][tools.dataset_tools][INFO] - Created [test][kenguru_Головные уборы___Бейсболки] ImgMaskSet: 
Size: 87 
Real size: 87 
Device: cuda 

[2023-05-27 03:13:38,663][tools.dataset_tools][INFO] - Created [test][kenguru_Верхняя одежда___Ветровки] ImgMaskSet: 
Size: 23 
Real size: 23 
Device: cuda 

[2023-05-27 03:13:38,663][tools.dataset_tools][INFO] - Created [test][puma_Джемперы_свитеры_кардиганы_кофты___Свитшоты] ImgMaskSet: 
Size: 23 
Real size: 23 
Device: cuda 

[2023-05-27 03:13:38,663][tools.dataset_tools][INFO] - Created [test][kenguru_Нижнее бельё] ImgMaskSet: 
Size: 20 
Real size: 20 
Device: cuda 

[2023-05-27 03:13:38,663][tools.dataset_tools][INFO] - Created [test][kenguru_Платья_сарафаны___Сарафаны] ImgMaskSet: 
Size: 23 
Real size: 23 
Device: cuda 

[2023-05-27 03:13:38,663][tools.dataset_tools][INFO] - Created [test][kenguru_Брюки___Классические] ImgMaskSet: 
Size: 9 
Real size: 9 
Device: cuda 

[2023-05-27 03:13:38,663][tools.dataset_tools][INFO] - Created [test][puma_Украшения___Комплекты] ImgMaskSet: 
Size: 15 
Real size: 15 
Device: cuda 

[2023-05-27 03:13:38,663][tools.dataset_tools][INFO] - Created [test][puma_Толстовки_олимпийки_худи_лонгсливы___Олимпийки] ImgMaskSet: 
Size: 62 
Real size: 62 
Device: cuda 

[2023-05-27 03:13:38,663][tools.dataset_tools][INFO] - Created [test][puma_Толстовки_олимпийки_худи_лонгсливы___Худи] ImgMaskSet: 
Size: 8 
Real size: 8 
Device: cuda 

[2023-05-27 03:13:38,663][tools.dataset_tools][INFO] - Created [test][puma_Головные уборы___Шапки] ImgMaskSet: 
Size: 71 
Real size: 71 
Device: cuda 

[2023-05-27 03:13:38,663][tools.dataset_tools][INFO] - Created [test][kenguru_Верхняя одежда___Жилеты (верхняя одежда)] ImgMaskSet: 
Size: 25 
Real size: 25 
Device: cuda 

[2023-05-27 03:13:38,663][tools.dataset_tools][INFO] - Created [test][kenguru_Спортивная одежда___Спортивные брюки] ImgMaskSet: 
Size: 100 
Real size: 100 
Device: cuda 

[2023-05-27 03:13:38,663][tools.dataset_tools][INFO] - Created [test][kenguru_Брюки___Леггинсы] ImgMaskSet: 
Size: 61 
Real size: 61 
Device: cuda 

[2023-05-27 03:13:38,663][tools.dataset_tools][INFO] - Created [test][puma_Верхняя одежда___Куртки] ImgMaskSet: 
Size: 57 
Real size: 57 
Device: cuda 

[2023-05-27 03:13:38,663][tools.dataset_tools][INFO] - Created [test][kenguru_Джемперы_свитеры_кардиганы_кофты___Кардиганы] ImgMaskSet: 
Size: 23 
Real size: 23 
Device: cuda 

[2023-05-27 03:13:38,663][tools.dataset_tools][INFO] - Created [test][puma_Толстовки_олимпийки_худи_лонгсливы___Лонгсливы] ImgMaskSet: 
Size: 20 
Real size: 20 
Device: cuda 

[2023-05-27 03:13:38,663][tools.dataset_tools][INFO] - Created [test][puma_Верхняя одежда___Ветровки] ImgMaskSet: 
Size: 17 
Real size: 17 
Device: cuda 

[2023-05-27 03:13:38,663][tools.dataset_tools][INFO] - Created [test][kenguru_Шорты_бриджи] ImgMaskSet: 
Size: 7 
Real size: 7 
Device: cuda 

[2023-05-27 03:13:38,663][tools.dataset_tools][INFO] - Created [test][kenguru_Блузки_рубашки___Блузки] ImgMaskSet: 
Size: 14 
Real size: 14 
Device: cuda 

[2023-05-27 03:13:38,663][tools.dataset_tools][INFO] - Created [test][kenguru_Верхняя одежда___Куртки] ImgMaskSet: 
Size: 100 
Real size: 100 
Device: cuda 

[2023-05-27 03:13:38,663][tools.dataset_tools][INFO] - Created [test][kenguru_Перчатки и варежки] ImgMaskSet: 
Size: 92 
Real size: 92 
Device: cuda 

[2023-05-27 03:13:38,663][tools.dataset_tools][INFO] - Created [test][kenguru_Другое] ImgMaskSet: 
Size: 24 
Real size: 24 
Device: cuda 

[2023-05-27 03:13:38,663][tools.dataset_tools][INFO] - Created [test][kenguru_Обувь___Сапоги] ImgMaskSet: 
Size: 46 
Real size: 46 
Device: cuda 

[2023-05-27 03:13:38,663][tools.dataset_tools][INFO] - Created [test][kenguru_Шорты_бриджи___Шорты] ImgMaskSet: 
Size: 100 
Real size: 100 
Device: cuda 

[2023-05-27 03:13:38,663][tools.dataset_tools][INFO] - Created [test][puma_Футболки_майки_поло_топы___Поло] ImgMaskSet: 
Size: 23 
Real size: 23 
Device: cuda 

[2023-05-27 03:13:38,663][tools.dataset_tools][INFO] - Created [test][kenguru_Верхняя одежда___Пальто] ImgMaskSet: 
Size: 18 
Real size: 18 
Device: cuda 

[2023-05-27 03:13:38,663][tools.dataset_tools][INFO] - Created [test][kenguru_Джемперы_свитеры_кардиганы_кофты___Водолазки] ImgMaskSet: 
Size: 46 
Real size: 46 
Device: cuda 

[2023-05-27 03:13:38,663][tools.dataset_tools][INFO] - Created [test][kenguru_Домашняя одежда и бельё___Носки] ImgMaskSet: 
Size: 100 
Real size: 100 
Device: cuda 

[2023-05-27 03:13:38,663][tools.dataset_tools][INFO] - Created [test][kenguru_Шорты_бриджи___Джинсовые шорты] ImgMaskSet: 
Size: 15 
Real size: 15 
Device: cuda 

[2023-05-27 03:13:38,663][tools.dataset_tools][INFO] - Created [test][kenguru_Обувь___Туфли] ImgMaskSet: 
Size: 37 
Real size: 37 
Device: cuda 

[2023-05-27 03:13:38,663][tools.dataset_tools][INFO] - Created [test][puma_Толстовки_олимпийки_худи_лонгсливы___Толстовки] ImgMaskSet: 
Size: 100 
Real size: 100 
Device: cuda 

[2023-05-27 03:13:38,663][tools.dataset_tools][INFO] - Created [test][kenguru_Сумки_рюкзаки и чемоданы___Рюкзаки] ImgMaskSet: 
Size: 24 
Real size: 24 
Device: cuda 

[2023-05-27 03:13:38,663][tools.dataset_tools][INFO] - Created [test][puma_Обувь___Кеды] ImgMaskSet: 
Size: 100 
Real size: 100 
Device: cuda 

[2023-05-27 03:13:38,663][tools.dataset_tools][INFO] - Created [test][kenguru_Обувь___Ботинки] ImgMaskSet: 
Size: 38 
Real size: 38 
Device: cuda 

[2023-05-27 03:13:38,664][tools.dataset_tools][INFO] - Created [test][puma_Футболки_майки_поло_топы___Майки] ImgMaskSet: 
Size: 22 
Real size: 22 
Device: cuda 

[2023-05-27 03:13:38,664][tools.dataset_tools][INFO] - Created [test][kenguru_Верхняя одежда___Джинсовые куртки] ImgMaskSet: 
Size: 20 
Real size: 20 
Device: cuda 

[2023-05-27 03:13:38,664][tools.dataset_tools][INFO] - Created [test][puma_Платья_сарафаны] ImgMaskSet: 
Size: 20 
Real size: 20 
Device: cuda 

[2023-05-27 03:13:38,664][tools.dataset_tools][INFO] - Created [test][kenguru_Футболки_майки_поло_топы___Футболки] ImgMaskSet: 
Size: 100 
Real size: 100 
Device: cuda 

[2023-05-27 03:13:38,664][tools.dataset_tools][INFO] - Created [test][puma_Пляжная одежда___Плавки] ImgMaskSet: 
Size: 28 
Real size: 28 
Device: cuda 

[2023-05-27 03:13:38,664][tools.dataset_tools][INFO] - Created [test][puma_Пляжная одежда] ImgMaskSet: 
Size: 9 
Real size: 9 
Device: cuda 

[2023-05-27 03:13:38,664][tools.dataset_tools][INFO] - Created [test][puma_Юбки] ImgMaskSet: 
Size: 9 
Real size: 9 
Device: cuda 

[2023-05-27 03:13:38,664][tools.dataset_tools][INFO] - Created [test][kenguru_Брюки___Спортивные брюки casual] ImgMaskSet: 
Size: 16 
Real size: 16 
Device: cuda 

[2023-05-27 03:13:38,664][tools.dataset_tools][INFO] - Created [test][kenguru_Обувь___Сандалии] ImgMaskSet: 
Size: 43 
Real size: 43 
Device: cuda 

[2023-05-27 03:13:38,664][tools.dataset_tools][INFO] - Created [test][kenguru_Брюки___Джоггеры] ImgMaskSet: 
Size: 9 
Real size: 9 
Device: cuda 

[2023-05-27 03:13:38,664][tools.dataset_tools][INFO] - Created [test][puma_Брюки] ImgMaskSet: 
Size: 100 
Real size: 100 
Device: cuda 

[2023-05-27 03:13:38,664][tools.dataset_tools][INFO] - Created [test][puma_Аксессуары] ImgMaskSet: 
Size: 18 
Real size: 18 
Device: cuda 

[2023-05-27 03:13:38,664][tools.dataset_tools][INFO] - Created [test][kenguru_Костюмы_пиджаки___Жилеты] ImgMaskSet: 
Size: 13 
Real size: 13 
Device: cuda 

[2023-05-27 03:13:38,664][tools.dataset_tools][INFO] - Created [test][puma_Спортивная одежда___Костюмы] ImgMaskSet: 
Size: 17 
Real size: 17 
Device: cuda 

[2023-05-27 03:13:38,664][tools.dataset_tools][INFO] - Created [test][kenguru_Украшения___Браслеты] ImgMaskSet: 
Size: 20 
Real size: 20 
Device: cuda 

[2023-05-27 03:13:38,664][tools.dataset_tools][INFO] - Created [test][puma_Сумки_рюкзаки и чемоданы___Рюкзаки] ImgMaskSet: 
Size: 72 
Real size: 72 
Device: cuda 

[2023-05-27 03:13:38,664][tools.dataset_tools][INFO] - Created [test][puma_Сумки_рюкзаки и чемоданы___Поясные сумки] ImgMaskSet: 
Size: 9 
Real size: 9 
Device: cuda 

[2023-05-27 03:13:38,664][tools.dataset_tools][INFO] - Created [test][kenguru_Джемперы_свитеры_кардиганы_кофты] ImgMaskSet: 
Size: 26 
Real size: 26 
Device: cuda 

[2023-05-27 03:13:38,664][tools.dataset_tools][INFO] - Created [test][kenguru_Школьная одежда___Рюкзаки_ранцы_сумки] ImgMaskSet: 
Size: 18 
Real size: 18 
Device: cuda 

[2023-05-27 03:13:38,664][tools.dataset_tools][INFO] - Created [test][kenguru_Аксессуары___Для волос] ImgMaskSet: 
Size: 100 
Real size: 100 
Device: cuda 

[2023-05-27 03:13:38,664][tools.dataset_tools][INFO] - Created [test][kenguru_Обувь___Кроссовки] ImgMaskSet: 
Size: 88 
Real size: 88 
Device: cuda 

[2023-05-27 03:13:38,664][tools.dataset_tools][INFO] - Created [test][kenguru_Джинсы___Клеш] ImgMaskSet: 
Size: 7 
Real size: 7 
Device: cuda 

[2023-05-27 03:13:38,664][tools.dataset_tools][INFO] - Created [test][puma_Сумки_рюкзаки и чемоданы] ImgMaskSet: 
Size: 66 
Real size: 66 
Device: cuda 

[2023-05-27 03:13:38,664][tools.dataset_tools][INFO] - Created [test][kenguru_Толстовки_олимпийки_худи_лонгсливы___Толстовки] ImgMaskSet: 
Size: 100 
Real size: 100 
Device: cuda 

[2023-05-27 03:13:38,664][tools.dataset_tools][INFO] - Created [test][puma_Спортивная одежда___Спортивные брюки] ImgMaskSet: 
Size: 12 
Real size: 12 
Device: cuda 

[2023-05-27 03:13:38,664][tools.dataset_tools][INFO] - Created [test][puma_Обувь___Шлепанцы] ImgMaskSet: 
Size: 26 
Real size: 26 
Device: cuda 

[2023-05-27 03:13:38,664][tools.dataset_tools][INFO] - Created [test][puma_Блузки_рубашки___Рубашки] ImgMaskSet: 
Size: 13 
Real size: 13 
Device: cuda 

[2023-05-27 03:13:38,664][tools.dataset_tools][INFO] - Created [test][kenguru_Футболки_майки_поло_топы___Майки] ImgMaskSet: 
Size: 9 
Real size: 9 
Device: cuda 

[2023-05-27 03:13:38,664][tools.dataset_tools][INFO] - Created [test][kenguru_Блузки_рубашки] ImgMaskSet: 
Size: 10 
Real size: 10 
Device: cuda 

[2023-05-27 03:13:38,664][tools.dataset_tools][INFO] - Created [test][kenguru_Обувь___Шлепанцы] ImgMaskSet: 
Size: 7 
Real size: 7 
Device: cuda 

[2023-05-27 03:13:38,664][tools.dataset_tools][INFO] - Created [test][kenguru_Обувь___Резиновые сапоги] ImgMaskSet: 
Size: 9 
Real size: 9 
Device: cuda 

[2023-05-27 03:13:38,664][tools.dataset_tools][INFO] - Created [test][kenguru_Брюки___Бермуды] ImgMaskSet: 
Size: 59 
Real size: 59 
Device: cuda 

[2023-05-27 03:13:38,664][tools.dataset_tools][INFO] - Created [test][kenguru_Брюки] ImgMaskSet: 
Size: 100 
Real size: 100 
Device: cuda 

[2023-05-27 03:13:38,664][tools.dataset_tools][INFO] - Created [test][kenguru_Обувь___Кеды] ImgMaskSet: 
Size: 89 
Real size: 89 
Device: cuda 

[2023-05-27 03:13:38,664][tools.dataset_tools][INFO] - Created [test][kenguru_Костюмы_пиджаки] ImgMaskSet: 
Size: 22 
Real size: 22 
Device: cuda 

[2023-05-27 03:13:38,664][tools.dataset_tools][INFO] - Created [test][kenguru_Очки] ImgMaskSet: 
Size: 10 
Real size: 10 
Device: cuda 

[2023-05-27 03:13:38,664][tools.dataset_tools][INFO] - Created [test][kenguru_Футболки_майки_поло_топы___Боди] ImgMaskSet: 
Size: 50 
Real size: 50 
Device: cuda 

[2023-05-27 03:13:38,664][tools.dataset_tools][INFO] - Created [test][kenguru_Школьная одежда___Блузы_рубашки] ImgMaskSet: 
Size: 17 
Real size: 17 
Device: cuda 

[2023-05-27 03:13:38,664][tools.dataset_tools][INFO] - Created test MultiImgMaskSet: 
Size: 5843 
Real size: 5843 
Device: cuda 

[2023-05-27 03:13:38,668][tools.train_tools][INFO] - ===== TRAIN (Epoch: 0) =====
[2023-05-27 03:18:33,176][tools.train_tools][INFO] - Loss: 0.22276294161355087
[2023-05-27 03:18:33,176][tools.train_tools][INFO] - ===== Validation (Epoch: 0) =====
[2023-05-27 03:22:14,640][tools.train_tools][INFO] - Loss: 0.21848262970306478
[2023-05-27 03:22:14,641][tools.early_stopper][INFO] - Validation metric changed from None to 0.9830974190330619
[2023-05-27 03:22:14,650][tools.train_tools][INFO] - ===== TRAIN (Epoch: 1) =====
[2023-05-27 03:27:10,083][tools.train_tools][INFO] - Loss: 0.2194952630247604
[2023-05-27 03:27:10,085][tools.train_tools][INFO] - ===== TRAIN (Epoch: 2) =====
[2023-05-27 03:32:07,459][tools.train_tools][INFO] - Loss: 0.22827084555171068
[2023-05-27 03:32:07,461][tools.train_tools][INFO] - ===== TRAIN (Epoch: 3) =====
[2023-05-27 03:37:01,752][tools.train_tools][INFO] - Loss: 0.22146744846920424
[2023-05-27 03:37:01,753][tools.train_tools][INFO] - ===== TRAIN (Epoch: 4) =====
[2023-05-27 03:41:57,903][tools.train_tools][INFO] - Loss: 0.21890651798431524
[2023-05-27 03:41:57,904][tools.train_tools][INFO] - ===== Validation (Epoch: 4) =====
[2023-05-27 03:45:39,549][tools.train_tools][INFO] - Loss: 0.22140161174817058
[2023-05-27 03:45:39,558][tools.train_tools][INFO] - ===== TRAIN (Epoch: 5) =====
[2023-05-27 03:50:35,382][tools.train_tools][INFO] - Loss: 0.21892585963765276
[2023-05-27 03:50:35,384][tools.train_tools][INFO] - ===== TRAIN (Epoch: 6) =====
[2023-05-27 03:55:33,392][tools.train_tools][INFO] - Loss: 0.21840110046630742
[2023-05-27 03:55:33,394][tools.train_tools][INFO] - ===== TRAIN (Epoch: 7) =====
[2023-05-27 04:00:30,407][tools.train_tools][INFO] - Loss: 0.21756058987937396
[2023-05-27 04:00:30,408][tools.train_tools][INFO] - ===== TRAIN (Epoch: 8) =====
[2023-05-27 04:05:25,107][tools.train_tools][INFO] - Loss: 0.22503354900245426
[2023-05-27 04:05:25,108][tools.train_tools][INFO] - ===== Validation (Epoch: 8) =====
[2023-05-27 04:09:06,764][tools.train_tools][INFO] - Loss: 0.2202908678996987
[2023-05-27 04:09:06,773][tools.train_tools][INFO] - ===== TRAIN (Epoch: 9) =====
[2023-05-27 04:14:02,017][tools.train_tools][INFO] - Loss: 0.219694513295378
[2023-05-27 04:14:02,018][tools.train_tools][INFO] - ===== TRAIN (Epoch: 10) =====
[2023-05-27 04:18:57,985][tools.train_tools][INFO] - Loss: 0.22995128560723707
[2023-05-27 04:18:57,987][tools.train_tools][INFO] - ===== TRAIN (Epoch: 11) =====
[2023-05-27 04:23:54,426][tools.train_tools][INFO] - Loss: 0.22506170734682307
[2023-05-27 04:23:54,428][tools.train_tools][INFO] - ===== TRAIN (Epoch: 12) =====
[2023-05-27 04:28:48,891][tools.train_tools][INFO] - Loss: 0.2191683532532042
[2023-05-27 04:28:48,892][tools.train_tools][INFO] - ===== Validation (Epoch: 12) =====
[2023-05-27 04:32:30,360][tools.train_tools][INFO] - Loss: 0.22378449895191127
[2023-05-27 04:32:30,369][tools.train_tools][INFO] - ===== TRAIN (Epoch: 13) =====
[2023-05-27 04:37:26,222][tools.train_tools][INFO] - Loss: 0.22043325747977977
[2023-05-27 04:37:26,223][tools.train_tools][INFO] - ===== TRAIN (Epoch: 14) =====
[2023-05-27 04:42:19,684][tools.train_tools][INFO] - Loss: 0.21663731595275632
[2023-05-27 04:42:19,685][tools.train_tools][INFO] - ===== TRAIN (Epoch: 15) =====
[2023-05-27 04:47:14,853][tools.train_tools][INFO] - Loss: 0.21864670046199294
[2023-05-27 04:47:14,854][tools.train_tools][INFO] - ===== TRAIN (Epoch: 16) =====
[2023-05-27 04:52:10,752][tools.train_tools][INFO] - Loss: 0.21834169898121525
[2023-05-27 04:52:10,752][tools.train_tools][INFO] - ===== Validation (Epoch: 16) =====
[2023-05-27 04:55:51,849][tools.train_tools][INFO] - Loss: 0.2246042360970814
[2023-05-27 04:55:51,859][tools.train_tools][INFO] - ===== TRAIN (Epoch: 17) =====
[2023-05-27 05:00:50,351][tools.train_tools][INFO] - Loss: 0.21544864304889175
[2023-05-27 05:00:50,352][tools.train_tools][INFO] - ===== TRAIN (Epoch: 18) =====
[2023-05-27 05:05:47,935][tools.train_tools][INFO] - Loss: 0.22373316825029
[2023-05-27 05:05:47,937][tools.train_tools][INFO] - ===== TRAIN (Epoch: 19) =====
[2023-05-27 05:10:45,487][tools.train_tools][INFO] - Loss: 0.2153798547484129
[2023-05-27 05:10:45,489][tools.train_tools][INFO] - ===== TRAIN (Epoch: 20) =====
[2023-05-27 05:15:42,805][tools.train_tools][INFO] - Loss: 0.2171194898284581
[2023-05-27 05:15:42,805][tools.train_tools][INFO] - ===== Validation (Epoch: 20) =====
[2023-05-27 05:19:23,995][tools.train_tools][INFO] - Loss: 0.22468477415198668
[2023-05-27 05:19:24,005][tools.train_tools][INFO] - ===== TRAIN (Epoch: 21) =====
[2023-05-27 05:24:22,595][tools.train_tools][INFO] - Loss: 0.2201112404357891
[2023-05-27 05:24:22,596][tools.train_tools][INFO] - ===== TRAIN (Epoch: 22) =====
[2023-05-27 05:29:17,258][tools.train_tools][INFO] - Loss: 0.22447938446433807
[2023-05-27 05:29:17,260][tools.train_tools][INFO] - ===== TRAIN (Epoch: 23) =====
[2023-05-27 05:34:12,975][tools.train_tools][INFO] - Loss: 0.2226828824169597
[2023-05-27 05:34:12,976][tools.train_tools][INFO] - ===== TRAIN (Epoch: 24) =====
[2023-05-27 05:39:08,245][tools.train_tools][INFO] - Loss: 0.21651182700938817
[2023-05-27 05:39:08,246][tools.train_tools][INFO] - ===== Validation (Epoch: 24) =====
[2023-05-27 05:42:49,753][tools.train_tools][INFO] - Loss: 0.22508648780420443
[2023-05-27 05:42:49,765][tools.train_tools][INFO] - ===== TRAIN (Epoch: 25) =====
[2023-05-27 05:47:46,605][tools.train_tools][INFO] - Loss: 0.21338957748889492
[2023-05-27 05:47:46,606][tools.train_tools][INFO] - ===== TRAIN (Epoch: 26) =====
[2023-05-27 05:52:45,629][tools.train_tools][INFO] - Loss: 0.21732356026095034
[2023-05-27 05:52:45,631][tools.train_tools][INFO] - ===== TRAIN (Epoch: 27) =====
[2023-05-27 05:57:44,233][tools.train_tools][INFO] - Loss: 0.22055653533873032
[2023-05-27 05:57:44,234][tools.train_tools][INFO] - ===== TRAIN (Epoch: 28) =====
[2023-05-27 06:02:41,226][tools.train_tools][INFO] - Loss: 0.21970226949798263
[2023-05-27 06:02:41,227][tools.train_tools][INFO] - ===== Validation (Epoch: 28) =====
[2023-05-27 06:06:22,905][tools.train_tools][INFO] - Loss: 0.24301641147007857
[2023-05-27 06:06:22,915][tools.train_tools][INFO] - ===== TRAIN (Epoch: 29) =====
[2023-05-27 06:11:16,996][tools.train_tools][INFO] - Loss: 0.22371247278738626
[2023-05-27 06:11:16,998][tools.train_tools][INFO] - ===== TRAIN (Epoch: 30) =====
[2023-05-27 06:16:13,308][tools.train_tools][INFO] - Loss: 0.23396781604285696
[2023-05-27 06:16:13,310][tools.train_tools][INFO] - ===== TRAIN (Epoch: 31) =====
[2023-05-27 06:21:10,453][tools.train_tools][INFO] - Loss: 0.21761595599259
[2023-05-27 06:21:10,454][tools.train_tools][INFO] - ===== TRAIN (Epoch: 32) =====
[2023-05-27 06:26:05,909][tools.train_tools][INFO] - Loss: 0.21727911140399211
[2023-05-27 06:26:05,910][tools.train_tools][INFO] - ===== Validation (Epoch: 32) =====
[2023-05-27 06:29:47,141][tools.train_tools][INFO] - Loss: 0.24084595234098904
[2023-05-27 06:29:47,151][tools.train_tools][INFO] - ===== TRAIN (Epoch: 33) =====
[2023-05-27 06:34:45,021][tools.train_tools][INFO] - Loss: 0.22541968450354408
[2023-05-27 06:34:45,023][tools.train_tools][INFO] - ===== TRAIN (Epoch: 34) =====
[2023-05-27 06:39:41,488][tools.train_tools][INFO] - Loss: 0.21705635797373857
[2023-05-27 06:39:41,490][tools.train_tools][INFO] - ===== TRAIN (Epoch: 35) =====
[2023-05-27 06:44:37,754][tools.train_tools][INFO] - Loss: 0.21728467752661887
[2023-05-27 06:44:37,756][tools.train_tools][INFO] - ===== TRAIN (Epoch: 36) =====
[2023-05-27 06:49:33,823][tools.train_tools][INFO] - Loss: 0.21968993240088278
[2023-05-27 06:49:33,823][tools.train_tools][INFO] - ===== Validation (Epoch: 36) =====
[2023-05-27 06:53:15,869][tools.train_tools][INFO] - Loss: 0.22739464325369138
[2023-05-27 06:53:15,881][tools.train_tools][INFO] - ===== TRAIN (Epoch: 37) =====
[2023-05-27 06:58:11,503][tools.train_tools][INFO] - Loss: 0.21827240222239797
[2023-05-27 06:58:11,505][tools.train_tools][INFO] - ===== TRAIN (Epoch: 38) =====
[2023-05-27 07:03:07,579][tools.train_tools][INFO] - Loss: 0.2204152699189419
[2023-05-27 07:03:07,581][tools.train_tools][INFO] - ===== TRAIN (Epoch: 39) =====
[2023-05-27 07:08:03,704][tools.train_tools][INFO] - Loss: 0.21468337114637626
[2023-05-27 07:08:03,706][tools.train_tools][INFO] - ===== TRAIN (Epoch: 40) =====
[2023-05-27 07:13:00,560][tools.train_tools][INFO] - Loss: 0.2200254005182932
[2023-05-27 07:13:00,561][tools.train_tools][INFO] - ===== Validation (Epoch: 40) =====
[2023-05-27 07:16:41,952][tools.train_tools][INFO] - Loss: 0.22614477526921417
[2023-05-27 07:16:41,963][tools.train_tools][INFO] - ===== TRAIN (Epoch: 41) =====
[2023-05-27 07:21:38,741][tools.train_tools][INFO] - Loss: 0.21763379667055327
[2023-05-27 07:21:38,742][tools.train_tools][INFO] - ===== TRAIN (Epoch: 42) =====
[2023-05-27 07:26:35,604][tools.train_tools][INFO] - Loss: 0.2179942128078416
[2023-05-27 07:26:35,605][tools.train_tools][INFO] - ===== TRAIN (Epoch: 43) =====
[2023-05-27 07:31:31,099][tools.train_tools][INFO] - Loss: 0.21906448691867791
[2023-05-27 07:31:31,101][tools.train_tools][INFO] - ===== TRAIN (Epoch: 44) =====
[2023-05-27 07:36:28,852][tools.train_tools][INFO] - Loss: 0.21827470749670516
[2023-05-27 07:36:28,853][tools.train_tools][INFO] - ===== Validation (Epoch: 44) =====
[2023-05-27 07:40:10,140][tools.train_tools][INFO] - Loss: 0.226331590102774
[2023-05-27 07:40:10,152][tools.train_tools][INFO] - ===== TRAIN (Epoch: 45) =====
[2023-05-27 07:45:06,328][tools.train_tools][INFO] - Loss: 0.22863824501175561
[2023-05-27 07:45:06,330][tools.train_tools][INFO] - ===== TRAIN (Epoch: 46) =====
[2023-05-27 07:50:02,170][tools.train_tools][INFO] - Loss: 0.21815808617238758
[2023-05-27 07:50:02,172][tools.train_tools][INFO] - ===== TRAIN (Epoch: 47) =====
[2023-05-27 07:54:58,812][tools.train_tools][INFO] - Loss: 0.21691688476214574
[2023-05-27 07:54:58,814][tools.train_tools][INFO] - ===== TRAIN (Epoch: 48) =====
[2023-05-27 07:59:53,546][tools.train_tools][INFO] - Loss: 0.21983472123122344
[2023-05-27 07:59:53,546][tools.train_tools][INFO] - ===== Validation (Epoch: 48) =====
[2023-05-27 08:03:34,893][tools.train_tools][INFO] - Loss: 0.2217720372783257
[2023-05-27 08:03:34,906][tools.train_tools][INFO] - ===== TRAIN (Epoch: 49) =====
[2023-05-27 08:08:31,555][tools.train_tools][INFO] - Loss: 0.21539178381507262
[2023-05-27 08:08:31,557][tools.train_tools][INFO] - ===== TRAIN (Epoch: 50) =====
[2023-05-27 08:13:26,376][tools.train_tools][INFO] - Loss: 0.21456924153603008
[2023-05-27 08:13:26,378][tools.train_tools][INFO] - ===== TRAIN (Epoch: 51) =====
[2023-05-27 08:18:21,740][tools.train_tools][INFO] - Loss: 0.21352572891369434
[2023-05-27 08:18:21,741][tools.train_tools][INFO] - ===== TRAIN (Epoch: 52) =====
[2023-05-27 08:23:18,259][tools.train_tools][INFO] - Loss: 0.21834467239610542
[2023-05-27 08:23:18,259][tools.train_tools][INFO] - ===== Validation (Epoch: 52) =====
[2023-05-27 08:26:59,733][tools.train_tools][INFO] - Loss: 0.2197141056490499
[2023-05-27 08:26:59,808][tools.train_tools][INFO] - ===== TRAIN (Epoch: 53) =====
[2023-05-27 08:31:54,755][tools.train_tools][INFO] - Loss: 0.21397239310670288
[2023-05-27 08:31:54,756][tools.train_tools][INFO] - ===== TRAIN (Epoch: 54) =====
[2023-05-27 08:36:50,412][tools.train_tools][INFO] - Loss: 0.21572781665415702
[2023-05-27 08:36:50,414][tools.train_tools][INFO] - ===== TRAIN (Epoch: 55) =====
[2023-05-27 08:41:48,130][tools.train_tools][INFO] - Loss: 0.21888986838877092
[2023-05-27 08:41:48,132][tools.train_tools][INFO] - ===== TRAIN (Epoch: 56) =====
[2023-05-27 08:46:44,199][tools.train_tools][INFO] - Loss: 0.2146528634170296
[2023-05-27 08:46:44,199][tools.train_tools][INFO] - ===== Validation (Epoch: 56) =====
[2023-05-27 08:50:25,633][tools.train_tools][INFO] - Loss: 0.22438125050385901
[2023-05-27 08:50:25,645][tools.train_tools][INFO] - ===== TRAIN (Epoch: 57) =====
[2023-05-27 08:55:20,139][tools.train_tools][INFO] - Loss: 0.22167396646457813
[2023-05-27 08:55:20,141][tools.train_tools][INFO] - ===== TRAIN (Epoch: 58) =====
[2023-05-27 09:00:15,279][tools.train_tools][INFO] - Loss: 0.2229359090651569
[2023-05-27 09:00:15,280][tools.train_tools][INFO] - ===== TRAIN (Epoch: 59) =====
[2023-05-27 09:05:10,582][tools.train_tools][INFO] - Loss: 0.21622873982835636
[2023-05-27 09:05:10,583][tools.train_tools][INFO] - ===== TRAIN (Epoch: 60) =====
[2023-05-27 09:10:04,788][tools.train_tools][INFO] - Loss: 0.21535511953490122
[2023-05-27 09:10:04,789][tools.train_tools][INFO] - ===== Validation (Epoch: 60) =====
[2023-05-27 09:13:46,199][tools.train_tools][INFO] - Loss: 0.2257689268273466
[2023-05-27 09:13:46,199][tools.early_stopper][INFO] - Early stopping.
